<?xml version="1.0" encoding="UTF-8"?>
<testsuite name="com.example.test.contract.CCDContractTests" tests="3" skipped="0" failures="0" errors="0" timestamp="2020-04-22T17:29:53" hostname="GARRYs-I9-MBP" time="0.705">
  <properties/>
  <testcase name="transactionSucceedsWithValidQuality" classname="com.example.test.contract.CCDContractTests" time="0.45"/>
  <testcase name="transactionIsValid" classname="com.example.test.contract.CCDContractTests" time="0.15"/>
  <testcase name="transactionFailsWithNoAddress" classname="com.example.test.contract.CCDContractTests" time="0.104"/>
  <system-out><![CDATA[?[37m[INFO] 18:29:51,477 [Test worker] cordapp.JarScanningCordappLoader. - Loading CorDapps from RestrictedURL(url=file:/Users/garryjackson/Documents/GitHub/quickstart/cordapp-example/workflows-java/build/generated-custom-cordapps/20200422-172951.047/custom-cordapp_1_6_b86a1db5-dad6-408b-8a0c-3414eae607e7.jar, rootPackageName=null), RestrictedURL(url=file:/Users/garryjackson/Documents/GitHub/quickstart/cordapp-example/workflows-java/build/generated-custom-cordapps/20200422-172951.047/custom-cordapp_1_6_cf7490c8-1380-4348-af6f-9492be33d50f.jar, rootPackageName=null)
?[m?[37m[INFO] 18:29:51,572 [Test worker] cordapp.JarScanningCordappLoader. - Scanning CorDapp in file:/Users/garryjackson/Documents/GitHub/quickstart/cordapp-example/workflows-java/build/generated-custom-cordapps/20200422-172951.047/custom-cordapp_1_6_b86a1db5-dad6-408b-8a0c-3414eae607e7.jar
?[m?[37m[INFO] 18:29:51,667 [Test worker] cordapp.JarScanningCordappLoader. - Scanning CorDapp in file:/Users/garryjackson/Documents/GitHub/quickstart/cordapp-example/workflows-java/build/generated-custom-cordapps/20200422-172951.047/custom-cordapp_1_6_cf7490c8-1380-4348-af6f-9492be33d50f.jar
?[m?[37m[INFO] 18:29:51,827 [Test worker] ClassloaderUtils. - Contracts loading for '/var/folders/xl/0rqzrwrj7xd5kw16ht5q_44m0000gn/T/attachment5485489742893920940.jar' took 121 msec
?[m]]></system-out>
  <system-err><![CDATA[]]></system-err>
</testsuite>
