<?xml version="1.0" encoding="UTF-8"?>
<testsuite name="com.template.ContractTests" tests="1" skipped="0" failures="0" errors="0" timestamp="2020-04-22T16:02:56" hostname="GARRYs-I9-MBP" time="0.0">
  <properties/>
  <testcase name="dummyTest" classname="com.template.ContractTests" time="0.0"/>
  <system-out><![CDATA[?[37m[INFO] 17:02:54,126 [Test worker] cordapp.JarScanningCordappLoader. - Loading CorDapps from RestrictedURL(url=file:/Users/garryjackson/Documents/GitHub/quickstart/quickstart-swisspost/workflows/build/generated-custom-cordapps/20200422-160253.083/custom-cordapp_1_5_8ce0663d-dadd-4141-88ea-ac8757dc9194.jar, rootPackageName=null)
?[m?[37m[INFO] 17:02:54,210 [Test worker] cordapp.JarScanningCordappLoader. - Scanning CorDapp in file:/Users/garryjackson/Documents/GitHub/quickstart/quickstart-swisspost/workflows/build/generated-custom-cordapps/20200422-160253.083/custom-cordapp_1_5_8ce0663d-dadd-4141-88ea-ac8757dc9194.jar
?[m?[37m[INFO] 17:02:54,424 [Test worker] ClassloaderUtils. - Contracts loading for '/var/folders/xl/0rqzrwrj7xd5kw16ht5q_44m0000gn/T/attachment7919936034151091260.jar' took 91 msec
?[m]]></system-out>
  <system-err><![CDATA[]]></system-err>
</testsuite>
