<?xml version="1.0" encoding="UTF-8"?>
<testsuite name="org.r3.tdh.kyc.SampleContractTests" tests="1" skipped="0" failures="0" errors="0" timestamp="2020-04-22T16:32:27" hostname="GARRYs-I9-MBP" time="0.0">
  <properties/>
  <testcase name="dummyTest" classname="org.r3.tdh.kyc.SampleContractTests" time="0.0"/>
  <system-out><![CDATA[?[37m[INFO] 17:32:24,924 [Test worker] cordapp.JarScanningCordappLoader. - Loading CorDapps from RestrictedURL(url=file:/Users/garryjackson/Documents/GitHub/quickstart/quickstart-swisspost/workflows/build/generated-custom-cordapps/20200422-163223.829/custom-cordapp_1_6_f3eaa144-fd0e-46ee-b8d2-0c6321248437.jar, rootPackageName=null)
?[m?[37m[INFO] 17:32:24,998 [Test worker] cordapp.JarScanningCordappLoader. - Scanning CorDapp in file:/Users/garryjackson/Documents/GitHub/quickstart/quickstart-swisspost/workflows/build/generated-custom-cordapps/20200422-163223.829/custom-cordapp_1_6_f3eaa144-fd0e-46ee-b8d2-0c6321248437.jar
?[m?[37m[INFO] 17:32:25,177 [Test worker] ClassloaderUtils. - Contracts loading for '/var/folders/xl/0rqzrwrj7xd5kw16ht5q_44m0000gn/T/attachment7470523938334015268.jar' took 80 msec
?[m]]></system-out>
  <system-err><![CDATA[]]></system-err>
</testsuite>
