<?xml version="1.0" encoding="UTF-8"?>
<testsuite name="org.r3.tdh.kyc.SampleDriverBasedTest" tests="1" skipped="0" failures="0" errors="0" timestamp="2020-04-22T16:31:19" hostname="GARRYs-I9-MBP" time="24.054">
  <properties/>
  <testcase name="nodeTest" classname="org.r3.tdh.kyc.SampleDriverBasedTest" time="24.054"/>
  <system-out><![CDATA[?[37m[INFO] 17:31:21,858 [driver-pool-thread-0] network.NodeInfoFilesCopier. - Now watching: /Users/garryjackson/Documents/GitHub/quickstart/quickstart-swisspost/workflows/build/node-driver/20200422-163119.336/NotaryService
?[m?[37m[INFO] 17:31:22,228 [driver-pool-thread-1] internal.DriverDSLImpl. - Starting in-process Node Notary Service
?[m?[37m[INFO] 17:31:22,321 [driver-pool-thread-1] cordapp.JarScanningCordappLoader. - Looking for CorDapps in [/Users/garryjackson/Documents/GitHub/quickstart/quickstart-swisspost/workflows/build/node-driver/20200422-163119.336/NotaryService/cordapps]
?[m?[37m[INFO] 17:31:22,334 [driver-pool-thread-1] cordapp.JarScanningCordappLoader. - Loading CorDapps from RestrictedURL(url=file:/Users/garryjackson/Documents/GitHub/quickstart/quickstart-swisspost/workflows/build/node-driver/20200422-163119.336/NotaryService/cordapps/custom-cordapp_1_6_eaf16366-ea36-4d96-8ef3-290e07ee48f6.jar, rootPackageName=null)
?[m?[37m[INFO] 17:31:22,340 [driver-pool-thread-1] cordapp.JarScanningCordappLoader. - Scanning CorDapp in file:/Users/garryjackson/Documents/GitHub/quickstart/quickstart-swisspost/workflows/build/node-driver/20200422-163119.336/NotaryService/cordapps/custom-cordapp_1_6_eaf16366-ea36-4d96-8ef3-290e07ee48f6.jar
?[m?[37m[INFO] 17:31:22,912 [driver-pool-thread-1] internal.Node. - Flow external operation executor has a max of 10 threads
?[m?[37m[INFO] 17:31:22,937 [driver-pool-thread-1] internal.Node. - Node starting up ...
?[m?[37m[INFO] 17:31:22,978 [driver-pool-thread-1] internal.NodeFlowManager. - Registered org.r3.tdh.kyc.flows.Initiator to initiate org.r3.tdh.kyc.flows.Responder (version 1)
?[m?[37m[INFO] 17:31:23,077 [driver-pool-thread-1] internal.Node. - Loaded network parameters: NetworkParameters {
      minimumPlatformVersion=1
      notaries=[NotaryInfo(identity=O=Notary Service, L=Zurich, C=CH, validating=true)]
      maxMessageSize=10485760
      maxTransactionSize=524288000
      whitelistedContractImplementations {
        
      }
      eventHorizon=PT720H
      packageOwnership {
        
      }
      modifiedTime=2020-04-22T16:31:19.353Z
      epoch=1
  }
?[m?[37m[INFO] 17:31:23,123 [driver-pool-thread-1] hikari.HikariDataSource. - HikariPool-1 - Starting...
?[m?[37m[INFO] 17:31:23,742 [driver-pool-thread-1] hikari.HikariDataSource. - HikariPool-1 - Start completed.
?[m?[37m[INFO] 17:31:26,090 [driver-pool-thread-1] changelog.StandardChangeLogHistoryService. - Creating database history table with name: PUBLIC.DATABASECHANGELOG
?[m?[37m[INFO] 17:31:26,093 [driver-pool-thread-1] jvm.JdbcExecutor. - CREATE TABLE PUBLIC.DATABASECHANGELOG (ID VARCHAR(255) NOT NULL, AUTHOR VARCHAR(255) NOT NULL, FILENAME VARCHAR(255) NOT NULL, DATEEXECUTED TIMESTAMP NOT NULL, ORDEREXECUTED INT NOT NULL, EXECTYPE VARCHAR(10) NOT NULL, MD5SUM VARCHAR(35), DESCRIPTION VARCHAR(255), COMMENTS VARCHAR(255), TAG VARCHAR(255), LIQUIBASE VARCHAR(20), CONTEXTS VARCHAR(255), LABELS VARCHAR(255), DEPLOYMENT_ID VARCHAR(10))
?[m?[37m[INFO] 17:31:26,096 [driver-pool-thread-1] jvm.JdbcExecutor. - SELECT COUNT(*) FROM PUBLIC.DATABASECHANGELOG
?[m?[37m[INFO] 17:31:26,099 [driver-pool-thread-1] changelog.StandardChangeLogHistoryService. - Reading from PUBLIC.DATABASECHANGELOG
?[m?[37m[INFO] 17:31:26,099 [driver-pool-thread-1] jvm.JdbcExecutor. - SELECT * FROM PUBLIC.DATABASECHANGELOG ORDER BY DATEEXECUTED ASC, ORDEREXECUTED ASC
?[m?[37m[INFO] 17:31:26,101 [driver-pool-thread-1] jvm.JdbcExecutor. - SELECT COUNT(*) FROM PUBLIC.DATABASECHANGELOGLOCK
?[m?[37m[INFO] 17:31:26,102 [driver-pool-thread-1] jvm.JdbcExecutor. - CREATE TABLE PUBLIC.DATABASECHANGELOGLOCK (ID INT NOT NULL, LOCKED BOOLEAN NOT NULL, LOCKGRANTED TIMESTAMP, LOCKEDBY VARCHAR(255), CONSTRAINT PK_DATABASECHANGELOGLOCK PRIMARY KEY (ID))
?[m?[37m[INFO] 17:31:26,109 [driver-pool-thread-1] jvm.JdbcExecutor. - SELECT COUNT(*) FROM PUBLIC.DATABASECHANGELOGLOCK
?[m?[37m[INFO] 17:31:26,109 [driver-pool-thread-1] jvm.JdbcExecutor. - DELETE FROM PUBLIC.DATABASECHANGELOGLOCK
?[m?[37m[INFO] 17:31:26,110 [driver-pool-thread-1] jvm.JdbcExecutor. - INSERT INTO PUBLIC.DATABASECHANGELOGLOCK (ID, LOCKED) VALUES (1, FALSE)
?[m?[37m[INFO] 17:31:26,145 [driver-pool-thread-1] visitor.ValidatingVisitor. - Skipping change set migration/vault-schema.changelog-pkey.xml::non-clustered_pk-11::R3.Corda due to validation error(s): clustered is not allowed on h2 {changeSet=migration/vault-schema.changelog-pkey.xml::non-clustered_pk-11::R3.Corda, databaseChangeLog=master.changelog.json}
?[m?[37m[INFO] 17:31:26,147 [driver-pool-thread-1] visitor.ValidatingVisitor. - Skipping change set migration/vault-schema.changelog-pkey.xml::non-clustered_pk-12::R3.Corda due to validation error(s): clustered is not allowed on h2 {changeSet=migration/vault-schema.changelog-pkey.xml::non-clustered_pk-12::R3.Corda, databaseChangeLog=master.changelog.json}
?[m?[37m[INFO] 17:31:26,148 [driver-pool-thread-1] visitor.ValidatingVisitor. - Skipping change set migration/vault-schema.changelog-pkey.xml::non-clustered_pk-13::R3.Corda due to validation error(s): clustered is not allowed on h2 {changeSet=migration/vault-schema.changelog-pkey.xml::non-clustered_pk-13::R3.Corda, databaseChangeLog=master.changelog.json}
?[m?[37m[INFO] 17:31:26,184 [driver-pool-thread-1] visitor.ValidatingVisitor. - Skipping change set migration/node-core.changelog-pkey.xml::non-clustered_pk-1::R3.Corda due to validation error(s): clustered is not allowed on h2 {changeSet=migration/node-core.changelog-pkey.xml::non-clustered_pk-1::R3.Corda, databaseChangeLog=master.changelog.json}
?[m?[37m[INFO] 17:31:26,184 [driver-pool-thread-1] visitor.ValidatingVisitor. - Skipping change set migration/node-core.changelog-pkey.xml::non-clustered_pk-2::R3.Corda due to validation error(s): clustered is not allowed on h2 {changeSet=migration/node-core.changelog-pkey.xml::non-clustered_pk-2::R3.Corda, databaseChangeLog=master.changelog.json}
?[m?[37m[INFO] 17:31:26,185 [driver-pool-thread-1] visitor.ValidatingVisitor. - Skipping change set migration/node-core.changelog-pkey.xml::non-clustered_pk-3::R3.Corda due to validation error(s): clustered is not allowed on h2 {changeSet=migration/node-core.changelog-pkey.xml::non-clustered_pk-3::R3.Corda, databaseChangeLog=master.changelog.json}
?[m?[37m[INFO] 17:31:26,185 [driver-pool-thread-1] visitor.ValidatingVisitor. - Skipping change set migration/node-core.changelog-pkey.xml::non-clustered_pk-4::R3.Corda due to validation error(s): clustered is not allowed on h2 {changeSet=migration/node-core.changelog-pkey.xml::non-clustered_pk-4::R3.Corda, databaseChangeLog=master.changelog.json}
?[m?[37m[INFO] 17:31:26,186 [driver-pool-thread-1] visitor.ValidatingVisitor. - Skipping change set migration/node-core.changelog-pkey.xml::non-clustered_pk-5::R3.Corda due to validation error(s): clustered is not allowed on h2 {changeSet=migration/node-core.changelog-pkey.xml::non-clustered_pk-5::R3.Corda, databaseChangeLog=master.changelog.json}
?[m?[37m[INFO] 17:31:26,186 [driver-pool-thread-1] visitor.ValidatingVisitor. - Skipping change set migration/node-core.changelog-pkey.xml::non-clustered_pk-6::R3.Corda due to validation error(s): clustered is not allowed on h2 {changeSet=migration/node-core.changelog-pkey.xml::non-clustered_pk-6::R3.Corda, databaseChangeLog=master.changelog.json}
?[m?[37m[INFO] 17:31:26,186 [driver-pool-thread-1] visitor.ValidatingVisitor. - Skipping change set migration/node-core.changelog-pkey.xml::non-clustered_pk-7::R3.Corda due to validation error(s): clustered is not allowed on h2 {changeSet=migration/node-core.changelog-pkey.xml::non-clustered_pk-7::R3.Corda, databaseChangeLog=master.changelog.json}
?[m?[37m[INFO] 17:31:26,200 [driver-pool-thread-1] visitor.ValidatingVisitor. - Skipping change set migration/node-notary.changelog-pkey.xml::non-clustered_pk-notary_state::R3.Corda due to validation error(s): clustered is not allowed on h2 {changeSet=migration/node-notary.changelog-pkey.xml::non-clustered_pk-notary_state::R3.Corda, databaseChangeLog=master.changelog.json}
?[m?[37m[INFO] 17:31:26,203 [driver-pool-thread-1] jvm.JdbcExecutor. - SELECT COUNT(*) FROM PUBLIC.DATABASECHANGELOGLOCK
?[m?[37m[INFO] 17:31:26,204 [driver-pool-thread-1] jvm.JdbcExecutor. - SELECT LOCKED FROM PUBLIC.DATABASECHANGELOGLOCK WHERE ID=1
?[m?[37m[INFO] 17:31:26,214 [driver-pool-thread-1] lockservice.StandardLockService. - Successfully acquired change log lock
?[m?[37m[INFO] 17:31:26,224 [driver-pool-thread-1] visitor.ValidatingVisitor. - Skipping change set migration/vault-schema.changelog-pkey.xml::non-clustered_pk-11::R3.Corda due to validation error(s): clustered is not allowed on h2 {changeSet=migration/vault-schema.changelog-pkey.xml::non-clustered_pk-11::R3.Corda, databaseChangeLog=master.changelog.json}
?[m?[37m[INFO] 17:31:26,224 [driver-pool-thread-1] visitor.ValidatingVisitor. - Skipping change set migration/vault-schema.changelog-pkey.xml::non-clustered_pk-12::R3.Corda due to validation error(s): clustered is not allowed on h2 {changeSet=migration/vault-schema.changelog-pkey.xml::non-clustered_pk-12::R3.Corda, databaseChangeLog=master.changelog.json}
?[m?[37m[INFO] 17:31:26,224 [driver-pool-thread-1] visitor.ValidatingVisitor. - Skipping change set migration/vault-schema.changelog-pkey.xml::non-clustered_pk-13::R3.Corda due to validation error(s): clustered is not allowed on h2 {changeSet=migration/vault-schema.changelog-pkey.xml::non-clustered_pk-13::R3.Corda, databaseChangeLog=master.changelog.json}
?[m?[37m[INFO] 17:31:26,233 [driver-pool-thread-1] visitor.ValidatingVisitor. - Skipping change set migration/node-core.changelog-pkey.xml::non-clustered_pk-1::R3.Corda due to validation error(s): clustered is not allowed on h2 {changeSet=migration/node-core.changelog-pkey.xml::non-clustered_pk-1::R3.Corda, databaseChangeLog=master.changelog.json}
?[m?[37m[INFO] 17:31:26,234 [driver-pool-thread-1] visitor.ValidatingVisitor. - Skipping change set migration/node-core.changelog-pkey.xml::non-clustered_pk-2::R3.Corda due to validation error(s): clustered is not allowed on h2 {changeSet=migration/node-core.changelog-pkey.xml::non-clustered_pk-2::R3.Corda, databaseChangeLog=master.changelog.json}
?[m?[37m[INFO] 17:31:26,234 [driver-pool-thread-1] visitor.ValidatingVisitor. - Skipping change set migration/node-core.changelog-pkey.xml::non-clustered_pk-3::R3.Corda due to validation error(s): clustered is not allowed on h2 {changeSet=migration/node-core.changelog-pkey.xml::non-clustered_pk-3::R3.Corda, databaseChangeLog=master.changelog.json}
?[m?[37m[INFO] 17:31:26,234 [driver-pool-thread-1] visitor.ValidatingVisitor. - Skipping change set migration/node-core.changelog-pkey.xml::non-clustered_pk-4::R3.Corda due to validation error(s): clustered is not allowed on h2 {changeSet=migration/node-core.changelog-pkey.xml::non-clustered_pk-4::R3.Corda, databaseChangeLog=master.changelog.json}
?[m?[37m[INFO] 17:31:26,234 [driver-pool-thread-1] visitor.ValidatingVisitor. - Skipping change set migration/node-core.changelog-pkey.xml::non-clustered_pk-5::R3.Corda due to validation error(s): clustered is not allowed on h2 {changeSet=migration/node-core.changelog-pkey.xml::non-clustered_pk-5::R3.Corda, databaseChangeLog=master.changelog.json}
?[m?[37m[INFO] 17:31:26,234 [driver-pool-thread-1] visitor.ValidatingVisitor. - Skipping change set migration/node-core.changelog-pkey.xml::non-clustered_pk-6::R3.Corda due to validation error(s): clustered is not allowed on h2 {changeSet=migration/node-core.changelog-pkey.xml::non-clustered_pk-6::R3.Corda, databaseChangeLog=master.changelog.json}
?[m?[37m[INFO] 17:31:26,234 [driver-pool-thread-1] visitor.ValidatingVisitor. - Skipping change set migration/node-core.changelog-pkey.xml::non-clustered_pk-7::R3.Corda due to validation error(s): clustered is not allowed on h2 {changeSet=migration/node-core.changelog-pkey.xml::non-clustered_pk-7::R3.Corda, databaseChangeLog=master.changelog.json}
?[m?[37m[INFO] 17:31:26,238 [driver-pool-thread-1] visitor.ValidatingVisitor. - Skipping change set migration/node-notary.changelog-pkey.xml::non-clustered_pk-notary_state::R3.Corda due to validation error(s): clustered is not allowed on h2 {changeSet=migration/node-notary.changelog-pkey.xml::non-clustered_pk-notary_state::R3.Corda, databaseChangeLog=master.changelog.json}
?[m?[37m[INFO] 17:31:26,241 [driver-pool-thread-1] jvm.JdbcExecutor. - SELECT SEQUENCE_NAME FROM INFORMATION_SCHEMA.SEQUENCES WHERE SEQUENCE_SCHEMA = 'null' AND IS_GENERATED=FALSE {changeSet=migration/common.changelog-init.xml::1511451595465-1.1::R3.Corda, databaseChangeLog=master.changelog.json}
?[m?[37m[INFO] 17:31:26,247 [driver-pool-thread-1] jvm.JdbcExecutor. - SELECT SEQUENCE_NAME FROM INFORMATION_SCHEMA.SEQUENCES WHERE SEQUENCE_SCHEMA = 'PUBLIC' AND IS_GENERATED=FALSE {changeSet=migration/common.changelog-init.xml::1511451595465-1.1::R3.Corda, databaseChangeLog=master.changelog.json}
?[m?[37m[INFO] 17:31:26,248 [driver-pool-thread-1] jvm.JdbcExecutor. - CREATE SEQUENCE PUBLIC.hibernate_sequence {changeSet=migration/common.changelog-init.xml::1511451595465-1.1::R3.Corda, databaseChangeLog=master.changelog.json}
?[m?[37m[INFO] 17:31:26,253 [driver-pool-thread-1] changelog.ChangeSet. - Sequence hibernate_sequence created {changeSet=migration/common.changelog-init.xml::1511451595465-1.1::R3.Corda, databaseChangeLog=master.changelog.json}
?[m?[37m[INFO] 17:31:26,253 [driver-pool-thread-1] changelog.ChangeSet. - ChangeSet migration/common.changelog-init.xml::1511451595465-1.1::R3.Corda ran successfully in 13ms {changeSet=migration/common.changelog-init.xml::1511451595465-1.1::R3.Corda, databaseChangeLog=master.changelog.json}
?[m?[37m[INFO] 17:31:26,254 [driver-pool-thread-1] jvm.JdbcExecutor. - SELECT MAX(ORDEREXECUTED) FROM PUBLIC.DATABASECHANGELOG {changeSet=migration/common.changelog-init.xml::1511451595465-1.1::R3.Corda, databaseChangeLog=master.changelog.json}
?[m?[37m[INFO] 17:31:26,270 [driver-pool-thread-1] jvm.JdbcExecutor. - INSERT INTO PUBLIC.DATABASECHANGELOG (ID, AUTHOR, FILENAME, DATEEXECUTED, ORDEREXECUTED, MD5SUM, DESCRIPTION, COMMENTS, EXECTYPE, CONTEXTS, LABELS, LIQUIBASE, DEPLOYMENT_ID) VALUES ('1511451595465-1.1', 'R3.Corda', 'migration/common.changelog-init.xml', NOW(), 1, '8:9df4ee4464a4a10dfcf2717c73a52620', 'createSequence sequenceName=hibernate_sequence', '', 'EXECUTED', NULL, NULL, '3.6.3', '7573086214') {changeSet=migration/common.changelog-init.xml::1511451595465-1.1::R3.Corda, databaseChangeLog=master.changelog.json}
?[m?[37m[INFO] 17:31:26,277 [driver-pool-thread-1] jvm.JdbcExecutor. - CREATE TABLE PUBLIC.vault_fungible_states (output_index INT NOT NULL, transaction_id NVARCHAR(64) NOT NULL, issuer_name NVARCHAR(255), issuer_ref VARBINARY(512), owner_name NVARCHAR(255), quantity BIGINT) {changeSet=migration/vault-schema.changelog-init.xml::1511451595465-22::R3.Corda, databaseChangeLog=master.changelog.json}
?[m?[37m[INFO] 17:31:26,278 [driver-pool-thread-1] changelog.ChangeSet. - Table vault_fungible_states created {changeSet=migration/vault-schema.changelog-init.xml::1511451595465-22::R3.Corda, databaseChangeLog=master.changelog.json}
?[m?[37m[INFO] 17:31:26,278 [driver-pool-thread-1] changelog.ChangeSet. - ChangeSet migration/vault-schema.changelog-init.xml::1511451595465-22::R3.Corda ran successfully in 3ms {changeSet=migration/vault-schema.changelog-init.xml::1511451595465-22::R3.Corda, databaseChangeLog=master.changelog.json}
?[m?[37m[INFO] 17:31:26,278 [driver-pool-thread-1] jvm.JdbcExecutor. - INSERT INTO PUBLIC.DATABASECHANGELOG (ID, AUTHOR, FILENAME, DATEEXECUTED, ORDEREXECUTED, MD5SUM, DESCRIPTION, COMMENTS, EXECTYPE, CONTEXTS, LABELS, LIQUIBASE, DEPLOYMENT_ID) VALUES ('1511451595465-22', 'R3.Corda', 'migration/vault-schema.changelog-init.xml', NOW(), 2, '8:4ae481f11ac84744a4392bbfd533fa75', 'createTable tableName=vault_fungible_states', '', 'EXECUTED', NULL, NULL, '3.6.3', '7573086214') {changeSet=migration/vault-schema.changelog-init.xml::1511451595465-22::R3.Corda, databaseChangeLog=master.changelog.json}
?[m?[37m[INFO] 17:31:26,280 [driver-pool-thread-1] jvm.JdbcExecutor. - CREATE TABLE PUBLIC.vault_fungible_states_parts (output_index INT NOT NULL, transaction_id NVARCHAR(64) NOT NULL, participants NVARCHAR(255)) {changeSet=migration/vault-schema.changelog-init.xml::1511451595465-23::R3.Corda, databaseChangeLog=master.changelog.json}
?[m?[37m[INFO] 17:31:26,282 [driver-pool-thread-1] changelog.ChangeSet. - Table vault_fungible_states_parts created {changeSet=migration/vault-schema.changelog-init.xml::1511451595465-23::R3.Corda, databaseChangeLog=master.changelog.json}
?[m?[37m[INFO] 17:31:26,282 [driver-pool-thread-1] changelog.ChangeSet. - ChangeSet migration/vault-schema.changelog-init.xml::1511451595465-23::R3.Corda ran successfully in 3ms {changeSet=migration/vault-schema.changelog-init.xml::1511451595465-23::R3.Corda, databaseChangeLog=master.changelog.json}
?[m?[37m[INFO] 17:31:26,283 [driver-pool-thread-1] jvm.JdbcExecutor. - INSERT INTO PUBLIC.DATABASECHANGELOG (ID, AUTHOR, FILENAME, DATEEXECUTED, ORDEREXECUTED, MD5SUM, DESCRIPTION, COMMENTS, EXECTYPE, CONTEXTS, LABELS, LIQUIBASE, DEPLOYMENT_ID) VALUES ('1511451595465-23', 'R3.Corda', 'migration/vault-schema.changelog-init.xml', NOW(), 3, '8:3222255d3b2e04b9dfad42d9acab103e', 'createTable tableName=vault_fungible_states_parts', '', 'EXECUTED', NULL, NULL, '3.6.3', '7573086214') {changeSet=migration/vault-schema.changelog-init.xml::1511451595465-23::R3.Corda, databaseChangeLog=master.changelog.json}
?[m?[37m[INFO] 17:31:26,284 [driver-pool-thread-1] jvm.JdbcExecutor. - CREATE TABLE PUBLIC.vault_linear_states (output_index INT NOT NULL, transaction_id NVARCHAR(64) NOT NULL, external_id NVARCHAR(255), uuid VARCHAR(255) NOT NULL) {changeSet=migration/vault-schema.changelog-init.xml::1511451595465-24::R3.Corda, databaseChangeLog=master.changelog.json}
?[m?[37m[INFO] 17:31:26,285 [driver-pool-thread-1] changelog.ChangeSet. - Table vault_linear_states created {changeSet=migration/vault-schema.changelog-init.xml::1511451595465-24::R3.Corda, databaseChangeLog=master.changelog.json}
?[m?[37m[INFO] 17:31:26,285 [driver-pool-thread-1] changelog.ChangeSet. - ChangeSet migration/vault-schema.changelog-init.xml::1511451595465-24::R3.Corda ran successfully in 2ms {changeSet=migration/vault-schema.changelog-init.xml::1511451595465-24::R3.Corda, databaseChangeLog=master.changelog.json}
?[m?[37m[INFO] 17:31:26,286 [driver-pool-thread-1] jvm.JdbcExecutor. - INSERT INTO PUBLIC.DATABASECHANGELOG (ID, AUTHOR, FILENAME, DATEEXECUTED, ORDEREXECUTED, MD5SUM, DESCRIPTION, COMMENTS, EXECTYPE, CONTEXTS, LABELS, LIQUIBASE, DEPLOYMENT_ID) VALUES ('1511451595465-24', 'R3.Corda', 'migration/vault-schema.changelog-init.xml', NOW(), 4, '8:fb2c5b52213239424320d137dc22059b', 'createTable tableName=vault_linear_states', '', 'EXECUTED', NULL, NULL, '3.6.3', '7573086214') {changeSet=migration/vault-schema.changelog-init.xml::1511451595465-24::R3.Corda, databaseChangeLog=master.changelog.json}
?[m?[37m[INFO] 17:31:26,288 [driver-pool-thread-1] jvm.JdbcExecutor. - CREATE TABLE PUBLIC.vault_linear_states_parts (output_index INT NOT NULL, transaction_id NVARCHAR(64) NOT NULL, participants NVARCHAR(255)) {changeSet=migration/vault-schema.changelog-init.xml::1511451595465-25::R3.Corda, databaseChangeLog=master.changelog.json}
?[m?[37m[INFO] 17:31:26,290 [driver-pool-thread-1] changelog.ChangeSet. - Table vault_linear_states_parts created {changeSet=migration/vault-schema.changelog-init.xml::1511451595465-25::R3.Corda, databaseChangeLog=master.changelog.json}
?[m?[37m[INFO] 17:31:26,290 [driver-pool-thread-1] changelog.ChangeSet. - ChangeSet migration/vault-schema.changelog-init.xml::1511451595465-25::R3.Corda ran successfully in 3ms {changeSet=migration/vault-schema.changelog-init.xml::1511451595465-25::R3.Corda, databaseChangeLog=master.changelog.json}
?[m?[37m[INFO] 17:31:26,292 [driver-pool-thread-1] jvm.JdbcExecutor. - INSERT INTO PUBLIC.DATABASECHANGELOG (ID, AUTHOR, FILENAME, DATEEXECUTED, ORDEREXECUTED, MD5SUM, DESCRIPTION, COMMENTS, EXECTYPE, CONTEXTS, LABELS, LIQUIBASE, DEPLOYMENT_ID) VALUES ('1511451595465-25', 'R3.Corda', 'migration/vault-schema.changelog-init.xml', NOW(), 5, '8:ccb2ca1b37c0eeb2ac12506f17bc8ee0', 'createTable tableName=vault_linear_states_parts', '', 'EXECUTED', NULL, NULL, '3.6.3', '7573086214') {changeSet=migration/vault-schema.changelog-init.xml::1511451595465-25::R3.Corda, databaseChangeLog=master.changelog.json}
?[m?[37m[INFO] 17:31:26,294 [driver-pool-thread-1] jvm.JdbcExecutor. - CREATE TABLE PUBLIC.vault_states (output_index INT NOT NULL, transaction_id NVARCHAR(64) NOT NULL, consumed_timestamp TIMESTAMP, contract_state_class_name NVARCHAR(255), lock_id NVARCHAR(255), lock_timestamp TIMESTAMP, notary_name NVARCHAR(255), recorded_timestamp TIMESTAMP, state_status INT) {changeSet=migration/vault-schema.changelog-init.xml::1511451595465-26::R3.Corda, databaseChangeLog=master.changelog.json}
?[m?[37m[INFO] 17:31:26,294 [driver-pool-thread-1] changelog.ChangeSet. - Table vault_states created {changeSet=migration/vault-schema.changelog-init.xml::1511451595465-26::R3.Corda, databaseChangeLog=master.changelog.json}
?[m?[37m[INFO] 17:31:26,294 [driver-pool-thread-1] changelog.ChangeSet. - ChangeSet migration/vault-schema.changelog-init.xml::1511451595465-26::R3.Corda ran successfully in 1ms {changeSet=migration/vault-schema.changelog-init.xml::1511451595465-26::R3.Corda, databaseChangeLog=master.changelog.json}
?[m?[37m[INFO] 17:31:26,295 [driver-pool-thread-1] jvm.JdbcExecutor. - INSERT INTO PUBLIC.DATABASECHANGELOG (ID, AUTHOR, FILENAME, DATEEXECUTED, ORDEREXECUTED, MD5SUM, DESCRIPTION, COMMENTS, EXECTYPE, CONTEXTS, LABELS, LIQUIBASE, DEPLOYMENT_ID) VALUES ('1511451595465-26', 'R3.Corda', 'migration/vault-schema.changelog-init.xml', NOW(), 6, '8:971edadc2af9e847ed490f418530d40b', 'createTable tableName=vault_states', '', 'EXECUTED', NULL, NULL, '3.6.3', '7573086214') {changeSet=migration/vault-schema.changelog-init.xml::1511451595465-26::R3.Corda, databaseChangeLog=master.changelog.json}
?[m?[37m[INFO] 17:31:26,297 [driver-pool-thread-1] jvm.JdbcExecutor. - CREATE TABLE PUBLIC.vault_transaction_notes (seq_no INT NOT NULL, note NVARCHAR(255), transaction_id NVARCHAR(64)) {changeSet=migration/vault-schema.changelog-init.xml::1511451595465-27::R3.Corda, databaseChangeLog=master.changelog.json}
?[m?[37m[INFO] 17:31:26,297 [driver-pool-thread-1] changelog.ChangeSet. - Table vault_transaction_notes created {changeSet=migration/vault-schema.changelog-init.xml::1511451595465-27::R3.Corda, databaseChangeLog=master.changelog.json}
?[m?[37m[INFO] 17:31:26,297 [driver-pool-thread-1] changelog.ChangeSet. - ChangeSet migration/vault-schema.changelog-init.xml::1511451595465-27::R3.Corda ran successfully in 1ms {changeSet=migration/vault-schema.changelog-init.xml::1511451595465-27::R3.Corda, databaseChangeLog=master.changelog.json}
?[m?[37m[INFO] 17:31:26,298 [driver-pool-thread-1] jvm.JdbcExecutor. - INSERT INTO PUBLIC.DATABASECHANGELOG (ID, AUTHOR, FILENAME, DATEEXECUTED, ORDEREXECUTED, MD5SUM, DESCRIPTION, COMMENTS, EXECTYPE, CONTEXTS, LABELS, LIQUIBASE, DEPLOYMENT_ID) VALUES ('1511451595465-27', 'R3.Corda', 'migration/vault-schema.changelog-init.xml', NOW(), 7, '8:7a8064e58d100a02ed56e538122296e4', 'createTable tableName=vault_transaction_notes', '', 'EXECUTED', NULL, NULL, '3.6.3', '7573086214') {changeSet=migration/vault-schema.changelog-init.xml::1511451595465-27::R3.Corda, databaseChangeLog=master.changelog.json}
?[m?[37m[INFO] 17:31:26,300 [driver-pool-thread-1] jvm.JdbcExecutor. - ALTER TABLE PUBLIC.vault_fungible_states ADD CONSTRAINT vault_fungible_states_pkey PRIMARY KEY (output_index, transaction_id) {changeSet=migration/vault-schema.changelog-init.xml::1511451595465-47::R3.Corda, databaseChangeLog=master.changelog.json}
?[m?[37m[INFO] 17:31:26,303 [driver-pool-thread-1] changelog.ChangeSet. - Primary key added to vault_fungible_states (output_index, transaction_id) {changeSet=migration/vault-schema.changelog-init.xml::1511451595465-47::R3.Corda, databaseChangeLog=master.changelog.json}
?[m?[37m[INFO] 17:31:26,303 [driver-pool-thread-1] changelog.ChangeSet. - ChangeSet migration/vault-schema.changelog-init.xml::1511451595465-47::R3.Corda ran successfully in 3ms {changeSet=migration/vault-schema.changelog-init.xml::1511451595465-47::R3.Corda, databaseChangeLog=master.changelog.json}
?[m?[37m[INFO] 17:31:26,304 [driver-pool-thread-1] jvm.JdbcExecutor. - INSERT INTO PUBLIC.DATABASECHANGELOG (ID, AUTHOR, FILENAME, DATEEXECUTED, ORDEREXECUTED, MD5SUM, DESCRIPTION, COMMENTS, EXECTYPE, CONTEXTS, LABELS, LIQUIBASE, DEPLOYMENT_ID) VALUES ('1511451595465-47', 'R3.Corda', 'migration/vault-schema.changelog-init.xml', NOW(), 8, '8:4eddd48de14b69bdd265a4b0c438f070', 'addPrimaryKey constraintName=vault_fungible_states_pkey, tableName=vault_fungible_states', '', 'EXECUTED', NULL, NULL, '3.6.3', '7573086214') {changeSet=migration/vault-schema.changelog-init.xml::1511451595465-47::R3.Corda, databaseChangeLog=master.changelog.json}
?[m?[37m[INFO] 17:31:26,305 [driver-pool-thread-1] jvm.JdbcExecutor. - ALTER TABLE PUBLIC.vault_linear_states ADD CONSTRAINT vault_linear_states_pkey PRIMARY KEY (output_index, transaction_id) {changeSet=migration/vault-schema.changelog-init.xml::1511451595465-48::R3.Corda, databaseChangeLog=master.changelog.json}
?[m?[37m[INFO] 17:31:26,306 [driver-pool-thread-1] changelog.ChangeSet. - Primary key added to vault_linear_states (output_index, transaction_id) {changeSet=migration/vault-schema.changelog-init.xml::1511451595465-48::R3.Corda, databaseChangeLog=master.changelog.json}
?[m?[37m[INFO] 17:31:26,307 [driver-pool-thread-1] changelog.ChangeSet. - ChangeSet migration/vault-schema.changelog-init.xml::1511451595465-48::R3.Corda ran successfully in 1ms {changeSet=migration/vault-schema.changelog-init.xml::1511451595465-48::R3.Corda, databaseChangeLog=master.changelog.json}
?[m?[37m[INFO] 17:31:26,308 [driver-pool-thread-1] jvm.JdbcExecutor. - INSERT INTO PUBLIC.DATABASECHANGELOG (ID, AUTHOR, FILENAME, DATEEXECUTED, ORDEREXECUTED, MD5SUM, DESCRIPTION, COMMENTS, EXECTYPE, CONTEXTS, LABELS, LIQUIBASE, DEPLOYMENT_ID) VALUES ('1511451595465-48', 'R3.Corda', 'migration/vault-schema.changelog-init.xml', NOW(), 9, '8:3695c44ddebef2dde359dec253a5969a', 'addPrimaryKey constraintName=vault_linear_states_pkey, tableName=vault_linear_states', '', 'EXECUTED', NULL, NULL, '3.6.3', '7573086214') {changeSet=migration/vault-schema.changelog-init.xml::1511451595465-48::R3.Corda, databaseChangeLog=master.changelog.json}
?[m?[37m[INFO] 17:31:26,309 [driver-pool-thread-1] jvm.JdbcExecutor. - ALTER TABLE PUBLIC.vault_states ADD CONSTRAINT vault_states_pkey PRIMARY KEY (output_index, transaction_id) {changeSet=migration/vault-schema.changelog-init.xml::1511451595465-49::R3.Corda, databaseChangeLog=master.changelog.json}
?[m?[37m[INFO] 17:31:26,310 [driver-pool-thread-1] changelog.ChangeSet. - Primary key added to vault_states (output_index, transaction_id) {changeSet=migration/vault-schema.changelog-init.xml::1511451595465-49::R3.Corda, databaseChangeLog=master.changelog.json}
?[m?[37m[INFO] 17:31:26,310 [driver-pool-thread-1] changelog.ChangeSet. - ChangeSet migration/vault-schema.changelog-init.xml::1511451595465-49::R3.Corda ran successfully in 1ms {changeSet=migration/vault-schema.changelog-init.xml::1511451595465-49::R3.Corda, databaseChangeLog=master.changelog.json}
?[m?[37m[INFO] 17:31:26,311 [driver-pool-thread-1] jvm.JdbcExecutor. - INSERT INTO PUBLIC.DATABASECHANGELOG (ID, AUTHOR, FILENAME, DATEEXECUTED, ORDEREXECUTED, MD5SUM, DESCRIPTION, COMMENTS, EXECTYPE, CONTEXTS, LABELS, LIQUIBASE, DEPLOYMENT_ID) VALUES ('1511451595465-49', 'R3.Corda', 'migration/vault-schema.changelog-init.xml', NOW(), 10, '8:5d21dc3c09051ea30475250d25178892', 'addPrimaryKey constraintName=vault_states_pkey, tableName=vault_states', '', 'EXECUTED', NULL, NULL, '3.6.3', '7573086214') {changeSet=migration/vault-schema.changelog-init.xml::1511451595465-49::R3.Corda, databaseChangeLog=master.changelog.json}
?[m?[37m[INFO] 17:31:26,313 [driver-pool-thread-1] jvm.JdbcExecutor. - ALTER TABLE PUBLIC.vault_transaction_notes ADD CONSTRAINT vault_transaction_notes_pkey PRIMARY KEY (seq_no) {changeSet=migration/vault-schema.changelog-init.xml::1511451595465-50::R3.Corda, databaseChangeLog=master.changelog.json}
?[m?[37m[INFO] 17:31:26,313 [driver-pool-thread-1] changelog.ChangeSet. - Primary key added to vault_transaction_notes (seq_no) {changeSet=migration/vault-schema.changelog-init.xml::1511451595465-50::R3.Corda, databaseChangeLog=master.changelog.json}
?[m?[37m[INFO] 17:31:26,314 [driver-pool-thread-1] changelog.ChangeSet. - ChangeSet migration/vault-schema.changelog-init.xml::1511451595465-50::R3.Corda ran successfully in 2ms {changeSet=migration/vault-schema.changelog-init.xml::1511451595465-50::R3.Corda, databaseChangeLog=master.changelog.json}
?[m?[37m[INFO] 17:31:26,314 [driver-pool-thread-1] jvm.JdbcExecutor. - INSERT INTO PUBLIC.DATABASECHANGELOG (ID, AUTHOR, FILENAME, DATEEXECUTED, ORDEREXECUTED, MD5SUM, DESCRIPTION, COMMENTS, EXECTYPE, CONTEXTS, LABELS, LIQUIBASE, DEPLOYMENT_ID) VALUES ('1511451595465-50', 'R3.Corda', 'migration/vault-schema.changelog-init.xml', NOW(), 11, '8:2bf545e5d7593a3456708426c3686ebb', 'addPrimaryKey constraintName=vault_transaction_notes_pkey, tableName=vault_transaction_notes', '', 'EXECUTED', NULL, NULL, '3.6.3', '7573086214') {changeSet=migration/vault-schema.changelog-init.xml::1511451595465-50::R3.Corda, databaseChangeLog=master.changelog.json}
?[m?[37m[INFO] 17:31:26,316 [driver-pool-thread-1] jvm.JdbcExecutor. - CREATE INDEX PUBLIC.external_id_index ON PUBLIC.vault_linear_states(external_id) {changeSet=migration/vault-schema.changelog-init.xml::1511451595465-53::R3.Corda, databaseChangeLog=master.changelog.json}
?[m?[37m[INFO] 17:31:26,318 [driver-pool-thread-1] changelog.ChangeSet. - Index external_id_index created {changeSet=migration/vault-schema.changelog-init.xml::1511451595465-53::R3.Corda, databaseChangeLog=master.changelog.json}
?[m?[37m[INFO] 17:31:26,318 [driver-pool-thread-1] changelog.ChangeSet. - ChangeSet migration/vault-schema.changelog-init.xml::1511451595465-53::R3.Corda ran successfully in 3ms {changeSet=migration/vault-schema.changelog-init.xml::1511451595465-53::R3.Corda, databaseChangeLog=master.changelog.json}
?[m?[37m[INFO] 17:31:26,319 [driver-pool-thread-1] jvm.JdbcExecutor. - INSERT INTO PUBLIC.DATABASECHANGELOG (ID, AUTHOR, FILENAME, DATEEXECUTED, ORDEREXECUTED, MD5SUM, DESCRIPTION, COMMENTS, EXECTYPE, CONTEXTS, LABELS, LIQUIBASE, DEPLOYMENT_ID) VALUES ('1511451595465-53', 'R3.Corda', 'migration/vault-schema.changelog-init.xml', NOW(), 12, '8:b1272090dcd2325b0382f829ce13a1ff', 'createIndex indexName=external_id_index, tableName=vault_linear_states', '', 'EXECUTED', NULL, NULL, '3.6.3', '7573086214') {changeSet=migration/vault-schema.changelog-init.xml::1511451595465-53::R3.Corda, databaseChangeLog=master.changelog.json}
?[m?[37m[INFO] 17:31:26,320 [driver-pool-thread-1] jvm.JdbcExecutor. - CREATE INDEX PUBLIC.lock_id_idx ON PUBLIC.vault_states(lock_id, state_status) {changeSet=migration/vault-schema.changelog-init.xml::1511451595465-55::R3.Corda, databaseChangeLog=master.changelog.json}
?[m?[37m[INFO] 17:31:26,321 [driver-pool-thread-1] changelog.ChangeSet. - Index lock_id_idx created {changeSet=migration/vault-schema.changelog-init.xml::1511451595465-55::R3.Corda, databaseChangeLog=master.changelog.json}
?[m?[37m[INFO] 17:31:26,321 [driver-pool-thread-1] changelog.ChangeSet. - ChangeSet migration/vault-schema.changelog-init.xml::1511451595465-55::R3.Corda ran successfully in 1ms {changeSet=migration/vault-schema.changelog-init.xml::1511451595465-55::R3.Corda, databaseChangeLog=master.changelog.json}
?[m?[37m[INFO] 17:31:26,322 [driver-pool-thread-1] jvm.JdbcExecutor. - INSERT INTO PUBLIC.DATABASECHANGELOG (ID, AUTHOR, FILENAME, DATEEXECUTED, ORDEREXECUTED, MD5SUM, DESCRIPTION, COMMENTS, EXECTYPE, CONTEXTS, LABELS, LIQUIBASE, DEPLOYMENT_ID) VALUES ('1511451595465-55', 'R3.Corda', 'migration/vault-schema.changelog-init.xml', NOW(), 13, '8:0b77fbedaccc2eed4b8efd6fddf6581b', 'createIndex indexName=lock_id_idx, tableName=vault_states', '', 'EXECUTED', NULL, NULL, '3.6.3', '7573086214') {changeSet=migration/vault-schema.changelog-init.xml::1511451595465-55::R3.Corda, databaseChangeLog=master.changelog.json}
?[m?[37m[INFO] 17:31:26,323 [driver-pool-thread-1] jvm.JdbcExecutor. - CREATE INDEX PUBLIC.state_status_idx ON PUBLIC.vault_states(state_status) {changeSet=migration/vault-schema.changelog-init.xml::1511451595465-58::R3.Corda, databaseChangeLog=master.changelog.json}
?[m?[37m[INFO] 17:31:26,324 [driver-pool-thread-1] changelog.ChangeSet. - Index state_status_idx created {changeSet=migration/vault-schema.changelog-init.xml::1511451595465-58::R3.Corda, databaseChangeLog=master.changelog.json}
?[m?[37m[INFO] 17:31:26,324 [driver-pool-thread-1] changelog.ChangeSet. - ChangeSet migration/vault-schema.changelog-init.xml::1511451595465-58::R3.Corda ran successfully in 1ms {changeSet=migration/vault-schema.changelog-init.xml::1511451595465-58::R3.Corda, databaseChangeLog=master.changelog.json}
?[m?[37m[INFO] 17:31:26,325 [driver-pool-thread-1] jvm.JdbcExecutor. - INSERT INTO PUBLIC.DATABASECHANGELOG (ID, AUTHOR, FILENAME, DATEEXECUTED, ORDEREXECUTED, MD5SUM, DESCRIPTION, COMMENTS, EXECTYPE, CONTEXTS, LABELS, LIQUIBASE, DEPLOYMENT_ID) VALUES ('1511451595465-58', 'R3.Corda', 'migration/vault-schema.changelog-init.xml', NOW(), 14, '8:7a1bbb20835907728df143e4cc1bfc04', 'createIndex indexName=state_status_idx, tableName=vault_states', '', 'EXECUTED', NULL, NULL, '3.6.3', '7573086214') {changeSet=migration/vault-schema.changelog-init.xml::1511451595465-58::R3.Corda, databaseChangeLog=master.changelog.json}
?[m?[37m[INFO] 17:31:26,326 [driver-pool-thread-1] jvm.JdbcExecutor. - CREATE INDEX PUBLIC.transaction_id_index ON PUBLIC.vault_transaction_notes(transaction_id) {changeSet=migration/vault-schema.changelog-init.xml::1511451595465-59::R3.Corda, databaseChangeLog=master.changelog.json}
?[m?[37m[INFO] 17:31:26,326 [driver-pool-thread-1] changelog.ChangeSet. - Index transaction_id_index created {changeSet=migration/vault-schema.changelog-init.xml::1511451595465-59::R3.Corda, databaseChangeLog=master.changelog.json}
?[m?[37m[INFO] 17:31:26,326 [driver-pool-thread-1] changelog.ChangeSet. - ChangeSet migration/vault-schema.changelog-init.xml::1511451595465-59::R3.Corda ran successfully in 1ms {changeSet=migration/vault-schema.changelog-init.xml::1511451595465-59::R3.Corda, databaseChangeLog=master.changelog.json}
?[m?[37m[INFO] 17:31:26,327 [driver-pool-thread-1] jvm.JdbcExecutor. - INSERT INTO PUBLIC.DATABASECHANGELOG (ID, AUTHOR, FILENAME, DATEEXECUTED, ORDEREXECUTED, MD5SUM, DESCRIPTION, COMMENTS, EXECTYPE, CONTEXTS, LABELS, LIQUIBASE, DEPLOYMENT_ID) VALUES ('1511451595465-59', 'R3.Corda', 'migration/vault-schema.changelog-init.xml', NOW(), 15, '8:2bfe64cedfc8120dc219d42dc19d49f6', 'createIndex indexName=transaction_id_index, tableName=vault_transaction_notes', '', 'EXECUTED', NULL, NULL, '3.6.3', '7573086214') {changeSet=migration/vault-schema.changelog-init.xml::1511451595465-59::R3.Corda, databaseChangeLog=master.changelog.json}
?[m?[37m[INFO] 17:31:26,328 [driver-pool-thread-1] jvm.JdbcExecutor. - CREATE INDEX PUBLIC.uuid_index ON PUBLIC.vault_linear_states(uuid) {changeSet=migration/vault-schema.changelog-init.xml::1511451595465-60::R3.Corda, databaseChangeLog=master.changelog.json}
?[m?[37m[INFO] 17:31:26,329 [driver-pool-thread-1] changelog.ChangeSet. - Index uuid_index created {changeSet=migration/vault-schema.changelog-init.xml::1511451595465-60::R3.Corda, databaseChangeLog=master.changelog.json}
?[m?[37m[INFO] 17:31:26,329 [driver-pool-thread-1] changelog.ChangeSet. - ChangeSet migration/vault-schema.changelog-init.xml::1511451595465-60::R3.Corda ran successfully in 1ms {changeSet=migration/vault-schema.changelog-init.xml::1511451595465-60::R3.Corda, databaseChangeLog=master.changelog.json}
?[m?[37m[INFO] 17:31:26,329 [driver-pool-thread-1] jvm.JdbcExecutor. - INSERT INTO PUBLIC.DATABASECHANGELOG (ID, AUTHOR, FILENAME, DATEEXECUTED, ORDEREXECUTED, MD5SUM, DESCRIPTION, COMMENTS, EXECTYPE, CONTEXTS, LABELS, LIQUIBASE, DEPLOYMENT_ID) VALUES ('1511451595465-60', 'R3.Corda', 'migration/vault-schema.changelog-init.xml', NOW(), 16, '8:4cffb289ce33d922274cc829175a2a55', 'createIndex indexName=uuid_index, tableName=vault_linear_states', '', 'EXECUTED', NULL, NULL, '3.6.3', '7573086214') {changeSet=migration/vault-schema.changelog-init.xml::1511451595465-60::R3.Corda, databaseChangeLog=master.changelog.json}
?[m?[37m[INFO] 17:31:26,332 [driver-pool-thread-1] jvm.JdbcExecutor. - ALTER TABLE PUBLIC.vault_fungible_states_parts ADD CONSTRAINT FK__fung_st_parts__fung_st FOREIGN KEY (output_index, transaction_id) REFERENCES PUBLIC.vault_fungible_states (output_index, transaction_id) {changeSet=migration/vault-schema.changelog-init.xml::1511451595465-64::R3.Corda, databaseChangeLog=master.changelog.json}
?[m?[37m[INFO] 17:31:26,339 [driver-pool-thread-1] changelog.ChangeSet. - Foreign key constraint added to vault_fungible_states_parts (output_index,transaction_id) {changeSet=migration/vault-schema.changelog-init.xml::1511451595465-64::R3.Corda, databaseChangeLog=master.changelog.json}
?[m?[37m[INFO] 17:31:26,339 [driver-pool-thread-1] changelog.ChangeSet. - ChangeSet migration/vault-schema.changelog-init.xml::1511451595465-64::R3.Corda ran successfully in 9ms {changeSet=migration/vault-schema.changelog-init.xml::1511451595465-64::R3.Corda, databaseChangeLog=master.changelog.json}
?[m?[37m[INFO] 17:31:26,340 [driver-pool-thread-1] jvm.JdbcExecutor. - INSERT INTO PUBLIC.DATABASECHANGELOG (ID, AUTHOR, FILENAME, DATEEXECUTED, ORDEREXECUTED, MD5SUM, DESCRIPTION, COMMENTS, EXECTYPE, CONTEXTS, LABELS, LIQUIBASE, DEPLOYMENT_ID) VALUES ('1511451595465-64', 'R3.Corda', 'migration/vault-schema.changelog-init.xml', NOW(), 17, '8:1bde72346badbbe52e74b189ce1d079c', 'addForeignKeyConstraint baseTableName=vault_fungible_states_parts, constraintName=FK__fung_st_parts__fung_st, referencedTableName=vault_fungible_states', '', 'EXECUTED', NULL, NULL, '3.6.3', '7573086214') {changeSet=migration/vault-schema.changelog-init.xml::1511451595465-64::R3.Corda, databaseChangeLog=master.changelog.json}
?[m?[37m[INFO] 17:31:26,341 [driver-pool-thread-1] jvm.JdbcExecutor. - ALTER TABLE PUBLIC.vault_linear_states_parts ADD CONSTRAINT FK__lin_stat_parts__lin_stat FOREIGN KEY (output_index, transaction_id) REFERENCES PUBLIC.vault_linear_states (output_index, transaction_id) {changeSet=migration/vault-schema.changelog-init.xml::1511451595465-65::R3.Corda, databaseChangeLog=master.changelog.json}
?[m?[37m[INFO] 17:31:26,345 [driver-pool-thread-1] changelog.ChangeSet. - Foreign key constraint added to vault_linear_states_parts (output_index,transaction_id) {changeSet=migration/vault-schema.changelog-init.xml::1511451595465-65::R3.Corda, databaseChangeLog=master.changelog.json}
?[m?[37m[INFO] 17:31:26,345 [driver-pool-thread-1] changelog.ChangeSet. - ChangeSet migration/vault-schema.changelog-init.xml::1511451595465-65::R3.Corda ran successfully in 4ms {changeSet=migration/vault-schema.changelog-init.xml::1511451595465-65::R3.Corda, databaseChangeLog=master.changelog.json}
?[m?[37m[INFO] 17:31:26,346 [driver-pool-thread-1] jvm.JdbcExecutor. - INSERT INTO PUBLIC.DATABASECHANGELOG (ID, AUTHOR, FILENAME, DATEEXECUTED, ORDEREXECUTED, MD5SUM, DESCRIPTION, COMMENTS, EXECTYPE, CONTEXTS, LABELS, LIQUIBASE, DEPLOYMENT_ID) VALUES ('1511451595465-65', 'R3.Corda', 'migration/vault-schema.changelog-init.xml', NOW(), 18, '8:9a5d0106c45f631cb60a3e2f9542d2c2', 'addForeignKeyConstraint baseTableName=vault_linear_states_parts, constraintName=FK__lin_stat_parts__lin_stat, referencedTableName=vault_linear_states', '', 'EXECUTED', NULL, NULL, '3.6.3', '7573086214') {changeSet=migration/vault-schema.changelog-init.xml::1511451595465-65::R3.Corda, databaseChangeLog=master.changelog.json}
?[m?[37m[INFO] 17:31:26,347 [driver-pool-thread-1] jvm.JdbcExecutor. - DELETE FROM PUBLIC.vault_fungible_states_parts {changeSet=migration/vault-schema.changelog-v3.xml::clean_vault::R3.Corda, databaseChangeLog=master.changelog.json}
?[m?[37m[INFO] 17:31:26,347 [driver-pool-thread-1] changelog.ChangeSet. - Data deleted from vault_fungible_states_parts {changeSet=migration/vault-schema.changelog-v3.xml::clean_vault::R3.Corda, databaseChangeLog=master.changelog.json}
?[m?[37m[INFO] 17:31:26,347 [driver-pool-thread-1] jvm.JdbcExecutor. - DELETE FROM PUBLIC.vault_fungible_states {changeSet=migration/vault-schema.changelog-v3.xml::clean_vault::R3.Corda, databaseChangeLog=master.changelog.json}
?[m?[37m[INFO] 17:31:26,347 [driver-pool-thread-1] changelog.ChangeSet. - Data deleted from vault_fungible_states {changeSet=migration/vault-schema.changelog-v3.xml::clean_vault::R3.Corda, databaseChangeLog=master.changelog.json}
?[m?[37m[INFO] 17:31:26,347 [driver-pool-thread-1] jvm.JdbcExecutor. - DELETE FROM PUBLIC.vault_linear_states_parts {changeSet=migration/vault-schema.changelog-v3.xml::clean_vault::R3.Corda, databaseChangeLog=master.changelog.json}
?[m?[37m[INFO] 17:31:26,348 [driver-pool-thread-1] changelog.ChangeSet. - Data deleted from vault_linear_states_parts {changeSet=migration/vault-schema.changelog-v3.xml::clean_vault::R3.Corda, databaseChangeLog=master.changelog.json}
?[m?[37m[INFO] 17:31:26,348 [driver-pool-thread-1] jvm.JdbcExecutor. - DELETE FROM PUBLIC.vault_linear_states {changeSet=migration/vault-schema.changelog-v3.xml::clean_vault::R3.Corda, databaseChangeLog=master.changelog.json}
?[m?[37m[INFO] 17:31:26,348 [driver-pool-thread-1] changelog.ChangeSet. - Data deleted from vault_linear_states {changeSet=migration/vault-schema.changelog-v3.xml::clean_vault::R3.Corda, databaseChangeLog=master.changelog.json}
?[m?[37m[INFO] 17:31:26,348 [driver-pool-thread-1] jvm.JdbcExecutor. - DELETE FROM PUBLIC.vault_states {changeSet=migration/vault-schema.changelog-v3.xml::clean_vault::R3.Corda, databaseChangeLog=master.changelog.json}
?[m?[37m[INFO] 17:31:26,348 [driver-pool-thread-1] changelog.ChangeSet. - Data deleted from vault_states {changeSet=migration/vault-schema.changelog-v3.xml::clean_vault::R3.Corda, databaseChangeLog=master.changelog.json}
?[m?[37m[INFO] 17:31:26,349 [driver-pool-thread-1] jvm.JdbcExecutor. - DELETE FROM PUBLIC.vault_transaction_notes {changeSet=migration/vault-schema.changelog-v3.xml::clean_vault::R3.Corda, databaseChangeLog=master.changelog.json}
?[m?[37m[INFO] 17:31:26,349 [driver-pool-thread-1] changelog.ChangeSet. - Data deleted from vault_transaction_notes {changeSet=migration/vault-schema.changelog-v3.xml::clean_vault::R3.Corda, databaseChangeLog=master.changelog.json}
?[m?[37m[INFO] 17:31:26,349 [driver-pool-thread-1] changelog.ChangeSet. - ChangeSet migration/vault-schema.changelog-v3.xml::clean_vault::R3.Corda ran successfully in 3ms {changeSet=migration/vault-schema.changelog-v3.xml::clean_vault::R3.Corda, databaseChangeLog=master.changelog.json}
?[m?[37m[INFO] 17:31:26,350 [driver-pool-thread-1] jvm.JdbcExecutor. - INSERT INTO PUBLIC.DATABASECHANGELOG (ID, AUTHOR, FILENAME, DATEEXECUTED, ORDEREXECUTED, MD5SUM, DESCRIPTION, COMMENTS, EXECTYPE, CONTEXTS, LABELS, LIQUIBASE, DEPLOYMENT_ID) VALUES ('clean_vault', 'R3.Corda', 'migration/vault-schema.changelog-v3.xml', NOW(), 19, '8:0701d37bf9b322ada2323cea6db9393c', 'delete tableName=vault_fungible_states_parts; delete tableName=vault_fungible_states; delete tableName=vault_linear_states_parts; delete tableName=vault_linear_states; delete tableName=vault_states; delete tableName=vault_transaction_notes', '', 'EXECUTED', NULL, NULL, '3.6.3', '7573086214') {changeSet=migration/vault-schema.changelog-v3.xml::clean_vault::R3.Corda, databaseChangeLog=master.changelog.json}
?[m?[37m[INFO] 17:31:26,352 [driver-pool-thread-1] jvm.JdbcExecutor. - ALTER TABLE PUBLIC.vault_fungible_states ALTER COLUMN quantity SET NOT NULL {changeSet=migration/vault-schema.changelog-v4.xml::nullability::R3.Corda, databaseChangeLog=master.changelog.json}
?[m?[37m[INFO] 17:31:26,355 [driver-pool-thread-1] changelog.ChangeSet. - NOT NULL constraint has been added to vault_fungible_states.quantity {changeSet=migration/vault-schema.changelog-v4.xml::nullability::R3.Corda, databaseChangeLog=master.changelog.json}
?[m?[37m[INFO] 17:31:26,355 [driver-pool-thread-1] jvm.JdbcExecutor. - ALTER TABLE PUBLIC.vault_states ALTER COLUMN contract_state_class_name SET NOT NULL {changeSet=migration/vault-schema.changelog-v4.xml::nullability::R3.Corda, databaseChangeLog=master.changelog.json}
?[m?[37m[INFO] 17:31:26,357 [driver-pool-thread-1] changelog.ChangeSet. - NOT NULL constraint has been added to vault_states.contract_state_class_name {changeSet=migration/vault-schema.changelog-v4.xml::nullability::R3.Corda, databaseChangeLog=master.changelog.json}
?[m?[37m[INFO] 17:31:26,358 [driver-pool-thread-1] jvm.JdbcExecutor. - ALTER TABLE PUBLIC.vault_states ALTER COLUMN notary_name SET NOT NULL {changeSet=migration/vault-schema.changelog-v4.xml::nullability::R3.Corda, databaseChangeLog=master.changelog.json}
?[m?[37m[INFO] 17:31:26,360 [driver-pool-thread-1] changelog.ChangeSet. - NOT NULL constraint has been added to vault_states.notary_name {changeSet=migration/vault-schema.changelog-v4.xml::nullability::R3.Corda, databaseChangeLog=master.changelog.json}
?[m?[37m[INFO] 17:31:26,361 [driver-pool-thread-1] jvm.JdbcExecutor. - ALTER TABLE PUBLIC.vault_states ALTER COLUMN recorded_timestamp SET NOT NULL {changeSet=migration/vault-schema.changelog-v4.xml::nullability::R3.Corda, databaseChangeLog=master.changelog.json}
?[m?[37m[INFO] 17:31:26,362 [driver-pool-thread-1] changelog.ChangeSet. - NOT NULL constraint has been added to vault_states.recorded_timestamp {changeSet=migration/vault-schema.changelog-v4.xml::nullability::R3.Corda, databaseChangeLog=master.changelog.json}
?[m?[37m[INFO] 17:31:26,363 [driver-pool-thread-1] jvm.JdbcExecutor. - DROP INDEX PUBLIC.state_status_idx {changeSet=migration/vault-schema.changelog-v4.xml::nullability::R3.Corda, databaseChangeLog=master.changelog.json}
?[m?[37m[INFO] 17:31:26,367 [driver-pool-thread-1] changelog.ChangeSet. - Index state_status_idx dropped from table vault_states {changeSet=migration/vault-schema.changelog-v4.xml::nullability::R3.Corda, databaseChangeLog=master.changelog.json}
?[m?[37m[INFO] 17:31:26,368 [driver-pool-thread-1] jvm.JdbcExecutor. - DROP INDEX PUBLIC.lock_id_idx {changeSet=migration/vault-schema.changelog-v4.xml::nullability::R3.Corda, databaseChangeLog=master.changelog.json}
?[m?[37m[INFO] 17:31:26,368 [driver-pool-thread-1] changelog.ChangeSet. - Index lock_id_idx dropped from table vault_states {changeSet=migration/vault-schema.changelog-v4.xml::nullability::R3.Corda, databaseChangeLog=master.changelog.json}
?[m?[37m[INFO] 17:31:26,368 [driver-pool-thread-1] jvm.JdbcExecutor. - ALTER TABLE PUBLIC.vault_states ALTER COLUMN state_status SET NOT NULL {changeSet=migration/vault-schema.changelog-v4.xml::nullability::R3.Corda, databaseChangeLog=master.changelog.json}
?[m?[37m[INFO] 17:31:26,369 [driver-pool-thread-1] changelog.ChangeSet. - NOT NULL constraint has been added to vault_states.state_status {changeSet=migration/vault-schema.changelog-v4.xml::nullability::R3.Corda, databaseChangeLog=master.changelog.json}
?[m?[37m[INFO] 17:31:26,369 [driver-pool-thread-1] jvm.JdbcExecutor. - CREATE INDEX PUBLIC.state_status_idx ON PUBLIC.vault_states(state_status) {changeSet=migration/vault-schema.changelog-v4.xml::nullability::R3.Corda, databaseChangeLog=master.changelog.json}
?[m?[37m[INFO] 17:31:26,370 [driver-pool-thread-1] changelog.ChangeSet. - Index state_status_idx created {changeSet=migration/vault-schema.changelog-v4.xml::nullability::R3.Corda, databaseChangeLog=master.changelog.json}
?[m?[37m[INFO] 17:31:26,370 [driver-pool-thread-1] jvm.JdbcExecutor. - CREATE INDEX PUBLIC.lock_id_idx ON PUBLIC.vault_states(lock_id, state_status) {changeSet=migration/vault-schema.changelog-v4.xml::nullability::R3.Corda, databaseChangeLog=master.changelog.json}
?[m?[37m[INFO] 17:31:26,371 [driver-pool-thread-1] changelog.ChangeSet. - Index lock_id_idx created {changeSet=migration/vault-schema.changelog-v4.xml::nullability::R3.Corda, databaseChangeLog=master.changelog.json}
?[m?[37m[INFO] 17:31:26,371 [driver-pool-thread-1] jvm.JdbcExecutor. - DROP INDEX PUBLIC.transaction_id_index {changeSet=migration/vault-schema.changelog-v4.xml::nullability::R3.Corda, databaseChangeLog=master.changelog.json}
?[m?[37m[INFO] 17:31:26,374 [driver-pool-thread-1] changelog.ChangeSet. - Index transaction_id_index dropped from table vault_transaction_notes {changeSet=migration/vault-schema.changelog-v4.xml::nullability::R3.Corda, databaseChangeLog=master.changelog.json}
?[m?[37m[INFO] 17:31:26,375 [driver-pool-thread-1] jvm.JdbcExecutor. - ALTER TABLE PUBLIC.vault_transaction_notes ALTER COLUMN note SET NOT NULL {changeSet=migration/vault-schema.changelog-v4.xml::nullability::R3.Corda, databaseChangeLog=master.changelog.json}
?[m?[37m[INFO] 17:31:26,376 [driver-pool-thread-1] changelog.ChangeSet. - NOT NULL constraint has been added to vault_transaction_notes.note {changeSet=migration/vault-schema.changelog-v4.xml::nullability::R3.Corda, databaseChangeLog=master.changelog.json}
?[m?[37m[INFO] 17:31:26,376 [driver-pool-thread-1] jvm.JdbcExecutor. - ALTER TABLE PUBLIC.vault_transaction_notes ALTER COLUMN transaction_id SET NOT NULL {changeSet=migration/vault-schema.changelog-v4.xml::nullability::R3.Corda, databaseChangeLog=master.changelog.json}
?[m?[37m[INFO] 17:31:26,379 [driver-pool-thread-1] changelog.ChangeSet. - NOT NULL constraint has been added to vault_transaction_notes.transaction_id {changeSet=migration/vault-schema.changelog-v4.xml::nullability::R3.Corda, databaseChangeLog=master.changelog.json}
?[m?[37m[INFO] 17:31:26,380 [driver-pool-thread-1] jvm.JdbcExecutor. - CREATE INDEX PUBLIC.transaction_id_index ON PUBLIC.vault_transaction_notes(transaction_id) {changeSet=migration/vault-schema.changelog-v4.xml::nullability::R3.Corda, databaseChangeLog=master.changelog.json}
?[m?[37m[INFO] 17:31:26,385 [driver-pool-thread-1] changelog.ChangeSet. - Index transaction_id_index created {changeSet=migration/vault-schema.changelog-v4.xml::nullability::R3.Corda, databaseChangeLog=master.changelog.json}
?[m?[37m[INFO] 17:31:26,385 [driver-pool-thread-1] changelog.ChangeSet. - ChangeSet migration/vault-schema.changelog-v4.xml::nullability::R3.Corda ran successfully in 34ms {changeSet=migration/vault-schema.changelog-v4.xml::nullability::R3.Corda, databaseChangeLog=master.changelog.json}
?[m?[37m[INFO] 17:31:26,387 [driver-pool-thread-1] jvm.JdbcExecutor. - INSERT INTO PUBLIC.DATABASECHANGELOG (ID, AUTHOR, FILENAME, DATEEXECUTED, ORDEREXECUTED, MD5SUM, DESCRIPTION, COMMENTS, EXECTYPE, CONTEXTS, LABELS, LIQUIBASE, DEPLOYMENT_ID) VALUES ('nullability', 'R3.Corda', 'migration/vault-schema.changelog-v4.xml', NOW(), 20, '8:853fd1e24b974ff22712322ebb2860bf', 'addNotNullConstraint columnName=quantity, tableName=vault_fungible_states; addNotNullConstraint columnName=contract_state_class_name, tableName=vault_states; addNotNullConstraint columnName=notary_name, tableName=vault_states; addNotNullConstraint...', '', 'EXECUTED', NULL, NULL, '3.6.3', '7573086214') {changeSet=migration/vault-schema.changelog-v4.xml::nullability::R3.Corda, databaseChangeLog=master.changelog.json}
?[m?[37m[INFO] 17:31:26,394 [driver-pool-thread-1] jvm.JdbcExecutor. - INSERT INTO PUBLIC.DATABASECHANGELOG (ID, AUTHOR, FILENAME, DATEEXECUTED, ORDEREXECUTED, MD5SUM, DESCRIPTION, COMMENTS, EXECTYPE, CONTEXTS, LABELS, LIQUIBASE, DEPLOYMENT_ID) VALUES ('non-clustered_pk-11', 'R3.Corda', 'migration/vault-schema.changelog-pkey.xml', NOW(), 21, '8:7fca5375330f0b3b62de65b84274dd6e', 'dropForeignKeyConstraint baseTableName=vault_fungible_states_parts, constraintName=FK__fung_st_parts__fung_st; dropPrimaryKey constraintName=vault_fungible_states_pkey, tableName=vault_fungible_states; addPrimaryKey constraintName=vault_fungible_s...', '', 'MARK_RAN', NULL, NULL, '3.6.3', '7573086214') {changeSet=migration/vault-schema.changelog-pkey.xml::non-clustered_pk-11::R3.Corda, databaseChangeLog=master.changelog.json}
?[m?[37m[INFO] 17:31:26,397 [driver-pool-thread-1] jvm.JdbcExecutor. - INSERT INTO PUBLIC.DATABASECHANGELOG (ID, AUTHOR, FILENAME, DATEEXECUTED, ORDEREXECUTED, MD5SUM, DESCRIPTION, COMMENTS, EXECTYPE, CONTEXTS, LABELS, LIQUIBASE, DEPLOYMENT_ID) VALUES ('non-clustered_pk-12', 'R3.Corda', 'migration/vault-schema.changelog-pkey.xml', NOW(), 22, '8:8469058af292b08d108fcf1b3eb8fca4', 'dropForeignKeyConstraint baseTableName=vault_linear_states_parts, constraintName=FK__lin_stat_parts__lin_stat; dropPrimaryKey constraintName=vault_linear_states_pkey, tableName=vault_linear_states; addPrimaryKey constraintName=vault_linear_states_...', '', 'MARK_RAN', NULL, NULL, '3.6.3', '7573086214') {changeSet=migration/vault-schema.changelog-pkey.xml::non-clustered_pk-12::R3.Corda, databaseChangeLog=master.changelog.json}
?[m?[37m[INFO] 17:31:26,405 [driver-pool-thread-1] jvm.JdbcExecutor. - INSERT INTO PUBLIC.DATABASECHANGELOG (ID, AUTHOR, FILENAME, DATEEXECUTED, ORDEREXECUTED, MD5SUM, DESCRIPTION, COMMENTS, EXECTYPE, CONTEXTS, LABELS, LIQUIBASE, DEPLOYMENT_ID) VALUES ('non-clustered_pk-13', 'R3.Corda', 'migration/vault-schema.changelog-pkey.xml', NOW(), 23, '8:e0ccce8941c28a45870d60f5bf54cd50', 'dropPrimaryKey constraintName=vault_states_pkey, tableName=vault_states; addPrimaryKey constraintName=vault_states_pkey, tableName=vault_states', '', 'MARK_RAN', NULL, NULL, '3.6.3', '7573086214') {changeSet=migration/vault-schema.changelog-pkey.xml::non-clustered_pk-13::R3.Corda, databaseChangeLog=master.changelog.json}
?[m?[37m[INFO] 17:31:26,408 [driver-pool-thread-1] jvm.JdbcExecutor. - ALTER TABLE PUBLIC.vault_states ADD relevancy_status INT {changeSet=migration/vault-schema.changelog-v5.xml::add_relevancy_status_column::R3.Corda, databaseChangeLog=master.changelog.json}
?[m?[37m[INFO] 17:31:26,428 [driver-pool-thread-1] changelog.ChangeSet. - Columns relevancy_status(INT) added to vault_states {changeSet=migration/vault-schema.changelog-v5.xml::add_relevancy_status_column::R3.Corda, databaseChangeLog=master.changelog.json}
?[m?[37m[INFO] 17:31:26,428 [driver-pool-thread-1] jvm.JdbcExecutor. - UPDATE PUBLIC.vault_states SET relevancy_status = 0 {changeSet=migration/vault-schema.changelog-v5.xml::add_relevancy_status_column::R3.Corda, databaseChangeLog=master.changelog.json}
?[m?[37m[INFO] 17:31:26,429 [driver-pool-thread-1] changelog.ChangeSet. - Data updated in vault_states {changeSet=migration/vault-schema.changelog-v5.xml::add_relevancy_status_column::R3.Corda, databaseChangeLog=master.changelog.json}
?[m?[37m[INFO] 17:31:26,429 [driver-pool-thread-1] jvm.JdbcExecutor. - ALTER TABLE PUBLIC.vault_states ALTER COLUMN relevancy_status SET NOT NULL {changeSet=migration/vault-schema.changelog-v5.xml::add_relevancy_status_column::R3.Corda, databaseChangeLog=master.changelog.json}
?[m?[37m[INFO] 17:31:26,430 [driver-pool-thread-1] changelog.ChangeSet. - NOT NULL constraint has been added to vault_states.relevancy_status {changeSet=migration/vault-schema.changelog-v5.xml::add_relevancy_status_column::R3.Corda, databaseChangeLog=master.changelog.json}
?[m?[37m[INFO] 17:31:26,430 [driver-pool-thread-1] changelog.ChangeSet. - ChangeSet migration/vault-schema.changelog-v5.xml::add_relevancy_status_column::R3.Corda ran successfully in 24ms {changeSet=migration/vault-schema.changelog-v5.xml::add_relevancy_status_column::R3.Corda, databaseChangeLog=master.changelog.json}
?[m?[37m[INFO] 17:31:26,431 [driver-pool-thread-1] jvm.JdbcExecutor. - INSERT INTO PUBLIC.DATABASECHANGELOG (ID, AUTHOR, FILENAME, DATEEXECUTED, ORDEREXECUTED, MD5SUM, DESCRIPTION, COMMENTS, EXECTYPE, CONTEXTS, LABELS, LIQUIBASE, DEPLOYMENT_ID) VALUES ('add_relevancy_status_column', 'R3.Corda', 'migration/vault-schema.changelog-v5.xml', NOW(), 24, '8:93c5dcaf00387d4d643def4355a54b56', 'addColumn tableName=vault_states; update tableName=vault_states; addNotNullConstraint columnName=relevancy_status, tableName=vault_states', '', 'EXECUTED', NULL, NULL, '3.6.3', '7573086214') {changeSet=migration/vault-schema.changelog-v5.xml::add_relevancy_status_column::R3.Corda, databaseChangeLog=master.changelog.json}
?[m?[37m[INFO] 17:31:26,436 [driver-pool-thread-1] jvm.JdbcExecutor. - ALTER TABLE PUBLIC.vault_states ADD constraint_type INT DEFAULT '0' NOT NULL {changeSet=migration/vault-schema.changelog-v6.xml::add_is_constraint_information_columns::R3.Corda, databaseChangeLog=master.changelog.json}
?[m?[37m[INFO] 17:31:26,444 [driver-pool-thread-1] changelog.ChangeSet. - Columns constraint_type(INT) added to vault_states {changeSet=migration/vault-schema.changelog-v6.xml::add_is_constraint_information_columns::R3.Corda, databaseChangeLog=master.changelog.json}
?[m?[37m[INFO] 17:31:26,445 [driver-pool-thread-1] jvm.JdbcExecutor. - ALTER TABLE PUBLIC.vault_states ADD constraint_data VARBINARY(563) {changeSet=migration/vault-schema.changelog-v6.xml::add_is_constraint_information_columns::R3.Corda, databaseChangeLog=master.changelog.json}
?[m?[37m[INFO] 17:31:26,450 [driver-pool-thread-1] changelog.ChangeSet. - Columns constraint_data(varbinary(563)) added to vault_states {changeSet=migration/vault-schema.changelog-v6.xml::add_is_constraint_information_columns::R3.Corda, databaseChangeLog=master.changelog.json}
?[m?[37m[INFO] 17:31:26,450 [driver-pool-thread-1] changelog.ChangeSet. - ChangeSet migration/vault-schema.changelog-v6.xml::add_is_constraint_information_columns::R3.Corda ran successfully in 18ms {changeSet=migration/vault-schema.changelog-v6.xml::add_is_constraint_information_columns::R3.Corda, databaseChangeLog=master.changelog.json}
?[m?[37m[INFO] 17:31:26,450 [driver-pool-thread-1] jvm.JdbcExecutor. - INSERT INTO PUBLIC.DATABASECHANGELOG (ID, AUTHOR, FILENAME, DATEEXECUTED, ORDEREXECUTED, MD5SUM, DESCRIPTION, COMMENTS, EXECTYPE, CONTEXTS, LABELS, LIQUIBASE, DEPLOYMENT_ID) VALUES ('add_is_constraint_information_columns', 'R3.Corda', 'migration/vault-schema.changelog-v6.xml', NOW(), 25, '8:acf60bd84f648e157d402de8f8e22f3a', 'addColumn tableName=vault_states; addColumn tableName=vault_states', '', 'EXECUTED', NULL, NULL, '3.6.3', '7573086214') {changeSet=migration/vault-schema.changelog-v6.xml::add_is_constraint_information_columns::R3.Corda, databaseChangeLog=master.changelog.json}
?[m?[37m[INFO] 17:31:26,451 [driver-pool-thread-1] jvm.JdbcExecutor. - ALTER TABLE PUBLIC.vault_fungible_states ALTER COLUMN issuer_ref SET NULL {changeSet=migration/vault-schema.changelog-v7.xml::make_issuer_ref_nullable::R3.Corda, databaseChangeLog=master.changelog.json}
?[m?[37m[INFO] 17:31:26,451 [driver-pool-thread-1] changelog.ChangeSet. - Null constraint dropped from vault_fungible_states.issuer_ref {changeSet=migration/vault-schema.changelog-v7.xml::make_issuer_ref_nullable::R3.Corda, databaseChangeLog=master.changelog.json}
?[m?[37m[INFO] 17:31:26,452 [driver-pool-thread-1] changelog.ChangeSet. - ChangeSet migration/vault-schema.changelog-v7.xml::make_issuer_ref_nullable::R3.Corda ran successfully in 1ms {changeSet=migration/vault-schema.changelog-v7.xml::make_issuer_ref_nullable::R3.Corda, databaseChangeLog=master.changelog.json}
?[m?[37m[INFO] 17:31:26,452 [driver-pool-thread-1] jvm.JdbcExecutor. - INSERT INTO PUBLIC.DATABASECHANGELOG (ID, AUTHOR, FILENAME, DATEEXECUTED, ORDEREXECUTED, MD5SUM, DESCRIPTION, COMMENTS, EXECTYPE, CONTEXTS, LABELS, LIQUIBASE, DEPLOYMENT_ID) VALUES ('make_issuer_ref_nullable', 'R3.Corda', 'migration/vault-schema.changelog-v7.xml', NOW(), 26, '8:58039722b4808e90a7711d3c82e5fc95', 'dropNotNullConstraint columnName=issuer_ref, tableName=vault_fungible_states', '', 'EXECUTED', NULL, NULL, '3.6.3', '7573086214') {changeSet=migration/vault-schema.changelog-v7.xml::make_issuer_ref_nullable::R3.Corda, databaseChangeLog=master.changelog.json}
?[m?[37m[INFO] 17:31:26,453 [driver-pool-thread-1] jvm.JdbcExecutor. - CREATE TABLE PUBLIC.state_party (output_index INT, transaction_id NVARCHAR(64), public_key_hash NVARCHAR(255) NOT NULL, x500_name NVARCHAR(255)) {changeSet=migration/vault-schema.changelog-v8.xml::create-external-id-to-state-party-view::R3.Corda, databaseChangeLog=master.changelog.json}
?[m?[37m[INFO] 17:31:26,454 [driver-pool-thread-1] changelog.ChangeSet. - Table state_party created {changeSet=migration/vault-schema.changelog-v8.xml::create-external-id-to-state-party-view::R3.Corda, databaseChangeLog=master.changelog.json}
?[m?[37m[INFO] 17:31:26,455 [driver-pool-thread-1] jvm.JdbcExecutor. - CREATE INDEX PUBLIC.state_pk_hash_idx ON PUBLIC.state_party(public_key_hash) {changeSet=migration/vault-schema.changelog-v8.xml::create-external-id-to-state-party-view::R3.Corda, databaseChangeLog=master.changelog.json}
?[m?[37m[INFO] 17:31:26,455 [driver-pool-thread-1] changelog.ChangeSet. - Index state_pk_hash_idx created {changeSet=migration/vault-schema.changelog-v8.xml::create-external-id-to-state-party-view::R3.Corda, databaseChangeLog=master.changelog.json}
?[m?[37m[INFO] 17:31:26,455 [driver-pool-thread-1] jvm.JdbcExecutor. - CREATE TABLE PUBLIC.pk_hash_to_ext_id_map (id BIGINT NOT NULL, external_id VARCHAR(255) NOT NULL, public_key_hash NVARCHAR(255) NOT NULL) {changeSet=migration/vault-schema.changelog-v8.xml::create-external-id-to-state-party-view::R3.Corda, databaseChangeLog=master.changelog.json}
?[m?[37m[INFO] 17:31:26,456 [driver-pool-thread-1] changelog.ChangeSet. - Table pk_hash_to_ext_id_map created {changeSet=migration/vault-schema.changelog-v8.xml::create-external-id-to-state-party-view::R3.Corda, databaseChangeLog=master.changelog.json}
?[m?[37m[INFO] 17:31:26,456 [driver-pool-thread-1] jvm.JdbcExecutor. - CREATE INDEX PUBLIC.pk_hash_to_xid_idx ON PUBLIC.pk_hash_to_ext_id_map(public_key_hash) {changeSet=migration/vault-schema.changelog-v8.xml::create-external-id-to-state-party-view::R3.Corda, databaseChangeLog=master.changelog.json}
?[m?[37m[INFO] 17:31:26,456 [driver-pool-thread-1] changelog.ChangeSet. - Index pk_hash_to_xid_idx created {changeSet=migration/vault-schema.changelog-v8.xml::create-external-id-to-state-party-view::R3.Corda, databaseChangeLog=master.changelog.json}
?[m?[37m[INFO] 17:31:26,457 [driver-pool-thread-1] jvm.JdbcExecutor. - CREATE VIEW PUBLIC.v_pkey_hash_ex_id_map AS select
                state_party.public_key_hash,
                state_party.transaction_id,
                state_party.output_index,
                pk_hash_to_ext_id_map.external_id
            from state_party
            join pk_hash_to_ext_id_map
            on state_party.public_key_hash = pk_hash_to_ext_id_map.public_key_hash {changeSet=migration/vault-schema.changelog-v8.xml::create-external-id-to-state-party-view::R3.Corda, databaseChangeLog=master.changelog.json}
?[m?[37m[INFO] 17:31:26,459 [driver-pool-thread-1] changelog.ChangeSet. - View v_pkey_hash_ex_id_map created {changeSet=migration/vault-schema.changelog-v8.xml::create-external-id-to-state-party-view::R3.Corda, databaseChangeLog=master.changelog.json}
?[m?[37m[INFO] 17:31:26,459 [driver-pool-thread-1] changelog.ChangeSet. - ChangeSet migration/vault-schema.changelog-v8.xml::create-external-id-to-state-party-view::R3.Corda ran successfully in 6ms {changeSet=migration/vault-schema.changelog-v8.xml::create-external-id-to-state-party-view::R3.Corda, databaseChangeLog=master.changelog.json}
?[m?[37m[INFO] 17:31:26,459 [driver-pool-thread-1] jvm.JdbcExecutor. - INSERT INTO PUBLIC.DATABASECHANGELOG (ID, AUTHOR, FILENAME, DATEEXECUTED, ORDEREXECUTED, MD5SUM, DESCRIPTION, COMMENTS, EXECTYPE, CONTEXTS, LABELS, LIQUIBASE, DEPLOYMENT_ID) VALUES ('create-external-id-to-state-party-view', 'R3.Corda', 'migration/vault-schema.changelog-v8.xml', NOW(), 27, '8:9a5b20f7b7367bb3b86f600bccaa423b', 'createTable tableName=state_party; createIndex indexName=state_pk_hash_idx, tableName=state_party; createTable tableName=pk_hash_to_ext_id_map; createIndex indexName=pk_hash_to_xid_idx, tableName=pk_hash_to_ext_id_map; createView viewName=v_pkey_h...', '', 'EXECUTED', NULL, NULL, '3.6.3', '7573086214') {changeSet=migration/vault-schema.changelog-v8.xml::create-external-id-to-state-party-view::R3.Corda, databaseChangeLog=master.changelog.json}
?[m?[37m[INFO] 17:31:26,460 [driver-pool-thread-1] jvm.JdbcExecutor. - ALTER TABLE PUBLIC.vault_states ALTER COLUMN constraint_data VARBINARY(20000) {changeSet=migration/vault-schema.changelog-v11.xml::expand_constraint_data_size::R3.Corda, databaseChangeLog=master.changelog.json}
?[m?[37m[INFO] 17:31:26,468 [driver-pool-thread-1] changelog.ChangeSet. - vault_states.constraint_data datatype was changed to varbinary(20000) {changeSet=migration/vault-schema.changelog-v11.xml::expand_constraint_data_size::R3.Corda, databaseChangeLog=master.changelog.json}
?[m?[37m[INFO] 17:31:26,468 [driver-pool-thread-1] changelog.ChangeSet. - ChangeSet migration/vault-schema.changelog-v11.xml::expand_constraint_data_size::R3.Corda ran successfully in 8ms {changeSet=migration/vault-schema.changelog-v11.xml::expand_constraint_data_size::R3.Corda, databaseChangeLog=master.changelog.json}
?[m?[37m[INFO] 17:31:26,469 [driver-pool-thread-1] jvm.JdbcExecutor. - INSERT INTO PUBLIC.DATABASECHANGELOG (ID, AUTHOR, FILENAME, DATEEXECUTED, ORDEREXECUTED, MD5SUM, DESCRIPTION, COMMENTS, EXECTYPE, CONTEXTS, LABELS, LIQUIBASE, DEPLOYMENT_ID) VALUES ('expand_constraint_data_size', 'R3.Corda', 'migration/vault-schema.changelog-v11.xml', NOW(), 28, '8:0bd51f3d930d4b03d7b1075454bb2d70', 'modifyDataType columnName=constraint_data, tableName=vault_states', '', 'EXECUTED', NULL, NULL, '3.6.3', '7573086214') {changeSet=migration/vault-schema.changelog-v11.xml::expand_constraint_data_size::R3.Corda, databaseChangeLog=master.changelog.json}
?[m?[37m[INFO] 17:31:26,470 [driver-pool-thread-1] jvm.JdbcExecutor. - CREATE TABLE PUBLIC.node_link_nodeinfo_party (node_info_id INT NOT NULL, party_name NVARCHAR(255) NOT NULL) {changeSet=migration/node-info.changelog-init.xml::1511451595465-4::R3.Corda, databaseChangeLog=master.changelog.json}
?[m?[37m[INFO] 17:31:26,471 [driver-pool-thread-1] changelog.ChangeSet. - Table node_link_nodeinfo_party created {changeSet=migration/node-info.changelog-init.xml::1511451595465-4::R3.Corda, databaseChangeLog=master.changelog.json}
?[m?[37m[INFO] 17:31:26,471 [driver-pool-thread-1] changelog.ChangeSet. - ChangeSet migration/node-info.changelog-init.xml::1511451595465-4::R3.Corda ran successfully in 2ms {changeSet=migration/node-info.changelog-init.xml::1511451595465-4::R3.Corda, databaseChangeLog=master.changelog.json}
?[m?[37m[INFO] 17:31:26,472 [driver-pool-thread-1] jvm.JdbcExecutor. - INSERT INTO PUBLIC.DATABASECHANGELOG (ID, AUTHOR, FILENAME, DATEEXECUTED, ORDEREXECUTED, MD5SUM, DESCRIPTION, COMMENTS, EXECTYPE, CONTEXTS, LABELS, LIQUIBASE, DEPLOYMENT_ID) VALUES ('1511451595465-4', 'R3.Corda', 'migration/node-info.changelog-init.xml', NOW(), 29, '8:cbf3edf78266c3bd22738eaf20c7c111', 'createTable tableName=node_link_nodeinfo_party', '', 'EXECUTED', NULL, NULL, '3.6.3', '7573086214') {changeSet=migration/node-info.changelog-init.xml::1511451595465-4::R3.Corda, databaseChangeLog=master.changelog.json}
?[m?[37m[INFO] 17:31:26,472 [driver-pool-thread-1] jvm.JdbcExecutor. - CREATE TABLE PUBLIC.node_info_hosts (host NVARCHAR(255) NOT NULL, port INT NOT NULL, node_info_id INT) {changeSet=migration/node-info.changelog-init.xml::1511451595465-10::R3.Corda, databaseChangeLog=master.changelog.json}
?[m?[37m[INFO] 17:31:26,473 [driver-pool-thread-1] changelog.ChangeSet. - Table node_info_hosts created {changeSet=migration/node-info.changelog-init.xml::1511451595465-10::R3.Corda, databaseChangeLog=master.changelog.json}
?[m?[37m[INFO] 17:31:26,473 [driver-pool-thread-1] changelog.ChangeSet. - ChangeSet migration/node-info.changelog-init.xml::1511451595465-10::R3.Corda ran successfully in 1ms {changeSet=migration/node-info.changelog-init.xml::1511451595465-10::R3.Corda, databaseChangeLog=master.changelog.json}
?[m?[37m[INFO] 17:31:26,474 [driver-pool-thread-1] jvm.JdbcExecutor. - INSERT INTO PUBLIC.DATABASECHANGELOG (ID, AUTHOR, FILENAME, DATEEXECUTED, ORDEREXECUTED, MD5SUM, DESCRIPTION, COMMENTS, EXECTYPE, CONTEXTS, LABELS, LIQUIBASE, DEPLOYMENT_ID) VALUES ('1511451595465-10', 'R3.Corda', 'migration/node-info.changelog-init.xml', NOW(), 30, '8:f0b2c5a77ffde6aaa3c417095fc220a9', 'createTable tableName=node_info_hosts', '', 'EXECUTED', NULL, NULL, '3.6.3', '7573086214') {changeSet=migration/node-info.changelog-init.xml::1511451595465-10::R3.Corda, databaseChangeLog=master.changelog.json}
?[m?[37m[INFO] 17:31:26,475 [driver-pool-thread-1] jvm.JdbcExecutor. - CREATE TABLE PUBLIC.node_info_party_cert (party_name NVARCHAR(255) NOT NULL, ismain BOOLEAN NOT NULL, owning_key_hash NVARCHAR(130), party_cert_binary BLOB) {changeSet=migration/node-info.changelog-init.xml::1511451595465-11::R3.Corda, databaseChangeLog=master.changelog.json}
?[m?[37m[INFO] 17:31:26,475 [driver-pool-thread-1] changelog.ChangeSet. - Table node_info_party_cert created {changeSet=migration/node-info.changelog-init.xml::1511451595465-11::R3.Corda, databaseChangeLog=master.changelog.json}
?[m?[37m[INFO] 17:31:26,475 [driver-pool-thread-1] changelog.ChangeSet. - ChangeSet migration/node-info.changelog-init.xml::1511451595465-11::R3.Corda ran successfully in 1ms {changeSet=migration/node-info.changelog-init.xml::1511451595465-11::R3.Corda, databaseChangeLog=master.changelog.json}
?[m?[37m[INFO] 17:31:26,476 [driver-pool-thread-1] jvm.JdbcExecutor. - INSERT INTO PUBLIC.DATABASECHANGELOG (ID, AUTHOR, FILENAME, DATEEXECUTED, ORDEREXECUTED, MD5SUM, DESCRIPTION, COMMENTS, EXECTYPE, CONTEXTS, LABELS, LIQUIBASE, DEPLOYMENT_ID) VALUES ('1511451595465-11', 'R3.Corda', 'migration/node-info.changelog-init.xml', NOW(), 31, '8:5eacbf7ce0d85376219f1903b55f5e18', 'createTable tableName=node_info_party_cert', '', 'EXECUTED', NULL, NULL, '3.6.3', '7573086214') {changeSet=migration/node-info.changelog-init.xml::1511451595465-11::R3.Corda, databaseChangeLog=master.changelog.json}
?[m?[37m[INFO] 17:31:26,477 [driver-pool-thread-1] jvm.JdbcExecutor. - CREATE TABLE PUBLIC.node_infos (node_info_id INT NOT NULL, node_info_hash NVARCHAR(64), platform_version INT, serial BIGINT) {changeSet=migration/node-info.changelog-init.xml::1511451595465-12::R3.Corda, databaseChangeLog=master.changelog.json}
?[m?[37m[INFO] 17:31:26,478 [driver-pool-thread-1] changelog.ChangeSet. - Table node_infos created {changeSet=migration/node-info.changelog-init.xml::1511451595465-12::R3.Corda, databaseChangeLog=master.changelog.json}
?[m?[37m[INFO] 17:31:26,478 [driver-pool-thread-1] changelog.ChangeSet. - ChangeSet migration/node-info.changelog-init.xml::1511451595465-12::R3.Corda ran successfully in 1ms {changeSet=migration/node-info.changelog-init.xml::1511451595465-12::R3.Corda, databaseChangeLog=master.changelog.json}
?[m?[37m[INFO] 17:31:26,478 [driver-pool-thread-1] jvm.JdbcExecutor. - INSERT INTO PUBLIC.DATABASECHANGELOG (ID, AUTHOR, FILENAME, DATEEXECUTED, ORDEREXECUTED, MD5SUM, DESCRIPTION, COMMENTS, EXECTYPE, CONTEXTS, LABELS, LIQUIBASE, DEPLOYMENT_ID) VALUES ('1511451595465-12', 'R3.Corda', 'migration/node-info.changelog-init.xml', NOW(), 32, '8:7e30f20cf268860d637ecfb8635f45a3', 'createTable tableName=node_infos', '', 'EXECUTED', NULL, NULL, '3.6.3', '7573086214') {changeSet=migration/node-info.changelog-init.xml::1511451595465-12::R3.Corda, databaseChangeLog=master.changelog.json}
?[m?[37m[INFO] 17:31:26,479 [driver-pool-thread-1] jvm.JdbcExecutor. - ALTER TABLE PUBLIC.node_info_hosts ADD CONSTRAINT node_info_hosts_pkey PRIMARY KEY (host, port) {changeSet=migration/node-info.changelog-init.xml::1511451595465-35::R3.Corda, databaseChangeLog=master.changelog.json}
?[m?[37m[INFO] 17:31:26,480 [driver-pool-thread-1] changelog.ChangeSet. - Primary key added to node_info_hosts (host, port) {changeSet=migration/node-info.changelog-init.xml::1511451595465-35::R3.Corda, databaseChangeLog=master.changelog.json}
?[m?[37m[INFO] 17:31:26,480 [driver-pool-thread-1] changelog.ChangeSet. - ChangeSet migration/node-info.changelog-init.xml::1511451595465-35::R3.Corda ran successfully in 1ms {changeSet=migration/node-info.changelog-init.xml::1511451595465-35::R3.Corda, databaseChangeLog=master.changelog.json}
?[m?[37m[INFO] 17:31:26,480 [driver-pool-thread-1] jvm.JdbcExecutor. - INSERT INTO PUBLIC.DATABASECHANGELOG (ID, AUTHOR, FILENAME, DATEEXECUTED, ORDEREXECUTED, MD5SUM, DESCRIPTION, COMMENTS, EXECTYPE, CONTEXTS, LABELS, LIQUIBASE, DEPLOYMENT_ID) VALUES ('1511451595465-35', 'R3.Corda', 'migration/node-info.changelog-init.xml', NOW(), 33, '8:0d1a734e7350a8278808f540d992fedf', 'addPrimaryKey constraintName=node_info_hosts_pkey, tableName=node_info_hosts', '', 'EXECUTED', NULL, NULL, '3.6.3', '7573086214') {changeSet=migration/node-info.changelog-init.xml::1511451595465-35::R3.Corda, databaseChangeLog=master.changelog.json}
?[m?[37m[INFO] 17:31:26,481 [driver-pool-thread-1] jvm.JdbcExecutor. - ALTER TABLE PUBLIC.node_info_party_cert ADD CONSTRAINT node_info_party_cert_pkey PRIMARY KEY (party_name) {changeSet=migration/node-info.changelog-init.xml::1511451595465-36::R3.Corda, databaseChangeLog=master.changelog.json}
?[m?[37m[INFO] 17:31:26,481 [driver-pool-thread-1] changelog.ChangeSet. - Primary key added to node_info_party_cert (party_name) {changeSet=migration/node-info.changelog-init.xml::1511451595465-36::R3.Corda, databaseChangeLog=master.changelog.json}
?[m?[37m[INFO] 17:31:26,482 [driver-pool-thread-1] changelog.ChangeSet. - ChangeSet migration/node-info.changelog-init.xml::1511451595465-36::R3.Corda ran successfully in 1ms {changeSet=migration/node-info.changelog-init.xml::1511451595465-36::R3.Corda, databaseChangeLog=master.changelog.json}
?[m?[37m[INFO] 17:31:26,482 [driver-pool-thread-1] jvm.JdbcExecutor. - INSERT INTO PUBLIC.DATABASECHANGELOG (ID, AUTHOR, FILENAME, DATEEXECUTED, ORDEREXECUTED, MD5SUM, DESCRIPTION, COMMENTS, EXECTYPE, CONTEXTS, LABELS, LIQUIBASE, DEPLOYMENT_ID) VALUES ('1511451595465-36', 'R3.Corda', 'migration/node-info.changelog-init.xml', NOW(), 34, '8:dc78ba227ce869f406d2645c2064e8dc', 'addPrimaryKey constraintName=node_info_party_cert_pkey, tableName=node_info_party_cert', '', 'EXECUTED', NULL, NULL, '3.6.3', '7573086214') {changeSet=migration/node-info.changelog-init.xml::1511451595465-36::R3.Corda, databaseChangeLog=master.changelog.json}
?[m?[37m[INFO] 17:31:26,483 [driver-pool-thread-1] jvm.JdbcExecutor. - ALTER TABLE PUBLIC.node_infos ADD CONSTRAINT node_infos_pkey PRIMARY KEY (node_info_id) {changeSet=migration/node-info.changelog-init.xml::1511451595465-37::R3.Corda, databaseChangeLog=master.changelog.json}
?[m?[37m[INFO] 17:31:26,483 [driver-pool-thread-1] changelog.ChangeSet. - Primary key added to node_infos (node_info_id) {changeSet=migration/node-info.changelog-init.xml::1511451595465-37::R3.Corda, databaseChangeLog=master.changelog.json}
?[m?[37m[INFO] 17:31:26,483 [driver-pool-thread-1] changelog.ChangeSet. - ChangeSet migration/node-info.changelog-init.xml::1511451595465-37::R3.Corda ran successfully in 0ms {changeSet=migration/node-info.changelog-init.xml::1511451595465-37::R3.Corda, databaseChangeLog=master.changelog.json}
?[m?[37m[INFO] 17:31:26,484 [driver-pool-thread-1] jvm.JdbcExecutor. - INSERT INTO PUBLIC.DATABASECHANGELOG (ID, AUTHOR, FILENAME, DATEEXECUTED, ORDEREXECUTED, MD5SUM, DESCRIPTION, COMMENTS, EXECTYPE, CONTEXTS, LABELS, LIQUIBASE, DEPLOYMENT_ID) VALUES ('1511451595465-37', 'R3.Corda', 'migration/node-info.changelog-init.xml', NOW(), 35, '8:c07cbda2d04c6d77539ac802c66df023', 'addPrimaryKey constraintName=node_infos_pkey, tableName=node_infos', '', 'EXECUTED', NULL, NULL, '3.6.3', '7573086214') {changeSet=migration/node-info.changelog-init.xml::1511451595465-37::R3.Corda, databaseChangeLog=master.changelog.json}
?[m?[37m[INFO] 17:31:26,485 [driver-pool-thread-1] jvm.JdbcExecutor. - ALTER TABLE PUBLIC.node_link_nodeinfo_party ADD CONSTRAINT FK__link_nodeinfo_party__infos FOREIGN KEY (node_info_id) REFERENCES PUBLIC.node_infos (node_info_id) {changeSet=migration/node-info.changelog-init.xml::1511451595465-62::R3.Corda, databaseChangeLog=master.changelog.json}
?[m?[37m[INFO] 17:31:26,486 [driver-pool-thread-1] changelog.ChangeSet. - Foreign key constraint added to node_link_nodeinfo_party (node_info_id) {changeSet=migration/node-info.changelog-init.xml::1511451595465-62::R3.Corda, databaseChangeLog=master.changelog.json}
?[m?[37m[INFO] 17:31:26,486 [driver-pool-thread-1] changelog.ChangeSet. - ChangeSet migration/node-info.changelog-init.xml::1511451595465-62::R3.Corda ran successfully in 2ms {changeSet=migration/node-info.changelog-init.xml::1511451595465-62::R3.Corda, databaseChangeLog=master.changelog.json}
?[m?[37m[INFO] 17:31:26,487 [driver-pool-thread-1] jvm.JdbcExecutor. - INSERT INTO PUBLIC.DATABASECHANGELOG (ID, AUTHOR, FILENAME, DATEEXECUTED, ORDEREXECUTED, MD5SUM, DESCRIPTION, COMMENTS, EXECTYPE, CONTEXTS, LABELS, LIQUIBASE, DEPLOYMENT_ID) VALUES ('1511451595465-62', 'R3.Corda', 'migration/node-info.changelog-init.xml', NOW(), 36, '8:073bbdb8865055a19cde67340a2063e2', 'addForeignKeyConstraint baseTableName=node_link_nodeinfo_party, constraintName=FK__link_nodeinfo_party__infos, referencedTableName=node_infos', '', 'EXECUTED', NULL, NULL, '3.6.3', '7573086214') {changeSet=migration/node-info.changelog-init.xml::1511451595465-62::R3.Corda, databaseChangeLog=master.changelog.json}
?[m?[37m[INFO] 17:31:26,488 [driver-pool-thread-1] jvm.JdbcExecutor. - ALTER TABLE PUBLIC.node_info_hosts ADD CONSTRAINT FK__info_hosts__infos FOREIGN KEY (node_info_id) REFERENCES PUBLIC.node_infos (node_info_id) {changeSet=migration/node-info.changelog-init.xml::1511451595465-63::R3.Corda, databaseChangeLog=master.changelog.json}
?[m?[37m[INFO] 17:31:26,490 [driver-pool-thread-1] changelog.ChangeSet. - Foreign key constraint added to node_info_hosts (node_info_id) {changeSet=migration/node-info.changelog-init.xml::1511451595465-63::R3.Corda, databaseChangeLog=master.changelog.json}
?[m?[37m[INFO] 17:31:26,490 [driver-pool-thread-1] changelog.ChangeSet. - ChangeSet migration/node-info.changelog-init.xml::1511451595465-63::R3.Corda ran successfully in 2ms {changeSet=migration/node-info.changelog-init.xml::1511451595465-63::R3.Corda, databaseChangeLog=master.changelog.json}
?[m?[37m[INFO] 17:31:26,491 [driver-pool-thread-1] jvm.JdbcExecutor. - INSERT INTO PUBLIC.DATABASECHANGELOG (ID, AUTHOR, FILENAME, DATEEXECUTED, ORDEREXECUTED, MD5SUM, DESCRIPTION, COMMENTS, EXECTYPE, CONTEXTS, LABELS, LIQUIBASE, DEPLOYMENT_ID) VALUES ('1511451595465-63', 'R3.Corda', 'migration/node-info.changelog-init.xml', NOW(), 37, '8:fa5ee007de41334ad2ac991b32969076', 'addForeignKeyConstraint baseTableName=node_info_hosts, constraintName=FK__info_hosts__infos, referencedTableName=node_infos', '', 'EXECUTED', NULL, NULL, '3.6.3', '7573086214') {changeSet=migration/node-info.changelog-init.xml::1511451595465-63::R3.Corda, databaseChangeLog=master.changelog.json}
?[m?[37m[INFO] 17:31:26,492 [driver-pool-thread-1] jvm.JdbcExecutor. - DELETE FROM PUBLIC.node_infos {changeSet=migration/node-info.changelog-init.xml::remove_host_port_pk::R3.Corda, databaseChangeLog=master.changelog.json}
?[m?[37m[INFO] 17:31:26,492 [driver-pool-thread-1] changelog.ChangeSet. - Data deleted from node_infos {changeSet=migration/node-info.changelog-init.xml::remove_host_port_pk::R3.Corda, databaseChangeLog=master.changelog.json}
?[m?[37m[INFO] 17:31:26,492 [driver-pool-thread-1] jvm.JdbcExecutor. - DELETE FROM PUBLIC.node_link_nodeinfo_party {changeSet=migration/node-info.changelog-init.xml::remove_host_port_pk::R3.Corda, databaseChangeLog=master.changelog.json}
?[m?[37m[INFO] 17:31:26,492 [driver-pool-thread-1] changelog.ChangeSet. - Data deleted from node_link_nodeinfo_party {changeSet=migration/node-info.changelog-init.xml::remove_host_port_pk::R3.Corda, databaseChangeLog=master.changelog.json}
?[m?[37m[INFO] 17:31:26,493 [driver-pool-thread-1] jvm.JdbcExecutor. - DELETE FROM PUBLIC.node_info_hosts {changeSet=migration/node-info.changelog-init.xml::remove_host_port_pk::R3.Corda, databaseChangeLog=master.changelog.json}
?[m?[37m[INFO] 17:31:26,493 [driver-pool-thread-1] changelog.ChangeSet. - Data deleted from node_info_hosts {changeSet=migration/node-info.changelog-init.xml::remove_host_port_pk::R3.Corda, databaseChangeLog=master.changelog.json}
?[m?[37m[INFO] 17:31:26,493 [driver-pool-thread-1] jvm.JdbcExecutor. - DELETE FROM PUBLIC.node_info_party_cert {changeSet=migration/node-info.changelog-init.xml::remove_host_port_pk::R3.Corda, databaseChangeLog=master.changelog.json}
?[m?[37m[INFO] 17:31:26,493 [driver-pool-thread-1] changelog.ChangeSet. - Data deleted from node_info_party_cert {changeSet=migration/node-info.changelog-init.xml::remove_host_port_pk::R3.Corda, databaseChangeLog=master.changelog.json}
?[m?[37m[INFO] 17:31:26,493 [driver-pool-thread-1] jvm.JdbcExecutor. - ALTER TABLE PUBLIC.node_info_hosts DROP PRIMARY KEY {changeSet=migration/node-info.changelog-init.xml::remove_host_port_pk::R3.Corda, databaseChangeLog=master.changelog.json}
?[m?[37m[INFO] 17:31:26,494 [driver-pool-thread-1] changelog.ChangeSet. - Primary key dropped from node_info_hosts {changeSet=migration/node-info.changelog-init.xml::remove_host_port_pk::R3.Corda, databaseChangeLog=master.changelog.json}
?[m?[37m[INFO] 17:31:26,494 [driver-pool-thread-1] jvm.JdbcExecutor. - ALTER TABLE PUBLIC.node_info_hosts ADD hosts_id INT NOT NULL {changeSet=migration/node-info.changelog-init.xml::remove_host_port_pk::R3.Corda, databaseChangeLog=master.changelog.json}
?[m?[37m[INFO] 17:31:26,497 [driver-pool-thread-1] changelog.ChangeSet. - Columns hosts_id(INT) added to node_info_hosts {changeSet=migration/node-info.changelog-init.xml::remove_host_port_pk::R3.Corda, databaseChangeLog=master.changelog.json}
?[m?[37m[INFO] 17:31:26,497 [driver-pool-thread-1] jvm.JdbcExecutor. - ALTER TABLE PUBLIC.node_info_hosts ADD CONSTRAINT node_info_hosts_pkey_id PRIMARY KEY (hosts_id) {changeSet=migration/node-info.changelog-init.xml::remove_host_port_pk::R3.Corda, databaseChangeLog=master.changelog.json}
?[m?[37m[INFO] 17:31:26,497 [driver-pool-thread-1] changelog.ChangeSet. - Primary key added to node_info_hosts (hosts_id) {changeSet=migration/node-info.changelog-init.xml::remove_host_port_pk::R3.Corda, databaseChangeLog=master.changelog.json}
?[m?[37m[INFO] 17:31:26,498 [driver-pool-thread-1] changelog.ChangeSet. - ChangeSet migration/node-info.changelog-init.xml::remove_host_port_pk::R3.Corda ran successfully in 7ms {changeSet=migration/node-info.changelog-init.xml::remove_host_port_pk::R3.Corda, databaseChangeLog=master.changelog.json}
?[m?[37m[INFO] 17:31:26,498 [driver-pool-thread-1] jvm.JdbcExecutor. - INSERT INTO PUBLIC.DATABASECHANGELOG (ID, AUTHOR, FILENAME, DATEEXECUTED, ORDEREXECUTED, MD5SUM, DESCRIPTION, COMMENTS, EXECTYPE, CONTEXTS, LABELS, LIQUIBASE, DEPLOYMENT_ID) VALUES ('remove_host_port_pk', 'R3.Corda', 'migration/node-info.changelog-init.xml', NOW(), 38, '8:50fa65c10fd9bb3d89e0ad75d29a0e4d', 'delete tableName=node_infos; delete tableName=node_link_nodeinfo_party; delete tableName=node_info_hosts; delete tableName=node_info_party_cert; dropPrimaryKey constraintName=node_info_hosts_pkey, tableName=node_info_hosts; addColumn tableName=nod...', '', 'EXECUTED', NULL, NULL, '3.6.3', '7573086214') {changeSet=migration/node-info.changelog-init.xml::remove_host_port_pk::R3.Corda, databaseChangeLog=master.changelog.json}
?[m?[37m[INFO] 17:31:26,500 [driver-pool-thread-1] jvm.JdbcExecutor. - CREATE TABLE PUBLIC.node_properties (property_key NVARCHAR(255) NOT NULL, property_value NVARCHAR(255)) {changeSet=migration/node-info.changelog-v1.xml::key/value node properties table::R3.Corda, databaseChangeLog=master.changelog.json}
?[m?[37m[INFO] 17:31:26,500 [driver-pool-thread-1] changelog.ChangeSet. - Table node_properties created {changeSet=migration/node-info.changelog-v1.xml::key/value node properties table::R3.Corda, databaseChangeLog=master.changelog.json}
?[m?[37m[INFO] 17:31:26,500 [driver-pool-thread-1] changelog.ChangeSet. - ChangeSet migration/node-info.changelog-v1.xml::key/value node properties table::R3.Corda ran successfully in 1ms {changeSet=migration/node-info.changelog-v1.xml::key/value node properties table::R3.Corda, databaseChangeLog=master.changelog.json}
?[m?[37m[INFO] 17:31:26,501 [driver-pool-thread-1] jvm.JdbcExecutor. - INSERT INTO PUBLIC.DATABASECHANGELOG (ID, AUTHOR, FILENAME, DATEEXECUTED, ORDEREXECUTED, MD5SUM, DESCRIPTION, COMMENTS, EXECTYPE, CONTEXTS, LABELS, LIQUIBASE, DEPLOYMENT_ID) VALUES ('key/value node properties table', 'R3.Corda', 'migration/node-info.changelog-v1.xml', NOW(), 39, '8:39e4c897aa5e893e79a0434af2948a91', 'createTable tableName=node_properties', '', 'EXECUTED', NULL, NULL, '3.6.3', '7573086214') {changeSet=migration/node-info.changelog-v1.xml::key/value node properties table::R3.Corda, databaseChangeLog=master.changelog.json}
?[m?[37m[INFO] 17:31:26,502 [driver-pool-thread-1] jvm.JdbcExecutor. - ALTER TABLE PUBLIC.node_infos ALTER COLUMN node_info_hash SET NOT NULL {changeSet=migration/node-info.changelog-v2.xml::1525962920::R3.Corda, databaseChangeLog=master.changelog.json}
?[m?[37m[INFO] 17:31:26,503 [driver-pool-thread-1] changelog.ChangeSet. - NOT NULL constraint has been added to node_infos.node_info_hash {changeSet=migration/node-info.changelog-v2.xml::1525962920::R3.Corda, databaseChangeLog=master.changelog.json}
?[m?[37m[INFO] 17:31:26,503 [driver-pool-thread-1] jvm.JdbcExecutor. - ALTER TABLE PUBLIC.node_infos ALTER COLUMN platform_version SET NOT NULL {changeSet=migration/node-info.changelog-v2.xml::1525962920::R3.Corda, databaseChangeLog=master.changelog.json}
?[m?[37m[INFO] 17:31:26,503 [driver-pool-thread-1] changelog.ChangeSet. - NOT NULL constraint has been added to node_infos.platform_version {changeSet=migration/node-info.changelog-v2.xml::1525962920::R3.Corda, databaseChangeLog=master.changelog.json}
?[m?[37m[INFO] 17:31:26,503 [driver-pool-thread-1] jvm.JdbcExecutor. - ALTER TABLE PUBLIC.node_infos ALTER COLUMN serial SET NOT NULL {changeSet=migration/node-info.changelog-v2.xml::1525962920::R3.Corda, databaseChangeLog=master.changelog.json}
?[m?[37m[INFO] 17:31:26,504 [driver-pool-thread-1] changelog.ChangeSet. - NOT NULL constraint has been added to node_infos.serial {changeSet=migration/node-info.changelog-v2.xml::1525962920::R3.Corda, databaseChangeLog=master.changelog.json}
?[m?[37m[INFO] 17:31:26,504 [driver-pool-thread-1] jvm.JdbcExecutor. - ALTER TABLE PUBLIC.node_info_hosts ALTER COLUMN host SET NULL {changeSet=migration/node-info.changelog-v2.xml::1525962920::R3.Corda, databaseChangeLog=master.changelog.json}
?[m?[37m[INFO] 17:31:26,504 [driver-pool-thread-1] changelog.ChangeSet. - Null constraint dropped from node_info_hosts.host {changeSet=migration/node-info.changelog-v2.xml::1525962920::R3.Corda, databaseChangeLog=master.changelog.json}
?[m?[37m[INFO] 17:31:26,505 [driver-pool-thread-1] jvm.JdbcExecutor. - ALTER TABLE PUBLIC.node_info_hosts ALTER COLUMN port SET NULL {changeSet=migration/node-info.changelog-v2.xml::1525962920::R3.Corda, databaseChangeLog=master.changelog.json}
?[m?[37m[INFO] 17:31:26,505 [driver-pool-thread-1] changelog.ChangeSet. - Null constraint dropped from node_info_hosts.port {changeSet=migration/node-info.changelog-v2.xml::1525962920::R3.Corda, databaseChangeLog=master.changelog.json}
?[m?[37m[INFO] 17:31:26,505 [driver-pool-thread-1] jvm.JdbcExecutor. - ALTER TABLE PUBLIC.node_info_party_cert ALTER COLUMN owning_key_hash SET NOT NULL {changeSet=migration/node-info.changelog-v2.xml::1525962920::R3.Corda, databaseChangeLog=master.changelog.json}
?[m?[37m[INFO] 17:31:26,506 [driver-pool-thread-1] changelog.ChangeSet. - NOT NULL constraint has been added to node_info_party_cert.owning_key_hash {changeSet=migration/node-info.changelog-v2.xml::1525962920::R3.Corda, databaseChangeLog=master.changelog.json}
?[m?[37m[INFO] 17:31:26,507 [driver-pool-thread-1] jvm.JdbcExecutor. - ALTER TABLE PUBLIC.node_info_party_cert ALTER COLUMN party_cert_binary SET NOT NULL {changeSet=migration/node-info.changelog-v2.xml::1525962920::R3.Corda, databaseChangeLog=master.changelog.json}
?[m?[37m[INFO] 17:31:26,507 [driver-pool-thread-1] changelog.ChangeSet. - NOT NULL constraint has been added to node_info_party_cert.party_cert_binary {changeSet=migration/node-info.changelog-v2.xml::1525962920::R3.Corda, databaseChangeLog=master.changelog.json}
?[m?[37m[INFO] 17:31:26,507 [driver-pool-thread-1] changelog.ChangeSet. - ChangeSet migration/node-info.changelog-v2.xml::1525962920::R3.Corda ran successfully in 5ms {changeSet=migration/node-info.changelog-v2.xml::1525962920::R3.Corda, databaseChangeLog=master.changelog.json}
?[m?[37m[INFO] 17:31:26,508 [driver-pool-thread-1] jvm.JdbcExecutor. - INSERT INTO PUBLIC.DATABASECHANGELOG (ID, AUTHOR, FILENAME, DATEEXECUTED, ORDEREXECUTED, MD5SUM, DESCRIPTION, COMMENTS, EXECTYPE, CONTEXTS, LABELS, LIQUIBASE, DEPLOYMENT_ID) VALUES ('1525962920', 'R3.Corda', 'migration/node-info.changelog-v2.xml', NOW(), 40, '8:cc835e848ed6cc1f4b2a2e8e31fa92f1', 'addNotNullConstraint columnName=node_info_hash, tableName=node_infos; addNotNullConstraint columnName=platform_version, tableName=node_infos; addNotNullConstraint columnName=serial, tableName=node_infos; dropNotNullConstraint columnName=host, tabl...', '', 'EXECUTED', NULL, NULL, '3.6.3', '7573086214') {changeSet=migration/node-info.changelog-v2.xml::1525962920::R3.Corda, databaseChangeLog=master.changelog.json}
?[m?[37m[INFO] 17:31:26,510 [driver-pool-thread-1] jvm.JdbcExecutor. - ALTER TABLE PUBLIC.node_info_hosts ALTER COLUMN host RENAME TO host_name {changeSet=migration/node-info.changelog-v3.xml::column_host_name::R3.Corda, databaseChangeLog=master.changelog.json}
?[m?[37m[INFO] 17:31:26,510 [driver-pool-thread-1] changelog.ChangeSet. - Column node_info_hosts.host renamed to host_name {changeSet=migration/node-info.changelog-v3.xml::column_host_name::R3.Corda, databaseChangeLog=master.changelog.json}
?[m?[37m[INFO] 17:31:26,510 [driver-pool-thread-1] changelog.ChangeSet. - ChangeSet migration/node-info.changelog-v3.xml::column_host_name::R3.Corda ran successfully in 1ms {changeSet=migration/node-info.changelog-v3.xml::column_host_name::R3.Corda, databaseChangeLog=master.changelog.json}
?[m?[37m[INFO] 17:31:26,511 [driver-pool-thread-1] jvm.JdbcExecutor. - INSERT INTO PUBLIC.DATABASECHANGELOG (ID, AUTHOR, FILENAME, DATEEXECUTED, ORDEREXECUTED, MD5SUM, DESCRIPTION, COMMENTS, EXECTYPE, CONTEXTS, LABELS, LIQUIBASE, DEPLOYMENT_ID) VALUES ('column_host_name', 'R3.Corda', 'migration/node-info.changelog-v3.xml', NOW(), 41, '8:e5fb9380221a91515f45ee44c9c30053', 'renameColumn newColumnName=host_name, oldColumnName=host, tableName=node_info_hosts', '', 'EXECUTED', NULL, NULL, '3.6.3', '7573086214') {changeSet=migration/node-info.changelog-v3.xml::column_host_name::R3.Corda, databaseChangeLog=master.changelog.json}
?[m?[37m[INFO] 17:31:26,512 [driver-pool-thread-1] jvm.JdbcExecutor. - CREATE TABLE PUBLIC.node_attachments (att_id NVARCHAR(255) NOT NULL, content BLOB, filename NVARCHAR(255), insertion_date TIMESTAMP NOT NULL, uploader NVARCHAR(255)) {changeSet=migration/node-services.changelog-init.xml::1511451595465-5::R3.Corda, databaseChangeLog=master.changelog.json}
?[m?[37m[INFO] 17:31:26,513 [driver-pool-thread-1] changelog.ChangeSet. - Table node_attachments created {changeSet=migration/node-services.changelog-init.xml::1511451595465-5::R3.Corda, databaseChangeLog=master.changelog.json}
?[m?[37m[INFO] 17:31:26,513 [driver-pool-thread-1] changelog.ChangeSet. - ChangeSet migration/node-services.changelog-init.xml::1511451595465-5::R3.Corda ran successfully in 1ms {changeSet=migration/node-services.changelog-init.xml::1511451595465-5::R3.Corda, databaseChangeLog=master.changelog.json}
?[m?[37m[INFO] 17:31:26,514 [driver-pool-thread-1] jvm.JdbcExecutor. - INSERT INTO PUBLIC.DATABASECHANGELOG (ID, AUTHOR, FILENAME, DATEEXECUTED, ORDEREXECUTED, MD5SUM, DESCRIPTION, COMMENTS, EXECTYPE, CONTEXTS, LABELS, LIQUIBASE, DEPLOYMENT_ID) VALUES ('1511451595465-5', 'R3.Corda', 'migration/node-services.changelog-init.xml', NOW(), 42, '8:380e64788d9896c1166e4c22336d01e4', 'createTable tableName=node_attachments', '', 'EXECUTED', NULL, NULL, '3.6.3', '7573086214') {changeSet=migration/node-services.changelog-init.xml::1511451595465-5::R3.Corda, databaseChangeLog=master.changelog.json}
?[m?[37m[INFO] 17:31:26,514 [driver-pool-thread-1] jvm.JdbcExecutor. - CREATE TABLE PUBLIC.node_checkpoints (checkpoint_id NVARCHAR(64) NOT NULL, checkpoint_value BLOB) {changeSet=migration/node-services.changelog-init.xml::1511451595465-7::R3.Corda, databaseChangeLog=master.changelog.json}
?[m?[37m[INFO] 17:31:26,515 [driver-pool-thread-1] changelog.ChangeSet. - Table node_checkpoints created {changeSet=migration/node-services.changelog-init.xml::1511451595465-7::R3.Corda, databaseChangeLog=master.changelog.json}
?[m?[37m[INFO] 17:31:26,515 [driver-pool-thread-1] changelog.ChangeSet. - ChangeSet migration/node-services.changelog-init.xml::1511451595465-7::R3.Corda ran successfully in 1ms {changeSet=migration/node-services.changelog-init.xml::1511451595465-7::R3.Corda, databaseChangeLog=master.changelog.json}
?[m?[37m[INFO] 17:31:26,516 [driver-pool-thread-1] jvm.JdbcExecutor. - INSERT INTO PUBLIC.DATABASECHANGELOG (ID, AUTHOR, FILENAME, DATEEXECUTED, ORDEREXECUTED, MD5SUM, DESCRIPTION, COMMENTS, EXECTYPE, CONTEXTS, LABELS, LIQUIBASE, DEPLOYMENT_ID) VALUES ('1511451595465-7', 'R3.Corda', 'migration/node-services.changelog-init.xml', NOW(), 43, '8:8aefa1967ed80f8f98b69247c70c9f24', 'createTable tableName=node_checkpoints', '', 'EXECUTED', NULL, NULL, '3.6.3', '7573086214') {changeSet=migration/node-services.changelog-init.xml::1511451595465-7::R3.Corda, databaseChangeLog=master.changelog.json}
?[m?[37m[INFO] 17:31:26,517 [driver-pool-thread-1] jvm.JdbcExecutor. - CREATE TABLE PUBLIC.node_contract_upgrades (state_ref NVARCHAR(96) NOT NULL, contract_class_name NVARCHAR(255)) {changeSet=migration/node-services.changelog-init.xml::1511451595465-8::R3.Corda, databaseChangeLog=master.changelog.json}
?[m?[37m[INFO] 17:31:26,517 [driver-pool-thread-1] changelog.ChangeSet. - Table node_contract_upgrades created {changeSet=migration/node-services.changelog-init.xml::1511451595465-8::R3.Corda, databaseChangeLog=master.changelog.json}
?[m?[37m[INFO] 17:31:26,517 [driver-pool-thread-1] changelog.ChangeSet. - ChangeSet migration/node-services.changelog-init.xml::1511451595465-8::R3.Corda ran successfully in 1ms {changeSet=migration/node-services.changelog-init.xml::1511451595465-8::R3.Corda, databaseChangeLog=master.changelog.json}
?[m?[37m[INFO] 17:31:26,518 [driver-pool-thread-1] jvm.JdbcExecutor. - INSERT INTO PUBLIC.DATABASECHANGELOG (ID, AUTHOR, FILENAME, DATEEXECUTED, ORDEREXECUTED, MD5SUM, DESCRIPTION, COMMENTS, EXECTYPE, CONTEXTS, LABELS, LIQUIBASE, DEPLOYMENT_ID) VALUES ('1511451595465-8', 'R3.Corda', 'migration/node-services.changelog-init.xml', NOW(), 44, '8:6b06fe4c0ef085967f4dbd00dca08533', 'createTable tableName=node_contract_upgrades', '', 'EXECUTED', NULL, NULL, '3.6.3', '7573086214') {changeSet=migration/node-services.changelog-init.xml::1511451595465-8::R3.Corda, databaseChangeLog=master.changelog.json}
?[m?[37m[INFO] 17:31:26,519 [driver-pool-thread-1] jvm.JdbcExecutor. - CREATE TABLE PUBLIC.node_identities (pk_hash NVARCHAR(130) NOT NULL, identity_value BLOB) {changeSet=migration/node-services.changelog-init.xml::1511451595465-9::R3.Corda, databaseChangeLog=master.changelog.json}
?[m?[37m[INFO] 17:31:26,520 [driver-pool-thread-1] changelog.ChangeSet. - Table node_identities created {changeSet=migration/node-services.changelog-init.xml::1511451595465-9::R3.Corda, databaseChangeLog=master.changelog.json}
?[m?[37m[INFO] 17:31:26,520 [driver-pool-thread-1] changelog.ChangeSet. - ChangeSet migration/node-services.changelog-init.xml::1511451595465-9::R3.Corda ran successfully in 1ms {changeSet=migration/node-services.changelog-init.xml::1511451595465-9::R3.Corda, databaseChangeLog=master.changelog.json}
?[m?[37m[INFO] 17:31:26,520 [driver-pool-thread-1] jvm.JdbcExecutor. - INSERT INTO PUBLIC.DATABASECHANGELOG (ID, AUTHOR, FILENAME, DATEEXECUTED, ORDEREXECUTED, MD5SUM, DESCRIPTION, COMMENTS, EXECTYPE, CONTEXTS, LABELS, LIQUIBASE, DEPLOYMENT_ID) VALUES ('1511451595465-9', 'R3.Corda', 'migration/node-services.changelog-init.xml', NOW(), 45, '8:293963c9989772e272e1397c8ae9dfb1', 'createTable tableName=node_identities', '', 'EXECUTED', NULL, NULL, '3.6.3', '7573086214') {changeSet=migration/node-services.changelog-init.xml::1511451595465-9::R3.Corda, databaseChangeLog=master.changelog.json}
?[m?[37m[INFO] 17:31:26,523 [driver-pool-thread-1] jvm.JdbcExecutor. - CREATE TABLE PUBLIC.node_message_ids (message_id NVARCHAR(64) NOT NULL, insertion_time TIMESTAMP) {changeSet=migration/node-services.changelog-init.xml::1511451595465-13::R3.Corda, databaseChangeLog=master.changelog.json}
?[m?[37m[INFO] 17:31:26,523 [driver-pool-thread-1] changelog.ChangeSet. - Table node_message_ids created {changeSet=migration/node-services.changelog-init.xml::1511451595465-13::R3.Corda, databaseChangeLog=master.changelog.json}
?[m?[37m[INFO] 17:31:26,523 [driver-pool-thread-1] changelog.ChangeSet. - ChangeSet migration/node-services.changelog-init.xml::1511451595465-13::R3.Corda ran successfully in 1ms {changeSet=migration/node-services.changelog-init.xml::1511451595465-13::R3.Corda, databaseChangeLog=master.changelog.json}
?[m?[37m[INFO] 17:31:26,524 [driver-pool-thread-1] jvm.JdbcExecutor. - INSERT INTO PUBLIC.DATABASECHANGELOG (ID, AUTHOR, FILENAME, DATEEXECUTED, ORDEREXECUTED, MD5SUM, DESCRIPTION, COMMENTS, EXECTYPE, CONTEXTS, LABELS, LIQUIBASE, DEPLOYMENT_ID) VALUES ('1511451595465-13', 'R3.Corda', 'migration/node-services.changelog-init.xml', NOW(), 46, '8:421bb9432660d6cdf67a18c6f0acdeb4', 'createTable tableName=node_message_ids', '', 'EXECUTED', NULL, NULL, '3.6.3', '7573086214') {changeSet=migration/node-services.changelog-init.xml::1511451595465-13::R3.Corda, databaseChangeLog=master.changelog.json}
?[m?[37m[INFO] 17:31:26,525 [driver-pool-thread-1] jvm.JdbcExecutor. - CREATE TABLE PUBLIC.node_message_retry (message_id BIGINT NOT NULL, message BLOB, recipients BLOB) {changeSet=migration/node-services.changelog-init.xml::1511451595465-14::R3.Corda, databaseChangeLog=master.changelog.json}
?[m?[37m[INFO] 17:31:26,526 [driver-pool-thread-1] changelog.ChangeSet. - Table node_message_retry created {changeSet=migration/node-services.changelog-init.xml::1511451595465-14::R3.Corda, databaseChangeLog=master.changelog.json}
?[m?[37m[INFO] 17:31:26,526 [driver-pool-thread-1] changelog.ChangeSet. - ChangeSet migration/node-services.changelog-init.xml::1511451595465-14::R3.Corda ran successfully in 1ms {changeSet=migration/node-services.changelog-init.xml::1511451595465-14::R3.Corda, databaseChangeLog=master.changelog.json}
?[m?[37m[INFO] 17:31:26,526 [driver-pool-thread-1] jvm.JdbcExecutor. - INSERT INTO PUBLIC.DATABASECHANGELOG (ID, AUTHOR, FILENAME, DATEEXECUTED, ORDEREXECUTED, MD5SUM, DESCRIPTION, COMMENTS, EXECTYPE, CONTEXTS, LABELS, LIQUIBASE, DEPLOYMENT_ID) VALUES ('1511451595465-14', 'R3.Corda', 'migration/node-services.changelog-init.xml', NOW(), 47, '8:ba7acbbe63086c3c9fb627ea948864b2', 'createTable tableName=node_message_retry', '', 'EXECUTED', NULL, NULL, '3.6.3', '7573086214') {changeSet=migration/node-services.changelog-init.xml::1511451595465-14::R3.Corda, databaseChangeLog=master.changelog.json}
?[m?[37m[INFO] 17:31:26,527 [driver-pool-thread-1] jvm.JdbcExecutor. - CREATE TABLE PUBLIC.node_named_identities (name NVARCHAR(128) NOT NULL, pk_hash NVARCHAR(130)) {changeSet=migration/node-services.changelog-init.xml::1511451595465-15::R3.Corda, databaseChangeLog=master.changelog.json}
?[m?[37m[INFO] 17:31:26,528 [driver-pool-thread-1] changelog.ChangeSet. - Table node_named_identities created {changeSet=migration/node-services.changelog-init.xml::1511451595465-15::R3.Corda, databaseChangeLog=master.changelog.json}
?[m?[37m[INFO] 17:31:26,528 [driver-pool-thread-1] changelog.ChangeSet. - ChangeSet migration/node-services.changelog-init.xml::1511451595465-15::R3.Corda ran successfully in 1ms {changeSet=migration/node-services.changelog-init.xml::1511451595465-15::R3.Corda, databaseChangeLog=master.changelog.json}
?[m?[37m[INFO] 17:31:26,528 [driver-pool-thread-1] jvm.JdbcExecutor. - INSERT INTO PUBLIC.DATABASECHANGELOG (ID, AUTHOR, FILENAME, DATEEXECUTED, ORDEREXECUTED, MD5SUM, DESCRIPTION, COMMENTS, EXECTYPE, CONTEXTS, LABELS, LIQUIBASE, DEPLOYMENT_ID) VALUES ('1511451595465-15', 'R3.Corda', 'migration/node-services.changelog-init.xml', NOW(), 48, '8:bf6ca4e45e140b225f6f934935dd2f34', 'createTable tableName=node_named_identities', '', 'EXECUTED', NULL, NULL, '3.6.3', '7573086214') {changeSet=migration/node-services.changelog-init.xml::1511451595465-15::R3.Corda, databaseChangeLog=master.changelog.json}
?[m?[37m[INFO] 17:31:26,529 [driver-pool-thread-1] jvm.JdbcExecutor. - CREATE TABLE PUBLIC.node_our_key_pairs (public_key_hash NVARCHAR(130) NOT NULL, private_key BLOB, public_key BLOB) {changeSet=migration/node-services.changelog-init.xml::1511451595465-17::R3.Corda, databaseChangeLog=master.changelog.json}
?[m?[37m[INFO] 17:31:26,530 [driver-pool-thread-1] changelog.ChangeSet. - Table node_our_key_pairs created {changeSet=migration/node-services.changelog-init.xml::1511451595465-17::R3.Corda, databaseChangeLog=master.changelog.json}
?[m?[37m[INFO] 17:31:26,530 [driver-pool-thread-1] changelog.ChangeSet. - ChangeSet migration/node-services.changelog-init.xml::1511451595465-17::R3.Corda ran successfully in 1ms {changeSet=migration/node-services.changelog-init.xml::1511451595465-17::R3.Corda, databaseChangeLog=master.changelog.json}
?[m?[37m[INFO] 17:31:26,530 [driver-pool-thread-1] jvm.JdbcExecutor. - INSERT INTO PUBLIC.DATABASECHANGELOG (ID, AUTHOR, FILENAME, DATEEXECUTED, ORDEREXECUTED, MD5SUM, DESCRIPTION, COMMENTS, EXECTYPE, CONTEXTS, LABELS, LIQUIBASE, DEPLOYMENT_ID) VALUES ('1511451595465-17', 'R3.Corda', 'migration/node-services.changelog-init.xml', NOW(), 49, '8:e91eb86cb57176d4605d948f694d8441', 'createTable tableName=node_our_key_pairs', '', 'EXECUTED', NULL, NULL, '3.6.3', '7573086214') {changeSet=migration/node-services.changelog-init.xml::1511451595465-17::R3.Corda, databaseChangeLog=master.changelog.json}
?[m?[37m[INFO] 17:31:26,532 [driver-pool-thread-1] jvm.JdbcExecutor. - CREATE TABLE PUBLIC.node_scheduled_states (output_index INT NOT NULL, transaction_id NVARCHAR(64) NOT NULL, scheduled_at TIMESTAMP NOT NULL) {changeSet=migration/node-services.changelog-init.xml::1511451595465-19::R3.Corda, databaseChangeLog=master.changelog.json}
?[m?[37m[INFO] 17:31:26,532 [driver-pool-thread-1] changelog.ChangeSet. - Table node_scheduled_states created {changeSet=migration/node-services.changelog-init.xml::1511451595465-19::R3.Corda, databaseChangeLog=master.changelog.json}
?[m?[37m[INFO] 17:31:26,532 [driver-pool-thread-1] changelog.ChangeSet. - ChangeSet migration/node-services.changelog-init.xml::1511451595465-19::R3.Corda ran successfully in 1ms {changeSet=migration/node-services.changelog-init.xml::1511451595465-19::R3.Corda, databaseChangeLog=master.changelog.json}
?[m?[37m[INFO] 17:31:26,533 [driver-pool-thread-1] jvm.JdbcExecutor. - INSERT INTO PUBLIC.DATABASECHANGELOG (ID, AUTHOR, FILENAME, DATEEXECUTED, ORDEREXECUTED, MD5SUM, DESCRIPTION, COMMENTS, EXECTYPE, CONTEXTS, LABELS, LIQUIBASE, DEPLOYMENT_ID) VALUES ('1511451595465-19', 'R3.Corda', 'migration/node-services.changelog-init.xml', NOW(), 50, '8:55282f9fbfc1cb8f7583a90173e3ff4c', 'createTable tableName=node_scheduled_states', '', 'EXECUTED', NULL, NULL, '3.6.3', '7573086214') {changeSet=migration/node-services.changelog-init.xml::1511451595465-19::R3.Corda, databaseChangeLog=master.changelog.json}
?[m?[37m[INFO] 17:31:26,534 [driver-pool-thread-1] jvm.JdbcExecutor. - CREATE TABLE PUBLIC.node_transaction_mappings (tx_id NVARCHAR(64) NOT NULL, state_machine_run_id NVARCHAR(36)) {changeSet=migration/node-services.changelog-init.xml::1511451595465-20::R3.Corda, databaseChangeLog=master.changelog.json}
?[m?[37m[INFO] 17:31:26,535 [driver-pool-thread-1] changelog.ChangeSet. - Table node_transaction_mappings created {changeSet=migration/node-services.changelog-init.xml::1511451595465-20::R3.Corda, databaseChangeLog=master.changelog.json}
?[m?[37m[INFO] 17:31:26,535 [driver-pool-thread-1] changelog.ChangeSet. - ChangeSet migration/node-services.changelog-init.xml::1511451595465-20::R3.Corda ran successfully in 1ms {changeSet=migration/node-services.changelog-init.xml::1511451595465-20::R3.Corda, databaseChangeLog=master.changelog.json}
?[m?[37m[INFO] 17:31:26,536 [driver-pool-thread-1] jvm.JdbcExecutor. - INSERT INTO PUBLIC.DATABASECHANGELOG (ID, AUTHOR, FILENAME, DATEEXECUTED, ORDEREXECUTED, MD5SUM, DESCRIPTION, COMMENTS, EXECTYPE, CONTEXTS, LABELS, LIQUIBASE, DEPLOYMENT_ID) VALUES ('1511451595465-20', 'R3.Corda', 'migration/node-services.changelog-init.xml', NOW(), 51, '8:cc085b3d33f3d53b75c8866522653f98', 'createTable tableName=node_transaction_mappings', '', 'EXECUTED', NULL, NULL, '3.6.3', '7573086214') {changeSet=migration/node-services.changelog-init.xml::1511451595465-20::R3.Corda, databaseChangeLog=master.changelog.json}
?[m?[37m[INFO] 17:31:26,538 [driver-pool-thread-1] jvm.JdbcExecutor. - CREATE TABLE PUBLIC.node_transactions (tx_id NVARCHAR(64) NOT NULL, transaction_value BLOB) {changeSet=migration/node-services.changelog-init.xml::1511451595465-21::R3.Corda, databaseChangeLog=master.changelog.json}
?[m?[37m[INFO] 17:31:26,540 [driver-pool-thread-1] changelog.ChangeSet. - Table node_transactions created {changeSet=migration/node-services.changelog-init.xml::1511451595465-21::R3.Corda, databaseChangeLog=master.changelog.json}
?[m?[37m[INFO] 17:31:26,540 [driver-pool-thread-1] changelog.ChangeSet. - ChangeSet migration/node-services.changelog-init.xml::1511451595465-21::R3.Corda ran successfully in 2ms {changeSet=migration/node-services.changelog-init.xml::1511451595465-21::R3.Corda, databaseChangeLog=master.changelog.json}
?[m?[37m[INFO] 17:31:26,541 [driver-pool-thread-1] jvm.JdbcExecutor. - INSERT INTO PUBLIC.DATABASECHANGELOG (ID, AUTHOR, FILENAME, DATEEXECUTED, ORDEREXECUTED, MD5SUM, DESCRIPTION, COMMENTS, EXECTYPE, CONTEXTS, LABELS, LIQUIBASE, DEPLOYMENT_ID) VALUES ('1511451595465-21', 'R3.Corda', 'migration/node-services.changelog-init.xml', NOW(), 52, '8:69feb7582f3b77828510a56cb111cfd8', 'createTable tableName=node_transactions', '', 'EXECUTED', NULL, NULL, '3.6.3', '7573086214') {changeSet=migration/node-services.changelog-init.xml::1511451595465-21::R3.Corda, databaseChangeLog=master.changelog.json}
?[m?[37m[INFO] 17:31:26,541 [driver-pool-thread-1] jvm.JdbcExecutor. - ALTER TABLE PUBLIC.node_attachments ADD CONSTRAINT node_attachments_pkey PRIMARY KEY (att_id) {changeSet=migration/node-services.changelog-init.xml::1511451595465-30::R3.Corda, databaseChangeLog=master.changelog.json}
?[m?[37m[INFO] 17:31:26,542 [driver-pool-thread-1] changelog.ChangeSet. - Primary key added to node_attachments (att_id) {changeSet=migration/node-services.changelog-init.xml::1511451595465-30::R3.Corda, databaseChangeLog=master.changelog.json}
?[m?[37m[INFO] 17:31:26,542 [driver-pool-thread-1] changelog.ChangeSet. - ChangeSet migration/node-services.changelog-init.xml::1511451595465-30::R3.Corda ran successfully in 1ms {changeSet=migration/node-services.changelog-init.xml::1511451595465-30::R3.Corda, databaseChangeLog=master.changelog.json}
?[m?[37m[INFO] 17:31:26,543 [driver-pool-thread-1] jvm.JdbcExecutor. - INSERT INTO PUBLIC.DATABASECHANGELOG (ID, AUTHOR, FILENAME, DATEEXECUTED, ORDEREXECUTED, MD5SUM, DESCRIPTION, COMMENTS, EXECTYPE, CONTEXTS, LABELS, LIQUIBASE, DEPLOYMENT_ID) VALUES ('1511451595465-30', 'R3.Corda', 'migration/node-services.changelog-init.xml', NOW(), 53, '8:97c42d4eac368e79f47df345a072b237', 'addPrimaryKey constraintName=node_attachments_pkey, tableName=node_attachments', '', 'EXECUTED', NULL, NULL, '3.6.3', '7573086214') {changeSet=migration/node-services.changelog-init.xml::1511451595465-30::R3.Corda, databaseChangeLog=master.changelog.json}
?[m?[37m[INFO] 17:31:26,544 [driver-pool-thread-1] jvm.JdbcExecutor. - ALTER TABLE PUBLIC.node_checkpoints ADD CONSTRAINT node_checkpoints_pkey PRIMARY KEY (checkpoint_id) {changeSet=migration/node-services.changelog-init.xml::1511451595465-32::R3.Corda, databaseChangeLog=master.changelog.json}
?[m?[37m[INFO] 17:31:26,544 [driver-pool-thread-1] changelog.ChangeSet. - Primary key added to node_checkpoints (checkpoint_id) {changeSet=migration/node-services.changelog-init.xml::1511451595465-32::R3.Corda, databaseChangeLog=master.changelog.json}
?[m?[37m[INFO] 17:31:26,544 [driver-pool-thread-1] changelog.ChangeSet. - ChangeSet migration/node-services.changelog-init.xml::1511451595465-32::R3.Corda ran successfully in 1ms {changeSet=migration/node-services.changelog-init.xml::1511451595465-32::R3.Corda, databaseChangeLog=master.changelog.json}
?[m?[37m[INFO] 17:31:26,545 [driver-pool-thread-1] jvm.JdbcExecutor. - INSERT INTO PUBLIC.DATABASECHANGELOG (ID, AUTHOR, FILENAME, DATEEXECUTED, ORDEREXECUTED, MD5SUM, DESCRIPTION, COMMENTS, EXECTYPE, CONTEXTS, LABELS, LIQUIBASE, DEPLOYMENT_ID) VALUES ('1511451595465-32', 'R3.Corda', 'migration/node-services.changelog-init.xml', NOW(), 54, '8:7224c32660081d3e820e52e2b70b365f', 'addPrimaryKey constraintName=node_checkpoints_pkey, tableName=node_checkpoints', '', 'EXECUTED', NULL, NULL, '3.6.3', '7573086214') {changeSet=migration/node-services.changelog-init.xml::1511451595465-32::R3.Corda, databaseChangeLog=master.changelog.json}
?[m?[37m[INFO] 17:31:26,546 [driver-pool-thread-1] jvm.JdbcExecutor. - ALTER TABLE PUBLIC.node_contract_upgrades ADD CONSTRAINT node_contract_upgrades_pkey PRIMARY KEY (state_ref) {changeSet=migration/node-services.changelog-init.xml::1511451595465-33::R3.Corda, databaseChangeLog=master.changelog.json}
?[m?[37m[INFO] 17:31:26,546 [driver-pool-thread-1] changelog.ChangeSet. - Primary key added to node_contract_upgrades (state_ref) {changeSet=migration/node-services.changelog-init.xml::1511451595465-33::R3.Corda, databaseChangeLog=master.changelog.json}
?[m?[37m[INFO] 17:31:26,546 [driver-pool-thread-1] changelog.ChangeSet. - ChangeSet migration/node-services.changelog-init.xml::1511451595465-33::R3.Corda ran successfully in 1ms {changeSet=migration/node-services.changelog-init.xml::1511451595465-33::R3.Corda, databaseChangeLog=master.changelog.json}
?[m?[37m[INFO] 17:31:26,547 [driver-pool-thread-1] jvm.JdbcExecutor. - INSERT INTO PUBLIC.DATABASECHANGELOG (ID, AUTHOR, FILENAME, DATEEXECUTED, ORDEREXECUTED, MD5SUM, DESCRIPTION, COMMENTS, EXECTYPE, CONTEXTS, LABELS, LIQUIBASE, DEPLOYMENT_ID) VALUES ('1511451595465-33', 'R3.Corda', 'migration/node-services.changelog-init.xml', NOW(), 55, '8:85bcae037a29317065e3b922e0563902', 'addPrimaryKey constraintName=node_contract_upgrades_pkey, tableName=node_contract_upgrades', '', 'EXECUTED', NULL, NULL, '3.6.3', '7573086214') {changeSet=migration/node-services.changelog-init.xml::1511451595465-33::R3.Corda, databaseChangeLog=master.changelog.json}
?[m?[37m[INFO] 17:31:26,548 [driver-pool-thread-1] jvm.JdbcExecutor. - ALTER TABLE PUBLIC.node_identities ADD CONSTRAINT node_identities_pkey PRIMARY KEY (pk_hash) {changeSet=migration/node-services.changelog-init.xml::1511451595465-34::R3.Corda, databaseChangeLog=master.changelog.json}
?[m?[37m[INFO] 17:31:26,548 [driver-pool-thread-1] changelog.ChangeSet. - Primary key added to node_identities (pk_hash) {changeSet=migration/node-services.changelog-init.xml::1511451595465-34::R3.Corda, databaseChangeLog=master.changelog.json}
?[m?[37m[INFO] 17:31:26,548 [driver-pool-thread-1] changelog.ChangeSet. - ChangeSet migration/node-services.changelog-init.xml::1511451595465-34::R3.Corda ran successfully in 1ms {changeSet=migration/node-services.changelog-init.xml::1511451595465-34::R3.Corda, databaseChangeLog=master.changelog.json}
?[m?[37m[INFO] 17:31:26,549 [driver-pool-thread-1] jvm.JdbcExecutor. - INSERT INTO PUBLIC.DATABASECHANGELOG (ID, AUTHOR, FILENAME, DATEEXECUTED, ORDEREXECUTED, MD5SUM, DESCRIPTION, COMMENTS, EXECTYPE, CONTEXTS, LABELS, LIQUIBASE, DEPLOYMENT_ID) VALUES ('1511451595465-34', 'R3.Corda', 'migration/node-services.changelog-init.xml', NOW(), 56, '8:308ffe9985df3029fc05bd41c60010a9', 'addPrimaryKey constraintName=node_identities_pkey, tableName=node_identities', '', 'EXECUTED', NULL, NULL, '3.6.3', '7573086214') {changeSet=migration/node-services.changelog-init.xml::1511451595465-34::R3.Corda, databaseChangeLog=master.changelog.json}
?[m?[37m[INFO] 17:31:26,550 [driver-pool-thread-1] jvm.JdbcExecutor. - ALTER TABLE PUBLIC.node_message_ids ADD CONSTRAINT node_message_ids_pkey PRIMARY KEY (message_id) {changeSet=migration/node-services.changelog-init.xml::1511451595465-38::R3.Corda, databaseChangeLog=master.changelog.json}
?[m?[37m[INFO] 17:31:26,550 [driver-pool-thread-1] changelog.ChangeSet. - Primary key added to node_message_ids (message_id) {changeSet=migration/node-services.changelog-init.xml::1511451595465-38::R3.Corda, databaseChangeLog=master.changelog.json}
?[m?[37m[INFO] 17:31:26,550 [driver-pool-thread-1] changelog.ChangeSet. - ChangeSet migration/node-services.changelog-init.xml::1511451595465-38::R3.Corda ran successfully in 1ms {changeSet=migration/node-services.changelog-init.xml::1511451595465-38::R3.Corda, databaseChangeLog=master.changelog.json}
?[m?[37m[INFO] 17:31:26,551 [driver-pool-thread-1] jvm.JdbcExecutor. - INSERT INTO PUBLIC.DATABASECHANGELOG (ID, AUTHOR, FILENAME, DATEEXECUTED, ORDEREXECUTED, MD5SUM, DESCRIPTION, COMMENTS, EXECTYPE, CONTEXTS, LABELS, LIQUIBASE, DEPLOYMENT_ID) VALUES ('1511451595465-38', 'R3.Corda', 'migration/node-services.changelog-init.xml', NOW(), 57, '8:18b1b83ce2a778af1a8a8c9c56bb9651', 'addPrimaryKey constraintName=node_message_ids_pkey, tableName=node_message_ids', '', 'EXECUTED', NULL, NULL, '3.6.3', '7573086214') {changeSet=migration/node-services.changelog-init.xml::1511451595465-38::R3.Corda, databaseChangeLog=master.changelog.json}
?[m?[37m[INFO] 17:31:26,552 [driver-pool-thread-1] jvm.JdbcExecutor. - ALTER TABLE PUBLIC.node_message_retry ADD CONSTRAINT node_message_retry_pkey PRIMARY KEY (message_id) {changeSet=migration/node-services.changelog-init.xml::1511451595465-39::R3.Corda, databaseChangeLog=master.changelog.json}
?[m?[37m[INFO] 17:31:26,552 [driver-pool-thread-1] changelog.ChangeSet. - Primary key added to node_message_retry (message_id) {changeSet=migration/node-services.changelog-init.xml::1511451595465-39::R3.Corda, databaseChangeLog=master.changelog.json}
?[m?[37m[INFO] 17:31:26,552 [driver-pool-thread-1] changelog.ChangeSet. - ChangeSet migration/node-services.changelog-init.xml::1511451595465-39::R3.Corda ran successfully in 1ms {changeSet=migration/node-services.changelog-init.xml::1511451595465-39::R3.Corda, databaseChangeLog=master.changelog.json}
?[m?[37m[INFO] 17:31:26,553 [driver-pool-thread-1] jvm.JdbcExecutor. - INSERT INTO PUBLIC.DATABASECHANGELOG (ID, AUTHOR, FILENAME, DATEEXECUTED, ORDEREXECUTED, MD5SUM, DESCRIPTION, COMMENTS, EXECTYPE, CONTEXTS, LABELS, LIQUIBASE, DEPLOYMENT_ID) VALUES ('1511451595465-39', 'R3.Corda', 'migration/node-services.changelog-init.xml', NOW(), 58, '8:0359c73c9db723c73ee0171620ff4ac6', 'addPrimaryKey constraintName=node_message_retry_pkey, tableName=node_message_retry', '', 'EXECUTED', NULL, NULL, '3.6.3', '7573086214') {changeSet=migration/node-services.changelog-init.xml::1511451595465-39::R3.Corda, databaseChangeLog=master.changelog.json}
?[m?[37m[INFO] 17:31:26,554 [driver-pool-thread-1] jvm.JdbcExecutor. - ALTER TABLE PUBLIC.node_named_identities ADD CONSTRAINT node_named_identities_pkey PRIMARY KEY (name) {changeSet=migration/node-services.changelog-init.xml::1511451595465-40::R3.Corda, databaseChangeLog=master.changelog.json}
?[m?[37m[INFO] 17:31:26,555 [driver-pool-thread-1] changelog.ChangeSet. - Primary key added to node_named_identities (name) {changeSet=migration/node-services.changelog-init.xml::1511451595465-40::R3.Corda, databaseChangeLog=master.changelog.json}
?[m?[37m[INFO] 17:31:26,555 [driver-pool-thread-1] changelog.ChangeSet. - ChangeSet migration/node-services.changelog-init.xml::1511451595465-40::R3.Corda ran successfully in 1ms {changeSet=migration/node-services.changelog-init.xml::1511451595465-40::R3.Corda, databaseChangeLog=master.changelog.json}
?[m?[37m[INFO] 17:31:26,556 [driver-pool-thread-1] jvm.JdbcExecutor. - INSERT INTO PUBLIC.DATABASECHANGELOG (ID, AUTHOR, FILENAME, DATEEXECUTED, ORDEREXECUTED, MD5SUM, DESCRIPTION, COMMENTS, EXECTYPE, CONTEXTS, LABELS, LIQUIBASE, DEPLOYMENT_ID) VALUES ('1511451595465-40', 'R3.Corda', 'migration/node-services.changelog-init.xml', NOW(), 59, '8:ef3ab101a3e4c5820f575d5adcb85c08', 'addPrimaryKey constraintName=node_named_identities_pkey, tableName=node_named_identities', '', 'EXECUTED', NULL, NULL, '3.6.3', '7573086214') {changeSet=migration/node-services.changelog-init.xml::1511451595465-40::R3.Corda, databaseChangeLog=master.changelog.json}
?[m?[37m[INFO] 17:31:26,558 [driver-pool-thread-1] jvm.JdbcExecutor. - ALTER TABLE PUBLIC.node_our_key_pairs ADD CONSTRAINT node_our_key_pairs_pkey PRIMARY KEY (public_key_hash) {changeSet=migration/node-services.changelog-init.xml::1511451595465-42::R3.Corda, databaseChangeLog=master.changelog.json}
?[m?[37m[INFO] 17:31:26,559 [driver-pool-thread-1] changelog.ChangeSet. - Primary key added to node_our_key_pairs (public_key_hash) {changeSet=migration/node-services.changelog-init.xml::1511451595465-42::R3.Corda, databaseChangeLog=master.changelog.json}
?[m?[37m[INFO] 17:31:26,559 [driver-pool-thread-1] changelog.ChangeSet. - ChangeSet migration/node-services.changelog-init.xml::1511451595465-42::R3.Corda ran successfully in 1ms {changeSet=migration/node-services.changelog-init.xml::1511451595465-42::R3.Corda, databaseChangeLog=master.changelog.json}
?[m?[37m[INFO] 17:31:26,560 [driver-pool-thread-1] jvm.JdbcExecutor. - INSERT INTO PUBLIC.DATABASECHANGELOG (ID, AUTHOR, FILENAME, DATEEXECUTED, ORDEREXECUTED, MD5SUM, DESCRIPTION, COMMENTS, EXECTYPE, CONTEXTS, LABELS, LIQUIBASE, DEPLOYMENT_ID) VALUES ('1511451595465-42', 'R3.Corda', 'migration/node-services.changelog-init.xml', NOW(), 60, '8:d742088fd258d00e0a1fbffcf2e27c61', 'addPrimaryKey constraintName=node_our_key_pairs_pkey, tableName=node_our_key_pairs', '', 'EXECUTED', NULL, NULL, '3.6.3', '7573086214') {changeSet=migration/node-services.changelog-init.xml::1511451595465-42::R3.Corda, databaseChangeLog=master.changelog.json}
?[m?[37m[INFO] 17:31:26,561 [driver-pool-thread-1] jvm.JdbcExecutor. - ALTER TABLE PUBLIC.node_scheduled_states ADD CONSTRAINT node_scheduled_states_pkey PRIMARY KEY (output_index, transaction_id) {changeSet=migration/node-services.changelog-init.xml::1511451595465-44::R3.Corda, databaseChangeLog=master.changelog.json}
?[m?[37m[INFO] 17:31:26,561 [driver-pool-thread-1] changelog.ChangeSet. - Primary key added to node_scheduled_states (output_index, transaction_id) {changeSet=migration/node-services.changelog-init.xml::1511451595465-44::R3.Corda, databaseChangeLog=master.changelog.json}
?[m?[37m[INFO] 17:31:26,561 [driver-pool-thread-1] changelog.ChangeSet. - ChangeSet migration/node-services.changelog-init.xml::1511451595465-44::R3.Corda ran successfully in 1ms {changeSet=migration/node-services.changelog-init.xml::1511451595465-44::R3.Corda, databaseChangeLog=master.changelog.json}
?[m?[37m[INFO] 17:31:26,562 [driver-pool-thread-1] jvm.JdbcExecutor. - INSERT INTO PUBLIC.DATABASECHANGELOG (ID, AUTHOR, FILENAME, DATEEXECUTED, ORDEREXECUTED, MD5SUM, DESCRIPTION, COMMENTS, EXECTYPE, CONTEXTS, LABELS, LIQUIBASE, DEPLOYMENT_ID) VALUES ('1511451595465-44', 'R3.Corda', 'migration/node-services.changelog-init.xml', NOW(), 61, '8:dc8b980de5154038877f6d2e43b97ad1', 'addPrimaryKey constraintName=node_scheduled_states_pkey, tableName=node_scheduled_states', '', 'EXECUTED', NULL, NULL, '3.6.3', '7573086214') {changeSet=migration/node-services.changelog-init.xml::1511451595465-44::R3.Corda, databaseChangeLog=master.changelog.json}
?[m?[37m[INFO] 17:31:26,563 [driver-pool-thread-1] jvm.JdbcExecutor. - ALTER TABLE PUBLIC.node_transaction_mappings ADD CONSTRAINT node_transaction_mappings_pkey PRIMARY KEY (tx_id) {changeSet=migration/node-services.changelog-init.xml::1511451595465-45::R3.Corda, databaseChangeLog=master.changelog.json}
?[m?[37m[INFO] 17:31:26,563 [driver-pool-thread-1] changelog.ChangeSet. - Primary key added to node_transaction_mappings (tx_id) {changeSet=migration/node-services.changelog-init.xml::1511451595465-45::R3.Corda, databaseChangeLog=master.changelog.json}
?[m?[37m[INFO] 17:31:26,563 [driver-pool-thread-1] changelog.ChangeSet. - ChangeSet migration/node-services.changelog-init.xml::1511451595465-45::R3.Corda ran successfully in 1ms {changeSet=migration/node-services.changelog-init.xml::1511451595465-45::R3.Corda, databaseChangeLog=master.changelog.json}
?[m?[37m[INFO] 17:31:26,564 [driver-pool-thread-1] jvm.JdbcExecutor. - INSERT INTO PUBLIC.DATABASECHANGELOG (ID, AUTHOR, FILENAME, DATEEXECUTED, ORDEREXECUTED, MD5SUM, DESCRIPTION, COMMENTS, EXECTYPE, CONTEXTS, LABELS, LIQUIBASE, DEPLOYMENT_ID) VALUES ('1511451595465-45', 'R3.Corda', 'migration/node-services.changelog-init.xml', NOW(), 62, '8:2ae0fa18530e20aa3bcd6109b7d95247', 'addPrimaryKey constraintName=node_transaction_mappings_pkey, tableName=node_transaction_mappings', '', 'EXECUTED', NULL, NULL, '3.6.3', '7573086214') {changeSet=migration/node-services.changelog-init.xml::1511451595465-45::R3.Corda, databaseChangeLog=master.changelog.json}
?[m?[37m[INFO] 17:31:26,565 [driver-pool-thread-1] jvm.JdbcExecutor. - ALTER TABLE PUBLIC.node_transactions ADD CONSTRAINT node_transactions_pkey PRIMARY KEY (tx_id) {changeSet=migration/node-services.changelog-init.xml::1511451595465-46::R3.Corda, databaseChangeLog=master.changelog.json}
?[m?[37m[INFO] 17:31:26,565 [driver-pool-thread-1] changelog.ChangeSet. - Primary key added to node_transactions (tx_id) {changeSet=migration/node-services.changelog-init.xml::1511451595465-46::R3.Corda, databaseChangeLog=master.changelog.json}
?[m?[37m[INFO] 17:31:26,565 [driver-pool-thread-1] changelog.ChangeSet. - ChangeSet migration/node-services.changelog-init.xml::1511451595465-46::R3.Corda ran successfully in 0ms {changeSet=migration/node-services.changelog-init.xml::1511451595465-46::R3.Corda, databaseChangeLog=master.changelog.json}
?[m?[37m[INFO] 17:31:26,566 [driver-pool-thread-1] jvm.JdbcExecutor. - INSERT INTO PUBLIC.DATABASECHANGELOG (ID, AUTHOR, FILENAME, DATEEXECUTED, ORDEREXECUTED, MD5SUM, DESCRIPTION, COMMENTS, EXECTYPE, CONTEXTS, LABELS, LIQUIBASE, DEPLOYMENT_ID) VALUES ('1511451595465-46', 'R3.Corda', 'migration/node-services.changelog-init.xml', NOW(), 63, '8:d5e4dd3dba8e89f77b6eeff0fc5b7a49', 'addPrimaryKey constraintName=node_transactions_pkey, tableName=node_transactions', '', 'EXECUTED', NULL, NULL, '3.6.3', '7573086214') {changeSet=migration/node-services.changelog-init.xml::1511451595465-46::R3.Corda, databaseChangeLog=master.changelog.json}
?[m?[37m[INFO] 17:31:26,567 [driver-pool-thread-1] jvm.JdbcExecutor. - ALTER TABLE PUBLIC.node_link_nodeinfo_party ADD CONSTRAINT FK__link_ni_p__info_p_cert FOREIGN KEY (party_name) REFERENCES PUBLIC.node_info_party_cert (party_name) {changeSet=migration/node-services.changelog-init.xml::1511451595465-61::R3.Corda, databaseChangeLog=master.changelog.json}
?[m?[37m[INFO] 17:31:26,568 [driver-pool-thread-1] changelog.ChangeSet. - Foreign key constraint added to node_link_nodeinfo_party (party_name) {changeSet=migration/node-services.changelog-init.xml::1511451595465-61::R3.Corda, databaseChangeLog=master.changelog.json}
?[m?[37m[INFO] 17:31:26,568 [driver-pool-thread-1] changelog.ChangeSet. - ChangeSet migration/node-services.changelog-init.xml::1511451595465-61::R3.Corda ran successfully in 1ms {changeSet=migration/node-services.changelog-init.xml::1511451595465-61::R3.Corda, databaseChangeLog=master.changelog.json}
?[m?[37m[INFO] 17:31:26,570 [driver-pool-thread-1] jvm.JdbcExecutor. - INSERT INTO PUBLIC.DATABASECHANGELOG (ID, AUTHOR, FILENAME, DATEEXECUTED, ORDEREXECUTED, MD5SUM, DESCRIPTION, COMMENTS, EXECTYPE, CONTEXTS, LABELS, LIQUIBASE, DEPLOYMENT_ID) VALUES ('1511451595465-61', 'R3.Corda', 'migration/node-services.changelog-init.xml', NOW(), 64, '8:1d4e406a8056aa782ccbd978771f1fb9', 'addForeignKeyConstraint baseTableName=node_link_nodeinfo_party, constraintName=FK__link_ni_p__info_p_cert, referencedTableName=node_info_party_cert', '', 'EXECUTED', NULL, NULL, '3.6.3', '7573086214') {changeSet=migration/node-services.changelog-init.xml::1511451595465-61::R3.Corda, databaseChangeLog=master.changelog.json}
?[m?[37m[INFO] 17:31:26,571 [driver-pool-thread-1] jvm.JdbcExecutor. - CREATE INDEX PUBLIC.att_id_idx ON PUBLIC.node_attachments(att_id) {changeSet=migration/node-services.changelog-init.xml::add index att_id::R3.Corda, databaseChangeLog=master.changelog.json}
?[m?[37m[INFO] 17:31:26,572 [driver-pool-thread-1] changelog.ChangeSet. - Index att_id_idx created {changeSet=migration/node-services.changelog-init.xml::add index att_id::R3.Corda, databaseChangeLog=master.changelog.json}
?[m?[37m[INFO] 17:31:26,572 [driver-pool-thread-1] changelog.ChangeSet. - ChangeSet migration/node-services.changelog-init.xml::add index att_id::R3.Corda ran successfully in 1ms {changeSet=migration/node-services.changelog-init.xml::add index att_id::R3.Corda, databaseChangeLog=master.changelog.json}
?[m?[37m[INFO] 17:31:26,572 [driver-pool-thread-1] jvm.JdbcExecutor. - INSERT INTO PUBLIC.DATABASECHANGELOG (ID, AUTHOR, FILENAME, DATEEXECUTED, ORDEREXECUTED, MD5SUM, DESCRIPTION, COMMENTS, EXECTYPE, CONTEXTS, LABELS, LIQUIBASE, DEPLOYMENT_ID) VALUES ('add index att_id', 'R3.Corda', 'migration/node-services.changelog-init.xml', NOW(), 65, '8:ccf9b08f32d685dc60d6e34a3013bffc', 'createIndex indexName=att_id_idx, tableName=node_attachments', '', 'EXECUTED', NULL, NULL, '3.6.3', '7573086214') {changeSet=migration/node-services.changelog-init.xml::add index att_id::R3.Corda, databaseChangeLog=master.changelog.json}
?[m?[37m[INFO] 17:31:26,573 [driver-pool-thread-1] jvm.JdbcExecutor. - CREATE TABLE PUBLIC.node_attchments_contracts (att_id NVARCHAR(255) NOT NULL, contract_class_name NVARCHAR(255)) {changeSet=migration/node-services.changelog-init.xml::add_contract_attachment::R3.Corda, databaseChangeLog=master.changelog.json}
?[m?[37m[INFO] 17:31:26,574 [driver-pool-thread-1] changelog.ChangeSet. - Table node_attchments_contracts created {changeSet=migration/node-services.changelog-init.xml::add_contract_attachment::R3.Corda, databaseChangeLog=master.changelog.json}
?[m?[37m[INFO] 17:31:26,574 [driver-pool-thread-1] jvm.JdbcExecutor. - ALTER TABLE PUBLIC.node_attchments_contracts ADD CONSTRAINT FK__ctr_class__attachments FOREIGN KEY (att_id) REFERENCES PUBLIC.node_attachments (att_id) {changeSet=migration/node-services.changelog-init.xml::add_contract_attachment::R3.Corda, databaseChangeLog=master.changelog.json}
?[m?[37m[INFO] 17:31:26,575 [driver-pool-thread-1] changelog.ChangeSet. - Foreign key constraint added to node_attchments_contracts (att_id) {changeSet=migration/node-services.changelog-init.xml::add_contract_attachment::R3.Corda, databaseChangeLog=master.changelog.json}
?[m?[37m[INFO] 17:31:26,575 [driver-pool-thread-1] jvm.JdbcExecutor. - DELETE FROM PUBLIC.node_attachments {changeSet=migration/node-services.changelog-init.xml::add_contract_attachment::R3.Corda, databaseChangeLog=master.changelog.json}
?[m?[37m[INFO] 17:31:26,576 [driver-pool-thread-1] changelog.ChangeSet. - Data deleted from node_attachments {changeSet=migration/node-services.changelog-init.xml::add_contract_attachment::R3.Corda, databaseChangeLog=master.changelog.json}
?[m?[37m[INFO] 17:31:26,576 [driver-pool-thread-1] changelog.ChangeSet. - ChangeSet migration/node-services.changelog-init.xml::add_contract_attachment::R3.Corda ran successfully in 3ms {changeSet=migration/node-services.changelog-init.xml::add_contract_attachment::R3.Corda, databaseChangeLog=master.changelog.json}
?[m?[37m[INFO] 17:31:26,576 [driver-pool-thread-1] jvm.JdbcExecutor. - INSERT INTO PUBLIC.DATABASECHANGELOG (ID, AUTHOR, FILENAME, DATEEXECUTED, ORDEREXECUTED, MD5SUM, DESCRIPTION, COMMENTS, EXECTYPE, CONTEXTS, LABELS, LIQUIBASE, DEPLOYMENT_ID) VALUES ('add_contract_attachment', 'R3.Corda', 'migration/node-services.changelog-init.xml', NOW(), 66, '8:8898557cf18644883f6f3b0c5e784c0b', 'createTable tableName=node_attchments_contracts; addForeignKeyConstraint baseTableName=node_attchments_contracts, constraintName=FK__ctr_class__attachments, referencedTableName=node_attachments; delete tableName=node_attachments', '', 'EXECUTED', NULL, NULL, '3.6.3', '7573086214') {changeSet=migration/node-services.changelog-init.xml::add_contract_attachment::R3.Corda, databaseChangeLog=master.changelog.json}
?[m?[37m[INFO] 17:31:26,577 [driver-pool-thread-1] jvm.JdbcExecutor. - ALTER TABLE PUBLIC.node_message_ids ADD sender NVARCHAR(64) {changeSet=migration/node-services.changelog-init.xml::add_dedup_columns::R3.Corda, databaseChangeLog=master.changelog.json}
?[m?[37m[INFO] 17:31:26,580 [driver-pool-thread-1] jvm.JdbcExecutor. - ALTER TABLE PUBLIC.node_message_ids ADD sequence_number BIGINT {changeSet=migration/node-services.changelog-init.xml::add_dedup_columns::R3.Corda, databaseChangeLog=master.changelog.json}
?[m?[37m[INFO] 17:31:26,583 [driver-pool-thread-1] changelog.ChangeSet. - Columns sender(NVARCHAR(64)),sequence_number(BIGINT) added to node_message_ids {changeSet=migration/node-services.changelog-init.xml::add_dedup_columns::R3.Corda, databaseChangeLog=master.changelog.json}
?[m?[37m[INFO] 17:31:26,583 [driver-pool-thread-1] changelog.ChangeSet. - ChangeSet migration/node-services.changelog-init.xml::add_dedup_columns::R3.Corda ran successfully in 6ms {changeSet=migration/node-services.changelog-init.xml::add_dedup_columns::R3.Corda, databaseChangeLog=master.changelog.json}
?[m?[37m[INFO] 17:31:26,584 [driver-pool-thread-1] jvm.JdbcExecutor. - INSERT INTO PUBLIC.DATABASECHANGELOG (ID, AUTHOR, FILENAME, DATEEXECUTED, ORDEREXECUTED, MD5SUM, DESCRIPTION, COMMENTS, EXECTYPE, CONTEXTS, LABELS, LIQUIBASE, DEPLOYMENT_ID) VALUES ('add_dedup_columns', 'R3.Corda', 'migration/node-services.changelog-init.xml', NOW(), 67, '8:5924ebdacff695e1f30aa3e0173eccdf', 'addColumn tableName=node_message_ids', '', 'EXECUTED', NULL, NULL, '3.6.3', '7573086214') {changeSet=migration/node-services.changelog-init.xml::add_dedup_columns::R3.Corda, databaseChangeLog=master.changelog.json}
?[m?[37m[INFO] 17:31:26,585 [driver-pool-thread-1] jvm.JdbcExecutor. - ALTER TABLE PUBLIC.node_attchments_contracts RENAME TO node_attachments_contracts {changeSet=migration/node-core.changelog-v4.xml::attchments_rename::R3.Corda, databaseChangeLog=master.changelog.json}
?[m?[37m[INFO] 17:31:26,585 [driver-pool-thread-1] changelog.ChangeSet. - Table node_attchments_contracts renamed to node_attachments_contracts {changeSet=migration/node-core.changelog-v4.xml::attchments_rename::R3.Corda, databaseChangeLog=master.changelog.json}
?[m?[37m[INFO] 17:31:26,585 [driver-pool-thread-1] changelog.ChangeSet. - ChangeSet migration/node-core.changelog-v4.xml::attchments_rename::R3.Corda ran successfully in 1ms {changeSet=migration/node-core.changelog-v4.xml::attchments_rename::R3.Corda, databaseChangeLog=master.changelog.json}
?[m?[37m[INFO] 17:31:26,586 [driver-pool-thread-1] jvm.JdbcExecutor. - INSERT INTO PUBLIC.DATABASECHANGELOG (ID, AUTHOR, FILENAME, DATEEXECUTED, ORDEREXECUTED, MD5SUM, DESCRIPTION, COMMENTS, EXECTYPE, CONTEXTS, LABELS, LIQUIBASE, DEPLOYMENT_ID) VALUES ('attchments_rename', 'R3.Corda', 'migration/node-core.changelog-v4.xml', NOW(), 68, '8:94816d7657264059f2b8da4e97d4b15d', 'renameTable newTableName=node_attachments_contracts, oldTableName=node_attchments_contracts', '', 'EXECUTED', NULL, NULL, '3.6.3', '7573086214') {changeSet=migration/node-core.changelog-v4.xml::attchments_rename::R3.Corda, databaseChangeLog=master.changelog.json}
?[m?[37m[INFO] 17:31:26,588 [driver-pool-thread-1] jvm.JdbcExecutor. - ALTER TABLE PUBLIC.node_identities ALTER COLUMN identity_value SET NOT NULL {changeSet=migration/node-core.changelog-v4.xml::nullability::R3.Corda, databaseChangeLog=master.changelog.json}
?[m?[37m[INFO] 17:31:26,588 [driver-pool-thread-1] changelog.ChangeSet. - NOT NULL constraint has been added to node_identities.identity_value {changeSet=migration/node-core.changelog-v4.xml::nullability::R3.Corda, databaseChangeLog=master.changelog.json}
?[m?[37m[INFO] 17:31:26,588 [driver-pool-thread-1] jvm.JdbcExecutor. - ALTER TABLE PUBLIC.node_attachments ALTER COLUMN content SET NOT NULL {changeSet=migration/node-core.changelog-v4.xml::nullability::R3.Corda, databaseChangeLog=master.changelog.json}
?[m?[37m[INFO] 17:31:26,589 [driver-pool-thread-1] changelog.ChangeSet. - NOT NULL constraint has been added to node_attachments.content {changeSet=migration/node-core.changelog-v4.xml::nullability::R3.Corda, databaseChangeLog=master.changelog.json}
?[m?[37m[INFO] 17:31:26,589 [driver-pool-thread-1] jvm.JdbcExecutor. - ALTER TABLE PUBLIC.node_attachments_contracts ALTER COLUMN contract_class_name SET NOT NULL {changeSet=migration/node-core.changelog-v4.xml::nullability::R3.Corda, databaseChangeLog=master.changelog.json}
?[m?[37m[INFO] 17:31:26,589 [driver-pool-thread-1] changelog.ChangeSet. - NOT NULL constraint has been added to node_attachments_contracts.contract_class_name {changeSet=migration/node-core.changelog-v4.xml::nullability::R3.Corda, databaseChangeLog=master.changelog.json}
?[m?[37m[INFO] 17:31:26,589 [driver-pool-thread-1] jvm.JdbcExecutor. - ALTER TABLE PUBLIC.node_checkpoints ALTER COLUMN checkpoint_value SET NOT NULL {changeSet=migration/node-core.changelog-v4.xml::nullability::R3.Corda, databaseChangeLog=master.changelog.json}
?[m?[37m[INFO] 17:31:26,590 [driver-pool-thread-1] changelog.ChangeSet. - NOT NULL constraint has been added to node_checkpoints.checkpoint_value {changeSet=migration/node-core.changelog-v4.xml::nullability::R3.Corda, databaseChangeLog=master.changelog.json}
?[m?[37m[INFO] 17:31:26,590 [driver-pool-thread-1] jvm.JdbcExecutor. - ALTER TABLE PUBLIC.node_contract_upgrades ALTER COLUMN contract_class_name SET NOT NULL {changeSet=migration/node-core.changelog-v4.xml::nullability::R3.Corda, databaseChangeLog=master.changelog.json}
?[m?[37m[INFO] 17:31:26,590 [driver-pool-thread-1] changelog.ChangeSet. - NOT NULL constraint has been added to node_contract_upgrades.contract_class_name {changeSet=migration/node-core.changelog-v4.xml::nullability::R3.Corda, databaseChangeLog=master.changelog.json}
?[m?[37m[INFO] 17:31:26,590 [driver-pool-thread-1] jvm.JdbcExecutor. - ALTER TABLE PUBLIC.node_message_ids ALTER COLUMN insertion_time SET NOT NULL {changeSet=migration/node-core.changelog-v4.xml::nullability::R3.Corda, databaseChangeLog=master.changelog.json}
?[m?[37m[INFO] 17:31:26,590 [driver-pool-thread-1] changelog.ChangeSet. - NOT NULL constraint has been added to node_message_ids.insertion_time {changeSet=migration/node-core.changelog-v4.xml::nullability::R3.Corda, databaseChangeLog=master.changelog.json}
?[m?[37m[INFO] 17:31:26,590 [driver-pool-thread-1] jvm.JdbcExecutor. - ALTER TABLE PUBLIC.node_message_retry ALTER COLUMN message SET NOT NULL {changeSet=migration/node-core.changelog-v4.xml::nullability::R3.Corda, databaseChangeLog=master.changelog.json}
?[m?[37m[INFO] 17:31:26,591 [driver-pool-thread-1] changelog.ChangeSet. - NOT NULL constraint has been added to node_message_retry.message {changeSet=migration/node-core.changelog-v4.xml::nullability::R3.Corda, databaseChangeLog=master.changelog.json}
?[m?[37m[INFO] 17:31:26,591 [driver-pool-thread-1] jvm.JdbcExecutor. - ALTER TABLE PUBLIC.node_message_retry ALTER COLUMN recipients SET NOT NULL {changeSet=migration/node-core.changelog-v4.xml::nullability::R3.Corda, databaseChangeLog=master.changelog.json}
?[m?[37m[INFO] 17:31:26,591 [driver-pool-thread-1] changelog.ChangeSet. - NOT NULL constraint has been added to node_message_retry.recipients {changeSet=migration/node-core.changelog-v4.xml::nullability::R3.Corda, databaseChangeLog=master.changelog.json}
?[m?[37m[INFO] 17:31:26,591 [driver-pool-thread-1] jvm.JdbcExecutor. - ALTER TABLE PUBLIC.node_named_identities ALTER COLUMN pk_hash SET NOT NULL {changeSet=migration/node-core.changelog-v4.xml::nullability::R3.Corda, databaseChangeLog=master.changelog.json}
?[m?[37m[INFO] 17:31:26,592 [driver-pool-thread-1] changelog.ChangeSet. - NOT NULL constraint has been added to node_named_identities.pk_hash {changeSet=migration/node-core.changelog-v4.xml::nullability::R3.Corda, databaseChangeLog=master.changelog.json}
?[m?[37m[INFO] 17:31:26,592 [driver-pool-thread-1] jvm.JdbcExecutor. - ALTER TABLE PUBLIC.node_our_key_pairs ALTER COLUMN private_key SET NOT NULL {changeSet=migration/node-core.changelog-v4.xml::nullability::R3.Corda, databaseChangeLog=master.changelog.json}
?[m?[37m[INFO] 17:31:26,593 [driver-pool-thread-1] changelog.ChangeSet. - NOT NULL constraint has been added to node_our_key_pairs.private_key {changeSet=migration/node-core.changelog-v4.xml::nullability::R3.Corda, databaseChangeLog=master.changelog.json}
?[m?[37m[INFO] 17:31:26,593 [driver-pool-thread-1] jvm.JdbcExecutor. - ALTER TABLE PUBLIC.node_our_key_pairs ALTER COLUMN public_key SET NOT NULL {changeSet=migration/node-core.changelog-v4.xml::nullability::R3.Corda, databaseChangeLog=master.changelog.json}
?[m?[37m[INFO] 17:31:26,593 [driver-pool-thread-1] changelog.ChangeSet. - NOT NULL constraint has been added to node_our_key_pairs.public_key {changeSet=migration/node-core.changelog-v4.xml::nullability::R3.Corda, databaseChangeLog=master.changelog.json}
?[m?[37m[INFO] 17:31:26,593 [driver-pool-thread-1] jvm.JdbcExecutor. - ALTER TABLE PUBLIC.node_transaction_mappings ALTER COLUMN state_machine_run_id SET NOT NULL {changeSet=migration/node-core.changelog-v4.xml::nullability::R3.Corda, databaseChangeLog=master.changelog.json}
?[m?[37m[INFO] 17:31:26,594 [driver-pool-thread-1] changelog.ChangeSet. - NOT NULL constraint has been added to node_transaction_mappings.state_machine_run_id {changeSet=migration/node-core.changelog-v4.xml::nullability::R3.Corda, databaseChangeLog=master.changelog.json}
?[m?[37m[INFO] 17:31:26,594 [driver-pool-thread-1] jvm.JdbcExecutor. - ALTER TABLE PUBLIC.node_transactions ALTER COLUMN transaction_value SET NOT NULL {changeSet=migration/node-core.changelog-v4.xml::nullability::R3.Corda, databaseChangeLog=master.changelog.json}
?[m?[37m[INFO] 17:31:26,594 [driver-pool-thread-1] changelog.ChangeSet. - NOT NULL constraint has been added to node_transactions.transaction_value {changeSet=migration/node-core.changelog-v4.xml::nullability::R3.Corda, databaseChangeLog=master.changelog.json}
?[m?[37m[INFO] 17:31:26,594 [driver-pool-thread-1] changelog.ChangeSet. - ChangeSet migration/node-core.changelog-v4.xml::nullability::R3.Corda ran successfully in 7ms {changeSet=migration/node-core.changelog-v4.xml::nullability::R3.Corda, databaseChangeLog=master.changelog.json}
?[m?[37m[INFO] 17:31:26,595 [driver-pool-thread-1] jvm.JdbcExecutor. - INSERT INTO PUBLIC.DATABASECHANGELOG (ID, AUTHOR, FILENAME, DATEEXECUTED, ORDEREXECUTED, MD5SUM, DESCRIPTION, COMMENTS, EXECTYPE, CONTEXTS, LABELS, LIQUIBASE, DEPLOYMENT_ID) VALUES ('nullability', 'R3.Corda', 'migration/node-core.changelog-v4.xml', NOW(), 69, '8:62ddcf64aece5dc383fa400ac8ccc392', 'addNotNullConstraint columnName=identity_value, tableName=node_identities; addNotNullConstraint columnName=content, tableName=node_attachments; addNotNullConstraint columnName=contract_class_name, tableName=node_attachments_contracts; addNotNullCo...', '', 'EXECUTED', NULL, NULL, '3.6.3', '7573086214') {changeSet=migration/node-core.changelog-v4.xml::nullability::R3.Corda, databaseChangeLog=master.changelog.json}
?[m?[37m[INFO] 17:31:26,596 [driver-pool-thread-1] jvm.JdbcExecutor. - DROP TABLE PUBLIC.node_message_retry {changeSet=migration/node-core.changelog-v5.xml::remove_unused_node_message_retry::R3.Corda, databaseChangeLog=master.changelog.json}
?[m?[37m[INFO] 17:31:26,599 [driver-pool-thread-1] changelog.ChangeSet. - Table node_message_retry dropped {changeSet=migration/node-core.changelog-v5.xml::remove_unused_node_message_retry::R3.Corda, databaseChangeLog=master.changelog.json}
?[m?[37m[INFO] 17:31:26,599 [driver-pool-thread-1] changelog.ChangeSet. - ChangeSet migration/node-core.changelog-v5.xml::remove_unused_node_message_retry::R3.Corda ran successfully in 3ms {changeSet=migration/node-core.changelog-v5.xml::remove_unused_node_message_retry::R3.Corda, databaseChangeLog=master.changelog.json}
?[m?[37m[INFO] 17:31:26,600 [driver-pool-thread-1] jvm.JdbcExecutor. - INSERT INTO PUBLIC.DATABASECHANGELOG (ID, AUTHOR, FILENAME, DATEEXECUTED, ORDEREXECUTED, MD5SUM, DESCRIPTION, COMMENTS, EXECTYPE, CONTEXTS, LABELS, LIQUIBASE, DEPLOYMENT_ID) VALUES ('remove_unused_node_message_retry', 'R3.Corda', 'migration/node-core.changelog-v5.xml', NOW(), 70, '8:7f43b1a30ed49119520e7d14de6b57bd', 'dropTable tableName=node_message_retry', '', 'EXECUTED', NULL, NULL, '3.6.3', '7573086214') {changeSet=migration/node-core.changelog-v5.xml::remove_unused_node_message_retry::R3.Corda, databaseChangeLog=master.changelog.json}
?[m?[37m[INFO] 17:31:26,601 [driver-pool-thread-1] jvm.JdbcExecutor. - INSERT INTO PUBLIC.DATABASECHANGELOG (ID, AUTHOR, FILENAME, DATEEXECUTED, ORDEREXECUTED, MD5SUM, DESCRIPTION, COMMENTS, EXECTYPE, CONTEXTS, LABELS, LIQUIBASE, DEPLOYMENT_ID) VALUES ('non-clustered_pk-1', 'R3.Corda', 'migration/node-core.changelog-pkey.xml', NOW(), 71, '8:fc341b0d5ff080f0093d8a528299de25', 'dropPrimaryKey constraintName=node_checkpoints_pkey, tableName=node_checkpoints; addPrimaryKey constraintName=node_checkpoints_pkey, tableName=node_checkpoints', '', 'MARK_RAN', NULL, NULL, '3.6.3', '7573086214') {changeSet=migration/node-core.changelog-pkey.xml::non-clustered_pk-1::R3.Corda, databaseChangeLog=master.changelog.json}
?[m?[37m[INFO] 17:31:26,602 [driver-pool-thread-1] jvm.JdbcExecutor. - INSERT INTO PUBLIC.DATABASECHANGELOG (ID, AUTHOR, FILENAME, DATEEXECUTED, ORDEREXECUTED, MD5SUM, DESCRIPTION, COMMENTS, EXECTYPE, CONTEXTS, LABELS, LIQUIBASE, DEPLOYMENT_ID) VALUES ('non-clustered_pk-2', 'R3.Corda', 'migration/node-core.changelog-pkey.xml', NOW(), 72, '8:438db96910ca09a1e8910e74fe31d943', 'dropPrimaryKey constraintName=node_identities_pkey, tableName=node_identities; addPrimaryKey constraintName=node_identities_pkey, tableName=node_identities', '', 'MARK_RAN', NULL, NULL, '3.6.3', '7573086214') {changeSet=migration/node-core.changelog-pkey.xml::non-clustered_pk-2::R3.Corda, databaseChangeLog=master.changelog.json}
?[m?[37m[INFO] 17:31:26,603 [driver-pool-thread-1] jvm.JdbcExecutor. - INSERT INTO PUBLIC.DATABASECHANGELOG (ID, AUTHOR, FILENAME, DATEEXECUTED, ORDEREXECUTED, MD5SUM, DESCRIPTION, COMMENTS, EXECTYPE, CONTEXTS, LABELS, LIQUIBASE, DEPLOYMENT_ID) VALUES ('non-clustered_pk-3', 'R3.Corda', 'migration/node-core.changelog-pkey.xml', NOW(), 73, '8:b02515ba3eb419e880a62ad581d57d9a', 'dropPrimaryKey constraintName=node_message_ids_pkey, tableName=node_message_ids; addPrimaryKey constraintName=node_message_ids_pkey, tableName=node_message_ids', '', 'MARK_RAN', NULL, NULL, '3.6.3', '7573086214') {changeSet=migration/node-core.changelog-pkey.xml::non-clustered_pk-3::R3.Corda, databaseChangeLog=master.changelog.json}
?[m?[37m[INFO] 17:31:26,605 [driver-pool-thread-1] jvm.JdbcExecutor. - INSERT INTO PUBLIC.DATABASECHANGELOG (ID, AUTHOR, FILENAME, DATEEXECUTED, ORDEREXECUTED, MD5SUM, DESCRIPTION, COMMENTS, EXECTYPE, CONTEXTS, LABELS, LIQUIBASE, DEPLOYMENT_ID) VALUES ('non-clustered_pk-4', 'R3.Corda', 'migration/node-core.changelog-pkey.xml', NOW(), 74, '8:9a733c73c5a8ca979384c41d59473644', 'dropPrimaryKey constraintName=node_named_identities_pkey, tableName=node_named_identities; addPrimaryKey constraintName=node_named_identities_pkey, tableName=node_named_identities', '', 'MARK_RAN', NULL, NULL, '3.6.3', '7573086214') {changeSet=migration/node-core.changelog-pkey.xml::non-clustered_pk-4::R3.Corda, databaseChangeLog=master.changelog.json}
?[m?[37m[INFO] 17:31:26,607 [driver-pool-thread-1] jvm.JdbcExecutor. - INSERT INTO PUBLIC.DATABASECHANGELOG (ID, AUTHOR, FILENAME, DATEEXECUTED, ORDEREXECUTED, MD5SUM, DESCRIPTION, COMMENTS, EXECTYPE, CONTEXTS, LABELS, LIQUIBASE, DEPLOYMENT_ID) VALUES ('non-clustered_pk-5', 'R3.Corda', 'migration/node-core.changelog-pkey.xml', NOW(), 75, '8:48cf4a4dad77b6a8f7c3c73c09cc3959', 'dropPrimaryKey constraintName=node_our_key_pairs_pkey, tableName=node_our_key_pairs; addPrimaryKey constraintName=node_our_key_pairs_pkey, tableName=node_our_key_pairs', '', 'MARK_RAN', NULL, NULL, '3.6.3', '7573086214') {changeSet=migration/node-core.changelog-pkey.xml::non-clustered_pk-5::R3.Corda, databaseChangeLog=master.changelog.json}
?[m?[37m[INFO] 17:31:26,608 [driver-pool-thread-1] jvm.JdbcExecutor. - INSERT INTO PUBLIC.DATABASECHANGELOG (ID, AUTHOR, FILENAME, DATEEXECUTED, ORDEREXECUTED, MD5SUM, DESCRIPTION, COMMENTS, EXECTYPE, CONTEXTS, LABELS, LIQUIBASE, DEPLOYMENT_ID) VALUES ('non-clustered_pk-6', 'R3.Corda', 'migration/node-core.changelog-pkey.xml', NOW(), 76, '8:25c5581ce04f688ea83704ffa44bab8e', 'dropPrimaryKey constraintName=node_transaction_mappings_pkey, tableName=node_transaction_mappings; addPrimaryKey constraintName=node_transaction_mappings_pkey, tableName=node_transaction_mappings', '', 'MARK_RAN', NULL, NULL, '3.6.3', '7573086214') {changeSet=migration/node-core.changelog-pkey.xml::non-clustered_pk-6::R3.Corda, databaseChangeLog=master.changelog.json}
?[m?[37m[INFO] 17:31:26,609 [driver-pool-thread-1] jvm.JdbcExecutor. - INSERT INTO PUBLIC.DATABASECHANGELOG (ID, AUTHOR, FILENAME, DATEEXECUTED, ORDEREXECUTED, MD5SUM, DESCRIPTION, COMMENTS, EXECTYPE, CONTEXTS, LABELS, LIQUIBASE, DEPLOYMENT_ID) VALUES ('non-clustered_pk-7', 'R3.Corda', 'migration/node-core.changelog-pkey.xml', NOW(), 77, '8:64773359f27e2f85fe6df6097823ce69', 'dropPrimaryKey constraintName=node_transactions_pkey, tableName=node_transactions; addPrimaryKey constraintName=node_transactions_pkey, tableName=node_transactions', '', 'MARK_RAN', NULL, NULL, '3.6.3', '7573086214') {changeSet=migration/node-core.changelog-pkey.xml::non-clustered_pk-7::R3.Corda, databaseChangeLog=master.changelog.json}
?[m?[37m[INFO] 17:31:26,627 [driver-pool-thread-1] changelog.ChangeSet. - Marking ChangeSet: migration/node-core.changelog-v8.xml::conditional_attchments_rename::R3.Corda ran despite precondition failure due to onFail='MARK_RAN': 
          master.changelog.json : Table PUBLIC.NODE_ATTCHMENTS_CONTRACTS does not exist
 {changeSet=migration/node-core.changelog-v8.xml::conditional_attchments_rename::R3.Corda, databaseChangeLog=master.changelog.json}
?[m?[37m[INFO] 17:31:26,627 [driver-pool-thread-1] jvm.JdbcExecutor. - INSERT INTO PUBLIC.DATABASECHANGELOG (ID, AUTHOR, FILENAME, DATEEXECUTED, ORDEREXECUTED, MD5SUM, DESCRIPTION, COMMENTS, EXECTYPE, CONTEXTS, LABELS, LIQUIBASE, DEPLOYMENT_ID) VALUES ('conditional_attchments_rename', 'R3.Corda', 'migration/node-core.changelog-v8.xml', NOW(), 78, '8:114fc6d1775676ecf274989170741a5b', 'renameTable newTableName=NODE_ATTACHMENTS_CONTRACTS, oldTableName=NODE_ATTCHMENTS_CONTRACTS', '', 'MARK_RAN', NULL, NULL, '3.6.3', '7573086214') {changeSet=migration/node-core.changelog-v8.xml::conditional_attchments_rename::R3.Corda, databaseChangeLog=master.changelog.json}
?[m?[37m[INFO] 17:31:26,643 [driver-pool-thread-1] changelog.ChangeSet. - Marking ChangeSet: migration/node-core.changelog-v8.xml::conditional_attchments_contracts::R3.Corda ran despite precondition failure due to onFail='MARK_RAN': 
          master.changelog.json : Table PUBLIC.NODE_ATTACHMENTS_CONTRACT_CLASS_NAME does not exist
 {changeSet=migration/node-core.changelog-v8.xml::conditional_attchments_contracts::R3.Corda, databaseChangeLog=master.changelog.json}
?[m?[37m[INFO] 17:31:26,644 [driver-pool-thread-1] jvm.JdbcExecutor. - INSERT INTO PUBLIC.DATABASECHANGELOG (ID, AUTHOR, FILENAME, DATEEXECUTED, ORDEREXECUTED, MD5SUM, DESCRIPTION, COMMENTS, EXECTYPE, CONTEXTS, LABELS, LIQUIBASE, DEPLOYMENT_ID) VALUES ('conditional_attchments_contracts', 'R3.Corda', 'migration/node-core.changelog-v8.xml', NOW(), 79, '8:c26d868db33a85bdd25570b094635db5', 'renameTable newTableName=NODE_ATTACHMENTS_CONTRACTS, oldTableName=NODE_ATTACHMENTS_CONTRACT_CLASS_NAME', '', 'MARK_RAN', NULL, NULL, '3.6.3', '7573086214') {changeSet=migration/node-core.changelog-v8.xml::conditional_attchments_contracts::R3.Corda, databaseChangeLog=master.changelog.json}
?[m?[37m[INFO] 17:31:26,645 [driver-pool-thread-1] jvm.JdbcExecutor. - CREATE TABLE PUBLIC.node_attachments_signers (att_id NVARCHAR(255) NOT NULL, signer NVARCHAR(1024)) {changeSet=migration/node-core.changelog-v8.xml::add_signers::R3.Corda, databaseChangeLog=master.changelog.json}
?[m?[37m[INFO] 17:31:26,645 [driver-pool-thread-1] changelog.ChangeSet. - Table node_attachments_signers created {changeSet=migration/node-core.changelog-v8.xml::add_signers::R3.Corda, databaseChangeLog=master.changelog.json}
?[m?[37m[INFO] 17:31:26,645 [driver-pool-thread-1] jvm.JdbcExecutor. - ALTER TABLE PUBLIC.node_attachments_signers ADD CONSTRAINT FK__signers__attachments FOREIGN KEY (att_id) REFERENCES PUBLIC.node_attachments (att_id) {changeSet=migration/node-core.changelog-v8.xml::add_signers::R3.Corda, databaseChangeLog=master.changelog.json}
?[m?[37m[INFO] 17:31:26,647 [driver-pool-thread-1] changelog.ChangeSet. - Foreign key constraint added to node_attachments_signers (att_id) {changeSet=migration/node-core.changelog-v8.xml::add_signers::R3.Corda, databaseChangeLog=master.changelog.json}
?[m?[37m[INFO] 17:31:26,647 [driver-pool-thread-1] changelog.ChangeSet. - ChangeSet migration/node-core.changelog-v8.xml::add_signers::R3.Corda ran successfully in 3ms {changeSet=migration/node-core.changelog-v8.xml::add_signers::R3.Corda, databaseChangeLog=master.changelog.json}
?[m?[37m[INFO] 17:31:26,647 [driver-pool-thread-1] jvm.JdbcExecutor. - INSERT INTO PUBLIC.DATABASECHANGELOG (ID, AUTHOR, FILENAME, DATEEXECUTED, ORDEREXECUTED, MD5SUM, DESCRIPTION, COMMENTS, EXECTYPE, CONTEXTS, LABELS, LIQUIBASE, DEPLOYMENT_ID) VALUES ('add_signers', 'R3.Corda', 'migration/node-core.changelog-v8.xml', NOW(), 80, '8:6a033a579a3a8e11a35846d455833835', 'createTable tableName=node_attachments_signers; addForeignKeyConstraint baseTableName=node_attachments_signers, constraintName=FK__signers__attachments, referencedTableName=node_attachments', '', 'EXECUTED', NULL, NULL, '3.6.3', '7573086214') {changeSet=migration/node-core.changelog-v8.xml::add_signers::R3.Corda, databaseChangeLog=master.changelog.json}
?[m?[37m[INFO] 17:31:26,649 [driver-pool-thread-1] jvm.JdbcExecutor. - ALTER TABLE PUBLIC.node_transactions ADD state_machine_run_id NVARCHAR(36) {changeSet=migration/node-core.changelog-tx-mapping.xml::add_tx_mapping_column::R3.Corda, databaseChangeLog=master.changelog.json}
?[m?[37m[INFO] 17:31:26,651 [driver-pool-thread-1] changelog.ChangeSet. - Columns state_machine_run_id(NVARCHAR(36)) added to node_transactions {changeSet=migration/node-core.changelog-tx-mapping.xml::add_tx_mapping_column::R3.Corda, databaseChangeLog=master.changelog.json}
?[m?[37m[INFO] 17:31:26,652 [driver-pool-thread-1] jvm.JdbcExecutor. - update node_transactions set state_machine_run_id=(select state_machine_run_id from
            node_transaction_mappings where node_transactions.tx_id = node_transaction_mappings.tx_id) {changeSet=migration/node-core.changelog-tx-mapping.xml::add_tx_mapping_column::R3.Corda, databaseChangeLog=master.changelog.json}
?[m?[37m[INFO] 17:31:26,652 [driver-pool-thread-1] changelog.ChangeSet. - Custom SQL executed {changeSet=migration/node-core.changelog-tx-mapping.xml::add_tx_mapping_column::R3.Corda, databaseChangeLog=master.changelog.json}
?[m?[37m[INFO] 17:31:26,652 [driver-pool-thread-1] jvm.JdbcExecutor. - DROP TABLE PUBLIC.node_transaction_mappings {changeSet=migration/node-core.changelog-tx-mapping.xml::add_tx_mapping_column::R3.Corda, databaseChangeLog=master.changelog.json}
?[m?[37m[INFO] 17:31:26,653 [driver-pool-thread-1] changelog.ChangeSet. - Table node_transaction_mappings dropped {changeSet=migration/node-core.changelog-tx-mapping.xml::add_tx_mapping_column::R3.Corda, databaseChangeLog=master.changelog.json}
?[m?[37m[INFO] 17:31:26,653 [driver-pool-thread-1] changelog.ChangeSet. - ChangeSet migration/node-core.changelog-tx-mapping.xml::add_tx_mapping_column::R3.Corda ran successfully in 5ms {changeSet=migration/node-core.changelog-tx-mapping.xml::add_tx_mapping_column::R3.Corda, databaseChangeLog=master.changelog.json}
?[m?[37m[INFO] 17:31:26,654 [driver-pool-thread-1] jvm.JdbcExecutor. - INSERT INTO PUBLIC.DATABASECHANGELOG (ID, AUTHOR, FILENAME, DATEEXECUTED, ORDEREXECUTED, MD5SUM, DESCRIPTION, COMMENTS, EXECTYPE, CONTEXTS, LABELS, LIQUIBASE, DEPLOYMENT_ID) VALUES ('add_tx_mapping_column', 'R3.Corda', 'migration/node-core.changelog-tx-mapping.xml', NOW(), 81, '8:6d9d8484a635e932dd8e8f45db1b3d7e', 'addColumn tableName=node_transactions; sql; dropTable tableName=node_transaction_mappings', '', 'EXECUTED', NULL, NULL, '3.6.3', '7573086214') {changeSet=migration/node-core.changelog-tx-mapping.xml::add_tx_mapping_column::R3.Corda, databaseChangeLog=master.changelog.json}
?[m?[37m[INFO] 17:31:26,655 [driver-pool-thread-1] jvm.JdbcExecutor. - CREATE TABLE PUBLIC.node_network_parameters (hash NVARCHAR(130) NOT NULL, epoch INT NOT NULL, parameters_bytes BLOB NOT NULL, signature_bytes BLOB NOT NULL, cert BLOB NOT NULL, parent_cert_path BLOB NOT NULL) {changeSet=migration/node-services.changelog-init.xml::add_network_parameters_storage::R3.Corda, databaseChangeLog=master.changelog.json}
?[m?[37m[INFO] 17:31:26,655 [driver-pool-thread-1] changelog.ChangeSet. - Table node_network_parameters created {changeSet=migration/node-services.changelog-init.xml::add_network_parameters_storage::R3.Corda, databaseChangeLog=master.changelog.json}
?[m?[37m[INFO] 17:31:26,655 [driver-pool-thread-1] changelog.ChangeSet. - ChangeSet migration/node-services.changelog-init.xml::add_network_parameters_storage::R3.Corda ran successfully in 1ms {changeSet=migration/node-services.changelog-init.xml::add_network_parameters_storage::R3.Corda, databaseChangeLog=master.changelog.json}
?[m?[37m[INFO] 17:31:26,655 [driver-pool-thread-1] jvm.JdbcExecutor. - INSERT INTO PUBLIC.DATABASECHANGELOG (ID, AUTHOR, FILENAME, DATEEXECUTED, ORDEREXECUTED, MD5SUM, DESCRIPTION, COMMENTS, EXECTYPE, CONTEXTS, LABELS, LIQUIBASE, DEPLOYMENT_ID) VALUES ('add_network_parameters_storage', 'R3.Corda', 'migration/node-services.changelog-init.xml', NOW(), 82, '8:b448755ba392674254c59e2b9489140f', 'createTable tableName=node_network_parameters', '', 'EXECUTED', NULL, NULL, '3.6.3', '7573086214') {changeSet=migration/node-services.changelog-init.xml::add_network_parameters_storage::R3.Corda, databaseChangeLog=master.changelog.json}
?[m?[37m[INFO] 17:31:26,656 [driver-pool-thread-1] jvm.JdbcExecutor. - ALTER TABLE PUBLIC.node_network_parameters ADD CONSTRAINT node_network_parameters_pkey PRIMARY KEY (hash) {changeSet=migration/node-services.changelog-init.xml::network_parameters_pk::R3.Corda, databaseChangeLog=master.changelog.json}
?[m?[37m[INFO] 17:31:26,657 [driver-pool-thread-1] changelog.ChangeSet. - Primary key added to node_network_parameters (hash) {changeSet=migration/node-services.changelog-init.xml::network_parameters_pk::R3.Corda, databaseChangeLog=master.changelog.json}
?[m?[37m[INFO] 17:31:26,657 [driver-pool-thread-1] changelog.ChangeSet. - ChangeSet migration/node-services.changelog-init.xml::network_parameters_pk::R3.Corda ran successfully in 1ms {changeSet=migration/node-services.changelog-init.xml::network_parameters_pk::R3.Corda, databaseChangeLog=master.changelog.json}
?[m?[37m[INFO] 17:31:26,657 [driver-pool-thread-1] jvm.JdbcExecutor. - INSERT INTO PUBLIC.DATABASECHANGELOG (ID, AUTHOR, FILENAME, DATEEXECUTED, ORDEREXECUTED, MD5SUM, DESCRIPTION, COMMENTS, EXECTYPE, CONTEXTS, LABELS, LIQUIBASE, DEPLOYMENT_ID) VALUES ('network_parameters_pk', 'R3.Corda', 'migration/node-services.changelog-init.xml', NOW(), 83, '8:fc0358b8cab487b52558cd68d6feaf9e', 'addPrimaryKey constraintName=node_network_parameters_pkey, tableName=node_network_parameters', '', 'EXECUTED', NULL, NULL, '3.6.3', '7573086214') {changeSet=migration/node-services.changelog-init.xml::network_parameters_pk::R3.Corda, databaseChangeLog=master.changelog.json}
?[m?[37m[INFO] 17:31:26,659 [driver-pool-thread-1] jvm.JdbcExecutor. - ALTER TABLE PUBLIC.node_attachments ADD version INT {changeSet=migration/node-services.changelog-init.xml::add_version_column::R3.Corda, databaseChangeLog=master.changelog.json}
?[m?[37m[INFO] 17:31:26,663 [driver-pool-thread-1] changelog.ChangeSet. - Columns version(INT) added to node_attachments {changeSet=migration/node-services.changelog-init.xml::add_version_column::R3.Corda, databaseChangeLog=master.changelog.json}
?[m?[37m[INFO] 17:31:26,664 [driver-pool-thread-1] jvm.JdbcExecutor. - update node_attachments set version = 1 {changeSet=migration/node-services.changelog-init.xml::add_version_column::R3.Corda, databaseChangeLog=master.changelog.json}
?[m?[37m[INFO] 17:31:26,665 [driver-pool-thread-1] changelog.ChangeSet. - Custom SQL executed {changeSet=migration/node-services.changelog-init.xml::add_version_column::R3.Corda, databaseChangeLog=master.changelog.json}
?[m?[37m[INFO] 17:31:26,665 [driver-pool-thread-1] jvm.JdbcExecutor. - ALTER TABLE PUBLIC.node_attachments ALTER COLUMN version SET NOT NULL {changeSet=migration/node-services.changelog-init.xml::add_version_column::R3.Corda, databaseChangeLog=master.changelog.json}
?[m?[37m[INFO] 17:31:26,667 [driver-pool-thread-1] changelog.ChangeSet. - NOT NULL constraint has been added to node_attachments.version {changeSet=migration/node-services.changelog-init.xml::add_version_column::R3.Corda, databaseChangeLog=master.changelog.json}
?[m?[37m[INFO] 17:31:26,667 [driver-pool-thread-1] changelog.ChangeSet. - ChangeSet migration/node-services.changelog-init.xml::add_version_column::R3.Corda ran successfully in 9ms {changeSet=migration/node-services.changelog-init.xml::add_version_column::R3.Corda, databaseChangeLog=master.changelog.json}
?[m?[37m[INFO] 17:31:26,668 [driver-pool-thread-1] jvm.JdbcExecutor. - INSERT INTO PUBLIC.DATABASECHANGELOG (ID, AUTHOR, FILENAME, DATEEXECUTED, ORDEREXECUTED, MD5SUM, DESCRIPTION, COMMENTS, EXECTYPE, CONTEXTS, LABELS, LIQUIBASE, DEPLOYMENT_ID) VALUES ('add_version_column', 'R3.Corda', 'migration/node-services.changelog-init.xml', NOW(), 84, '8:ab6a3101d1da88b0f174ccc06a62feef', 'addColumn tableName=node_attachments; sql; addNotNullConstraint columnName=version, tableName=node_attachments', '', 'EXECUTED', NULL, NULL, '3.6.3', '7573086214') {changeSet=migration/node-services.changelog-init.xml::add_version_column::R3.Corda, databaseChangeLog=master.changelog.json}
?[m?[37m[INFO] 17:31:26,669 [driver-pool-thread-1] persistence.AttachmentVersionNumberMigration. - Start executing... {changeSet=migration/node-services.changelog-init.xml::update-version-of-whitelisted-jars::R3.Corda, databaseChangeLog=master.changelog.json}
?[m?[37m[INFO] 17:31:26,675 [driver-pool-thread-1] persistence.AttachmentVersionNumberMigration. - Attachment version creation from whitelisted JARs using network parameters from /Users/garryjackson/Documents/GitHub/quickstart/quickstart-swisspost/workflows/build/node-driver/20200422-163119.336/NotaryService/network-parameters, whitelistedContractImplementations: {}. {changeSet=migration/node-services.changelog-init.xml::update-version-of-whitelisted-jars::R3.Corda, databaseChangeLog=master.changelog.json}
?[m?[37m[INFO] 17:31:26,675 [driver-pool-thread-1] persistence.AttachmentVersionNumberMigration. - Attachment version creation from whitelisted JARs skipped, no attachments not found. {changeSet=migration/node-services.changelog-init.xml::update-version-of-whitelisted-jars::R3.Corda, databaseChangeLog=master.changelog.json}
?[m?[37m[INFO] 17:31:26,675 [driver-pool-thread-1] changelog.ChangeSet. - null {changeSet=migration/node-services.changelog-init.xml::update-version-of-whitelisted-jars::R3.Corda, databaseChangeLog=master.changelog.json}
?[m?[37m[INFO] 17:31:26,675 [driver-pool-thread-1] changelog.ChangeSet. - ChangeSet migration/node-services.changelog-init.xml::update-version-of-whitelisted-jars::R3.Corda ran successfully in 6ms {changeSet=migration/node-services.changelog-init.xml::update-version-of-whitelisted-jars::R3.Corda, databaseChangeLog=master.changelog.json}
?[m?[37m[INFO] 17:31:26,676 [driver-pool-thread-1] jvm.JdbcExecutor. - INSERT INTO PUBLIC.DATABASECHANGELOG (ID, AUTHOR, FILENAME, DATEEXECUTED, ORDEREXECUTED, MD5SUM, DESCRIPTION, COMMENTS, EXECTYPE, CONTEXTS, LABELS, LIQUIBASE, DEPLOYMENT_ID) VALUES ('update-version-of-whitelisted-jars', 'R3.Corda', 'migration/node-services.changelog-init.xml', NOW(), 85, '8:1d4174a12a4902070f6bf2ba624b0e97', 'customChange', '', 'EXECUTED', NULL, NULL, '3.6.3', '7573086214') {changeSet=migration/node-services.changelog-init.xml::update-version-of-whitelisted-jars::R3.Corda, databaseChangeLog=master.changelog.json}
?[m?[37m[INFO] 17:31:26,677 [driver-pool-thread-1] jvm.JdbcExecutor. - CREATE TABLE PUBLIC.node_identities_no_cert (pk_hash NVARCHAR(130) NOT NULL, name NVARCHAR(128) NOT NULL) {changeSet=migration/node-services.changelog-init.xml::add-new-persistence-table::R3.Corda, databaseChangeLog=master.changelog.json}
?[m?[37m[INFO] 17:31:26,678 [driver-pool-thread-1] changelog.ChangeSet. - Table node_identities_no_cert created {changeSet=migration/node-services.changelog-init.xml::add-new-persistence-table::R3.Corda, databaseChangeLog=master.changelog.json}
?[m?[37m[INFO] 17:31:26,678 [driver-pool-thread-1] jvm.JdbcExecutor. - ALTER TABLE PUBLIC.node_identities_no_cert ADD CONSTRAINT node_identities_no_cert_pkey PRIMARY KEY (pk_hash) {changeSet=migration/node-services.changelog-init.xml::add-new-persistence-table::R3.Corda, databaseChangeLog=master.changelog.json}
?[m?[37m[INFO] 17:31:26,679 [driver-pool-thread-1] changelog.ChangeSet. - Primary key added to node_identities_no_cert (pk_hash) {changeSet=migration/node-services.changelog-init.xml::add-new-persistence-table::R3.Corda, databaseChangeLog=master.changelog.json}
?[m?[37m[INFO] 17:31:26,679 [driver-pool-thread-1] changelog.ChangeSet. - ChangeSet migration/node-services.changelog-init.xml::add-new-persistence-table::R3.Corda ran successfully in 3ms {changeSet=migration/node-services.changelog-init.xml::add-new-persistence-table::R3.Corda, databaseChangeLog=master.changelog.json}
?[m?[37m[INFO] 17:31:26,680 [driver-pool-thread-1] jvm.JdbcExecutor. - INSERT INTO PUBLIC.DATABASECHANGELOG (ID, AUTHOR, FILENAME, DATEEXECUTED, ORDEREXECUTED, MD5SUM, DESCRIPTION, COMMENTS, EXECTYPE, CONTEXTS, LABELS, LIQUIBASE, DEPLOYMENT_ID) VALUES ('add-new-persistence-table', 'R3.Corda', 'migration/node-services.changelog-init.xml', NOW(), 86, '8:cb3302a80bf346270e0d8f3509c64a9b', 'createTable tableName=node_identities_no_cert; addPrimaryKey constraintName=node_identities_no_cert_pkey, tableName=node_identities_no_cert', '', 'EXECUTED', NULL, NULL, '3.6.3', '7573086214') {changeSet=migration/node-services.changelog-init.xml::add-new-persistence-table::R3.Corda, databaseChangeLog=master.changelog.json}
?[m?[37m[INFO] 17:31:26,682 [driver-pool-thread-1] jvm.JdbcExecutor. - ALTER TABLE PUBLIC.pk_hash_to_ext_id_map DROP COLUMN id {changeSet=migration/node-services.changelog-init.xml::migrate_pk_hash_to_ext_id::R3.Corda, databaseChangeLog=master.changelog.json}
?[m?[37m[INFO] 17:31:26,689 [driver-pool-thread-1] changelog.ChangeSet. - Column pk_hash_to_ext_id_map.id dropped {changeSet=migration/node-services.changelog-init.xml::migrate_pk_hash_to_ext_id::R3.Corda, databaseChangeLog=master.changelog.json}
?[m?[37m[INFO] 17:31:26,689 [driver-pool-thread-1] jvm.JdbcExecutor. - DROP INDEX PUBLIC.pk_hash_to_xid_idx {changeSet=migration/node-services.changelog-init.xml::migrate_pk_hash_to_ext_id::R3.Corda, databaseChangeLog=master.changelog.json}
?[m?[37m[INFO] 17:31:26,689 [driver-pool-thread-1] changelog.ChangeSet. - Index pk_hash_to_xid_idx dropped from table pk_hash_to_ext_id_map {changeSet=migration/node-services.changelog-init.xml::migrate_pk_hash_to_ext_id::R3.Corda, databaseChangeLog=master.changelog.json}
?[m?[37m[INFO] 17:31:26,689 [driver-pool-thread-1] jvm.JdbcExecutor. - ALTER TABLE PUBLIC.pk_hash_to_ext_id_map ADD CONSTRAINT pubkey_hash_to_external_id_pk PRIMARY KEY (public_key_hash) {changeSet=migration/node-services.changelog-init.xml::migrate_pk_hash_to_ext_id::R3.Corda, databaseChangeLog=master.changelog.json}
?[m?[37m[INFO] 17:31:26,690 [driver-pool-thread-1] changelog.ChangeSet. - Primary key added to pk_hash_to_ext_id_map (public_key_hash) {changeSet=migration/node-services.changelog-init.xml::migrate_pk_hash_to_ext_id::R3.Corda, databaseChangeLog=master.changelog.json}
?[m?[37m[INFO] 17:31:26,691 [driver-pool-thread-1] jvm.JdbcExecutor. - CREATE INDEX PUBLIC.ext_id_idx ON PUBLIC.pk_hash_to_ext_id_map(external_id) {changeSet=migration/node-services.changelog-init.xml::migrate_pk_hash_to_ext_id::R3.Corda, databaseChangeLog=master.changelog.json}
?[m?[37m[INFO] 17:31:26,691 [driver-pool-thread-1] changelog.ChangeSet. - Index ext_id_idx created {changeSet=migration/node-services.changelog-init.xml::migrate_pk_hash_to_ext_id::R3.Corda, databaseChangeLog=master.changelog.json}
?[m?[37m[INFO] 17:31:26,692 [driver-pool-thread-1] changelog.ChangeSet. - ChangeSet migration/node-services.changelog-init.xml::migrate_pk_hash_to_ext_id::R3.Corda ran successfully in 11ms {changeSet=migration/node-services.changelog-init.xml::migrate_pk_hash_to_ext_id::R3.Corda, databaseChangeLog=master.changelog.json}
?[m?[37m[INFO] 17:31:26,694 [driver-pool-thread-1] jvm.JdbcExecutor. - INSERT INTO PUBLIC.DATABASECHANGELOG (ID, AUTHOR, FILENAME, DATEEXECUTED, ORDEREXECUTED, MD5SUM, DESCRIPTION, COMMENTS, EXECTYPE, CONTEXTS, LABELS, LIQUIBASE, DEPLOYMENT_ID) VALUES ('migrate_pk_hash_to_ext_id', 'R3.Corda', 'migration/node-services.changelog-init.xml', NOW(), 87, '8:daf9ba8b9522b5ed5e0c474f220a5ef9', 'dropColumn columnName=id, tableName=pk_hash_to_ext_id_map; dropIndex indexName=pk_hash_to_xid_idx, tableName=pk_hash_to_ext_id_map; addPrimaryKey constraintName=pubkey_hash_to_external_id_pk, tableName=pk_hash_to_ext_id_map; createIndex indexName=...', '', 'EXECUTED', NULL, NULL, '3.6.3', '7573086214') {changeSet=migration/node-services.changelog-init.xml::migrate_pk_hash_to_ext_id::R3.Corda, databaseChangeLog=master.changelog.json}
?[m?[37m[INFO] 17:31:26,710 [driver-pool-thread-1] changelog.ChangeSet. - null {changeSet=migration/node-services.changelog-init.xml::migrate_identity_service_to_use_publicKey.toShortString()::R3.Corda, databaseChangeLog=master.changelog.json}
?[m?[37m[INFO] 17:31:26,710 [driver-pool-thread-1] changelog.ChangeSet. - ChangeSet migration/node-services.changelog-init.xml::migrate_identity_service_to_use_publicKey.toShortString()::R3.Corda ran successfully in 14ms {changeSet=migration/node-services.changelog-init.xml::migrate_identity_service_to_use_publicKey.toShortString()::R3.Corda, databaseChangeLog=master.changelog.json}
?[m?[37m[INFO] 17:31:26,711 [driver-pool-thread-1] jvm.JdbcExecutor. - INSERT INTO PUBLIC.DATABASECHANGELOG (ID, AUTHOR, FILENAME, DATEEXECUTED, ORDEREXECUTED, MD5SUM, DESCRIPTION, COMMENTS, EXECTYPE, CONTEXTS, LABELS, LIQUIBASE, DEPLOYMENT_ID) VALUES ('migrate_identity_service_to_use_publicKey.toShortString()', 'R3.Corda', 'migration/node-services.changelog-init.xml', NOW(), 88, '8:51a17ecff2c7f17e1502992fdda4356d', 'customChange', '', 'EXECUTED', NULL, NULL, '3.6.3', '7573086214') {changeSet=migration/node-services.changelog-init.xml::migrate_identity_service_to_use_publicKey.toShortString()::R3.Corda, databaseChangeLog=master.changelog.json}
?[m?[37m[INFO] 17:31:26,713 [driver-pool-thread-1] jvm.JdbcExecutor. - ALTER TABLE PUBLIC.node_transactions ADD status NVARCHAR(1) DEFAULT 'V' NOT NULL {changeSet=migration/node-services.changelog-init.xml::add_status_column::R3.Corda, databaseChangeLog=master.changelog.json}
?[m?[37m[INFO] 17:31:26,717 [driver-pool-thread-1] changelog.ChangeSet. - Columns status(NVARCHAR(1)) added to node_transactions {changeSet=migration/node-services.changelog-init.xml::add_status_column::R3.Corda, databaseChangeLog=master.changelog.json}
?[m?[37m[INFO] 17:31:26,717 [driver-pool-thread-1] changelog.ChangeSet. - ChangeSet migration/node-services.changelog-init.xml::add_status_column::R3.Corda ran successfully in 5ms {changeSet=migration/node-services.changelog-init.xml::add_status_column::R3.Corda, databaseChangeLog=master.changelog.json}
?[m?[37m[INFO] 17:31:26,719 [driver-pool-thread-1] jvm.JdbcExecutor. - INSERT INTO PUBLIC.DATABASECHANGELOG (ID, AUTHOR, FILENAME, DATEEXECUTED, ORDEREXECUTED, MD5SUM, DESCRIPTION, COMMENTS, EXECTYPE, CONTEXTS, LABELS, LIQUIBASE, DEPLOYMENT_ID) VALUES ('add_status_column', 'R3.Corda', 'migration/node-services.changelog-init.xml', NOW(), 89, '8:163dc66ab97910470ce080cd4c4d33ef', 'addColumn tableName=node_transactions', '', 'EXECUTED', NULL, NULL, '3.6.3', '7573086214') {changeSet=migration/node-services.changelog-init.xml::add_status_column::R3.Corda, databaseChangeLog=master.changelog.json}
?[m?[37m[INFO] 17:31:26,721 [driver-pool-thread-1] jvm.JdbcExecutor. - CREATE TABLE PUBLIC.node_hash_to_key (pk_hash NVARCHAR(130) NOT NULL, public_key BLOB NOT NULL) {changeSet=migration/node-services.changelog-init.xml::add-new-pk-hash-to-pk-table::R3.Corda, databaseChangeLog=master.changelog.json}
?[m?[37m[INFO] 17:31:26,722 [driver-pool-thread-1] changelog.ChangeSet. - Table node_hash_to_key created {changeSet=migration/node-services.changelog-init.xml::add-new-pk-hash-to-pk-table::R3.Corda, databaseChangeLog=master.changelog.json}
?[m?[37m[INFO] 17:31:26,723 [driver-pool-thread-1] jvm.JdbcExecutor. - ALTER TABLE PUBLIC.node_hash_to_key ADD CONSTRAINT node_hash_to_key_pk_hash PRIMARY KEY (pk_hash) {changeSet=migration/node-services.changelog-init.xml::add-new-pk-hash-to-pk-table::R3.Corda, databaseChangeLog=master.changelog.json}
?[m?[37m[INFO] 17:31:26,724 [driver-pool-thread-1] changelog.ChangeSet. - Primary key added to node_hash_to_key (pk_hash) {changeSet=migration/node-services.changelog-init.xml::add-new-pk-hash-to-pk-table::R3.Corda, databaseChangeLog=master.changelog.json}
?[m?[37m[INFO] 17:31:26,724 [driver-pool-thread-1] changelog.ChangeSet. - ChangeSet migration/node-services.changelog-init.xml::add-new-pk-hash-to-pk-table::R3.Corda ran successfully in 4ms {changeSet=migration/node-services.changelog-init.xml::add-new-pk-hash-to-pk-table::R3.Corda, databaseChangeLog=master.changelog.json}
?[m?[37m[INFO] 17:31:26,725 [driver-pool-thread-1] jvm.JdbcExecutor. - INSERT INTO PUBLIC.DATABASECHANGELOG (ID, AUTHOR, FILENAME, DATEEXECUTED, ORDEREXECUTED, MD5SUM, DESCRIPTION, COMMENTS, EXECTYPE, CONTEXTS, LABELS, LIQUIBASE, DEPLOYMENT_ID) VALUES ('add-new-pk-hash-to-pk-table', 'R3.Corda', 'migration/node-services.changelog-init.xml', NOW(), 90, '8:90ed8145a19f497b5c95a5c9542917f0', 'createTable tableName=node_hash_to_key; addPrimaryKey constraintName=node_hash_to_key_pk_hash, tableName=node_hash_to_key', '', 'EXECUTED', NULL, NULL, '3.6.3', '7573086214') {changeSet=migration/node-services.changelog-init.xml::add-new-pk-hash-to-pk-table::R3.Corda, databaseChangeLog=master.changelog.json}
?[m?[37m[INFO] 17:31:26,733 [driver-pool-thread-1] jvm.JdbcExecutor. - ALTER TABLE PUBLIC.node_transactions ADD timestamp TIMESTAMP DEFAULT '2000-01-01 12:00:00' NOT NULL {changeSet=migration/node-services.changelog-init.xml::add_timestamp_column_to_node_transactions::R3.Corda, databaseChangeLog=master.changelog.json}
?[m?[37m[INFO] 17:31:26,736 [driver-pool-thread-1] changelog.ChangeSet. - Columns timestamp(TIMESTAMP) added to node_transactions {changeSet=migration/node-services.changelog-init.xml::add_timestamp_column_to_node_transactions::R3.Corda, databaseChangeLog=master.changelog.json}
?[m?[37m[INFO] 17:31:26,736 [driver-pool-thread-1] changelog.ChangeSet. - ChangeSet migration/node-services.changelog-init.xml::add_timestamp_column_to_node_transactions::R3.Corda ran successfully in 4ms {changeSet=migration/node-services.changelog-init.xml::add_timestamp_column_to_node_transactions::R3.Corda, databaseChangeLog=master.changelog.json}
?[m?[37m[INFO] 17:31:26,737 [driver-pool-thread-1] jvm.JdbcExecutor. - INSERT INTO PUBLIC.DATABASECHANGELOG (ID, AUTHOR, FILENAME, DATEEXECUTED, ORDEREXECUTED, MD5SUM, DESCRIPTION, COMMENTS, EXECTYPE, CONTEXTS, LABELS, LIQUIBASE, DEPLOYMENT_ID) VALUES ('add_timestamp_column_to_node_transactions', 'R3.Corda', 'migration/node-services.changelog-init.xml', NOW(), 91, '8:bc308c6c38c83b58a03f11f0943a944f', 'addColumn tableName=node_transactions', '', 'EXECUTED', NULL, NULL, '3.6.3', '7573086214') {changeSet=migration/node-services.changelog-init.xml::add_timestamp_column_to_node_transactions::R3.Corda, databaseChangeLog=master.changelog.json}
?[m?[37m[INFO] 17:31:26,738 [driver-pool-thread-1] migration.VaultStateMigration. - Migrating vault state data to V4 tables {changeSet=migration/vault-schema.changelog-v9.xml::update-vault-states::R3.Corda, databaseChangeLog=master.changelog.json}
?[m?[37m[INFO] 17:31:26,790 [driver-pool-thread-1] persistence.HibernateConfiguration. - Init HibernateConfiguration for schemas: [VaultMigrationSchemaV1(name=net.corda.node.migration.VaultMigrationSchema, version=1), VaultSchemaV1(name=net.corda.node.services.vault.VaultSchema, version=1)] {changeSet=migration/vault-schema.changelog-v9.xml::update-vault-states::R3.Corda, databaseChangeLog=master.changelog.json}
?[m?[37m[INFO] 17:31:26,796 [driver-pool-thread-1] persistence.HibernateConfiguration. - Creating session factory for schemas: [VaultMigrationSchemaV1(name=net.corda.node.migration.VaultMigrationSchema, version=1), VaultSchemaV1(name=net.corda.node.services.vault.VaultSchema, version=1)] {changeSet=migration/vault-schema.changelog-v9.xml::update-vault-states::R3.Corda, databaseChangeLog=master.changelog.json}
?[m?[37m[INFO] 17:31:27,023 [driver-pool-thread-1] hibernate.Version. - HHH000412: Hibernate Core {5.4.3.Final} {changeSet=migration/vault-schema.changelog-v9.xml::update-vault-states::R3.Corda, databaseChangeLog=master.changelog.json}
?[m?[37m[INFO] 17:31:27,453 [driver-pool-thread-1] common.Version. - HCANN000001: Hibernate Commons Annotations {5.1.0.Final} {changeSet=migration/vault-schema.changelog-v9.xml::update-vault-states::R3.Corda, databaseChangeLog=master.changelog.json}
?[m?[37m[INFO] 17:31:27,719 [driver-pool-thread-1] internal.ConnectionProviderInitiator. - HHH000130: Instantiating explicit connection provider: net.corda.nodeapi.internal.persistence.HibernateConfiguration$NodeDatabaseConnectionProvider {changeSet=migration/vault-schema.changelog-v9.xml::update-vault-states::R3.Corda, databaseChangeLog=master.changelog.json}
?[m?[37m[INFO] 17:31:27,749 [driver-pool-thread-1] dialect.Dialect. - HHH000400: Using dialect: org.hibernate.dialect.H2Dialect {changeSet=migration/vault-schema.changelog-v9.xml::update-vault-states::R3.Corda, databaseChangeLog=master.changelog.json}
?[m?[37m[INFO] 17:31:29,154 [driver-pool-thread-1] connections.access. - HHH10001501: Connection obtained from JdbcConnectionAccess [org.hibernate.engine.jdbc.env.internal.JdbcEnvironmentInitiator$ConnectionProviderJdbcConnectionAccess@69302ce5] for (non-JTA) DDL execution was not in auto-commit mode; the Connection 'local transaction' will be committed and the Connection will be set into auto-commit mode. {changeSet=migration/vault-schema.changelog-v9.xml::update-vault-states::R3.Corda, databaseChangeLog=master.changelog.json}
?[m?[37m[INFO] 17:31:29,240 [driver-pool-thread-1] internal.JtaPlatformInitiator. - HHH000490: Using JtaPlatform implementation: [org.hibernate.engine.transaction.jta.platform.internal.NoJtaPlatform] {changeSet=migration/vault-schema.changelog-v9.xml::update-vault-states::R3.Corda, databaseChangeLog=master.changelog.json}
?[m?[37m[INFO] 17:31:29,248 [driver-pool-thread-1] persistence.HibernateConfiguration. - Created session factory for schemas: [VaultMigrationSchemaV1(name=net.corda.node.migration.VaultMigrationSchema, version=1), VaultSchemaV1(name=net.corda.node.services.vault.VaultSchema, version=1)] {changeSet=migration/vault-schema.changelog-v9.xml::update-vault-states::R3.Corda, databaseChangeLog=master.changelog.json}
?[m?[37m[INFO] 17:31:29,801 [driver-pool-thread-1] migration.VaultStateMigration. - Finished performing vault state data migration for 0 states {changeSet=migration/vault-schema.changelog-v9.xml::update-vault-states::R3.Corda, databaseChangeLog=master.changelog.json}
?[m?[37m[INFO] 17:31:29,801 [driver-pool-thread-1] changelog.ChangeSet. - null {changeSet=migration/vault-schema.changelog-v9.xml::update-vault-states::R3.Corda, databaseChangeLog=master.changelog.json}
?[m?[37m[INFO] 17:31:29,801 [driver-pool-thread-1] changelog.ChangeSet. - ChangeSet migration/vault-schema.changelog-v9.xml::update-vault-states::R3.Corda ran successfully in 3063ms {changeSet=migration/vault-schema.changelog-v9.xml::update-vault-states::R3.Corda, databaseChangeLog=master.changelog.json}
?[m?[37m[INFO] 17:31:29,802 [driver-pool-thread-1] jvm.JdbcExecutor. - INSERT INTO PUBLIC.DATABASECHANGELOG (ID, AUTHOR, FILENAME, DATEEXECUTED, ORDEREXECUTED, MD5SUM, DESCRIPTION, COMMENTS, EXECTYPE, CONTEXTS, LABELS, LIQUIBASE, DEPLOYMENT_ID) VALUES ('update-vault-states', 'R3.Corda', 'migration/vault-schema.changelog-v9.xml', NOW(), 92, '8:f8f4c73846280164daf6855e1ecf3cc6', 'customChange', '', 'EXECUTED', NULL, NULL, '3.6.3', '7573086214') {changeSet=migration/vault-schema.changelog-v9.xml::update-vault-states::R3.Corda, databaseChangeLog=master.changelog.json}
?[m?[37m[INFO] 17:31:29,803 [driver-pool-thread-1] migration.PersistentIdentityMigrationNewTable. - Migrating persistent identities with certificates table into persistent table with no certificate data. {changeSet=migration/node-services.changelog-init.xml::transfer-to-new-persistence-table::R3.Corda, databaseChangeLog=master.changelog.json}
?[m?[37m[INFO] 17:31:29,807 [driver-pool-thread-1] persistence.HibernateConfiguration. - Init HibernateConfiguration for schemas: [MappedSchema(name=net.corda.node.migration.PersistentIdentitiesMigrationSchema, version=1)] {changeSet=migration/node-services.changelog-init.xml::transfer-to-new-persistence-table::R3.Corda, databaseChangeLog=master.changelog.json}
?[m?[37m[INFO] 17:31:29,807 [driver-pool-thread-1] persistence.HibernateConfiguration. - Creating session factory for schemas: [MappedSchema(name=net.corda.node.migration.PersistentIdentitiesMigrationSchema, version=1)] {changeSet=migration/node-services.changelog-init.xml::transfer-to-new-persistence-table::R3.Corda, databaseChangeLog=master.changelog.json}
?[m?[37m[INFO] 17:31:29,814 [driver-pool-thread-1] internal.ConnectionProviderInitiator. - HHH000130: Instantiating explicit connection provider: net.corda.nodeapi.internal.persistence.HibernateConfiguration$NodeDatabaseConnectionProvider {changeSet=migration/node-services.changelog-init.xml::transfer-to-new-persistence-table::R3.Corda, databaseChangeLog=master.changelog.json}
?[m?[37m[INFO] 17:31:29,814 [driver-pool-thread-1] dialect.Dialect. - HHH000400: Using dialect: org.hibernate.dialect.H2Dialect {changeSet=migration/node-services.changelog-init.xml::transfer-to-new-persistence-table::R3.Corda, databaseChangeLog=master.changelog.json}
?[m?[37m[INFO] 17:31:29,848 [driver-pool-thread-1] connections.access. - HHH10001501: Connection obtained from JdbcConnectionAccess [org.hibernate.engine.jdbc.env.internal.JdbcEnvironmentInitiator$ConnectionProviderJdbcConnectionAccess@b75231d] for (non-JTA) DDL execution was not in auto-commit mode; the Connection 'local transaction' will be committed and the Connection will be set into auto-commit mode. {changeSet=migration/node-services.changelog-init.xml::transfer-to-new-persistence-table::R3.Corda, databaseChangeLog=master.changelog.json}
?[m?[37m[INFO] 17:31:29,877 [driver-pool-thread-1] internal.JtaPlatformInitiator. - HHH000490: Using JtaPlatform implementation: [org.hibernate.engine.transaction.jta.platform.internal.NoJtaPlatform] {changeSet=migration/node-services.changelog-init.xml::transfer-to-new-persistence-table::R3.Corda, databaseChangeLog=master.changelog.json}
?[m?[37m[INFO] 17:31:29,877 [driver-pool-thread-1] persistence.HibernateConfiguration. - Created session factory for schemas: [MappedSchema(name=net.corda.node.migration.PersistentIdentitiesMigrationSchema, version=1)] {changeSet=migration/node-services.changelog-init.xml::transfer-to-new-persistence-table::R3.Corda, databaseChangeLog=master.changelog.json}
?[m?[37m[INFO] 17:31:29,881 [driver-pool-thread-1] changelog.ChangeSet. - null {changeSet=migration/node-services.changelog-init.xml::transfer-to-new-persistence-table::R3.Corda, databaseChangeLog=master.changelog.json}
?[m?[37m[INFO] 17:31:29,881 [driver-pool-thread-1] changelog.ChangeSet. - ChangeSet migration/node-services.changelog-init.xml::transfer-to-new-persistence-table::R3.Corda ran successfully in 78ms {changeSet=migration/node-services.changelog-init.xml::transfer-to-new-persistence-table::R3.Corda, databaseChangeLog=master.changelog.json}
?[m?[37m[INFO] 17:31:29,881 [driver-pool-thread-1] jvm.JdbcExecutor. - INSERT INTO PUBLIC.DATABASECHANGELOG (ID, AUTHOR, FILENAME, DATEEXECUTED, ORDEREXECUTED, MD5SUM, DESCRIPTION, COMMENTS, EXECTYPE, CONTEXTS, LABELS, LIQUIBASE, DEPLOYMENT_ID) VALUES ('transfer-to-new-persistence-table', 'R3.Corda', 'migration/node-services.changelog-init.xml', NOW(), 93, '8:dc5c1913b593f4a2b95ddca810da11ba', 'customChange', '', 'EXECUTED', NULL, NULL, '3.6.3', '7573086214') {changeSet=migration/node-services.changelog-init.xml::transfer-to-new-persistence-table::R3.Corda, databaseChangeLog=master.changelog.json}
?[m?[37m[INFO] 17:31:29,882 [driver-pool-thread-1] jvm.JdbcExecutor. - CREATE TABLE PUBLIC.node_notary_committed_states (output_index INT NOT NULL, transaction_id NVARCHAR(64) NOT NULL, consuming_transaction_id NVARCHAR(64)) {changeSet=migration/node-services.changelog-init.xml::1511451595465-16::R3.Corda, databaseChangeLog=master.changelog.json}
?[m?[37m[INFO] 17:31:29,883 [driver-pool-thread-1] changelog.ChangeSet. - Table node_notary_committed_states created {changeSet=migration/node-services.changelog-init.xml::1511451595465-16::R3.Corda, databaseChangeLog=master.changelog.json}
?[m?[37m[INFO] 17:31:29,883 [driver-pool-thread-1] changelog.ChangeSet. - ChangeSet migration/node-services.changelog-init.xml::1511451595465-16::R3.Corda ran successfully in 1ms {changeSet=migration/node-services.changelog-init.xml::1511451595465-16::R3.Corda, databaseChangeLog=master.changelog.json}
?[m?[37m[INFO] 17:31:29,884 [driver-pool-thread-1] jvm.JdbcExecutor. - INSERT INTO PUBLIC.DATABASECHANGELOG (ID, AUTHOR, FILENAME, DATEEXECUTED, ORDEREXECUTED, MD5SUM, DESCRIPTION, COMMENTS, EXECTYPE, CONTEXTS, LABELS, LIQUIBASE, DEPLOYMENT_ID) VALUES ('1511451595465-16', 'R3.Corda', 'migration/node-services.changelog-init.xml', NOW(), 94, '8:202eb6144ca2ddf982810c5b333117b8', 'createTable tableName=node_notary_committed_states', '', 'EXECUTED', NULL, NULL, '3.6.3', '7573086214') {changeSet=migration/node-services.changelog-init.xml::1511451595465-16::R3.Corda, databaseChangeLog=master.changelog.json}
?[m?[37m[INFO] 17:31:29,885 [driver-pool-thread-1] jvm.JdbcExecutor. - CREATE TABLE PUBLIC.node_notary_request_log (id INT NOT NULL, consuming_transaction_id NVARCHAR(64) NOT NULL, requesting_party_name NVARCHAR(255) NOT NULL, request_timestamp TIMESTAMP NOT NULL, request_signature BLOB NOT NULL) {changeSet=migration/node-services.changelog-init.xml::1521131680317-17::R3.Corda, databaseChangeLog=master.changelog.json}
?[m?[37m[INFO] 17:31:29,885 [driver-pool-thread-1] changelog.ChangeSet. - Table node_notary_request_log created {changeSet=migration/node-services.changelog-init.xml::1521131680317-17::R3.Corda, databaseChangeLog=master.changelog.json}
?[m?[37m[INFO] 17:31:29,885 [driver-pool-thread-1] changelog.ChangeSet. - ChangeSet migration/node-services.changelog-init.xml::1521131680317-17::R3.Corda ran successfully in 1ms {changeSet=migration/node-services.changelog-init.xml::1521131680317-17::R3.Corda, databaseChangeLog=master.changelog.json}
?[m?[37m[INFO] 17:31:29,886 [driver-pool-thread-1] jvm.JdbcExecutor. - INSERT INTO PUBLIC.DATABASECHANGELOG (ID, AUTHOR, FILENAME, DATEEXECUTED, ORDEREXECUTED, MD5SUM, DESCRIPTION, COMMENTS, EXECTYPE, CONTEXTS, LABELS, LIQUIBASE, DEPLOYMENT_ID) VALUES ('1521131680317-17', 'R3.Corda', 'migration/node-services.changelog-init.xml', NOW(), 95, '8:da67caf796d1a61c253ac38815a6fa6b', 'createTable tableName=node_notary_request_log', '', 'EXECUTED', NULL, NULL, '3.6.3', '7573086214') {changeSet=migration/node-services.changelog-init.xml::1521131680317-17::R3.Corda, databaseChangeLog=master.changelog.json}
?[m?[37m[INFO] 17:31:29,886 [driver-pool-thread-1] jvm.JdbcExecutor. - ALTER TABLE PUBLIC.node_notary_committed_states ADD CONSTRAINT node_notary_states_pkey PRIMARY KEY (output_index, transaction_id) {changeSet=migration/node-services.changelog-init.xml::1511451595465-41::R3.Corda, databaseChangeLog=master.changelog.json}
?[m?[37m[INFO] 17:31:29,887 [driver-pool-thread-1] changelog.ChangeSet. - Primary key added to node_notary_committed_states (output_index, transaction_id) {changeSet=migration/node-services.changelog-init.xml::1511451595465-41::R3.Corda, databaseChangeLog=master.changelog.json}
?[m?[37m[INFO] 17:31:29,887 [driver-pool-thread-1] changelog.ChangeSet. - ChangeSet migration/node-services.changelog-init.xml::1511451595465-41::R3.Corda ran successfully in 1ms {changeSet=migration/node-services.changelog-init.xml::1511451595465-41::R3.Corda, databaseChangeLog=master.changelog.json}
?[m?[37m[INFO] 17:31:29,887 [driver-pool-thread-1] jvm.JdbcExecutor. - INSERT INTO PUBLIC.DATABASECHANGELOG (ID, AUTHOR, FILENAME, DATEEXECUTED, ORDEREXECUTED, MD5SUM, DESCRIPTION, COMMENTS, EXECTYPE, CONTEXTS, LABELS, LIQUIBASE, DEPLOYMENT_ID) VALUES ('1511451595465-41', 'R3.Corda', 'migration/node-services.changelog-init.xml', NOW(), 96, '8:73a5b14473602a38c02858208ef2af9d', 'addPrimaryKey constraintName=node_notary_states_pkey, tableName=node_notary_committed_states', '', 'EXECUTED', NULL, NULL, '3.6.3', '7573086214') {changeSet=migration/node-services.changelog-init.xml::1511451595465-41::R3.Corda, databaseChangeLog=master.changelog.json}
?[m?[37m[INFO] 17:31:29,888 [driver-pool-thread-1] jvm.JdbcExecutor. - ALTER TABLE PUBLIC.node_notary_request_log ADD CONSTRAINT node_notary_request_log_pkey PRIMARY KEY (id) {changeSet=migration/node-services.changelog-init.xml::1521131680317-48::R3.Corda, databaseChangeLog=master.changelog.json}
?[m?[37m[INFO] 17:31:29,888 [driver-pool-thread-1] changelog.ChangeSet. - Primary key added to node_notary_request_log (id) {changeSet=migration/node-services.changelog-init.xml::1521131680317-48::R3.Corda, databaseChangeLog=master.changelog.json}
?[m?[37m[INFO] 17:31:29,888 [driver-pool-thread-1] changelog.ChangeSet. - ChangeSet migration/node-services.changelog-init.xml::1521131680317-48::R3.Corda ran successfully in 0ms {changeSet=migration/node-services.changelog-init.xml::1521131680317-48::R3.Corda, databaseChangeLog=master.changelog.json}
?[m?[37m[INFO] 17:31:29,889 [driver-pool-thread-1] jvm.JdbcExecutor. - INSERT INTO PUBLIC.DATABASECHANGELOG (ID, AUTHOR, FILENAME, DATEEXECUTED, ORDEREXECUTED, MD5SUM, DESCRIPTION, COMMENTS, EXECTYPE, CONTEXTS, LABELS, LIQUIBASE, DEPLOYMENT_ID) VALUES ('1521131680317-48', 'R3.Corda', 'migration/node-services.changelog-init.xml', NOW(), 97, '8:7b2392b8e69fe748f22e678d1e8b1d3e', 'addPrimaryKey constraintName=node_notary_request_log_pkey, tableName=node_notary_request_log', '', 'EXECUTED', NULL, NULL, '3.6.3', '7573086214') {changeSet=migration/node-services.changelog-init.xml::1521131680317-48::R3.Corda, databaseChangeLog=master.changelog.json}
?[m?[37m[INFO] 17:31:29,890 [driver-pool-thread-1] jvm.JdbcExecutor. - ALTER TABLE PUBLIC.node_notary_committed_states ALTER COLUMN consuming_transaction_id SET NOT NULL {changeSet=migration/node-services.changelog-init.xml::nullability::R3.Corda, databaseChangeLog=master.changelog.json}
?[m?[37m[INFO] 17:31:29,890 [driver-pool-thread-1] changelog.ChangeSet. - NOT NULL constraint has been added to node_notary_committed_states.consuming_transaction_id {changeSet=migration/node-services.changelog-init.xml::nullability::R3.Corda, databaseChangeLog=master.changelog.json}
?[m?[37m[INFO] 17:31:29,890 [driver-pool-thread-1] changelog.ChangeSet. - ChangeSet migration/node-services.changelog-init.xml::nullability::R3.Corda ran successfully in 1ms {changeSet=migration/node-services.changelog-init.xml::nullability::R3.Corda, databaseChangeLog=master.changelog.json}
?[m?[37m[INFO] 17:31:29,890 [driver-pool-thread-1] jvm.JdbcExecutor. - INSERT INTO PUBLIC.DATABASECHANGELOG (ID, AUTHOR, FILENAME, DATEEXECUTED, ORDEREXECUTED, MD5SUM, DESCRIPTION, COMMENTS, EXECTYPE, CONTEXTS, LABELS, LIQUIBASE, DEPLOYMENT_ID) VALUES ('nullability', 'R3.Corda', 'migration/node-services.changelog-init.xml', NOW(), 98, '8:3a26bc5f7d8e2feba54946ed0460d0a6', 'addNotNullConstraint columnName=consuming_transaction_id, tableName=node_notary_committed_states', '', 'EXECUTED', NULL, NULL, '3.6.3', '7573086214') {changeSet=migration/node-services.changelog-init.xml::nullability::R3.Corda, databaseChangeLog=master.changelog.json}
?[m?[37m[INFO] 17:31:29,897 [driver-pool-thread-1] changelog.ChangeSet. - Marking ChangeSet: migration/node-notary.changelog-v2.xml::rename-table-notary-commit-log::R3.Corda ran despite precondition failure due to onFail='MARK_RAN': 
          master.changelog.json : Table PUBLIC.node_notary_commit_log does not exist
 {changeSet=migration/node-notary.changelog-v2.xml::rename-table-notary-commit-log::R3.Corda, databaseChangeLog=master.changelog.json}
?[m?[37m[INFO] 17:31:29,898 [driver-pool-thread-1] jvm.JdbcExecutor. - INSERT INTO PUBLIC.DATABASECHANGELOG (ID, AUTHOR, FILENAME, DATEEXECUTED, ORDEREXECUTED, MD5SUM, DESCRIPTION, COMMENTS, EXECTYPE, CONTEXTS, LABELS, LIQUIBASE, DEPLOYMENT_ID) VALUES ('rename-table-notary-commit-log', 'R3.Corda', 'migration/node-notary.changelog-v2.xml', NOW(), 99, '8:18c525e013adbd6f729983990933c4f4', 'renameTable newTableName=node_notary_committed_states, oldTableName=node_notary_commit_log', '', 'MARK_RAN', NULL, NULL, '3.6.3', '7573086214') {changeSet=migration/node-notary.changelog-v2.xml::rename-table-notary-commit-log::R3.Corda, databaseChangeLog=master.changelog.json}
?[m?[37m[INFO] 17:31:29,899 [driver-pool-thread-1] changelog.ChangeSet. - Marking ChangeSet: migration/node-notary.changelog-v2.xml::create-notary-request-log-table::R3.Corda ran despite precondition failure due to onFail='MARK_RAN': 
          master.changelog.json : Not precondition failed
 {changeSet=migration/node-notary.changelog-v2.xml::create-notary-request-log-table::R3.Corda, databaseChangeLog=master.changelog.json}
?[m?[37m[INFO] 17:31:29,900 [driver-pool-thread-1] jvm.JdbcExecutor. - INSERT INTO PUBLIC.DATABASECHANGELOG (ID, AUTHOR, FILENAME, DATEEXECUTED, ORDEREXECUTED, MD5SUM, DESCRIPTION, COMMENTS, EXECTYPE, CONTEXTS, LABELS, LIQUIBASE, DEPLOYMENT_ID) VALUES ('create-notary-request-log-table', 'R3.Corda', 'migration/node-notary.changelog-v2.xml', NOW(), 100, '8:d25c67b0275b7f205b89a85407bf51d0', 'createTable tableName=node_notary_request_log; addPrimaryKey constraintName=node_notary_request_log_pkey, tableName=node_notary_request_log', '', 'MARK_RAN', NULL, NULL, '3.6.3', '7573086214') {changeSet=migration/node-notary.changelog-v2.xml::create-notary-request-log-table::R3.Corda, databaseChangeLog=master.changelog.json}
?[m?[37m[INFO] 17:31:29,901 [driver-pool-thread-1] jvm.JdbcExecutor. - INSERT INTO PUBLIC.DATABASECHANGELOG (ID, AUTHOR, FILENAME, DATEEXECUTED, ORDEREXECUTED, MD5SUM, DESCRIPTION, COMMENTS, EXECTYPE, CONTEXTS, LABELS, LIQUIBASE, DEPLOYMENT_ID) VALUES ('non-clustered_pk-notary_state', 'R3.Corda', 'migration/node-notary.changelog-pkey.xml', NOW(), 101, '8:5b30922594a05dde8768e8af608451f5', 'dropPrimaryKey constraintName=node_notary_states_pkey, tableName=node_notary_committed_states; addPrimaryKey constraintName=node_notary_states_pkey, tableName=node_notary_committed_states', '', 'MARK_RAN', NULL, NULL, '3.6.3', '7573086214') {changeSet=migration/node-notary.changelog-pkey.xml::non-clustered_pk-notary_state::R3.Corda, databaseChangeLog=master.changelog.json}
?[m?[37m[INFO] 17:31:29,903 [driver-pool-thread-1] jvm.JdbcExecutor. - CREATE TABLE PUBLIC.node_notary_committed_txs (transaction_id NVARCHAR(64) NOT NULL) {changeSet=migration/node-notary.changelog-committed-transactions-table.xml::create-notary-committed-transactions-table::R3.Corda, databaseChangeLog=master.changelog.json}
?[m?[37m[INFO] 17:31:29,904 [driver-pool-thread-1] changelog.ChangeSet. - Table node_notary_committed_txs created {changeSet=migration/node-notary.changelog-committed-transactions-table.xml::create-notary-committed-transactions-table::R3.Corda, databaseChangeLog=master.changelog.json}
?[m?[37m[INFO] 17:31:29,904 [driver-pool-thread-1] jvm.JdbcExecutor. - ALTER TABLE PUBLIC.node_notary_committed_txs ADD CONSTRAINT node_notary_transactions_pkey PRIMARY KEY (transaction_id) {changeSet=migration/node-notary.changelog-committed-transactions-table.xml::create-notary-committed-transactions-table::R3.Corda, databaseChangeLog=master.changelog.json}
?[m?[37m[INFO] 17:31:29,905 [driver-pool-thread-1] changelog.ChangeSet. - Primary key added to node_notary_committed_txs (transaction_id) {changeSet=migration/node-notary.changelog-committed-transactions-table.xml::create-notary-committed-transactions-table::R3.Corda, databaseChangeLog=master.changelog.json}
?[m?[37m[INFO] 17:31:29,905 [driver-pool-thread-1] changelog.ChangeSet. - ChangeSet migration/node-notary.changelog-committed-transactions-table.xml::create-notary-committed-transactions-table::R3.Corda ran successfully in 2ms {changeSet=migration/node-notary.changelog-committed-transactions-table.xml::create-notary-committed-transactions-table::R3.Corda, databaseChangeLog=master.changelog.json}
?[m?[37m[INFO] 17:31:29,907 [driver-pool-thread-1] jvm.JdbcExecutor. - INSERT INTO PUBLIC.DATABASECHANGELOG (ID, AUTHOR, FILENAME, DATEEXECUTED, ORDEREXECUTED, MD5SUM, DESCRIPTION, COMMENTS, EXECTYPE, CONTEXTS, LABELS, LIQUIBASE, DEPLOYMENT_ID) VALUES ('create-notary-committed-transactions-table', 'R3.Corda', 'migration/node-notary.changelog-committed-transactions-table.xml', NOW(), 102, '8:ab59160cd3f0ceb591177364f90aa039', 'createTable tableName=node_notary_committed_txs; addPrimaryKey constraintName=node_notary_transactions_pkey, tableName=node_notary_committed_txs', '', 'EXECUTED', NULL, NULL, '3.6.3', '7573086214') {changeSet=migration/node-notary.changelog-committed-transactions-table.xml::create-notary-committed-transactions-table::R3.Corda, databaseChangeLog=master.changelog.json}
?[m?[37m[INFO] 17:31:29,909 [driver-pool-thread-1] lockservice.StandardLockService. - Successfully released change log lock
?[m?[37m[INFO] 17:31:29,910 [driver-pool-thread-1] internal.Node. - Connected to H2 database.
?[m?[37m[INFO] 17:31:29,927 [driver-pool-thread-1] persistence.HibernateConfiguration. - Init HibernateConfiguration for schemas: [CommonSchemaV1(name=net.corda.core.schemas.CommonSchema, version=1), VaultSchemaV1(name=net.corda.node.services.vault.VaultSchema, version=1), NodeInfoSchemaV1(name=net.corda.node.internal.schemas.NodeInfoSchema, version=1), NodeCoreV1(name=net.corda.node.services.schema.NodeSchemaService$NodeCore, version=1), NodeNotarySchemaV1(name=net.corda.node.services.transactions.NodeNotarySchema, version=1)]
?[m?[37m[INFO] 17:31:29,927 [driver-pool-thread-1] persistence.HibernateConfiguration. - Creating session factory for schemas: [CommonSchemaV1(name=net.corda.core.schemas.CommonSchema, version=1), VaultSchemaV1(name=net.corda.node.services.vault.VaultSchema, version=1), NodeInfoSchemaV1(name=net.corda.node.internal.schemas.NodeInfoSchema, version=1), NodeCoreV1(name=net.corda.node.services.schema.NodeSchemaService$NodeCore, version=1), NodeNotarySchemaV1(name=net.corda.node.services.transactions.NodeNotarySchema, version=1)]
?[m?[37m[INFO] 17:31:29,932 [driver-pool-thread-1] internal.ConnectionProviderInitiator. - HHH000130: Instantiating explicit connection provider: net.corda.nodeapi.internal.persistence.HibernateConfiguration$NodeDatabaseConnectionProvider
?[m?[37m[INFO] 17:31:29,932 [driver-pool-thread-1] dialect.Dialect. - HHH000400: Using dialect: org.hibernate.dialect.H2Dialect
?[m?[37m[INFO] 17:31:30,171 [driver-pool-thread-1] connections.access. - HHH10001501: Connection obtained from JdbcConnectionAccess [org.hibernate.engine.jdbc.env.internal.JdbcEnvironmentInitiator$ConnectionProviderJdbcConnectionAccess@252e615c] for (non-JTA) DDL execution was not in auto-commit mode; the Connection 'local transaction' will be committed and the Connection will be set into auto-commit mode.
?[m?[37m[INFO] 17:31:30,220 [driver-pool-thread-1] internal.JtaPlatformInitiator. - HHH000490: Using JtaPlatform implementation: [org.hibernate.engine.transaction.jta.platform.internal.NoJtaPlatform]
?[m?[37m[INFO] 17:31:30,220 [driver-pool-thread-1] persistence.HibernateConfiguration. - Created session factory for schemas: [CommonSchemaV1(name=net.corda.core.schemas.CommonSchema, version=1), VaultSchemaV1(name=net.corda.node.services.vault.VaultSchema, version=1), NodeInfoSchemaV1(name=net.corda.node.internal.schemas.NodeInfoSchema, version=1), NodeCoreV1(name=net.corda.node.services.schema.NodeSchemaService$NodeCore, version=1), NodeNotarySchemaV1(name=net.corda.node.services.transactions.NodeNotarySchema, version=1)]
?[m?[37m[INFO] 17:31:30,227 [driver-pool-thread-1] internal.Node. - Node-info has changed so submitting update. Old node-info was null
?[m?[37m[INFO] 17:31:30,227 [driver-pool-thread-1] network.PersistentNetworkMapCache. - Adding node with info: NodeInfo(addresses=[localhost:10353], legalIdentitiesAndCerts=[O=Notary Service, L=Zurich, C=CH], platformVersion=6, serial=1587573090227)
?[m?[37m[INFO] 17:31:30,230 [driver-pool-thread-1] network.PersistentNetworkMapCache. - No previous node found for O=Notary Service, L=Zurich, C=CH
?[m?[37m[INFO] 17:31:30,367 [driver-pool-thread-1] internal.Node. - New node-info: NodeInfo(addresses=[localhost:10353], legalIdentitiesAndCerts=[O=Notary Service, L=Zurich, C=CH], platformVersion=6, serial=1587573090227)
?[m?[37m[INFO] 17:31:30,409 [driver-pool-thread-1] network.NetworkMapUpdater. - Auto-accept enabled for network parameter changes which modify only: [epoch, modifiedTime, packageOwnership, whitelistedContractImplementations]
?[m?[37m[INFO] 17:31:30,417 [InProcessNode-1-2] network.PersistentNetworkMapCache. - Adding node with info: NodeInfo(addresses=[localhost:10353], legalIdentitiesAndCerts=[O=Notary Service, L=Zurich, C=CH], platformVersion=6, serial=1587573090227)
?[m?[37m[INFO] 17:31:30,420 [driver-pool-thread-1] security.RPCSecurityManagerImpl. - Constructing realm from list of users in config [User(default, permissions=[ALL])]
?[m?[37m[INFO] 17:31:30,436 [InProcessNode-1-2] network.PersistentNetworkMapCache. - Previous node was identical to incoming one - doing nothing
?[mAdvertised P2P messaging addresses      : localhost:10353
RPC connection address                  : localhost:10354
RPC admin connection address            : localhost:10355
?[37m[INFO] 17:31:31,710 [driver-pool-thread-1] messaging.ArtemisMessagingServer. - P2P messaging server listening on 0.0.0.0:10353
?[m?[37m[INFO] 17:31:31,896 [driver-pool-thread-1] internal.ArtemisMessagingClient. - Connecting to message broker: localhost:10353
?[m?[37m[INFO] 17:31:32,342 [driver-pool-thread-1] internal.ArtemisMessagingClient. - Connecting to message broker: localhost:10353
?[m?[37m[INFO] 17:31:32,627 [driver-pool-thread-1] messaging.P2PMessagingClient. - Connecting to message broker: localhost:10353
?[m?[37m[INFO] 17:31:32,663 [driver-pool-thread-1] messaging.P2PMessagingClient. - Create fresh queue p2p.inbound.DL4yYpLQvZJu68oXBNnYC8wEa7iqabmQYotwbXzyZEwUw3 bound on same address
?[m?[37m[INFO] 17:31:32,709 [Thread-0 (ActiveMQ-client-factory-threads-795641017)] bridging.BridgeControlListener. - Received bridge control message NodeToBridgeSnapshot(nodeIdentity=O=Notary Service, L=Zurich, C=CH, inboxQueues=[p2p.inbound.DL4yYpLQvZJu68oXBNnYC8wEa7iqabmQYotwbXzyZEwUw3], sendQueues=[])
?[m?[37m[INFO] 17:31:32,718 [driver-pool-thread-1] ClassloaderUtils. - Contracts loading for '/var/folders/xl/0rqzrwrj7xd5kw16ht5q_44m0000gn/T/attachment5373211803763453677.jar' took 5 msec
?[m?[37m[INFO] 17:31:32,726 [driver-pool-thread-1] persistence.NodeAttachmentService. - Stored new attachment: id=FF3886A52D44D6CC84C0181138B25F4FA08707CA360DA508031C455AF0A500E7 uploader=app filename=Contract: custom-cordapp, Workflow: custom-cordapp
?[m?[37m[INFO] 17:31:32,731 [driver-pool-thread-1] utilities.NotaryLoader. - Starting notary service: class net.corda.node.services.transactions.SimpleNotaryService
?[m?[37m[INFO] 17:31:32,733 [driver-pool-thread-1] notary.SinglePartyNotaryService. - Starting notary in validating mode
?[m?[37m[INFO] 17:31:33,060 [driver-pool-thread-1] statemachine.SingleThreadedStateMachineManager. - Node ready, info: NodeInfo(addresses=[localhost:10353], legalIdentitiesAndCerts=[O=Notary Service, L=Zurich, C=CH], platformVersion=6, serial=1587573090227)
?[m?[37m[INFO] 17:31:33,075 [Node thread-1] internal.Node. - Registering JMX reporter:
?[m?[37m[INFO] 17:31:33,075 [Node thread-1] internal.Node. - Registering Jolokia JMX reporter:
?[m?[37m[INFO] 17:31:33,081 [Notary Service] rpc.RPCServer. - Starting RPC server with configuration RPCServerConfiguration(rpcThreadPoolSize=4, reapInterval=PT1S, deduplicationCacheExpiry=PT24H)
?[mRunning P2PMessaging loop
?[37m[INFO] 17:31:33,232 [driver-pool-thread-1] internal.RPCClient. - Startup took 132 msec
?[m?[37m[INFO] 17:31:33,324 [Test worker] network.NodeInfoFilesCopier. - Now watching: /Users/garryjackson/Documents/GitHub/quickstart/quickstart-swisspost/workflows/build/node-driver/20200422-163119.336/BankA
?[m?[37m[INFO] 17:31:33,324 [driver-pool-thread-0] internal.DriverDSLImpl. - Starting in-process Node BankA
?[m?[37m[INFO] 17:31:33,325 [driver-pool-thread-0] cordapp.JarScanningCordappLoader. - Looking for CorDapps in [/Users/garryjackson/Documents/GitHub/quickstart/quickstart-swisspost/workflows/build/node-driver/20200422-163119.336/BankA/cordapps]
?[m?[37m[INFO] 17:31:33,325 [driver-pool-thread-0] cordapp.JarScanningCordappLoader. - Loading CorDapps from RestrictedURL(url=file:/Users/garryjackson/Documents/GitHub/quickstart/quickstart-swisspost/workflows/build/node-driver/20200422-163119.336/BankA/cordapps/custom-cordapp_1_6_eaf16366-ea36-4d96-8ef3-290e07ee48f6.jar, rootPackageName=null)
?[m?[37m[INFO] 17:31:33,325 [driver-pool-thread-0] cordapp.JarScanningCordappLoader. - Scanning CorDapp in file:/Users/garryjackson/Documents/GitHub/quickstart/quickstart-swisspost/workflows/build/node-driver/20200422-163119.336/BankA/cordapps/custom-cordapp_1_6_eaf16366-ea36-4d96-8ef3-290e07ee48f6.jar
?[m?[37m[INFO] 17:31:33,336 [driver-pool-thread-0] internal.Node. - Flow external operation executor has a max of 10 threads
?[m?[37m[INFO] 17:31:33,336 [driver-pool-thread-0] internal.Node. - Node starting up ...
?[m?[37m[INFO] 17:31:33,343 [Test worker] network.NodeInfoFilesCopier. - Now watching: /Users/garryjackson/Documents/GitHub/quickstart/quickstart-swisspost/workflows/build/node-driver/20200422-163119.336/BankB
?[m?[37m[INFO] 17:31:33,345 [driver-pool-thread-1] internal.DriverDSLImpl. - Starting in-process Node BankB
?[m?[37m[INFO] 17:31:33,346 [driver-pool-thread-1] cordapp.JarScanningCordappLoader. - Looking for CorDapps in [/Users/garryjackson/Documents/GitHub/quickstart/quickstart-swisspost/workflows/build/node-driver/20200422-163119.336/BankB/cordapps]
?[m?[37m[INFO] 17:31:33,346 [driver-pool-thread-1] cordapp.JarScanningCordappLoader. - Loading CorDapps from RestrictedURL(url=file:/Users/garryjackson/Documents/GitHub/quickstart/quickstart-swisspost/workflows/build/node-driver/20200422-163119.336/BankB/cordapps/custom-cordapp_1_6_eaf16366-ea36-4d96-8ef3-290e07ee48f6.jar, rootPackageName=null)
?[m?[37m[INFO] 17:31:33,346 [driver-pool-thread-1] cordapp.JarScanningCordappLoader. - Scanning CorDapp in file:/Users/garryjackson/Documents/GitHub/quickstart/quickstart-swisspost/workflows/build/node-driver/20200422-163119.336/BankB/cordapps/custom-cordapp_1_6_eaf16366-ea36-4d96-8ef3-290e07ee48f6.jar
?[m?[37m[INFO] 17:31:33,363 [driver-pool-thread-1] internal.Node. - Flow external operation executor has a max of 10 threads
?[m?[37m[INFO] 17:31:33,363 [driver-pool-thread-1] internal.Node. - Node starting up ...
?[m?[37m[INFO] 17:31:33,369 [driver-pool-thread-0] internal.NodeFlowManager. - Registered org.r3.tdh.kyc.flows.Initiator to initiate org.r3.tdh.kyc.flows.Responder (version 1)
?[m?[37m[INFO] 17:31:33,374 [driver-pool-thread-0] internal.Node. - Loaded network parameters: NetworkParameters {
      minimumPlatformVersion=1
      notaries=[NotaryInfo(identity=O=Notary Service, L=Zurich, C=CH, validating=true)]
      maxMessageSize=10485760
      maxTransactionSize=524288000
      whitelistedContractImplementations {
        
      }
      eventHorizon=PT720H
      packageOwnership {
        
      }
      modifiedTime=2020-04-22T16:31:19.353Z
      epoch=1
  }
?[m?[37m[INFO] 17:31:33,375 [driver-pool-thread-0] hikari.HikariDataSource. - HikariPool-2 - Starting...
?[m?[37m[INFO] 17:31:33,378 [driver-pool-thread-0] hikari.HikariDataSource. - HikariPool-2 - Start completed.
?[m?[37m[INFO] 17:31:33,405 [driver-pool-thread-1] internal.NodeFlowManager. - Registered org.r3.tdh.kyc.flows.Initiator to initiate org.r3.tdh.kyc.flows.Responder (version 1)
?[m?[37m[INFO] 17:31:33,412 [driver-pool-thread-1] internal.Node. - Loaded network parameters: NetworkParameters {
      minimumPlatformVersion=1
      notaries=[NotaryInfo(identity=O=Notary Service, L=Zurich, C=CH, validating=true)]
      maxMessageSize=10485760
      maxTransactionSize=524288000
      whitelistedContractImplementations {
        
      }
      eventHorizon=PT720H
      packageOwnership {
        
      }
      modifiedTime=2020-04-22T16:31:19.353Z
      epoch=1
  }
?[m?[37m[INFO] 17:31:33,412 [driver-pool-thread-1] hikari.HikariDataSource. - HikariPool-3 - Starting...
?[m?[37m[INFO] 17:31:33,416 [driver-pool-thread-1] hikari.HikariDataSource. - HikariPool-3 - Start completed.
?[m?[37m[INFO] 17:31:33,614 [driver-pool-thread-0] changelog.StandardChangeLogHistoryService. - Creating database history table with name: PUBLIC.DATABASECHANGELOG
?[m?[37m[INFO] 17:31:33,614 [driver-pool-thread-0] jvm.JdbcExecutor. - CREATE TABLE PUBLIC.DATABASECHANGELOG (ID VARCHAR(255) NOT NULL, AUTHOR VARCHAR(255) NOT NULL, FILENAME VARCHAR(255) NOT NULL, DATEEXECUTED TIMESTAMP NOT NULL, ORDEREXECUTED INT NOT NULL, EXECTYPE VARCHAR(10) NOT NULL, MD5SUM VARCHAR(35), DESCRIPTION VARCHAR(255), COMMENTS VARCHAR(255), TAG VARCHAR(255), LIQUIBASE VARCHAR(20), CONTEXTS VARCHAR(255), LABELS VARCHAR(255), DEPLOYMENT_ID VARCHAR(10))
?[m?[37m[INFO] 17:31:33,615 [driver-pool-thread-0] jvm.JdbcExecutor. - SELECT COUNT(*) FROM PUBLIC.DATABASECHANGELOG
?[m?[37m[INFO] 17:31:33,615 [driver-pool-thread-0] changelog.StandardChangeLogHistoryService. - Reading from PUBLIC.DATABASECHANGELOG
?[m?[37m[INFO] 17:31:33,615 [driver-pool-thread-0] jvm.JdbcExecutor. - SELECT * FROM PUBLIC.DATABASECHANGELOG ORDER BY DATEEXECUTED ASC, ORDEREXECUTED ASC
?[m?[37m[INFO] 17:31:33,615 [driver-pool-thread-0] jvm.JdbcExecutor. - SELECT COUNT(*) FROM PUBLIC.DATABASECHANGELOGLOCK
?[m?[37m[INFO] 17:31:33,616 [driver-pool-thread-0] jvm.JdbcExecutor. - CREATE TABLE PUBLIC.DATABASECHANGELOGLOCK (ID INT NOT NULL, LOCKED BOOLEAN NOT NULL, LOCKGRANTED TIMESTAMP, LOCKEDBY VARCHAR(255), CONSTRAINT PK_DATABASECHANGELOGLOCK PRIMARY KEY (ID))
?[m?[37m[INFO] 17:31:33,616 [driver-pool-thread-0] jvm.JdbcExecutor. - SELECT COUNT(*) FROM PUBLIC.DATABASECHANGELOGLOCK
?[m?[37m[INFO] 17:31:33,617 [driver-pool-thread-0] jvm.JdbcExecutor. - DELETE FROM PUBLIC.DATABASECHANGELOGLOCK
?[m?[37m[INFO] 17:31:33,617 [driver-pool-thread-0] jvm.JdbcExecutor. - INSERT INTO PUBLIC.DATABASECHANGELOGLOCK (ID, LOCKED) VALUES (1, FALSE)
?[m?[37m[INFO] 17:31:33,627 [driver-pool-thread-0] visitor.ValidatingVisitor. - Skipping change set migration/vault-schema.changelog-pkey.xml::non-clustered_pk-11::R3.Corda due to validation error(s): clustered is not allowed on h2 {changeSet=migration/vault-schema.changelog-pkey.xml::non-clustered_pk-11::R3.Corda, databaseChangeLog=master.changelog.json}
?[m?[37m[INFO] 17:31:33,628 [driver-pool-thread-0] visitor.ValidatingVisitor. - Skipping change set migration/vault-schema.changelog-pkey.xml::non-clustered_pk-12::R3.Corda due to validation error(s): clustered is not allowed on h2 {changeSet=migration/vault-schema.changelog-pkey.xml::non-clustered_pk-12::R3.Corda, databaseChangeLog=master.changelog.json}
?[m?[37m[INFO] 17:31:33,628 [driver-pool-thread-0] visitor.ValidatingVisitor. - Skipping change set migration/vault-schema.changelog-pkey.xml::non-clustered_pk-13::R3.Corda due to validation error(s): clustered is not allowed on h2 {changeSet=migration/vault-schema.changelog-pkey.xml::non-clustered_pk-13::R3.Corda, databaseChangeLog=master.changelog.json}
?[m?[37m[INFO] 17:31:33,659 [driver-pool-thread-0] visitor.ValidatingVisitor. - Skipping change set migration/node-core.changelog-pkey.xml::non-clustered_pk-1::R3.Corda due to validation error(s): clustered is not allowed on h2 {changeSet=migration/node-core.changelog-pkey.xml::non-clustered_pk-1::R3.Corda, databaseChangeLog=master.changelog.json}
?[m?[37m[INFO] 17:31:33,659 [driver-pool-thread-0] visitor.ValidatingVisitor. - Skipping change set migration/node-core.changelog-pkey.xml::non-clustered_pk-2::R3.Corda due to validation error(s): clustered is not allowed on h2 {changeSet=migration/node-core.changelog-pkey.xml::non-clustered_pk-2::R3.Corda, databaseChangeLog=master.changelog.json}
?[m?[37m[INFO] 17:31:33,660 [driver-pool-thread-0] visitor.ValidatingVisitor. - Skipping change set migration/node-core.changelog-pkey.xml::non-clustered_pk-3::R3.Corda due to validation error(s): clustered is not allowed on h2 {changeSet=migration/node-core.changelog-pkey.xml::non-clustered_pk-3::R3.Corda, databaseChangeLog=master.changelog.json}
?[m?[37m[INFO] 17:31:33,660 [driver-pool-thread-0] visitor.ValidatingVisitor. - Skipping change set migration/node-core.changelog-pkey.xml::non-clustered_pk-4::R3.Corda due to validation error(s): clustered is not allowed on h2 {changeSet=migration/node-core.changelog-pkey.xml::non-clustered_pk-4::R3.Corda, databaseChangeLog=master.changelog.json}
?[m?[37m[INFO] 17:31:33,661 [driver-pool-thread-0] visitor.ValidatingVisitor. - Skipping change set migration/node-core.changelog-pkey.xml::non-clustered_pk-5::R3.Corda due to validation error(s): clustered is not allowed on h2 {changeSet=migration/node-core.changelog-pkey.xml::non-clustered_pk-5::R3.Corda, databaseChangeLog=master.changelog.json}
?[m?[37m[INFO] 17:31:33,661 [driver-pool-thread-0] visitor.ValidatingVisitor. - Skipping change set migration/node-core.changelog-pkey.xml::non-clustered_pk-6::R3.Corda due to validation error(s): clustered is not allowed on h2 {changeSet=migration/node-core.changelog-pkey.xml::non-clustered_pk-6::R3.Corda, databaseChangeLog=master.changelog.json}
?[m?[37m[INFO] 17:31:33,662 [driver-pool-thread-0] visitor.ValidatingVisitor. - Skipping change set migration/node-core.changelog-pkey.xml::non-clustered_pk-7::R3.Corda due to validation error(s): clustered is not allowed on h2 {changeSet=migration/node-core.changelog-pkey.xml::non-clustered_pk-7::R3.Corda, databaseChangeLog=master.changelog.json}
?[m?[37m[INFO] 17:31:33,674 [driver-pool-thread-0] jvm.JdbcExecutor. - SELECT COUNT(*) FROM PUBLIC.DATABASECHANGELOGLOCK
?[m?[37m[INFO] 17:31:33,675 [driver-pool-thread-0] jvm.JdbcExecutor. - SELECT LOCKED FROM PUBLIC.DATABASECHANGELOGLOCK WHERE ID=1
?[m?[37m[INFO] 17:31:33,676 [driver-pool-thread-0] lockservice.StandardLockService. - Successfully acquired change log lock
?[m?[37m[INFO] 17:31:33,683 [driver-pool-thread-0] visitor.ValidatingVisitor. - Skipping change set migration/vault-schema.changelog-pkey.xml::non-clustered_pk-11::R3.Corda due to validation error(s): clustered is not allowed on h2 {changeSet=migration/vault-schema.changelog-pkey.xml::non-clustered_pk-11::R3.Corda, databaseChangeLog=master.changelog.json}
?[m?[37m[INFO] 17:31:33,683 [driver-pool-thread-0] visitor.ValidatingVisitor. - Skipping change set migration/vault-schema.changelog-pkey.xml::non-clustered_pk-12::R3.Corda due to validation error(s): clustered is not allowed on h2 {changeSet=migration/vault-schema.changelog-pkey.xml::non-clustered_pk-12::R3.Corda, databaseChangeLog=master.changelog.json}
?[m?[37m[INFO] 17:31:33,684 [driver-pool-thread-0] visitor.ValidatingVisitor. - Skipping change set migration/vault-schema.changelog-pkey.xml::non-clustered_pk-13::R3.Corda due to validation error(s): clustered is not allowed on h2 {changeSet=migration/vault-schema.changelog-pkey.xml::non-clustered_pk-13::R3.Corda, databaseChangeLog=master.changelog.json}
?[m?[37m[INFO] 17:31:33,693 [driver-pool-thread-0] visitor.ValidatingVisitor. - Skipping change set migration/node-core.changelog-pkey.xml::non-clustered_pk-1::R3.Corda due to validation error(s): clustered is not allowed on h2 {changeSet=migration/node-core.changelog-pkey.xml::non-clustered_pk-1::R3.Corda, databaseChangeLog=master.changelog.json}
?[m?[37m[INFO] 17:31:33,693 [driver-pool-thread-0] visitor.ValidatingVisitor. - Skipping change set migration/node-core.changelog-pkey.xml::non-clustered_pk-2::R3.Corda due to validation error(s): clustered is not allowed on h2 {changeSet=migration/node-core.changelog-pkey.xml::non-clustered_pk-2::R3.Corda, databaseChangeLog=master.changelog.json}
?[m?[37m[INFO] 17:31:33,693 [driver-pool-thread-0] visitor.ValidatingVisitor. - Skipping change set migration/node-core.changelog-pkey.xml::non-clustered_pk-3::R3.Corda due to validation error(s): clustered is not allowed on h2 {changeSet=migration/node-core.changelog-pkey.xml::non-clustered_pk-3::R3.Corda, databaseChangeLog=master.changelog.json}
?[m?[37m[INFO] 17:31:33,694 [driver-pool-thread-0] visitor.ValidatingVisitor. - Skipping change set migration/node-core.changelog-pkey.xml::non-clustered_pk-4::R3.Corda due to validation error(s): clustered is not allowed on h2 {changeSet=migration/node-core.changelog-pkey.xml::non-clustered_pk-4::R3.Corda, databaseChangeLog=master.changelog.json}
?[m?[37m[INFO] 17:31:33,694 [driver-pool-thread-0] visitor.ValidatingVisitor. - Skipping change set migration/node-core.changelog-pkey.xml::non-clustered_pk-5::R3.Corda due to validation error(s): clustered is not allowed on h2 {changeSet=migration/node-core.changelog-pkey.xml::non-clustered_pk-5::R3.Corda, databaseChangeLog=master.changelog.json}
?[m?[37m[INFO] 17:31:33,694 [driver-pool-thread-0] visitor.ValidatingVisitor. - Skipping change set migration/node-core.changelog-pkey.xml::non-clustered_pk-6::R3.Corda due to validation error(s): clustered is not allowed on h2 {changeSet=migration/node-core.changelog-pkey.xml::non-clustered_pk-6::R3.Corda, databaseChangeLog=master.changelog.json}
?[m?[37m[INFO] 17:31:33,694 [driver-pool-thread-0] visitor.ValidatingVisitor. - Skipping change set migration/node-core.changelog-pkey.xml::non-clustered_pk-7::R3.Corda due to validation error(s): clustered is not allowed on h2 {changeSet=migration/node-core.changelog-pkey.xml::non-clustered_pk-7::R3.Corda, databaseChangeLog=master.changelog.json}
?[m?[37m[INFO] 17:31:33,699 [driver-pool-thread-0] jvm.JdbcExecutor. - SELECT SEQUENCE_NAME FROM INFORMATION_SCHEMA.SEQUENCES WHERE SEQUENCE_SCHEMA = 'null' AND IS_GENERATED=FALSE {changeSet=migration/common.changelog-init.xml::1511451595465-1.1::R3.Corda, databaseChangeLog=master.changelog.json}
?[m?[37m[INFO] 17:31:33,700 [driver-pool-thread-0] jvm.JdbcExecutor. - SELECT SEQUENCE_NAME FROM INFORMATION_SCHEMA.SEQUENCES WHERE SEQUENCE_SCHEMA = 'PUBLIC' AND IS_GENERATED=FALSE {changeSet=migration/common.changelog-init.xml::1511451595465-1.1::R3.Corda, databaseChangeLog=master.changelog.json}
?[m?[37m[INFO] 17:31:33,700 [driver-pool-thread-0] jvm.JdbcExecutor. - CREATE SEQUENCE PUBLIC.hibernate_sequence {changeSet=migration/common.changelog-init.xml::1511451595465-1.1::R3.Corda, databaseChangeLog=master.changelog.json}
?[m?[37m[INFO] 17:31:33,700 [driver-pool-thread-0] changelog.ChangeSet. - Sequence hibernate_sequence created {changeSet=migration/common.changelog-init.xml::1511451595465-1.1::R3.Corda, databaseChangeLog=master.changelog.json}
?[m?[37m[INFO] 17:31:33,700 [driver-pool-thread-0] changelog.ChangeSet. - ChangeSet migration/common.changelog-init.xml::1511451595465-1.1::R3.Corda ran successfully in 2ms {changeSet=migration/common.changelog-init.xml::1511451595465-1.1::R3.Corda, databaseChangeLog=master.changelog.json}
?[m?[37m[INFO] 17:31:33,701 [driver-pool-thread-0] jvm.JdbcExecutor. - SELECT MAX(ORDEREXECUTED) FROM PUBLIC.DATABASECHANGELOG {changeSet=migration/common.changelog-init.xml::1511451595465-1.1::R3.Corda, databaseChangeLog=master.changelog.json}
?[m?[37m[INFO] 17:31:33,702 [driver-pool-thread-0] jvm.JdbcExecutor. - INSERT INTO PUBLIC.DATABASECHANGELOG (ID, AUTHOR, FILENAME, DATEEXECUTED, ORDEREXECUTED, MD5SUM, DESCRIPTION, COMMENTS, EXECTYPE, CONTEXTS, LABELS, LIQUIBASE, DEPLOYMENT_ID) VALUES ('1511451595465-1.1', 'R3.Corda', 'migration/common.changelog-init.xml', NOW(), 1, '8:9df4ee4464a4a10dfcf2717c73a52620', 'createSequence sequenceName=hibernate_sequence', '', 'EXECUTED', NULL, NULL, '3.6.3', '7573093676') {changeSet=migration/common.changelog-init.xml::1511451595465-1.1::R3.Corda, databaseChangeLog=master.changelog.json}
?[m?[37m[INFO] 17:31:33,703 [driver-pool-thread-0] jvm.JdbcExecutor. - CREATE TABLE PUBLIC.vault_fungible_states (output_index INT NOT NULL, transaction_id NVARCHAR(64) NOT NULL, issuer_name NVARCHAR(255), issuer_ref VARBINARY(512), owner_name NVARCHAR(255), quantity BIGINT) {changeSet=migration/vault-schema.changelog-init.xml::1511451595465-22::R3.Corda, databaseChangeLog=master.changelog.json}
?[m?[37m[INFO] 17:31:33,703 [driver-pool-thread-0] changelog.ChangeSet. - Table vault_fungible_states created {changeSet=migration/vault-schema.changelog-init.xml::1511451595465-22::R3.Corda, databaseChangeLog=master.changelog.json}
?[m?[37m[INFO] 17:31:33,703 [driver-pool-thread-0] changelog.ChangeSet. - ChangeSet migration/vault-schema.changelog-init.xml::1511451595465-22::R3.Corda ran successfully in 1ms {changeSet=migration/vault-schema.changelog-init.xml::1511451595465-22::R3.Corda, databaseChangeLog=master.changelog.json}
?[m?[37m[INFO] 17:31:33,704 [driver-pool-thread-0] jvm.JdbcExecutor. - INSERT INTO PUBLIC.DATABASECHANGELOG (ID, AUTHOR, FILENAME, DATEEXECUTED, ORDEREXECUTED, MD5SUM, DESCRIPTION, COMMENTS, EXECTYPE, CONTEXTS, LABELS, LIQUIBASE, DEPLOYMENT_ID) VALUES ('1511451595465-22', 'R3.Corda', 'migration/vault-schema.changelog-init.xml', NOW(), 2, '8:4ae481f11ac84744a4392bbfd533fa75', 'createTable tableName=vault_fungible_states', '', 'EXECUTED', NULL, NULL, '3.6.3', '7573093676') {changeSet=migration/vault-schema.changelog-init.xml::1511451595465-22::R3.Corda, databaseChangeLog=master.changelog.json}
?[m?[37m[INFO] 17:31:33,704 [driver-pool-thread-0] jvm.JdbcExecutor. - CREATE TABLE PUBLIC.vault_fungible_states_parts (output_index INT NOT NULL, transaction_id NVARCHAR(64) NOT NULL, participants NVARCHAR(255)) {changeSet=migration/vault-schema.changelog-init.xml::1511451595465-23::R3.Corda, databaseChangeLog=master.changelog.json}
?[m?[37m[INFO] 17:31:33,705 [driver-pool-thread-0] changelog.ChangeSet. - Table vault_fungible_states_parts created {changeSet=migration/vault-schema.changelog-init.xml::1511451595465-23::R3.Corda, databaseChangeLog=master.changelog.json}
?[m?[37m[INFO] 17:31:33,705 [driver-pool-thread-0] changelog.ChangeSet. - ChangeSet migration/vault-schema.changelog-init.xml::1511451595465-23::R3.Corda ran successfully in 1ms {changeSet=migration/vault-schema.changelog-init.xml::1511451595465-23::R3.Corda, databaseChangeLog=master.changelog.json}
?[m?[37m[INFO] 17:31:33,705 [driver-pool-thread-0] jvm.JdbcExecutor. - INSERT INTO PUBLIC.DATABASECHANGELOG (ID, AUTHOR, FILENAME, DATEEXECUTED, ORDEREXECUTED, MD5SUM, DESCRIPTION, COMMENTS, EXECTYPE, CONTEXTS, LABELS, LIQUIBASE, DEPLOYMENT_ID) VALUES ('1511451595465-23', 'R3.Corda', 'migration/vault-schema.changelog-init.xml', NOW(), 3, '8:3222255d3b2e04b9dfad42d9acab103e', 'createTable tableName=vault_fungible_states_parts', '', 'EXECUTED', NULL, NULL, '3.6.3', '7573093676') {changeSet=migration/vault-schema.changelog-init.xml::1511451595465-23::R3.Corda, databaseChangeLog=master.changelog.json}
?[m?[37m[INFO] 17:31:33,706 [driver-pool-thread-0] jvm.JdbcExecutor. - CREATE TABLE PUBLIC.vault_linear_states (output_index INT NOT NULL, transaction_id NVARCHAR(64) NOT NULL, external_id NVARCHAR(255), uuid VARCHAR(255) NOT NULL) {changeSet=migration/vault-schema.changelog-init.xml::1511451595465-24::R3.Corda, databaseChangeLog=master.changelog.json}
?[m?[37m[INFO] 17:31:33,706 [driver-pool-thread-0] changelog.ChangeSet. - Table vault_linear_states created {changeSet=migration/vault-schema.changelog-init.xml::1511451595465-24::R3.Corda, databaseChangeLog=master.changelog.json}
?[m?[37m[INFO] 17:31:33,706 [driver-pool-thread-0] changelog.ChangeSet. - ChangeSet migration/vault-schema.changelog-init.xml::1511451595465-24::R3.Corda ran successfully in 0ms {changeSet=migration/vault-schema.changelog-init.xml::1511451595465-24::R3.Corda, databaseChangeLog=master.changelog.json}
?[m?[37m[INFO] 17:31:33,707 [driver-pool-thread-0] jvm.JdbcExecutor. - INSERT INTO PUBLIC.DATABASECHANGELOG (ID, AUTHOR, FILENAME, DATEEXECUTED, ORDEREXECUTED, MD5SUM, DESCRIPTION, COMMENTS, EXECTYPE, CONTEXTS, LABELS, LIQUIBASE, DEPLOYMENT_ID) VALUES ('1511451595465-24', 'R3.Corda', 'migration/vault-schema.changelog-init.xml', NOW(), 4, '8:fb2c5b52213239424320d137dc22059b', 'createTable tableName=vault_linear_states', '', 'EXECUTED', NULL, NULL, '3.6.3', '7573093676') {changeSet=migration/vault-schema.changelog-init.xml::1511451595465-24::R3.Corda, databaseChangeLog=master.changelog.json}
?[m?[37m[INFO] 17:31:33,708 [driver-pool-thread-0] jvm.JdbcExecutor. - CREATE TABLE PUBLIC.vault_linear_states_parts (output_index INT NOT NULL, transaction_id NVARCHAR(64) NOT NULL, participants NVARCHAR(255)) {changeSet=migration/vault-schema.changelog-init.xml::1511451595465-25::R3.Corda, databaseChangeLog=master.changelog.json}
?[m?[37m[INFO] 17:31:33,708 [driver-pool-thread-0] changelog.ChangeSet. - Table vault_linear_states_parts created {changeSet=migration/vault-schema.changelog-init.xml::1511451595465-25::R3.Corda, databaseChangeLog=master.changelog.json}
?[m?[37m[INFO] 17:31:33,708 [driver-pool-thread-0] changelog.ChangeSet. - ChangeSet migration/vault-schema.changelog-init.xml::1511451595465-25::R3.Corda ran successfully in 1ms {changeSet=migration/vault-schema.changelog-init.xml::1511451595465-25::R3.Corda, databaseChangeLog=master.changelog.json}
?[m?[37m[INFO] 17:31:33,709 [driver-pool-thread-0] jvm.JdbcExecutor. - INSERT INTO PUBLIC.DATABASECHANGELOG (ID, AUTHOR, FILENAME, DATEEXECUTED, ORDEREXECUTED, MD5SUM, DESCRIPTION, COMMENTS, EXECTYPE, CONTEXTS, LABELS, LIQUIBASE, DEPLOYMENT_ID) VALUES ('1511451595465-25', 'R3.Corda', 'migration/vault-schema.changelog-init.xml', NOW(), 5, '8:ccb2ca1b37c0eeb2ac12506f17bc8ee0', 'createTable tableName=vault_linear_states_parts', '', 'EXECUTED', NULL, NULL, '3.6.3', '7573093676') {changeSet=migration/vault-schema.changelog-init.xml::1511451595465-25::R3.Corda, databaseChangeLog=master.changelog.json}
?[m?[37m[INFO] 17:31:33,710 [driver-pool-thread-0] jvm.JdbcExecutor. - CREATE TABLE PUBLIC.vault_states (output_index INT NOT NULL, transaction_id NVARCHAR(64) NOT NULL, consumed_timestamp TIMESTAMP, contract_state_class_name NVARCHAR(255), lock_id NVARCHAR(255), lock_timestamp TIMESTAMP, notary_name NVARCHAR(255), recorded_timestamp TIMESTAMP, state_status INT) {changeSet=migration/vault-schema.changelog-init.xml::1511451595465-26::R3.Corda, databaseChangeLog=master.changelog.json}
?[m?[37m[INFO] 17:31:33,710 [driver-pool-thread-0] changelog.ChangeSet. - Table vault_states created {changeSet=migration/vault-schema.changelog-init.xml::1511451595465-26::R3.Corda, databaseChangeLog=master.changelog.json}
?[m?[37m[INFO] 17:31:33,710 [driver-pool-thread-0] changelog.ChangeSet. - ChangeSet migration/vault-schema.changelog-init.xml::1511451595465-26::R3.Corda ran successfully in 1ms {changeSet=migration/vault-schema.changelog-init.xml::1511451595465-26::R3.Corda, databaseChangeLog=master.changelog.json}
?[m?[37m[INFO] 17:31:33,710 [driver-pool-thread-0] jvm.JdbcExecutor. - INSERT INTO PUBLIC.DATABASECHANGELOG (ID, AUTHOR, FILENAME, DATEEXECUTED, ORDEREXECUTED, MD5SUM, DESCRIPTION, COMMENTS, EXECTYPE, CONTEXTS, LABELS, LIQUIBASE, DEPLOYMENT_ID) VALUES ('1511451595465-26', 'R3.Corda', 'migration/vault-schema.changelog-init.xml', NOW(), 6, '8:971edadc2af9e847ed490f418530d40b', 'createTable tableName=vault_states', '', 'EXECUTED', NULL, NULL, '3.6.3', '7573093676') {changeSet=migration/vault-schema.changelog-init.xml::1511451595465-26::R3.Corda, databaseChangeLog=master.changelog.json}
?[m?[37m[INFO] 17:31:33,711 [driver-pool-thread-0] jvm.JdbcExecutor. - CREATE TABLE PUBLIC.vault_transaction_notes (seq_no INT NOT NULL, note NVARCHAR(255), transaction_id NVARCHAR(64)) {changeSet=migration/vault-schema.changelog-init.xml::1511451595465-27::R3.Corda, databaseChangeLog=master.changelog.json}
?[m?[37m[INFO] 17:31:33,711 [driver-pool-thread-0] changelog.ChangeSet. - Table vault_transaction_notes created {changeSet=migration/vault-schema.changelog-init.xml::1511451595465-27::R3.Corda, databaseChangeLog=master.changelog.json}
?[m?[37m[INFO] 17:31:33,711 [driver-pool-thread-0] changelog.ChangeSet. - ChangeSet migration/vault-schema.changelog-init.xml::1511451595465-27::R3.Corda ran successfully in 0ms {changeSet=migration/vault-schema.changelog-init.xml::1511451595465-27::R3.Corda, databaseChangeLog=master.changelog.json}
?[m?[37m[INFO] 17:31:33,712 [driver-pool-thread-0] jvm.JdbcExecutor. - INSERT INTO PUBLIC.DATABASECHANGELOG (ID, AUTHOR, FILENAME, DATEEXECUTED, ORDEREXECUTED, MD5SUM, DESCRIPTION, COMMENTS, EXECTYPE, CONTEXTS, LABELS, LIQUIBASE, DEPLOYMENT_ID) VALUES ('1511451595465-27', 'R3.Corda', 'migration/vault-schema.changelog-init.xml', NOW(), 7, '8:7a8064e58d100a02ed56e538122296e4', 'createTable tableName=vault_transaction_notes', '', 'EXECUTED', NULL, NULL, '3.6.3', '7573093676') {changeSet=migration/vault-schema.changelog-init.xml::1511451595465-27::R3.Corda, databaseChangeLog=master.changelog.json}
?[m?[37m[INFO] 17:31:33,712 [driver-pool-thread-0] jvm.JdbcExecutor. - ALTER TABLE PUBLIC.vault_fungible_states ADD CONSTRAINT vault_fungible_states_pkey PRIMARY KEY (output_index, transaction_id) {changeSet=migration/vault-schema.changelog-init.xml::1511451595465-47::R3.Corda, databaseChangeLog=master.changelog.json}
?[m?[37m[INFO] 17:31:33,713 [driver-pool-thread-0] changelog.ChangeSet. - Primary key added to vault_fungible_states (output_index, transaction_id) {changeSet=migration/vault-schema.changelog-init.xml::1511451595465-47::R3.Corda, databaseChangeLog=master.changelog.json}
?[m?[37m[INFO] 17:31:33,713 [driver-pool-thread-0] changelog.ChangeSet. - ChangeSet migration/vault-schema.changelog-init.xml::1511451595465-47::R3.Corda ran successfully in 1ms {changeSet=migration/vault-schema.changelog-init.xml::1511451595465-47::R3.Corda, databaseChangeLog=master.changelog.json}
?[m?[37m[INFO] 17:31:33,713 [driver-pool-thread-0] jvm.JdbcExecutor. - INSERT INTO PUBLIC.DATABASECHANGELOG (ID, AUTHOR, FILENAME, DATEEXECUTED, ORDEREXECUTED, MD5SUM, DESCRIPTION, COMMENTS, EXECTYPE, CONTEXTS, LABELS, LIQUIBASE, DEPLOYMENT_ID) VALUES ('1511451595465-47', 'R3.Corda', 'migration/vault-schema.changelog-init.xml', NOW(), 8, '8:4eddd48de14b69bdd265a4b0c438f070', 'addPrimaryKey constraintName=vault_fungible_states_pkey, tableName=vault_fungible_states', '', 'EXECUTED', NULL, NULL, '3.6.3', '7573093676') {changeSet=migration/vault-schema.changelog-init.xml::1511451595465-47::R3.Corda, databaseChangeLog=master.changelog.json}
?[m?[37m[INFO] 17:31:33,714 [driver-pool-thread-0] jvm.JdbcExecutor. - ALTER TABLE PUBLIC.vault_linear_states ADD CONSTRAINT vault_linear_states_pkey PRIMARY KEY (output_index, transaction_id) {changeSet=migration/vault-schema.changelog-init.xml::1511451595465-48::R3.Corda, databaseChangeLog=master.changelog.json}
?[m?[37m[INFO] 17:31:33,715 [driver-pool-thread-0] changelog.ChangeSet. - Primary key added to vault_linear_states (output_index, transaction_id) {changeSet=migration/vault-schema.changelog-init.xml::1511451595465-48::R3.Corda, databaseChangeLog=master.changelog.json}
?[m?[37m[INFO] 17:31:33,715 [driver-pool-thread-0] changelog.ChangeSet. - ChangeSet migration/vault-schema.changelog-init.xml::1511451595465-48::R3.Corda ran successfully in 1ms {changeSet=migration/vault-schema.changelog-init.xml::1511451595465-48::R3.Corda, databaseChangeLog=master.changelog.json}
?[m?[37m[INFO] 17:31:33,716 [driver-pool-thread-0] jvm.JdbcExecutor. - INSERT INTO PUBLIC.DATABASECHANGELOG (ID, AUTHOR, FILENAME, DATEEXECUTED, ORDEREXECUTED, MD5SUM, DESCRIPTION, COMMENTS, EXECTYPE, CONTEXTS, LABELS, LIQUIBASE, DEPLOYMENT_ID) VALUES ('1511451595465-48', 'R3.Corda', 'migration/vault-schema.changelog-init.xml', NOW(), 9, '8:3695c44ddebef2dde359dec253a5969a', 'addPrimaryKey constraintName=vault_linear_states_pkey, tableName=vault_linear_states', '', 'EXECUTED', NULL, NULL, '3.6.3', '7573093676') {changeSet=migration/vault-schema.changelog-init.xml::1511451595465-48::R3.Corda, databaseChangeLog=master.changelog.json}
?[m?[37m[INFO] 17:31:33,716 [driver-pool-thread-0] jvm.JdbcExecutor. - ALTER TABLE PUBLIC.vault_states ADD CONSTRAINT vault_states_pkey PRIMARY KEY (output_index, transaction_id) {changeSet=migration/vault-schema.changelog-init.xml::1511451595465-49::R3.Corda, databaseChangeLog=master.changelog.json}
?[m?[37m[INFO] 17:31:33,717 [driver-pool-thread-0] changelog.ChangeSet. - Primary key added to vault_states (output_index, transaction_id) {changeSet=migration/vault-schema.changelog-init.xml::1511451595465-49::R3.Corda, databaseChangeLog=master.changelog.json}
?[m?[37m[INFO] 17:31:33,717 [driver-pool-thread-0] changelog.ChangeSet. - ChangeSet migration/vault-schema.changelog-init.xml::1511451595465-49::R3.Corda ran successfully in 1ms {changeSet=migration/vault-schema.changelog-init.xml::1511451595465-49::R3.Corda, databaseChangeLog=master.changelog.json}
?[m?[37m[INFO] 17:31:33,717 [driver-pool-thread-0] jvm.JdbcExecutor. - INSERT INTO PUBLIC.DATABASECHANGELOG (ID, AUTHOR, FILENAME, DATEEXECUTED, ORDEREXECUTED, MD5SUM, DESCRIPTION, COMMENTS, EXECTYPE, CONTEXTS, LABELS, LIQUIBASE, DEPLOYMENT_ID) VALUES ('1511451595465-49', 'R3.Corda', 'migration/vault-schema.changelog-init.xml', NOW(), 10, '8:5d21dc3c09051ea30475250d25178892', 'addPrimaryKey constraintName=vault_states_pkey, tableName=vault_states', '', 'EXECUTED', NULL, NULL, '3.6.3', '7573093676') {changeSet=migration/vault-schema.changelog-init.xml::1511451595465-49::R3.Corda, databaseChangeLog=master.changelog.json}
?[m?[37m[INFO] 17:31:33,718 [driver-pool-thread-0] jvm.JdbcExecutor. - ALTER TABLE PUBLIC.vault_transaction_notes ADD CONSTRAINT vault_transaction_notes_pkey PRIMARY KEY (seq_no) {changeSet=migration/vault-schema.changelog-init.xml::1511451595465-50::R3.Corda, databaseChangeLog=master.changelog.json}
?[m?[37m[INFO] 17:31:33,718 [driver-pool-thread-0] changelog.ChangeSet. - Primary key added to vault_transaction_notes (seq_no) {changeSet=migration/vault-schema.changelog-init.xml::1511451595465-50::R3.Corda, databaseChangeLog=master.changelog.json}
?[m?[37m[INFO] 17:31:33,718 [driver-pool-thread-0] changelog.ChangeSet. - ChangeSet migration/vault-schema.changelog-init.xml::1511451595465-50::R3.Corda ran successfully in 0ms {changeSet=migration/vault-schema.changelog-init.xml::1511451595465-50::R3.Corda, databaseChangeLog=master.changelog.json}
?[m?[37m[INFO] 17:31:33,719 [driver-pool-thread-0] jvm.JdbcExecutor. - INSERT INTO PUBLIC.DATABASECHANGELOG (ID, AUTHOR, FILENAME, DATEEXECUTED, ORDEREXECUTED, MD5SUM, DESCRIPTION, COMMENTS, EXECTYPE, CONTEXTS, LABELS, LIQUIBASE, DEPLOYMENT_ID) VALUES ('1511451595465-50', 'R3.Corda', 'migration/vault-schema.changelog-init.xml', NOW(), 11, '8:2bf545e5d7593a3456708426c3686ebb', 'addPrimaryKey constraintName=vault_transaction_notes_pkey, tableName=vault_transaction_notes', '', 'EXECUTED', NULL, NULL, '3.6.3', '7573093676') {changeSet=migration/vault-schema.changelog-init.xml::1511451595465-50::R3.Corda, databaseChangeLog=master.changelog.json}
?[m?[37m[INFO] 17:31:33,719 [driver-pool-thread-0] jvm.JdbcExecutor. - CREATE INDEX PUBLIC.external_id_index ON PUBLIC.vault_linear_states(external_id) {changeSet=migration/vault-schema.changelog-init.xml::1511451595465-53::R3.Corda, databaseChangeLog=master.changelog.json}
?[m?[37m[INFO] 17:31:33,719 [driver-pool-thread-0] changelog.ChangeSet. - Index external_id_index created {changeSet=migration/vault-schema.changelog-init.xml::1511451595465-53::R3.Corda, databaseChangeLog=master.changelog.json}
?[m?[37m[INFO] 17:31:33,719 [driver-pool-thread-0] changelog.ChangeSet. - ChangeSet migration/vault-schema.changelog-init.xml::1511451595465-53::R3.Corda ran successfully in 0ms {changeSet=migration/vault-schema.changelog-init.xml::1511451595465-53::R3.Corda, databaseChangeLog=master.changelog.json}
?[m?[37m[INFO] 17:31:33,720 [driver-pool-thread-0] jvm.JdbcExecutor. - INSERT INTO PUBLIC.DATABASECHANGELOG (ID, AUTHOR, FILENAME, DATEEXECUTED, ORDEREXECUTED, MD5SUM, DESCRIPTION, COMMENTS, EXECTYPE, CONTEXTS, LABELS, LIQUIBASE, DEPLOYMENT_ID) VALUES ('1511451595465-53', 'R3.Corda', 'migration/vault-schema.changelog-init.xml', NOW(), 12, '8:b1272090dcd2325b0382f829ce13a1ff', 'createIndex indexName=external_id_index, tableName=vault_linear_states', '', 'EXECUTED', NULL, NULL, '3.6.3', '7573093676') {changeSet=migration/vault-schema.changelog-init.xml::1511451595465-53::R3.Corda, databaseChangeLog=master.changelog.json}
?[m?[37m[INFO] 17:31:33,720 [driver-pool-thread-0] jvm.JdbcExecutor. - CREATE INDEX PUBLIC.lock_id_idx ON PUBLIC.vault_states(lock_id, state_status) {changeSet=migration/vault-schema.changelog-init.xml::1511451595465-55::R3.Corda, databaseChangeLog=master.changelog.json}
?[m?[37m[INFO] 17:31:33,720 [driver-pool-thread-0] changelog.ChangeSet. - Index lock_id_idx created {changeSet=migration/vault-schema.changelog-init.xml::1511451595465-55::R3.Corda, databaseChangeLog=master.changelog.json}
?[m?[37m[INFO] 17:31:33,720 [driver-pool-thread-0] changelog.ChangeSet. - ChangeSet migration/vault-schema.changelog-init.xml::1511451595465-55::R3.Corda ran successfully in 0ms {changeSet=migration/vault-schema.changelog-init.xml::1511451595465-55::R3.Corda, databaseChangeLog=master.changelog.json}
?[m?[37m[INFO] 17:31:33,721 [driver-pool-thread-0] jvm.JdbcExecutor. - INSERT INTO PUBLIC.DATABASECHANGELOG (ID, AUTHOR, FILENAME, DATEEXECUTED, ORDEREXECUTED, MD5SUM, DESCRIPTION, COMMENTS, EXECTYPE, CONTEXTS, LABELS, LIQUIBASE, DEPLOYMENT_ID) VALUES ('1511451595465-55', 'R3.Corda', 'migration/vault-schema.changelog-init.xml', NOW(), 13, '8:0b77fbedaccc2eed4b8efd6fddf6581b', 'createIndex indexName=lock_id_idx, tableName=vault_states', '', 'EXECUTED', NULL, NULL, '3.6.3', '7573093676') {changeSet=migration/vault-schema.changelog-init.xml::1511451595465-55::R3.Corda, databaseChangeLog=master.changelog.json}
?[m?[37m[INFO] 17:31:33,721 [driver-pool-thread-0] jvm.JdbcExecutor. - CREATE INDEX PUBLIC.state_status_idx ON PUBLIC.vault_states(state_status) {changeSet=migration/vault-schema.changelog-init.xml::1511451595465-58::R3.Corda, databaseChangeLog=master.changelog.json}
?[m?[37m[INFO] 17:31:33,722 [driver-pool-thread-0] changelog.ChangeSet. - Index state_status_idx created {changeSet=migration/vault-schema.changelog-init.xml::1511451595465-58::R3.Corda, databaseChangeLog=master.changelog.json}
?[m?[37m[INFO] 17:31:33,722 [driver-pool-thread-0] changelog.ChangeSet. - ChangeSet migration/vault-schema.changelog-init.xml::1511451595465-58::R3.Corda ran successfully in 1ms {changeSet=migration/vault-schema.changelog-init.xml::1511451595465-58::R3.Corda, databaseChangeLog=master.changelog.json}
?[m?[37m[INFO] 17:31:33,722 [driver-pool-thread-0] jvm.JdbcExecutor. - INSERT INTO PUBLIC.DATABASECHANGELOG (ID, AUTHOR, FILENAME, DATEEXECUTED, ORDEREXECUTED, MD5SUM, DESCRIPTION, COMMENTS, EXECTYPE, CONTEXTS, LABELS, LIQUIBASE, DEPLOYMENT_ID) VALUES ('1511451595465-58', 'R3.Corda', 'migration/vault-schema.changelog-init.xml', NOW(), 14, '8:7a1bbb20835907728df143e4cc1bfc04', 'createIndex indexName=state_status_idx, tableName=vault_states', '', 'EXECUTED', NULL, NULL, '3.6.3', '7573093676') {changeSet=migration/vault-schema.changelog-init.xml::1511451595465-58::R3.Corda, databaseChangeLog=master.changelog.json}
?[m?[37m[INFO] 17:31:33,723 [driver-pool-thread-0] jvm.JdbcExecutor. - CREATE INDEX PUBLIC.transaction_id_index ON PUBLIC.vault_transaction_notes(transaction_id) {changeSet=migration/vault-schema.changelog-init.xml::1511451595465-59::R3.Corda, databaseChangeLog=master.changelog.json}
?[m?[37m[INFO] 17:31:33,723 [driver-pool-thread-0] changelog.ChangeSet. - Index transaction_id_index created {changeSet=migration/vault-schema.changelog-init.xml::1511451595465-59::R3.Corda, databaseChangeLog=master.changelog.json}
?[m?[37m[INFO] 17:31:33,723 [driver-pool-thread-0] changelog.ChangeSet. - ChangeSet migration/vault-schema.changelog-init.xml::1511451595465-59::R3.Corda ran successfully in 0ms {changeSet=migration/vault-schema.changelog-init.xml::1511451595465-59::R3.Corda, databaseChangeLog=master.changelog.json}
?[m?[37m[INFO] 17:31:33,724 [driver-pool-thread-0] jvm.JdbcExecutor. - INSERT INTO PUBLIC.DATABASECHANGELOG (ID, AUTHOR, FILENAME, DATEEXECUTED, ORDEREXECUTED, MD5SUM, DESCRIPTION, COMMENTS, EXECTYPE, CONTEXTS, LABELS, LIQUIBASE, DEPLOYMENT_ID) VALUES ('1511451595465-59', 'R3.Corda', 'migration/vault-schema.changelog-init.xml', NOW(), 15, '8:2bfe64cedfc8120dc219d42dc19d49f6', 'createIndex indexName=transaction_id_index, tableName=vault_transaction_notes', '', 'EXECUTED', NULL, NULL, '3.6.3', '7573093676') {changeSet=migration/vault-schema.changelog-init.xml::1511451595465-59::R3.Corda, databaseChangeLog=master.changelog.json}
?[m?[37m[INFO] 17:31:33,724 [driver-pool-thread-0] jvm.JdbcExecutor. - CREATE INDEX PUBLIC.uuid_index ON PUBLIC.vault_linear_states(uuid) {changeSet=migration/vault-schema.changelog-init.xml::1511451595465-60::R3.Corda, databaseChangeLog=master.changelog.json}
?[m?[37m[INFO] 17:31:33,724 [driver-pool-thread-0] changelog.ChangeSet. - Index uuid_index created {changeSet=migration/vault-schema.changelog-init.xml::1511451595465-60::R3.Corda, databaseChangeLog=master.changelog.json}
?[m?[37m[INFO] 17:31:33,724 [driver-pool-thread-0] changelog.ChangeSet. - ChangeSet migration/vault-schema.changelog-init.xml::1511451595465-60::R3.Corda ran successfully in 0ms {changeSet=migration/vault-schema.changelog-init.xml::1511451595465-60::R3.Corda, databaseChangeLog=master.changelog.json}
?[m?[37m[INFO] 17:31:33,725 [driver-pool-thread-0] jvm.JdbcExecutor. - INSERT INTO PUBLIC.DATABASECHANGELOG (ID, AUTHOR, FILENAME, DATEEXECUTED, ORDEREXECUTED, MD5SUM, DESCRIPTION, COMMENTS, EXECTYPE, CONTEXTS, LABELS, LIQUIBASE, DEPLOYMENT_ID) VALUES ('1511451595465-60', 'R3.Corda', 'migration/vault-schema.changelog-init.xml', NOW(), 16, '8:4cffb289ce33d922274cc829175a2a55', 'createIndex indexName=uuid_index, tableName=vault_linear_states', '', 'EXECUTED', NULL, NULL, '3.6.3', '7573093676') {changeSet=migration/vault-schema.changelog-init.xml::1511451595465-60::R3.Corda, databaseChangeLog=master.changelog.json}
?[m?[37m[INFO] 17:31:33,726 [driver-pool-thread-0] jvm.JdbcExecutor. - ALTER TABLE PUBLIC.vault_fungible_states_parts ADD CONSTRAINT FK__fung_st_parts__fung_st FOREIGN KEY (output_index, transaction_id) REFERENCES PUBLIC.vault_fungible_states (output_index, transaction_id) {changeSet=migration/vault-schema.changelog-init.xml::1511451595465-64::R3.Corda, databaseChangeLog=master.changelog.json}
?[m?[37m[INFO] 17:31:33,727 [driver-pool-thread-0] changelog.ChangeSet. - Foreign key constraint added to vault_fungible_states_parts (output_index,transaction_id) {changeSet=migration/vault-schema.changelog-init.xml::1511451595465-64::R3.Corda, databaseChangeLog=master.changelog.json}
?[m?[37m[INFO] 17:31:33,727 [driver-pool-thread-0] changelog.ChangeSet. - ChangeSet migration/vault-schema.changelog-init.xml::1511451595465-64::R3.Corda ran successfully in 1ms {changeSet=migration/vault-schema.changelog-init.xml::1511451595465-64::R3.Corda, databaseChangeLog=master.changelog.json}
?[m?[37m[INFO] 17:31:33,728 [driver-pool-thread-0] jvm.JdbcExecutor. - INSERT INTO PUBLIC.DATABASECHANGELOG (ID, AUTHOR, FILENAME, DATEEXECUTED, ORDEREXECUTED, MD5SUM, DESCRIPTION, COMMENTS, EXECTYPE, CONTEXTS, LABELS, LIQUIBASE, DEPLOYMENT_ID) VALUES ('1511451595465-64', 'R3.Corda', 'migration/vault-schema.changelog-init.xml', NOW(), 17, '8:1bde72346badbbe52e74b189ce1d079c', 'addForeignKeyConstraint baseTableName=vault_fungible_states_parts, constraintName=FK__fung_st_parts__fung_st, referencedTableName=vault_fungible_states', '', 'EXECUTED', NULL, NULL, '3.6.3', '7573093676') {changeSet=migration/vault-schema.changelog-init.xml::1511451595465-64::R3.Corda, databaseChangeLog=master.changelog.json}
?[m?[37m[INFO] 17:31:33,729 [driver-pool-thread-0] jvm.JdbcExecutor. - ALTER TABLE PUBLIC.vault_linear_states_parts ADD CONSTRAINT FK__lin_stat_parts__lin_stat FOREIGN KEY (output_index, transaction_id) REFERENCES PUBLIC.vault_linear_states (output_index, transaction_id) {changeSet=migration/vault-schema.changelog-init.xml::1511451595465-65::R3.Corda, databaseChangeLog=master.changelog.json}
?[m?[37m[INFO] 17:31:33,729 [driver-pool-thread-0] changelog.ChangeSet. - Foreign key constraint added to vault_linear_states_parts (output_index,transaction_id) {changeSet=migration/vault-schema.changelog-init.xml::1511451595465-65::R3.Corda, databaseChangeLog=master.changelog.json}
?[m?[37m[INFO] 17:31:33,729 [driver-pool-thread-0] changelog.ChangeSet. - ChangeSet migration/vault-schema.changelog-init.xml::1511451595465-65::R3.Corda ran successfully in 1ms {changeSet=migration/vault-schema.changelog-init.xml::1511451595465-65::R3.Corda, databaseChangeLog=master.changelog.json}
?[m?[37m[INFO] 17:31:33,730 [driver-pool-thread-0] jvm.JdbcExecutor. - INSERT INTO PUBLIC.DATABASECHANGELOG (ID, AUTHOR, FILENAME, DATEEXECUTED, ORDEREXECUTED, MD5SUM, DESCRIPTION, COMMENTS, EXECTYPE, CONTEXTS, LABELS, LIQUIBASE, DEPLOYMENT_ID) VALUES ('1511451595465-65', 'R3.Corda', 'migration/vault-schema.changelog-init.xml', NOW(), 18, '8:9a5d0106c45f631cb60a3e2f9542d2c2', 'addForeignKeyConstraint baseTableName=vault_linear_states_parts, constraintName=FK__lin_stat_parts__lin_stat, referencedTableName=vault_linear_states', '', 'EXECUTED', NULL, NULL, '3.6.3', '7573093676') {changeSet=migration/vault-schema.changelog-init.xml::1511451595465-65::R3.Corda, databaseChangeLog=master.changelog.json}
?[m?[37m[INFO] 17:31:33,731 [driver-pool-thread-0] jvm.JdbcExecutor. - DELETE FROM PUBLIC.vault_fungible_states_parts {changeSet=migration/vault-schema.changelog-v3.xml::clean_vault::R3.Corda, databaseChangeLog=master.changelog.json}
?[m?[37m[INFO] 17:31:33,731 [driver-pool-thread-0] changelog.ChangeSet. - Data deleted from vault_fungible_states_parts {changeSet=migration/vault-schema.changelog-v3.xml::clean_vault::R3.Corda, databaseChangeLog=master.changelog.json}
?[m?[37m[INFO] 17:31:33,731 [driver-pool-thread-0] jvm.JdbcExecutor. - DELETE FROM PUBLIC.vault_fungible_states {changeSet=migration/vault-schema.changelog-v3.xml::clean_vault::R3.Corda, databaseChangeLog=master.changelog.json}
?[m?[37m[INFO] 17:31:33,731 [driver-pool-thread-0] changelog.ChangeSet. - Data deleted from vault_fungible_states {changeSet=migration/vault-schema.changelog-v3.xml::clean_vault::R3.Corda, databaseChangeLog=master.changelog.json}
?[m?[37m[INFO] 17:31:33,731 [driver-pool-thread-0] jvm.JdbcExecutor. - DELETE FROM PUBLIC.vault_linear_states_parts {changeSet=migration/vault-schema.changelog-v3.xml::clean_vault::R3.Corda, databaseChangeLog=master.changelog.json}
?[m?[37m[INFO] 17:31:33,731 [driver-pool-thread-0] changelog.ChangeSet. - Data deleted from vault_linear_states_parts {changeSet=migration/vault-schema.changelog-v3.xml::clean_vault::R3.Corda, databaseChangeLog=master.changelog.json}
?[m?[37m[INFO] 17:31:33,731 [driver-pool-thread-0] jvm.JdbcExecutor. - DELETE FROM PUBLIC.vault_linear_states {changeSet=migration/vault-schema.changelog-v3.xml::clean_vault::R3.Corda, databaseChangeLog=master.changelog.json}
?[m?[37m[INFO] 17:31:33,731 [driver-pool-thread-0] changelog.ChangeSet. - Data deleted from vault_linear_states {changeSet=migration/vault-schema.changelog-v3.xml::clean_vault::R3.Corda, databaseChangeLog=master.changelog.json}
?[m?[37m[INFO] 17:31:33,731 [driver-pool-thread-0] jvm.JdbcExecutor. - DELETE FROM PUBLIC.vault_states {changeSet=migration/vault-schema.changelog-v3.xml::clean_vault::R3.Corda, databaseChangeLog=master.changelog.json}
?[m?[37m[INFO] 17:31:33,731 [driver-pool-thread-0] changelog.ChangeSet. - Data deleted from vault_states {changeSet=migration/vault-schema.changelog-v3.xml::clean_vault::R3.Corda, databaseChangeLog=master.changelog.json}
?[m?[37m[INFO] 17:31:33,731 [driver-pool-thread-0] jvm.JdbcExecutor. - DELETE FROM PUBLIC.vault_transaction_notes {changeSet=migration/vault-schema.changelog-v3.xml::clean_vault::R3.Corda, databaseChangeLog=master.changelog.json}
?[m?[37m[INFO] 17:31:33,731 [driver-pool-thread-0] changelog.ChangeSet. - Data deleted from vault_transaction_notes {changeSet=migration/vault-schema.changelog-v3.xml::clean_vault::R3.Corda, databaseChangeLog=master.changelog.json}
?[m?[37m[INFO] 17:31:33,731 [driver-pool-thread-0] changelog.ChangeSet. - ChangeSet migration/vault-schema.changelog-v3.xml::clean_vault::R3.Corda ran successfully in 1ms {changeSet=migration/vault-schema.changelog-v3.xml::clean_vault::R3.Corda, databaseChangeLog=master.changelog.json}
?[m?[37m[INFO] 17:31:33,732 [driver-pool-thread-0] jvm.JdbcExecutor. - INSERT INTO PUBLIC.DATABASECHANGELOG (ID, AUTHOR, FILENAME, DATEEXECUTED, ORDEREXECUTED, MD5SUM, DESCRIPTION, COMMENTS, EXECTYPE, CONTEXTS, LABELS, LIQUIBASE, DEPLOYMENT_ID) VALUES ('clean_vault', 'R3.Corda', 'migration/vault-schema.changelog-v3.xml', NOW(), 19, '8:0701d37bf9b322ada2323cea6db9393c', 'delete tableName=vault_fungible_states_parts; delete tableName=vault_fungible_states; delete tableName=vault_linear_states_parts; delete tableName=vault_linear_states; delete tableName=vault_states; delete tableName=vault_transaction_notes', '', 'EXECUTED', NULL, NULL, '3.6.3', '7573093676') {changeSet=migration/vault-schema.changelog-v3.xml::clean_vault::R3.Corda, databaseChangeLog=master.changelog.json}
?[m?[37m[INFO] 17:31:33,733 [driver-pool-thread-0] jvm.JdbcExecutor. - ALTER TABLE PUBLIC.vault_fungible_states ALTER COLUMN quantity SET NOT NULL {changeSet=migration/vault-schema.changelog-v4.xml::nullability::R3.Corda, databaseChangeLog=master.changelog.json}
?[m?[37m[INFO] 17:31:33,733 [driver-pool-thread-0] changelog.ChangeSet. - NOT NULL constraint has been added to vault_fungible_states.quantity {changeSet=migration/vault-schema.changelog-v4.xml::nullability::R3.Corda, databaseChangeLog=master.changelog.json}
?[m?[37m[INFO] 17:31:33,733 [driver-pool-thread-0] jvm.JdbcExecutor. - ALTER TABLE PUBLIC.vault_states ALTER COLUMN contract_state_class_name SET NOT NULL {changeSet=migration/vault-schema.changelog-v4.xml::nullability::R3.Corda, databaseChangeLog=master.changelog.json}
?[m?[37m[INFO] 17:31:33,733 [driver-pool-thread-0] changelog.ChangeSet. - NOT NULL constraint has been added to vault_states.contract_state_class_name {changeSet=migration/vault-schema.changelog-v4.xml::nullability::R3.Corda, databaseChangeLog=master.changelog.json}
?[m?[37m[INFO] 17:31:33,733 [driver-pool-thread-0] jvm.JdbcExecutor. - ALTER TABLE PUBLIC.vault_states ALTER COLUMN notary_name SET NOT NULL {changeSet=migration/vault-schema.changelog-v4.xml::nullability::R3.Corda, databaseChangeLog=master.changelog.json}
?[m?[37m[INFO] 17:31:33,733 [driver-pool-thread-0] changelog.ChangeSet. - NOT NULL constraint has been added to vault_states.notary_name {changeSet=migration/vault-schema.changelog-v4.xml::nullability::R3.Corda, databaseChangeLog=master.changelog.json}
?[m?[37m[INFO] 17:31:33,734 [driver-pool-thread-0] jvm.JdbcExecutor. - ALTER TABLE PUBLIC.vault_states ALTER COLUMN recorded_timestamp SET NOT NULL {changeSet=migration/vault-schema.changelog-v4.xml::nullability::R3.Corda, databaseChangeLog=master.changelog.json}
?[m?[37m[INFO] 17:31:33,734 [driver-pool-thread-0] changelog.ChangeSet. - NOT NULL constraint has been added to vault_states.recorded_timestamp {changeSet=migration/vault-schema.changelog-v4.xml::nullability::R3.Corda, databaseChangeLog=master.changelog.json}
?[m?[37m[INFO] 17:31:33,734 [driver-pool-thread-0] jvm.JdbcExecutor. - DROP INDEX PUBLIC.state_status_idx {changeSet=migration/vault-schema.changelog-v4.xml::nullability::R3.Corda, databaseChangeLog=master.changelog.json}
?[m?[37m[INFO] 17:31:33,734 [driver-pool-thread-0] changelog.ChangeSet. - Index state_status_idx dropped from table vault_states {changeSet=migration/vault-schema.changelog-v4.xml::nullability::R3.Corda, databaseChangeLog=master.changelog.json}
?[m?[37m[INFO] 17:31:33,734 [driver-pool-thread-0] jvm.JdbcExecutor. - DROP INDEX PUBLIC.lock_id_idx {changeSet=migration/vault-schema.changelog-v4.xml::nullability::R3.Corda, databaseChangeLog=master.changelog.json}
?[m?[37m[INFO] 17:31:33,734 [driver-pool-thread-0] changelog.ChangeSet. - Index lock_id_idx dropped from table vault_states {changeSet=migration/vault-schema.changelog-v4.xml::nullability::R3.Corda, databaseChangeLog=master.changelog.json}
?[m?[37m[INFO] 17:31:33,734 [driver-pool-thread-0] jvm.JdbcExecutor. - ALTER TABLE PUBLIC.vault_states ALTER COLUMN state_status SET NOT NULL {changeSet=migration/vault-schema.changelog-v4.xml::nullability::R3.Corda, databaseChangeLog=master.changelog.json}
?[m?[37m[INFO] 17:31:33,734 [driver-pool-thread-0] changelog.ChangeSet. - NOT NULL constraint has been added to vault_states.state_status {changeSet=migration/vault-schema.changelog-v4.xml::nullability::R3.Corda, databaseChangeLog=master.changelog.json}
?[m?[37m[INFO] 17:31:33,734 [driver-pool-thread-0] jvm.JdbcExecutor. - CREATE INDEX PUBLIC.state_status_idx ON PUBLIC.vault_states(state_status) {changeSet=migration/vault-schema.changelog-v4.xml::nullability::R3.Corda, databaseChangeLog=master.changelog.json}
?[m?[37m[INFO] 17:31:33,734 [driver-pool-thread-0] changelog.ChangeSet. - Index state_status_idx created {changeSet=migration/vault-schema.changelog-v4.xml::nullability::R3.Corda, databaseChangeLog=master.changelog.json}
?[m?[37m[INFO] 17:31:33,735 [driver-pool-thread-0] jvm.JdbcExecutor. - CREATE INDEX PUBLIC.lock_id_idx ON PUBLIC.vault_states(lock_id, state_status) {changeSet=migration/vault-schema.changelog-v4.xml::nullability::R3.Corda, databaseChangeLog=master.changelog.json}
?[m?[37m[INFO] 17:31:33,735 [driver-pool-thread-0] changelog.ChangeSet. - Index lock_id_idx created {changeSet=migration/vault-schema.changelog-v4.xml::nullability::R3.Corda, databaseChangeLog=master.changelog.json}
?[m?[37m[INFO] 17:31:33,735 [driver-pool-thread-0] jvm.JdbcExecutor. - DROP INDEX PUBLIC.transaction_id_index {changeSet=migration/vault-schema.changelog-v4.xml::nullability::R3.Corda, databaseChangeLog=master.changelog.json}
?[m?[37m[INFO] 17:31:33,735 [driver-pool-thread-0] changelog.ChangeSet. - Index transaction_id_index dropped from table vault_transaction_notes {changeSet=migration/vault-schema.changelog-v4.xml::nullability::R3.Corda, databaseChangeLog=master.changelog.json}
?[m?[37m[INFO] 17:31:33,735 [driver-pool-thread-0] jvm.JdbcExecutor. - ALTER TABLE PUBLIC.vault_transaction_notes ALTER COLUMN note SET NOT NULL {changeSet=migration/vault-schema.changelog-v4.xml::nullability::R3.Corda, databaseChangeLog=master.changelog.json}
?[m?[37m[INFO] 17:31:33,735 [driver-pool-thread-0] changelog.ChangeSet. - NOT NULL constraint has been added to vault_transaction_notes.note {changeSet=migration/vault-schema.changelog-v4.xml::nullability::R3.Corda, databaseChangeLog=master.changelog.json}
?[m?[37m[INFO] 17:31:33,735 [driver-pool-thread-0] jvm.JdbcExecutor. - ALTER TABLE PUBLIC.vault_transaction_notes ALTER COLUMN transaction_id SET NOT NULL {changeSet=migration/vault-schema.changelog-v4.xml::nullability::R3.Corda, databaseChangeLog=master.changelog.json}
?[m?[37m[INFO] 17:31:33,735 [driver-pool-thread-0] changelog.ChangeSet. - NOT NULL constraint has been added to vault_transaction_notes.transaction_id {changeSet=migration/vault-schema.changelog-v4.xml::nullability::R3.Corda, databaseChangeLog=master.changelog.json}
?[m?[37m[INFO] 17:31:33,735 [driver-pool-thread-0] jvm.JdbcExecutor. - CREATE INDEX PUBLIC.transaction_id_index ON PUBLIC.vault_transaction_notes(transaction_id) {changeSet=migration/vault-schema.changelog-v4.xml::nullability::R3.Corda, databaseChangeLog=master.changelog.json}
?[m?[37m[INFO] 17:31:33,735 [driver-pool-thread-0] changelog.ChangeSet. - Index transaction_id_index created {changeSet=migration/vault-schema.changelog-v4.xml::nullability::R3.Corda, databaseChangeLog=master.changelog.json}
?[m?[37m[INFO] 17:31:33,735 [driver-pool-thread-0] changelog.ChangeSet. - ChangeSet migration/vault-schema.changelog-v4.xml::nullability::R3.Corda ran successfully in 3ms {changeSet=migration/vault-schema.changelog-v4.xml::nullability::R3.Corda, databaseChangeLog=master.changelog.json}
?[m?[37m[INFO] 17:31:33,736 [driver-pool-thread-0] jvm.JdbcExecutor. - INSERT INTO PUBLIC.DATABASECHANGELOG (ID, AUTHOR, FILENAME, DATEEXECUTED, ORDEREXECUTED, MD5SUM, DESCRIPTION, COMMENTS, EXECTYPE, CONTEXTS, LABELS, LIQUIBASE, DEPLOYMENT_ID) VALUES ('nullability', 'R3.Corda', 'migration/vault-schema.changelog-v4.xml', NOW(), 20, '8:853fd1e24b974ff22712322ebb2860bf', 'addNotNullConstraint columnName=quantity, tableName=vault_fungible_states; addNotNullConstraint columnName=contract_state_class_name, tableName=vault_states; addNotNullConstraint columnName=notary_name, tableName=vault_states; addNotNullConstraint...', '', 'EXECUTED', NULL, NULL, '3.6.3', '7573093676') {changeSet=migration/vault-schema.changelog-v4.xml::nullability::R3.Corda, databaseChangeLog=master.changelog.json}
?[m?[37m[INFO] 17:31:33,738 [driver-pool-thread-0] jvm.JdbcExecutor. - INSERT INTO PUBLIC.DATABASECHANGELOG (ID, AUTHOR, FILENAME, DATEEXECUTED, ORDEREXECUTED, MD5SUM, DESCRIPTION, COMMENTS, EXECTYPE, CONTEXTS, LABELS, LIQUIBASE, DEPLOYMENT_ID) VALUES ('non-clustered_pk-11', 'R3.Corda', 'migration/vault-schema.changelog-pkey.xml', NOW(), 21, '8:7fca5375330f0b3b62de65b84274dd6e', 'dropForeignKeyConstraint baseTableName=vault_fungible_states_parts, constraintName=FK__fung_st_parts__fung_st; dropPrimaryKey constraintName=vault_fungible_states_pkey, tableName=vault_fungible_states; addPrimaryKey constraintName=vault_fungible_s...', '', 'MARK_RAN', NULL, NULL, '3.6.3', '7573093676') {changeSet=migration/vault-schema.changelog-pkey.xml::non-clustered_pk-11::R3.Corda, databaseChangeLog=master.changelog.json}
?[m?[37m[INFO] 17:31:33,739 [driver-pool-thread-0] jvm.JdbcExecutor. - INSERT INTO PUBLIC.DATABASECHANGELOG (ID, AUTHOR, FILENAME, DATEEXECUTED, ORDEREXECUTED, MD5SUM, DESCRIPTION, COMMENTS, EXECTYPE, CONTEXTS, LABELS, LIQUIBASE, DEPLOYMENT_ID) VALUES ('non-clustered_pk-12', 'R3.Corda', 'migration/vault-schema.changelog-pkey.xml', NOW(), 22, '8:8469058af292b08d108fcf1b3eb8fca4', 'dropForeignKeyConstraint baseTableName=vault_linear_states_parts, constraintName=FK__lin_stat_parts__lin_stat; dropPrimaryKey constraintName=vault_linear_states_pkey, tableName=vault_linear_states; addPrimaryKey constraintName=vault_linear_states_...', '', 'MARK_RAN', NULL, NULL, '3.6.3', '7573093676') {changeSet=migration/vault-schema.changelog-pkey.xml::non-clustered_pk-12::R3.Corda, databaseChangeLog=master.changelog.json}
?[m?[37m[INFO] 17:31:33,740 [driver-pool-thread-0] jvm.JdbcExecutor. - INSERT INTO PUBLIC.DATABASECHANGELOG (ID, AUTHOR, FILENAME, DATEEXECUTED, ORDEREXECUTED, MD5SUM, DESCRIPTION, COMMENTS, EXECTYPE, CONTEXTS, LABELS, LIQUIBASE, DEPLOYMENT_ID) VALUES ('non-clustered_pk-13', 'R3.Corda', 'migration/vault-schema.changelog-pkey.xml', NOW(), 23, '8:e0ccce8941c28a45870d60f5bf54cd50', 'dropPrimaryKey constraintName=vault_states_pkey, tableName=vault_states; addPrimaryKey constraintName=vault_states_pkey, tableName=vault_states', '', 'MARK_RAN', NULL, NULL, '3.6.3', '7573093676') {changeSet=migration/vault-schema.changelog-pkey.xml::non-clustered_pk-13::R3.Corda, databaseChangeLog=master.changelog.json}
?[m?[37m[INFO] 17:31:33,741 [driver-pool-thread-0] jvm.JdbcExecutor. - ALTER TABLE PUBLIC.vault_states ADD relevancy_status INT {changeSet=migration/vault-schema.changelog-v5.xml::add_relevancy_status_column::R3.Corda, databaseChangeLog=master.changelog.json}
?[m?[37m[INFO] 17:31:33,743 [driver-pool-thread-0] changelog.ChangeSet. - Columns relevancy_status(INT) added to vault_states {changeSet=migration/vault-schema.changelog-v5.xml::add_relevancy_status_column::R3.Corda, databaseChangeLog=master.changelog.json}
?[m?[37m[INFO] 17:31:33,743 [driver-pool-thread-0] jvm.JdbcExecutor. - UPDATE PUBLIC.vault_states SET relevancy_status = 0 {changeSet=migration/vault-schema.changelog-v5.xml::add_relevancy_status_column::R3.Corda, databaseChangeLog=master.changelog.json}
?[m?[37m[INFO] 17:31:33,743 [driver-pool-thread-0] changelog.ChangeSet. - Data updated in vault_states {changeSet=migration/vault-schema.changelog-v5.xml::add_relevancy_status_column::R3.Corda, databaseChangeLog=master.changelog.json}
?[m?[37m[INFO] 17:31:33,743 [driver-pool-thread-0] jvm.JdbcExecutor. - ALTER TABLE PUBLIC.vault_states ALTER COLUMN relevancy_status SET NOT NULL {changeSet=migration/vault-schema.changelog-v5.xml::add_relevancy_status_column::R3.Corda, databaseChangeLog=master.changelog.json}
?[m?[37m[INFO] 17:31:33,744 [driver-pool-thread-0] changelog.ChangeSet. - NOT NULL constraint has been added to vault_states.relevancy_status {changeSet=migration/vault-schema.changelog-v5.xml::add_relevancy_status_column::R3.Corda, databaseChangeLog=master.changelog.json}
?[m?[37m[INFO] 17:31:33,744 [driver-pool-thread-0] changelog.ChangeSet. - ChangeSet migration/vault-schema.changelog-v5.xml::add_relevancy_status_column::R3.Corda ran successfully in 4ms {changeSet=migration/vault-schema.changelog-v5.xml::add_relevancy_status_column::R3.Corda, databaseChangeLog=master.changelog.json}
?[m?[37m[INFO] 17:31:33,744 [driver-pool-thread-0] jvm.JdbcExecutor. - INSERT INTO PUBLIC.DATABASECHANGELOG (ID, AUTHOR, FILENAME, DATEEXECUTED, ORDEREXECUTED, MD5SUM, DESCRIPTION, COMMENTS, EXECTYPE, CONTEXTS, LABELS, LIQUIBASE, DEPLOYMENT_ID) VALUES ('add_relevancy_status_column', 'R3.Corda', 'migration/vault-schema.changelog-v5.xml', NOW(), 24, '8:93c5dcaf00387d4d643def4355a54b56', 'addColumn tableName=vault_states; update tableName=vault_states; addNotNullConstraint columnName=relevancy_status, tableName=vault_states', '', 'EXECUTED', NULL, NULL, '3.6.3', '7573093676') {changeSet=migration/vault-schema.changelog-v5.xml::add_relevancy_status_column::R3.Corda, databaseChangeLog=master.changelog.json}
?[m?[37m[INFO] 17:31:33,745 [driver-pool-thread-0] jvm.JdbcExecutor. - ALTER TABLE PUBLIC.vault_states ADD constraint_type INT DEFAULT '0' NOT NULL {changeSet=migration/vault-schema.changelog-v6.xml::add_is_constraint_information_columns::R3.Corda, databaseChangeLog=master.changelog.json}
?[m?[37m[INFO] 17:31:33,747 [driver-pool-thread-0] changelog.ChangeSet. - Columns constraint_type(INT) added to vault_states {changeSet=migration/vault-schema.changelog-v6.xml::add_is_constraint_information_columns::R3.Corda, databaseChangeLog=master.changelog.json}
?[m?[37m[INFO] 17:31:33,747 [driver-pool-thread-0] jvm.JdbcExecutor. - ALTER TABLE PUBLIC.vault_states ADD constraint_data VARBINARY(563) {changeSet=migration/vault-schema.changelog-v6.xml::add_is_constraint_information_columns::R3.Corda, databaseChangeLog=master.changelog.json}
?[m?[37m[INFO] 17:31:33,749 [driver-pool-thread-0] changelog.ChangeSet. - Columns constraint_data(varbinary(563)) added to vault_states {changeSet=migration/vault-schema.changelog-v6.xml::add_is_constraint_information_columns::R3.Corda, databaseChangeLog=master.changelog.json}
?[m?[37m[INFO] 17:31:33,749 [driver-pool-thread-0] changelog.ChangeSet. - ChangeSet migration/vault-schema.changelog-v6.xml::add_is_constraint_information_columns::R3.Corda ran successfully in 4ms {changeSet=migration/vault-schema.changelog-v6.xml::add_is_constraint_information_columns::R3.Corda, databaseChangeLog=master.changelog.json}
?[m?[37m[INFO] 17:31:33,750 [driver-pool-thread-0] jvm.JdbcExecutor. - INSERT INTO PUBLIC.DATABASECHANGELOG (ID, AUTHOR, FILENAME, DATEEXECUTED, ORDEREXECUTED, MD5SUM, DESCRIPTION, COMMENTS, EXECTYPE, CONTEXTS, LABELS, LIQUIBASE, DEPLOYMENT_ID) VALUES ('add_is_constraint_information_columns', 'R3.Corda', 'migration/vault-schema.changelog-v6.xml', NOW(), 25, '8:acf60bd84f648e157d402de8f8e22f3a', 'addColumn tableName=vault_states; addColumn tableName=vault_states', '', 'EXECUTED', NULL, NULL, '3.6.3', '7573093676') {changeSet=migration/vault-schema.changelog-v6.xml::add_is_constraint_information_columns::R3.Corda, databaseChangeLog=master.changelog.json}
?[m?[37m[INFO] 17:31:33,751 [driver-pool-thread-0] jvm.JdbcExecutor. - ALTER TABLE PUBLIC.vault_fungible_states ALTER COLUMN issuer_ref SET NULL {changeSet=migration/vault-schema.changelog-v7.xml::make_issuer_ref_nullable::R3.Corda, databaseChangeLog=master.changelog.json}
?[m?[37m[INFO] 17:31:33,751 [driver-pool-thread-0] changelog.ChangeSet. - Null constraint dropped from vault_fungible_states.issuer_ref {changeSet=migration/vault-schema.changelog-v7.xml::make_issuer_ref_nullable::R3.Corda, databaseChangeLog=master.changelog.json}
?[m?[37m[INFO] 17:31:33,751 [driver-pool-thread-0] changelog.ChangeSet. - ChangeSet migration/vault-schema.changelog-v7.xml::make_issuer_ref_nullable::R3.Corda ran successfully in 0ms {changeSet=migration/vault-schema.changelog-v7.xml::make_issuer_ref_nullable::R3.Corda, databaseChangeLog=master.changelog.json}
?[m?[37m[INFO] 17:31:33,752 [driver-pool-thread-0] jvm.JdbcExecutor. - INSERT INTO PUBLIC.DATABASECHANGELOG (ID, AUTHOR, FILENAME, DATEEXECUTED, ORDEREXECUTED, MD5SUM, DESCRIPTION, COMMENTS, EXECTYPE, CONTEXTS, LABELS, LIQUIBASE, DEPLOYMENT_ID) VALUES ('make_issuer_ref_nullable', 'R3.Corda', 'migration/vault-schema.changelog-v7.xml', NOW(), 26, '8:58039722b4808e90a7711d3c82e5fc95', 'dropNotNullConstraint columnName=issuer_ref, tableName=vault_fungible_states', '', 'EXECUTED', NULL, NULL, '3.6.3', '7573093676') {changeSet=migration/vault-schema.changelog-v7.xml::make_issuer_ref_nullable::R3.Corda, databaseChangeLog=master.changelog.json}
?[m?[37m[INFO] 17:31:33,753 [driver-pool-thread-0] jvm.JdbcExecutor. - CREATE TABLE PUBLIC.state_party (output_index INT, transaction_id NVARCHAR(64), public_key_hash NVARCHAR(255) NOT NULL, x500_name NVARCHAR(255)) {changeSet=migration/vault-schema.changelog-v8.xml::create-external-id-to-state-party-view::R3.Corda, databaseChangeLog=master.changelog.json}
?[m?[37m[INFO] 17:31:33,753 [driver-pool-thread-0] changelog.ChangeSet. - Table state_party created {changeSet=migration/vault-schema.changelog-v8.xml::create-external-id-to-state-party-view::R3.Corda, databaseChangeLog=master.changelog.json}
?[m?[37m[INFO] 17:31:33,753 [driver-pool-thread-0] jvm.JdbcExecutor. - CREATE INDEX PUBLIC.state_pk_hash_idx ON PUBLIC.state_party(public_key_hash) {changeSet=migration/vault-schema.changelog-v8.xml::create-external-id-to-state-party-view::R3.Corda, databaseChangeLog=master.changelog.json}
?[m?[37m[INFO] 17:31:33,753 [driver-pool-thread-0] changelog.ChangeSet. - Index state_pk_hash_idx created {changeSet=migration/vault-schema.changelog-v8.xml::create-external-id-to-state-party-view::R3.Corda, databaseChangeLog=master.changelog.json}
?[m?[37m[INFO] 17:31:33,754 [driver-pool-thread-0] jvm.JdbcExecutor. - CREATE TABLE PUBLIC.pk_hash_to_ext_id_map (id BIGINT NOT NULL, external_id VARCHAR(255) NOT NULL, public_key_hash NVARCHAR(255) NOT NULL) {changeSet=migration/vault-schema.changelog-v8.xml::create-external-id-to-state-party-view::R3.Corda, databaseChangeLog=master.changelog.json}
?[m?[37m[INFO] 17:31:33,754 [driver-pool-thread-0] changelog.ChangeSet. - Table pk_hash_to_ext_id_map created {changeSet=migration/vault-schema.changelog-v8.xml::create-external-id-to-state-party-view::R3.Corda, databaseChangeLog=master.changelog.json}
?[m?[37m[INFO] 17:31:33,754 [driver-pool-thread-0] jvm.JdbcExecutor. - CREATE INDEX PUBLIC.pk_hash_to_xid_idx ON PUBLIC.pk_hash_to_ext_id_map(public_key_hash) {changeSet=migration/vault-schema.changelog-v8.xml::create-external-id-to-state-party-view::R3.Corda, databaseChangeLog=master.changelog.json}
?[m?[37m[INFO] 17:31:33,754 [driver-pool-thread-0] changelog.ChangeSet. - Index pk_hash_to_xid_idx created {changeSet=migration/vault-schema.changelog-v8.xml::create-external-id-to-state-party-view::R3.Corda, databaseChangeLog=master.changelog.json}
?[m?[37m[INFO] 17:31:33,755 [driver-pool-thread-0] jvm.JdbcExecutor. - CREATE VIEW PUBLIC.v_pkey_hash_ex_id_map AS select
                state_party.public_key_hash,
                state_party.transaction_id,
                state_party.output_index,
                pk_hash_to_ext_id_map.external_id
            from state_party
            join pk_hash_to_ext_id_map
            on state_party.public_key_hash = pk_hash_to_ext_id_map.public_key_hash {changeSet=migration/vault-schema.changelog-v8.xml::create-external-id-to-state-party-view::R3.Corda, databaseChangeLog=master.changelog.json}
?[m?[37m[INFO] 17:31:33,755 [driver-pool-thread-0] changelog.ChangeSet. - View v_pkey_hash_ex_id_map created {changeSet=migration/vault-schema.changelog-v8.xml::create-external-id-to-state-party-view::R3.Corda, databaseChangeLog=master.changelog.json}
?[m?[37m[INFO] 17:31:33,755 [driver-pool-thread-0] changelog.ChangeSet. - ChangeSet migration/vault-schema.changelog-v8.xml::create-external-id-to-state-party-view::R3.Corda ran successfully in 3ms {changeSet=migration/vault-schema.changelog-v8.xml::create-external-id-to-state-party-view::R3.Corda, databaseChangeLog=master.changelog.json}
?[m?[37m[INFO] 17:31:33,756 [driver-pool-thread-0] jvm.JdbcExecutor. - INSERT INTO PUBLIC.DATABASECHANGELOG (ID, AUTHOR, FILENAME, DATEEXECUTED, ORDEREXECUTED, MD5SUM, DESCRIPTION, COMMENTS, EXECTYPE, CONTEXTS, LABELS, LIQUIBASE, DEPLOYMENT_ID) VALUES ('create-external-id-to-state-party-view', 'R3.Corda', 'migration/vault-schema.changelog-v8.xml', NOW(), 27, '8:9a5b20f7b7367bb3b86f600bccaa423b', 'createTable tableName=state_party; createIndex indexName=state_pk_hash_idx, tableName=state_party; createTable tableName=pk_hash_to_ext_id_map; createIndex indexName=pk_hash_to_xid_idx, tableName=pk_hash_to_ext_id_map; createView viewName=v_pkey_h...', '', 'EXECUTED', NULL, NULL, '3.6.3', '7573093676') {changeSet=migration/vault-schema.changelog-v8.xml::create-external-id-to-state-party-view::R3.Corda, databaseChangeLog=master.changelog.json}
?[m?[37m[INFO] 17:31:33,757 [driver-pool-thread-0] jvm.JdbcExecutor. - ALTER TABLE PUBLIC.vault_states ALTER COLUMN constraint_data VARBINARY(20000) {changeSet=migration/vault-schema.changelog-v11.xml::expand_constraint_data_size::R3.Corda, databaseChangeLog=master.changelog.json}
?[m?[37m[INFO] 17:31:33,760 [driver-pool-thread-0] changelog.ChangeSet. - vault_states.constraint_data datatype was changed to varbinary(20000) {changeSet=migration/vault-schema.changelog-v11.xml::expand_constraint_data_size::R3.Corda, databaseChangeLog=master.changelog.json}
?[m?[37m[INFO] 17:31:33,760 [driver-pool-thread-0] changelog.ChangeSet. - ChangeSet migration/vault-schema.changelog-v11.xml::expand_constraint_data_size::R3.Corda ran successfully in 3ms {changeSet=migration/vault-schema.changelog-v11.xml::expand_constraint_data_size::R3.Corda, databaseChangeLog=master.changelog.json}
?[m?[37m[INFO] 17:31:33,761 [driver-pool-thread-0] jvm.JdbcExecutor. - INSERT INTO PUBLIC.DATABASECHANGELOG (ID, AUTHOR, FILENAME, DATEEXECUTED, ORDEREXECUTED, MD5SUM, DESCRIPTION, COMMENTS, EXECTYPE, CONTEXTS, LABELS, LIQUIBASE, DEPLOYMENT_ID) VALUES ('expand_constraint_data_size', 'R3.Corda', 'migration/vault-schema.changelog-v11.xml', NOW(), 28, '8:0bd51f3d930d4b03d7b1075454bb2d70', 'modifyDataType columnName=constraint_data, tableName=vault_states', '', 'EXECUTED', NULL, NULL, '3.6.3', '7573093676') {changeSet=migration/vault-schema.changelog-v11.xml::expand_constraint_data_size::R3.Corda, databaseChangeLog=master.changelog.json}
?[m?[37m[INFO] 17:31:33,761 [driver-pool-thread-0] jvm.JdbcExecutor. - CREATE TABLE PUBLIC.node_link_nodeinfo_party (node_info_id INT NOT NULL, party_name NVARCHAR(255) NOT NULL) {changeSet=migration/node-info.changelog-init.xml::1511451595465-4::R3.Corda, databaseChangeLog=master.changelog.json}
?[m?[37m[INFO] 17:31:33,762 [driver-pool-thread-0] changelog.ChangeSet. - Table node_link_nodeinfo_party created {changeSet=migration/node-info.changelog-init.xml::1511451595465-4::R3.Corda, databaseChangeLog=master.changelog.json}
?[m?[37m[INFO] 17:31:33,762 [driver-pool-thread-0] changelog.ChangeSet. - ChangeSet migration/node-info.changelog-init.xml::1511451595465-4::R3.Corda ran successfully in 1ms {changeSet=migration/node-info.changelog-init.xml::1511451595465-4::R3.Corda, databaseChangeLog=master.changelog.json}
?[m?[37m[INFO] 17:31:33,762 [driver-pool-thread-0] jvm.JdbcExecutor. - INSERT INTO PUBLIC.DATABASECHANGELOG (ID, AUTHOR, FILENAME, DATEEXECUTED, ORDEREXECUTED, MD5SUM, DESCRIPTION, COMMENTS, EXECTYPE, CONTEXTS, LABELS, LIQUIBASE, DEPLOYMENT_ID) VALUES ('1511451595465-4', 'R3.Corda', 'migration/node-info.changelog-init.xml', NOW(), 29, '8:cbf3edf78266c3bd22738eaf20c7c111', 'createTable tableName=node_link_nodeinfo_party', '', 'EXECUTED', NULL, NULL, '3.6.3', '7573093676') {changeSet=migration/node-info.changelog-init.xml::1511451595465-4::R3.Corda, databaseChangeLog=master.changelog.json}
?[m?[37m[INFO] 17:31:33,763 [driver-pool-thread-0] jvm.JdbcExecutor. - CREATE TABLE PUBLIC.node_info_hosts (host NVARCHAR(255) NOT NULL, port INT NOT NULL, node_info_id INT) {changeSet=migration/node-info.changelog-init.xml::1511451595465-10::R3.Corda, databaseChangeLog=master.changelog.json}
?[m?[37m[INFO] 17:31:33,763 [driver-pool-thread-0] changelog.ChangeSet. - Table node_info_hosts created {changeSet=migration/node-info.changelog-init.xml::1511451595465-10::R3.Corda, databaseChangeLog=master.changelog.json}
?[m?[37m[INFO] 17:31:33,763 [driver-pool-thread-0] changelog.ChangeSet. - ChangeSet migration/node-info.changelog-init.xml::1511451595465-10::R3.Corda ran successfully in 1ms {changeSet=migration/node-info.changelog-init.xml::1511451595465-10::R3.Corda, databaseChangeLog=master.changelog.json}
?[m?[37m[INFO] 17:31:33,764 [driver-pool-thread-0] jvm.JdbcExecutor. - INSERT INTO PUBLIC.DATABASECHANGELOG (ID, AUTHOR, FILENAME, DATEEXECUTED, ORDEREXECUTED, MD5SUM, DESCRIPTION, COMMENTS, EXECTYPE, CONTEXTS, LABELS, LIQUIBASE, DEPLOYMENT_ID) VALUES ('1511451595465-10', 'R3.Corda', 'migration/node-info.changelog-init.xml', NOW(), 30, '8:f0b2c5a77ffde6aaa3c417095fc220a9', 'createTable tableName=node_info_hosts', '', 'EXECUTED', NULL, NULL, '3.6.3', '7573093676') {changeSet=migration/node-info.changelog-init.xml::1511451595465-10::R3.Corda, databaseChangeLog=master.changelog.json}
?[m?[37m[INFO] 17:31:33,765 [driver-pool-thread-0] jvm.JdbcExecutor. - CREATE TABLE PUBLIC.node_info_party_cert (party_name NVARCHAR(255) NOT NULL, ismain BOOLEAN NOT NULL, owning_key_hash NVARCHAR(130), party_cert_binary BLOB) {changeSet=migration/node-info.changelog-init.xml::1511451595465-11::R3.Corda, databaseChangeLog=master.changelog.json}
?[m?[37m[INFO] 17:31:33,765 [driver-pool-thread-0] changelog.ChangeSet. - Table node_info_party_cert created {changeSet=migration/node-info.changelog-init.xml::1511451595465-11::R3.Corda, databaseChangeLog=master.changelog.json}
?[m?[37m[INFO] 17:31:33,765 [driver-pool-thread-0] changelog.ChangeSet. - ChangeSet migration/node-info.changelog-init.xml::1511451595465-11::R3.Corda ran successfully in 1ms {changeSet=migration/node-info.changelog-init.xml::1511451595465-11::R3.Corda, databaseChangeLog=master.changelog.json}
?[m?[37m[INFO] 17:31:33,766 [driver-pool-thread-0] jvm.JdbcExecutor. - INSERT INTO PUBLIC.DATABASECHANGELOG (ID, AUTHOR, FILENAME, DATEEXECUTED, ORDEREXECUTED, MD5SUM, DESCRIPTION, COMMENTS, EXECTYPE, CONTEXTS, LABELS, LIQUIBASE, DEPLOYMENT_ID) VALUES ('1511451595465-11', 'R3.Corda', 'migration/node-info.changelog-init.xml', NOW(), 31, '8:5eacbf7ce0d85376219f1903b55f5e18', 'createTable tableName=node_info_party_cert', '', 'EXECUTED', NULL, NULL, '3.6.3', '7573093676') {changeSet=migration/node-info.changelog-init.xml::1511451595465-11::R3.Corda, databaseChangeLog=master.changelog.json}
?[m?[37m[INFO] 17:31:33,767 [driver-pool-thread-0] jvm.JdbcExecutor. - CREATE TABLE PUBLIC.node_infos (node_info_id INT NOT NULL, node_info_hash NVARCHAR(64), platform_version INT, serial BIGINT) {changeSet=migration/node-info.changelog-init.xml::1511451595465-12::R3.Corda, databaseChangeLog=master.changelog.json}
?[m?[37m[INFO] 17:31:33,767 [driver-pool-thread-0] changelog.ChangeSet. - Table node_infos created {changeSet=migration/node-info.changelog-init.xml::1511451595465-12::R3.Corda, databaseChangeLog=master.changelog.json}
?[m?[37m[INFO] 17:31:33,767 [driver-pool-thread-0] changelog.ChangeSet. - ChangeSet migration/node-info.changelog-init.xml::1511451595465-12::R3.Corda ran successfully in 0ms {changeSet=migration/node-info.changelog-init.xml::1511451595465-12::R3.Corda, databaseChangeLog=master.changelog.json}
?[m?[37m[INFO] 17:31:33,768 [driver-pool-thread-0] jvm.JdbcExecutor. - INSERT INTO PUBLIC.DATABASECHANGELOG (ID, AUTHOR, FILENAME, DATEEXECUTED, ORDEREXECUTED, MD5SUM, DESCRIPTION, COMMENTS, EXECTYPE, CONTEXTS, LABELS, LIQUIBASE, DEPLOYMENT_ID) VALUES ('1511451595465-12', 'R3.Corda', 'migration/node-info.changelog-init.xml', NOW(), 32, '8:7e30f20cf268860d637ecfb8635f45a3', 'createTable tableName=node_infos', '', 'EXECUTED', NULL, NULL, '3.6.3', '7573093676') {changeSet=migration/node-info.changelog-init.xml::1511451595465-12::R3.Corda, databaseChangeLog=master.changelog.json}
?[m?[37m[INFO] 17:31:33,768 [driver-pool-thread-0] jvm.JdbcExecutor. - ALTER TABLE PUBLIC.node_info_hosts ADD CONSTRAINT node_info_hosts_pkey PRIMARY KEY (host, port) {changeSet=migration/node-info.changelog-init.xml::1511451595465-35::R3.Corda, databaseChangeLog=master.changelog.json}
?[m?[37m[INFO] 17:31:33,769 [driver-pool-thread-0] changelog.ChangeSet. - Primary key added to node_info_hosts (host, port) {changeSet=migration/node-info.changelog-init.xml::1511451595465-35::R3.Corda, databaseChangeLog=master.changelog.json}
?[m?[37m[INFO] 17:31:33,769 [driver-pool-thread-0] changelog.ChangeSet. - ChangeSet migration/node-info.changelog-init.xml::1511451595465-35::R3.Corda ran successfully in 1ms {changeSet=migration/node-info.changelog-init.xml::1511451595465-35::R3.Corda, databaseChangeLog=master.changelog.json}
?[m?[37m[INFO] 17:31:33,769 [driver-pool-thread-0] jvm.JdbcExecutor. - INSERT INTO PUBLIC.DATABASECHANGELOG (ID, AUTHOR, FILENAME, DATEEXECUTED, ORDEREXECUTED, MD5SUM, DESCRIPTION, COMMENTS, EXECTYPE, CONTEXTS, LABELS, LIQUIBASE, DEPLOYMENT_ID) VALUES ('1511451595465-35', 'R3.Corda', 'migration/node-info.changelog-init.xml', NOW(), 33, '8:0d1a734e7350a8278808f540d992fedf', 'addPrimaryKey constraintName=node_info_hosts_pkey, tableName=node_info_hosts', '', 'EXECUTED', NULL, NULL, '3.6.3', '7573093676') {changeSet=migration/node-info.changelog-init.xml::1511451595465-35::R3.Corda, databaseChangeLog=master.changelog.json}
?[m?[37m[INFO] 17:31:33,770 [driver-pool-thread-0] jvm.JdbcExecutor. - ALTER TABLE PUBLIC.node_info_party_cert ADD CONSTRAINT node_info_party_cert_pkey PRIMARY KEY (party_name) {changeSet=migration/node-info.changelog-init.xml::1511451595465-36::R3.Corda, databaseChangeLog=master.changelog.json}
?[m?[37m[INFO] 17:31:33,770 [driver-pool-thread-0] changelog.ChangeSet. - Primary key added to node_info_party_cert (party_name) {changeSet=migration/node-info.changelog-init.xml::1511451595465-36::R3.Corda, databaseChangeLog=master.changelog.json}
?[m?[37m[INFO] 17:31:33,770 [driver-pool-thread-0] changelog.ChangeSet. - ChangeSet migration/node-info.changelog-init.xml::1511451595465-36::R3.Corda ran successfully in 1ms {changeSet=migration/node-info.changelog-init.xml::1511451595465-36::R3.Corda, databaseChangeLog=master.changelog.json}
?[m?[37m[INFO] 17:31:33,770 [driver-pool-thread-0] jvm.JdbcExecutor. - INSERT INTO PUBLIC.DATABASECHANGELOG (ID, AUTHOR, FILENAME, DATEEXECUTED, ORDEREXECUTED, MD5SUM, DESCRIPTION, COMMENTS, EXECTYPE, CONTEXTS, LABELS, LIQUIBASE, DEPLOYMENT_ID) VALUES ('1511451595465-36', 'R3.Corda', 'migration/node-info.changelog-init.xml', NOW(), 34, '8:dc78ba227ce869f406d2645c2064e8dc', 'addPrimaryKey constraintName=node_info_party_cert_pkey, tableName=node_info_party_cert', '', 'EXECUTED', NULL, NULL, '3.6.3', '7573093676') {changeSet=migration/node-info.changelog-init.xml::1511451595465-36::R3.Corda, databaseChangeLog=master.changelog.json}
?[m?[37m[INFO] 17:31:33,771 [driver-pool-thread-0] jvm.JdbcExecutor. - ALTER TABLE PUBLIC.node_infos ADD CONSTRAINT node_infos_pkey PRIMARY KEY (node_info_id) {changeSet=migration/node-info.changelog-init.xml::1511451595465-37::R3.Corda, databaseChangeLog=master.changelog.json}
?[m?[37m[INFO] 17:31:33,771 [driver-pool-thread-0] changelog.ChangeSet. - Primary key added to node_infos (node_info_id) {changeSet=migration/node-info.changelog-init.xml::1511451595465-37::R3.Corda, databaseChangeLog=master.changelog.json}
?[m?[37m[INFO] 17:31:33,771 [driver-pool-thread-0] changelog.ChangeSet. - ChangeSet migration/node-info.changelog-init.xml::1511451595465-37::R3.Corda ran successfully in 0ms {changeSet=migration/node-info.changelog-init.xml::1511451595465-37::R3.Corda, databaseChangeLog=master.changelog.json}
?[m?[37m[INFO] 17:31:33,772 [driver-pool-thread-0] jvm.JdbcExecutor. - INSERT INTO PUBLIC.DATABASECHANGELOG (ID, AUTHOR, FILENAME, DATEEXECUTED, ORDEREXECUTED, MD5SUM, DESCRIPTION, COMMENTS, EXECTYPE, CONTEXTS, LABELS, LIQUIBASE, DEPLOYMENT_ID) VALUES ('1511451595465-37', 'R3.Corda', 'migration/node-info.changelog-init.xml', NOW(), 35, '8:c07cbda2d04c6d77539ac802c66df023', 'addPrimaryKey constraintName=node_infos_pkey, tableName=node_infos', '', 'EXECUTED', NULL, NULL, '3.6.3', '7573093676') {changeSet=migration/node-info.changelog-init.xml::1511451595465-37::R3.Corda, databaseChangeLog=master.changelog.json}
?[m?[37m[INFO] 17:31:33,772 [driver-pool-thread-0] jvm.JdbcExecutor. - ALTER TABLE PUBLIC.node_link_nodeinfo_party ADD CONSTRAINT FK__link_nodeinfo_party__infos FOREIGN KEY (node_info_id) REFERENCES PUBLIC.node_infos (node_info_id) {changeSet=migration/node-info.changelog-init.xml::1511451595465-62::R3.Corda, databaseChangeLog=master.changelog.json}
?[m?[37m[INFO] 17:31:33,773 [driver-pool-thread-0] changelog.ChangeSet. - Foreign key constraint added to node_link_nodeinfo_party (node_info_id) {changeSet=migration/node-info.changelog-init.xml::1511451595465-62::R3.Corda, databaseChangeLog=master.changelog.json}
?[m?[37m[INFO] 17:31:33,773 [driver-pool-thread-0] changelog.ChangeSet. - ChangeSet migration/node-info.changelog-init.xml::1511451595465-62::R3.Corda ran successfully in 1ms {changeSet=migration/node-info.changelog-init.xml::1511451595465-62::R3.Corda, databaseChangeLog=master.changelog.json}
?[m?[37m[INFO] 17:31:33,774 [driver-pool-thread-0] jvm.JdbcExecutor. - INSERT INTO PUBLIC.DATABASECHANGELOG (ID, AUTHOR, FILENAME, DATEEXECUTED, ORDEREXECUTED, MD5SUM, DESCRIPTION, COMMENTS, EXECTYPE, CONTEXTS, LABELS, LIQUIBASE, DEPLOYMENT_ID) VALUES ('1511451595465-62', 'R3.Corda', 'migration/node-info.changelog-init.xml', NOW(), 36, '8:073bbdb8865055a19cde67340a2063e2', 'addForeignKeyConstraint baseTableName=node_link_nodeinfo_party, constraintName=FK__link_nodeinfo_party__infos, referencedTableName=node_infos', '', 'EXECUTED', NULL, NULL, '3.6.3', '7573093676') {changeSet=migration/node-info.changelog-init.xml::1511451595465-62::R3.Corda, databaseChangeLog=master.changelog.json}
?[m?[37m[INFO] 17:31:33,774 [driver-pool-thread-0] jvm.JdbcExecutor. - ALTER TABLE PUBLIC.node_info_hosts ADD CONSTRAINT FK__info_hosts__infos FOREIGN KEY (node_info_id) REFERENCES PUBLIC.node_infos (node_info_id) {changeSet=migration/node-info.changelog-init.xml::1511451595465-63::R3.Corda, databaseChangeLog=master.changelog.json}
?[m?[37m[INFO] 17:31:33,775 [driver-pool-thread-0] changelog.ChangeSet. - Foreign key constraint added to node_info_hosts (node_info_id) {changeSet=migration/node-info.changelog-init.xml::1511451595465-63::R3.Corda, databaseChangeLog=master.changelog.json}
?[m?[37m[INFO] 17:31:33,775 [driver-pool-thread-0] changelog.ChangeSet. - ChangeSet migration/node-info.changelog-init.xml::1511451595465-63::R3.Corda ran successfully in 1ms {changeSet=migration/node-info.changelog-init.xml::1511451595465-63::R3.Corda, databaseChangeLog=master.changelog.json}
?[m?[37m[INFO] 17:31:33,776 [driver-pool-thread-0] jvm.JdbcExecutor. - INSERT INTO PUBLIC.DATABASECHANGELOG (ID, AUTHOR, FILENAME, DATEEXECUTED, ORDEREXECUTED, MD5SUM, DESCRIPTION, COMMENTS, EXECTYPE, CONTEXTS, LABELS, LIQUIBASE, DEPLOYMENT_ID) VALUES ('1511451595465-63', 'R3.Corda', 'migration/node-info.changelog-init.xml', NOW(), 37, '8:fa5ee007de41334ad2ac991b32969076', 'addForeignKeyConstraint baseTableName=node_info_hosts, constraintName=FK__info_hosts__infos, referencedTableName=node_infos', '', 'EXECUTED', NULL, NULL, '3.6.3', '7573093676') {changeSet=migration/node-info.changelog-init.xml::1511451595465-63::R3.Corda, databaseChangeLog=master.changelog.json}
?[m?[37m[INFO] 17:31:33,776 [driver-pool-thread-0] jvm.JdbcExecutor. - DELETE FROM PUBLIC.node_infos {changeSet=migration/node-info.changelog-init.xml::remove_host_port_pk::R3.Corda, databaseChangeLog=master.changelog.json}
?[m?[37m[INFO] 17:31:33,777 [driver-pool-thread-0] changelog.ChangeSet. - Data deleted from node_infos {changeSet=migration/node-info.changelog-init.xml::remove_host_port_pk::R3.Corda, databaseChangeLog=master.changelog.json}
?[m?[37m[INFO] 17:31:33,777 [driver-pool-thread-0] jvm.JdbcExecutor. - DELETE FROM PUBLIC.node_link_nodeinfo_party {changeSet=migration/node-info.changelog-init.xml::remove_host_port_pk::R3.Corda, databaseChangeLog=master.changelog.json}
?[m?[37m[INFO] 17:31:33,777 [driver-pool-thread-0] changelog.ChangeSet. - Data deleted from node_link_nodeinfo_party {changeSet=migration/node-info.changelog-init.xml::remove_host_port_pk::R3.Corda, databaseChangeLog=master.changelog.json}
?[m?[37m[INFO] 17:31:33,777 [driver-pool-thread-0] jvm.JdbcExecutor. - DELETE FROM PUBLIC.node_info_hosts {changeSet=migration/node-info.changelog-init.xml::remove_host_port_pk::R3.Corda, databaseChangeLog=master.changelog.json}
?[m?[37m[INFO] 17:31:33,777 [driver-pool-thread-0] changelog.ChangeSet. - Data deleted from node_info_hosts {changeSet=migration/node-info.changelog-init.xml::remove_host_port_pk::R3.Corda, databaseChangeLog=master.changelog.json}
?[m?[37m[INFO] 17:31:33,777 [driver-pool-thread-0] jvm.JdbcExecutor. - DELETE FROM PUBLIC.node_info_party_cert {changeSet=migration/node-info.changelog-init.xml::remove_host_port_pk::R3.Corda, databaseChangeLog=master.changelog.json}
?[m?[37m[INFO] 17:31:33,777 [driver-pool-thread-0] changelog.ChangeSet. - Data deleted from node_info_party_cert {changeSet=migration/node-info.changelog-init.xml::remove_host_port_pk::R3.Corda, databaseChangeLog=master.changelog.json}
?[m?[37m[INFO] 17:31:33,777 [driver-pool-thread-0] jvm.JdbcExecutor. - ALTER TABLE PUBLIC.node_info_hosts DROP PRIMARY KEY {changeSet=migration/node-info.changelog-init.xml::remove_host_port_pk::R3.Corda, databaseChangeLog=master.changelog.json}
?[m?[37m[INFO] 17:31:33,777 [driver-pool-thread-0] changelog.ChangeSet. - Primary key dropped from node_info_hosts {changeSet=migration/node-info.changelog-init.xml::remove_host_port_pk::R3.Corda, databaseChangeLog=master.changelog.json}
?[m?[37m[INFO] 17:31:33,777 [driver-pool-thread-0] jvm.JdbcExecutor. - ALTER TABLE PUBLIC.node_info_hosts ADD hosts_id INT NOT NULL {changeSet=migration/node-info.changelog-init.xml::remove_host_port_pk::R3.Corda, databaseChangeLog=master.changelog.json}
?[m?[37m[INFO] 17:31:33,779 [driver-pool-thread-0] changelog.ChangeSet. - Columns hosts_id(INT) added to node_info_hosts {changeSet=migration/node-info.changelog-init.xml::remove_host_port_pk::R3.Corda, databaseChangeLog=master.changelog.json}
?[m?[37m[INFO] 17:31:33,779 [driver-pool-thread-0] jvm.JdbcExecutor. - ALTER TABLE PUBLIC.node_info_hosts ADD CONSTRAINT node_info_hosts_pkey_id PRIMARY KEY (hosts_id) {changeSet=migration/node-info.changelog-init.xml::remove_host_port_pk::R3.Corda, databaseChangeLog=master.changelog.json}
?[m?[37m[INFO] 17:31:33,780 [driver-pool-thread-0] changelog.ChangeSet. - Primary key added to node_info_hosts (hosts_id) {changeSet=migration/node-info.changelog-init.xml::remove_host_port_pk::R3.Corda, databaseChangeLog=master.changelog.json}
?[m?[37m[INFO] 17:31:33,780 [driver-pool-thread-0] changelog.ChangeSet. - ChangeSet migration/node-info.changelog-init.xml::remove_host_port_pk::R3.Corda ran successfully in 4ms {changeSet=migration/node-info.changelog-init.xml::remove_host_port_pk::R3.Corda, databaseChangeLog=master.changelog.json}
?[m?[37m[INFO] 17:31:33,780 [driver-pool-thread-0] jvm.JdbcExecutor. - INSERT INTO PUBLIC.DATABASECHANGELOG (ID, AUTHOR, FILENAME, DATEEXECUTED, ORDEREXECUTED, MD5SUM, DESCRIPTION, COMMENTS, EXECTYPE, CONTEXTS, LABELS, LIQUIBASE, DEPLOYMENT_ID) VALUES ('remove_host_port_pk', 'R3.Corda', 'migration/node-info.changelog-init.xml', NOW(), 38, '8:50fa65c10fd9bb3d89e0ad75d29a0e4d', 'delete tableName=node_infos; delete tableName=node_link_nodeinfo_party; delete tableName=node_info_hosts; delete tableName=node_info_party_cert; dropPrimaryKey constraintName=node_info_hosts_pkey, tableName=node_info_hosts; addColumn tableName=nod...', '', 'EXECUTED', NULL, NULL, '3.6.3', '7573093676') {changeSet=migration/node-info.changelog-init.xml::remove_host_port_pk::R3.Corda, databaseChangeLog=master.changelog.json}
?[m?[37m[INFO] 17:31:33,781 [driver-pool-thread-0] jvm.JdbcExecutor. - CREATE TABLE PUBLIC.node_properties (property_key NVARCHAR(255) NOT NULL, property_value NVARCHAR(255)) {changeSet=migration/node-info.changelog-v1.xml::key/value node properties table::R3.Corda, databaseChangeLog=master.changelog.json}
?[m?[37m[INFO] 17:31:33,782 [driver-pool-thread-0] changelog.ChangeSet. - Table node_properties created {changeSet=migration/node-info.changelog-v1.xml::key/value node properties table::R3.Corda, databaseChangeLog=master.changelog.json}
?[m?[37m[INFO] 17:31:33,782 [driver-pool-thread-0] changelog.ChangeSet. - ChangeSet migration/node-info.changelog-v1.xml::key/value node properties table::R3.Corda ran successfully in 1ms {changeSet=migration/node-info.changelog-v1.xml::key/value node properties table::R3.Corda, databaseChangeLog=master.changelog.json}
?[m?[37m[INFO] 17:31:33,782 [driver-pool-thread-0] jvm.JdbcExecutor. - INSERT INTO PUBLIC.DATABASECHANGELOG (ID, AUTHOR, FILENAME, DATEEXECUTED, ORDEREXECUTED, MD5SUM, DESCRIPTION, COMMENTS, EXECTYPE, CONTEXTS, LABELS, LIQUIBASE, DEPLOYMENT_ID) VALUES ('key/value node properties table', 'R3.Corda', 'migration/node-info.changelog-v1.xml', NOW(), 39, '8:39e4c897aa5e893e79a0434af2948a91', 'createTable tableName=node_properties', '', 'EXECUTED', NULL, NULL, '3.6.3', '7573093676') {changeSet=migration/node-info.changelog-v1.xml::key/value node properties table::R3.Corda, databaseChangeLog=master.changelog.json}
?[m?[37m[INFO] 17:31:33,783 [driver-pool-thread-0] jvm.JdbcExecutor. - ALTER TABLE PUBLIC.node_infos ALTER COLUMN node_info_hash SET NOT NULL {changeSet=migration/node-info.changelog-v2.xml::1525962920::R3.Corda, databaseChangeLog=master.changelog.json}
?[m?[37m[INFO] 17:31:33,783 [driver-pool-thread-0] changelog.ChangeSet. - NOT NULL constraint has been added to node_infos.node_info_hash {changeSet=migration/node-info.changelog-v2.xml::1525962920::R3.Corda, databaseChangeLog=master.changelog.json}
?[m?[37m[INFO] 17:31:33,783 [driver-pool-thread-0] jvm.JdbcExecutor. - ALTER TABLE PUBLIC.node_infos ALTER COLUMN platform_version SET NOT NULL {changeSet=migration/node-info.changelog-v2.xml::1525962920::R3.Corda, databaseChangeLog=master.changelog.json}
?[m?[37m[INFO] 17:31:33,784 [driver-pool-thread-0] changelog.ChangeSet. - NOT NULL constraint has been added to node_infos.platform_version {changeSet=migration/node-info.changelog-v2.xml::1525962920::R3.Corda, databaseChangeLog=master.changelog.json}
?[m?[37m[INFO] 17:31:33,784 [driver-pool-thread-0] jvm.JdbcExecutor. - ALTER TABLE PUBLIC.node_infos ALTER COLUMN serial SET NOT NULL {changeSet=migration/node-info.changelog-v2.xml::1525962920::R3.Corda, databaseChangeLog=master.changelog.json}
?[m?[37m[INFO] 17:31:33,784 [driver-pool-thread-0] changelog.ChangeSet. - NOT NULL constraint has been added to node_infos.serial {changeSet=migration/node-info.changelog-v2.xml::1525962920::R3.Corda, databaseChangeLog=master.changelog.json}
?[m?[37m[INFO] 17:31:33,784 [driver-pool-thread-0] jvm.JdbcExecutor. - ALTER TABLE PUBLIC.node_info_hosts ALTER COLUMN host SET NULL {changeSet=migration/node-info.changelog-v2.xml::1525962920::R3.Corda, databaseChangeLog=master.changelog.json}
?[m?[37m[INFO] 17:31:33,784 [driver-pool-thread-0] changelog.ChangeSet. - Null constraint dropped from node_info_hosts.host {changeSet=migration/node-info.changelog-v2.xml::1525962920::R3.Corda, databaseChangeLog=master.changelog.json}
?[m?[37m[INFO] 17:31:33,784 [driver-pool-thread-0] jvm.JdbcExecutor. - ALTER TABLE PUBLIC.node_info_hosts ALTER COLUMN port SET NULL {changeSet=migration/node-info.changelog-v2.xml::1525962920::R3.Corda, databaseChangeLog=master.changelog.json}
?[m?[37m[INFO] 17:31:33,784 [driver-pool-thread-0] changelog.ChangeSet. - Null constraint dropped from node_info_hosts.port {changeSet=migration/node-info.changelog-v2.xml::1525962920::R3.Corda, databaseChangeLog=master.changelog.json}
?[m?[37m[INFO] 17:31:33,785 [driver-pool-thread-0] jvm.JdbcExecutor. - ALTER TABLE PUBLIC.node_info_party_cert ALTER COLUMN owning_key_hash SET NOT NULL {changeSet=migration/node-info.changelog-v2.xml::1525962920::R3.Corda, databaseChangeLog=master.changelog.json}
?[m?[37m[INFO] 17:31:33,785 [driver-pool-thread-0] changelog.ChangeSet. - NOT NULL constraint has been added to node_info_party_cert.owning_key_hash {changeSet=migration/node-info.changelog-v2.xml::1525962920::R3.Corda, databaseChangeLog=master.changelog.json}
?[m?[37m[INFO] 17:31:33,785 [driver-pool-thread-0] jvm.JdbcExecutor. - ALTER TABLE PUBLIC.node_info_party_cert ALTER COLUMN party_cert_binary SET NOT NULL {changeSet=migration/node-info.changelog-v2.xml::1525962920::R3.Corda, databaseChangeLog=master.changelog.json}
?[m?[37m[INFO] 17:31:33,785 [driver-pool-thread-0] changelog.ChangeSet. - NOT NULL constraint has been added to node_info_party_cert.party_cert_binary {changeSet=migration/node-info.changelog-v2.xml::1525962920::R3.Corda, databaseChangeLog=master.changelog.json}
?[m?[37m[INFO] 17:31:33,785 [driver-pool-thread-0] changelog.ChangeSet. - ChangeSet migration/node-info.changelog-v2.xml::1525962920::R3.Corda ran successfully in 2ms {changeSet=migration/node-info.changelog-v2.xml::1525962920::R3.Corda, databaseChangeLog=master.changelog.json}
?[m?[37m[INFO] 17:31:33,786 [driver-pool-thread-0] jvm.JdbcExecutor. - INSERT INTO PUBLIC.DATABASECHANGELOG (ID, AUTHOR, FILENAME, DATEEXECUTED, ORDEREXECUTED, MD5SUM, DESCRIPTION, COMMENTS, EXECTYPE, CONTEXTS, LABELS, LIQUIBASE, DEPLOYMENT_ID) VALUES ('1525962920', 'R3.Corda', 'migration/node-info.changelog-v2.xml', NOW(), 40, '8:cc835e848ed6cc1f4b2a2e8e31fa92f1', 'addNotNullConstraint columnName=node_info_hash, tableName=node_infos; addNotNullConstraint columnName=platform_version, tableName=node_infos; addNotNullConstraint columnName=serial, tableName=node_infos; dropNotNullConstraint columnName=host, tabl...', '', 'EXECUTED', NULL, NULL, '3.6.3', '7573093676') {changeSet=migration/node-info.changelog-v2.xml::1525962920::R3.Corda, databaseChangeLog=master.changelog.json}
?[m?[37m[INFO] 17:31:33,787 [driver-pool-thread-0] jvm.JdbcExecutor. - ALTER TABLE PUBLIC.node_info_hosts ALTER COLUMN host RENAME TO host_name {changeSet=migration/node-info.changelog-v3.xml::column_host_name::R3.Corda, databaseChangeLog=master.changelog.json}
?[m?[37m[INFO] 17:31:33,787 [driver-pool-thread-0] changelog.ChangeSet. - Column node_info_hosts.host renamed to host_name {changeSet=migration/node-info.changelog-v3.xml::column_host_name::R3.Corda, databaseChangeLog=master.changelog.json}
?[m?[37m[INFO] 17:31:33,787 [driver-pool-thread-0] changelog.ChangeSet. - ChangeSet migration/node-info.changelog-v3.xml::column_host_name::R3.Corda ran successfully in 1ms {changeSet=migration/node-info.changelog-v3.xml::column_host_name::R3.Corda, databaseChangeLog=master.changelog.json}
?[m?[37m[INFO] 17:31:33,788 [driver-pool-thread-0] jvm.JdbcExecutor. - INSERT INTO PUBLIC.DATABASECHANGELOG (ID, AUTHOR, FILENAME, DATEEXECUTED, ORDEREXECUTED, MD5SUM, DESCRIPTION, COMMENTS, EXECTYPE, CONTEXTS, LABELS, LIQUIBASE, DEPLOYMENT_ID) VALUES ('column_host_name', 'R3.Corda', 'migration/node-info.changelog-v3.xml', NOW(), 41, '8:e5fb9380221a91515f45ee44c9c30053', 'renameColumn newColumnName=host_name, oldColumnName=host, tableName=node_info_hosts', '', 'EXECUTED', NULL, NULL, '3.6.3', '7573093676') {changeSet=migration/node-info.changelog-v3.xml::column_host_name::R3.Corda, databaseChangeLog=master.changelog.json}
?[m?[37m[INFO] 17:31:33,788 [driver-pool-thread-0] jvm.JdbcExecutor. - CREATE TABLE PUBLIC.node_attachments (att_id NVARCHAR(255) NOT NULL, content BLOB, filename NVARCHAR(255), insertion_date TIMESTAMP NOT NULL, uploader NVARCHAR(255)) {changeSet=migration/node-services.changelog-init.xml::1511451595465-5::R3.Corda, databaseChangeLog=master.changelog.json}
?[m?[37m[INFO] 17:31:33,789 [driver-pool-thread-0] changelog.ChangeSet. - Table node_attachments created {changeSet=migration/node-services.changelog-init.xml::1511451595465-5::R3.Corda, databaseChangeLog=master.changelog.json}
?[m?[37m[INFO] 17:31:33,789 [driver-pool-thread-0] changelog.ChangeSet. - ChangeSet migration/node-services.changelog-init.xml::1511451595465-5::R3.Corda ran successfully in 1ms {changeSet=migration/node-services.changelog-init.xml::1511451595465-5::R3.Corda, databaseChangeLog=master.changelog.json}
?[m?[37m[INFO] 17:31:33,789 [driver-pool-thread-0] jvm.JdbcExecutor. - INSERT INTO PUBLIC.DATABASECHANGELOG (ID, AUTHOR, FILENAME, DATEEXECUTED, ORDEREXECUTED, MD5SUM, DESCRIPTION, COMMENTS, EXECTYPE, CONTEXTS, LABELS, LIQUIBASE, DEPLOYMENT_ID) VALUES ('1511451595465-5', 'R3.Corda', 'migration/node-services.changelog-init.xml', NOW(), 42, '8:380e64788d9896c1166e4c22336d01e4', 'createTable tableName=node_attachments', '', 'EXECUTED', NULL, NULL, '3.6.3', '7573093676') {changeSet=migration/node-services.changelog-init.xml::1511451595465-5::R3.Corda, databaseChangeLog=master.changelog.json}
?[m?[37m[INFO] 17:31:33,790 [driver-pool-thread-0] jvm.JdbcExecutor. - CREATE TABLE PUBLIC.node_checkpoints (checkpoint_id NVARCHAR(64) NOT NULL, checkpoint_value BLOB) {changeSet=migration/node-services.changelog-init.xml::1511451595465-7::R3.Corda, databaseChangeLog=master.changelog.json}
?[m?[37m[INFO] 17:31:33,790 [driver-pool-thread-0] changelog.ChangeSet. - Table node_checkpoints created {changeSet=migration/node-services.changelog-init.xml::1511451595465-7::R3.Corda, databaseChangeLog=master.changelog.json}
?[m?[37m[INFO] 17:31:33,790 [driver-pool-thread-0] changelog.ChangeSet. - ChangeSet migration/node-services.changelog-init.xml::1511451595465-7::R3.Corda ran successfully in 0ms {changeSet=migration/node-services.changelog-init.xml::1511451595465-7::R3.Corda, databaseChangeLog=master.changelog.json}
?[m?[37m[INFO] 17:31:33,791 [driver-pool-thread-0] jvm.JdbcExecutor. - INSERT INTO PUBLIC.DATABASECHANGELOG (ID, AUTHOR, FILENAME, DATEEXECUTED, ORDEREXECUTED, MD5SUM, DESCRIPTION, COMMENTS, EXECTYPE, CONTEXTS, LABELS, LIQUIBASE, DEPLOYMENT_ID) VALUES ('1511451595465-7', 'R3.Corda', 'migration/node-services.changelog-init.xml', NOW(), 43, '8:8aefa1967ed80f8f98b69247c70c9f24', 'createTable tableName=node_checkpoints', '', 'EXECUTED', NULL, NULL, '3.6.3', '7573093676') {changeSet=migration/node-services.changelog-init.xml::1511451595465-7::R3.Corda, databaseChangeLog=master.changelog.json}
?[m?[37m[INFO] 17:31:33,792 [driver-pool-thread-0] jvm.JdbcExecutor. - CREATE TABLE PUBLIC.node_contract_upgrades (state_ref NVARCHAR(96) NOT NULL, contract_class_name NVARCHAR(255)) {changeSet=migration/node-services.changelog-init.xml::1511451595465-8::R3.Corda, databaseChangeLog=master.changelog.json}
?[m?[37m[INFO] 17:31:33,792 [driver-pool-thread-0] changelog.ChangeSet. - Table node_contract_upgrades created {changeSet=migration/node-services.changelog-init.xml::1511451595465-8::R3.Corda, databaseChangeLog=master.changelog.json}
?[m?[37m[INFO] 17:31:33,792 [driver-pool-thread-0] changelog.ChangeSet. - ChangeSet migration/node-services.changelog-init.xml::1511451595465-8::R3.Corda ran successfully in 1ms {changeSet=migration/node-services.changelog-init.xml::1511451595465-8::R3.Corda, databaseChangeLog=master.changelog.json}
?[m?[37m[INFO] 17:31:33,793 [driver-pool-thread-0] jvm.JdbcExecutor. - INSERT INTO PUBLIC.DATABASECHANGELOG (ID, AUTHOR, FILENAME, DATEEXECUTED, ORDEREXECUTED, MD5SUM, DESCRIPTION, COMMENTS, EXECTYPE, CONTEXTS, LABELS, LIQUIBASE, DEPLOYMENT_ID) VALUES ('1511451595465-8', 'R3.Corda', 'migration/node-services.changelog-init.xml', NOW(), 44, '8:6b06fe4c0ef085967f4dbd00dca08533', 'createTable tableName=node_contract_upgrades', '', 'EXECUTED', NULL, NULL, '3.6.3', '7573093676') {changeSet=migration/node-services.changelog-init.xml::1511451595465-8::R3.Corda, databaseChangeLog=master.changelog.json}
?[m?[37m[INFO] 17:31:33,794 [driver-pool-thread-0] jvm.JdbcExecutor. - CREATE TABLE PUBLIC.node_identities (pk_hash NVARCHAR(130) NOT NULL, identity_value BLOB) {changeSet=migration/node-services.changelog-init.xml::1511451595465-9::R3.Corda, databaseChangeLog=master.changelog.json}
?[m?[37m[INFO] 17:31:33,795 [driver-pool-thread-0] changelog.ChangeSet. - Table node_identities created {changeSet=migration/node-services.changelog-init.xml::1511451595465-9::R3.Corda, databaseChangeLog=master.changelog.json}
?[m?[37m[INFO] 17:31:33,795 [driver-pool-thread-0] changelog.ChangeSet. - ChangeSet migration/node-services.changelog-init.xml::1511451595465-9::R3.Corda ran successfully in 1ms {changeSet=migration/node-services.changelog-init.xml::1511451595465-9::R3.Corda, databaseChangeLog=master.changelog.json}
?[m?[37m[INFO] 17:31:33,796 [driver-pool-thread-0] jvm.JdbcExecutor. - INSERT INTO PUBLIC.DATABASECHANGELOG (ID, AUTHOR, FILENAME, DATEEXECUTED, ORDEREXECUTED, MD5SUM, DESCRIPTION, COMMENTS, EXECTYPE, CONTEXTS, LABELS, LIQUIBASE, DEPLOYMENT_ID) VALUES ('1511451595465-9', 'R3.Corda', 'migration/node-services.changelog-init.xml', NOW(), 45, '8:293963c9989772e272e1397c8ae9dfb1', 'createTable tableName=node_identities', '', 'EXECUTED', NULL, NULL, '3.6.3', '7573093676') {changeSet=migration/node-services.changelog-init.xml::1511451595465-9::R3.Corda, databaseChangeLog=master.changelog.json}
?[m?[37m[INFO] 17:31:33,798 [driver-pool-thread-0] jvm.JdbcExecutor. - CREATE TABLE PUBLIC.node_message_ids (message_id NVARCHAR(64) NOT NULL, insertion_time TIMESTAMP) {changeSet=migration/node-services.changelog-init.xml::1511451595465-13::R3.Corda, databaseChangeLog=master.changelog.json}
?[m?[37m[INFO] 17:31:33,799 [driver-pool-thread-0] changelog.ChangeSet. - Table node_message_ids created {changeSet=migration/node-services.changelog-init.xml::1511451595465-13::R3.Corda, databaseChangeLog=master.changelog.json}
?[m?[37m[INFO] 17:31:33,799 [driver-pool-thread-0] changelog.ChangeSet. - ChangeSet migration/node-services.changelog-init.xml::1511451595465-13::R3.Corda ran successfully in 2ms {changeSet=migration/node-services.changelog-init.xml::1511451595465-13::R3.Corda, databaseChangeLog=master.changelog.json}
?[m?[37m[INFO] 17:31:33,800 [driver-pool-thread-0] jvm.JdbcExecutor. - INSERT INTO PUBLIC.DATABASECHANGELOG (ID, AUTHOR, FILENAME, DATEEXECUTED, ORDEREXECUTED, MD5SUM, DESCRIPTION, COMMENTS, EXECTYPE, CONTEXTS, LABELS, LIQUIBASE, DEPLOYMENT_ID) VALUES ('1511451595465-13', 'R3.Corda', 'migration/node-services.changelog-init.xml', NOW(), 46, '8:421bb9432660d6cdf67a18c6f0acdeb4', 'createTable tableName=node_message_ids', '', 'EXECUTED', NULL, NULL, '3.6.3', '7573093676') {changeSet=migration/node-services.changelog-init.xml::1511451595465-13::R3.Corda, databaseChangeLog=master.changelog.json}
?[m?[37m[INFO] 17:31:33,801 [driver-pool-thread-0] jvm.JdbcExecutor. - CREATE TABLE PUBLIC.node_message_retry (message_id BIGINT NOT NULL, message BLOB, recipients BLOB) {changeSet=migration/node-services.changelog-init.xml::1511451595465-14::R3.Corda, databaseChangeLog=master.changelog.json}
?[m?[37m[INFO] 17:31:33,802 [driver-pool-thread-0] changelog.ChangeSet. - Table node_message_retry created {changeSet=migration/node-services.changelog-init.xml::1511451595465-14::R3.Corda, databaseChangeLog=master.changelog.json}
?[m?[37m[INFO] 17:31:33,802 [driver-pool-thread-0] changelog.ChangeSet. - ChangeSet migration/node-services.changelog-init.xml::1511451595465-14::R3.Corda ran successfully in 1ms {changeSet=migration/node-services.changelog-init.xml::1511451595465-14::R3.Corda, databaseChangeLog=master.changelog.json}
?[m?[37m[INFO] 17:31:33,802 [driver-pool-thread-0] jvm.JdbcExecutor. - INSERT INTO PUBLIC.DATABASECHANGELOG (ID, AUTHOR, FILENAME, DATEEXECUTED, ORDEREXECUTED, MD5SUM, DESCRIPTION, COMMENTS, EXECTYPE, CONTEXTS, LABELS, LIQUIBASE, DEPLOYMENT_ID) VALUES ('1511451595465-14', 'R3.Corda', 'migration/node-services.changelog-init.xml', NOW(), 47, '8:ba7acbbe63086c3c9fb627ea948864b2', 'createTable tableName=node_message_retry', '', 'EXECUTED', NULL, NULL, '3.6.3', '7573093676') {changeSet=migration/node-services.changelog-init.xml::1511451595465-14::R3.Corda, databaseChangeLog=master.changelog.json}
?[m?[37m[INFO] 17:31:33,803 [driver-pool-thread-0] jvm.JdbcExecutor. - CREATE TABLE PUBLIC.node_named_identities (name NVARCHAR(128) NOT NULL, pk_hash NVARCHAR(130)) {changeSet=migration/node-services.changelog-init.xml::1511451595465-15::R3.Corda, databaseChangeLog=master.changelog.json}
?[m?[37m[INFO] 17:31:33,803 [driver-pool-thread-0] changelog.ChangeSet. - Table node_named_identities created {changeSet=migration/node-services.changelog-init.xml::1511451595465-15::R3.Corda, databaseChangeLog=master.changelog.json}
?[m?[37m[INFO] 17:31:33,804 [driver-pool-thread-0] changelog.ChangeSet. - ChangeSet migration/node-services.changelog-init.xml::1511451595465-15::R3.Corda ran successfully in 1ms {changeSet=migration/node-services.changelog-init.xml::1511451595465-15::R3.Corda, databaseChangeLog=master.changelog.json}
?[m?[37m[INFO] 17:31:33,805 [driver-pool-thread-0] jvm.JdbcExecutor. - INSERT INTO PUBLIC.DATABASECHANGELOG (ID, AUTHOR, FILENAME, DATEEXECUTED, ORDEREXECUTED, MD5SUM, DESCRIPTION, COMMENTS, EXECTYPE, CONTEXTS, LABELS, LIQUIBASE, DEPLOYMENT_ID) VALUES ('1511451595465-15', 'R3.Corda', 'migration/node-services.changelog-init.xml', NOW(), 48, '8:bf6ca4e45e140b225f6f934935dd2f34', 'createTable tableName=node_named_identities', '', 'EXECUTED', NULL, NULL, '3.6.3', '7573093676') {changeSet=migration/node-services.changelog-init.xml::1511451595465-15::R3.Corda, databaseChangeLog=master.changelog.json}
?[m?[37m[INFO] 17:31:33,806 [driver-pool-thread-0] jvm.JdbcExecutor. - CREATE TABLE PUBLIC.node_our_key_pairs (public_key_hash NVARCHAR(130) NOT NULL, private_key BLOB, public_key BLOB) {changeSet=migration/node-services.changelog-init.xml::1511451595465-17::R3.Corda, databaseChangeLog=master.changelog.json}
?[m?[37m[INFO] 17:31:33,807 [driver-pool-thread-0] changelog.ChangeSet. - Table node_our_key_pairs created {changeSet=migration/node-services.changelog-init.xml::1511451595465-17::R3.Corda, databaseChangeLog=master.changelog.json}
?[m?[37m[INFO] 17:31:33,807 [driver-pool-thread-0] changelog.ChangeSet. - ChangeSet migration/node-services.changelog-init.xml::1511451595465-17::R3.Corda ran successfully in 2ms {changeSet=migration/node-services.changelog-init.xml::1511451595465-17::R3.Corda, databaseChangeLog=master.changelog.json}
?[m?[37m[INFO] 17:31:33,808 [driver-pool-thread-0] jvm.JdbcExecutor. - INSERT INTO PUBLIC.DATABASECHANGELOG (ID, AUTHOR, FILENAME, DATEEXECUTED, ORDEREXECUTED, MD5SUM, DESCRIPTION, COMMENTS, EXECTYPE, CONTEXTS, LABELS, LIQUIBASE, DEPLOYMENT_ID) VALUES ('1511451595465-17', 'R3.Corda', 'migration/node-services.changelog-init.xml', NOW(), 49, '8:e91eb86cb57176d4605d948f694d8441', 'createTable tableName=node_our_key_pairs', '', 'EXECUTED', NULL, NULL, '3.6.3', '7573093676') {changeSet=migration/node-services.changelog-init.xml::1511451595465-17::R3.Corda, databaseChangeLog=master.changelog.json}
?[m?[37m[INFO] 17:31:33,808 [driver-pool-thread-0] jvm.JdbcExecutor. - CREATE TABLE PUBLIC.node_scheduled_states (output_index INT NOT NULL, transaction_id NVARCHAR(64) NOT NULL, scheduled_at TIMESTAMP NOT NULL) {changeSet=migration/node-services.changelog-init.xml::1511451595465-19::R3.Corda, databaseChangeLog=master.changelog.json}
?[m?[37m[INFO] 17:31:33,809 [driver-pool-thread-0] changelog.ChangeSet. - Table node_scheduled_states created {changeSet=migration/node-services.changelog-init.xml::1511451595465-19::R3.Corda, databaseChangeLog=master.changelog.json}
?[m?[37m[INFO] 17:31:33,809 [driver-pool-thread-0] changelog.ChangeSet. - ChangeSet migration/node-services.changelog-init.xml::1511451595465-19::R3.Corda ran successfully in 1ms {changeSet=migration/node-services.changelog-init.xml::1511451595465-19::R3.Corda, databaseChangeLog=master.changelog.json}
?[m?[37m[INFO] 17:31:33,809 [driver-pool-thread-0] jvm.JdbcExecutor. - INSERT INTO PUBLIC.DATABASECHANGELOG (ID, AUTHOR, FILENAME, DATEEXECUTED, ORDEREXECUTED, MD5SUM, DESCRIPTION, COMMENTS, EXECTYPE, CONTEXTS, LABELS, LIQUIBASE, DEPLOYMENT_ID) VALUES ('1511451595465-19', 'R3.Corda', 'migration/node-services.changelog-init.xml', NOW(), 50, '8:55282f9fbfc1cb8f7583a90173e3ff4c', 'createTable tableName=node_scheduled_states', '', 'EXECUTED', NULL, NULL, '3.6.3', '7573093676') {changeSet=migration/node-services.changelog-init.xml::1511451595465-19::R3.Corda, databaseChangeLog=master.changelog.json}
?[m?[37m[INFO] 17:31:33,810 [driver-pool-thread-0] jvm.JdbcExecutor. - CREATE TABLE PUBLIC.node_transaction_mappings (tx_id NVARCHAR(64) NOT NULL, state_machine_run_id NVARCHAR(36)) {changeSet=migration/node-services.changelog-init.xml::1511451595465-20::R3.Corda, databaseChangeLog=master.changelog.json}
?[m?[37m[INFO] 17:31:33,810 [driver-pool-thread-0] changelog.ChangeSet. - Table node_transaction_mappings created {changeSet=migration/node-services.changelog-init.xml::1511451595465-20::R3.Corda, databaseChangeLog=master.changelog.json}
?[m?[37m[INFO] 17:31:33,810 [driver-pool-thread-0] changelog.ChangeSet. - ChangeSet migration/node-services.changelog-init.xml::1511451595465-20::R3.Corda ran successfully in 0ms {changeSet=migration/node-services.changelog-init.xml::1511451595465-20::R3.Corda, databaseChangeLog=master.changelog.json}
?[m?[37m[INFO] 17:31:33,810 [driver-pool-thread-0] jvm.JdbcExecutor. - INSERT INTO PUBLIC.DATABASECHANGELOG (ID, AUTHOR, FILENAME, DATEEXECUTED, ORDEREXECUTED, MD5SUM, DESCRIPTION, COMMENTS, EXECTYPE, CONTEXTS, LABELS, LIQUIBASE, DEPLOYMENT_ID) VALUES ('1511451595465-20', 'R3.Corda', 'migration/node-services.changelog-init.xml', NOW(), 51, '8:cc085b3d33f3d53b75c8866522653f98', 'createTable tableName=node_transaction_mappings', '', 'EXECUTED', NULL, NULL, '3.6.3', '7573093676') {changeSet=migration/node-services.changelog-init.xml::1511451595465-20::R3.Corda, databaseChangeLog=master.changelog.json}
?[m?[37m[INFO] 17:31:33,811 [driver-pool-thread-0] jvm.JdbcExecutor. - CREATE TABLE PUBLIC.node_transactions (tx_id NVARCHAR(64) NOT NULL, transaction_value BLOB) {changeSet=migration/node-services.changelog-init.xml::1511451595465-21::R3.Corda, databaseChangeLog=master.changelog.json}
?[m?[37m[INFO] 17:31:33,811 [driver-pool-thread-0] changelog.ChangeSet. - Table node_transactions created {changeSet=migration/node-services.changelog-init.xml::1511451595465-21::R3.Corda, databaseChangeLog=master.changelog.json}
?[m?[37m[INFO] 17:31:33,811 [driver-pool-thread-0] changelog.ChangeSet. - ChangeSet migration/node-services.changelog-init.xml::1511451595465-21::R3.Corda ran successfully in 0ms {changeSet=migration/node-services.changelog-init.xml::1511451595465-21::R3.Corda, databaseChangeLog=master.changelog.json}
?[m?[37m[INFO] 17:31:33,812 [driver-pool-thread-0] jvm.JdbcExecutor. - INSERT INTO PUBLIC.DATABASECHANGELOG (ID, AUTHOR, FILENAME, DATEEXECUTED, ORDEREXECUTED, MD5SUM, DESCRIPTION, COMMENTS, EXECTYPE, CONTEXTS, LABELS, LIQUIBASE, DEPLOYMENT_ID) VALUES ('1511451595465-21', 'R3.Corda', 'migration/node-services.changelog-init.xml', NOW(), 52, '8:69feb7582f3b77828510a56cb111cfd8', 'createTable tableName=node_transactions', '', 'EXECUTED', NULL, NULL, '3.6.3', '7573093676') {changeSet=migration/node-services.changelog-init.xml::1511451595465-21::R3.Corda, databaseChangeLog=master.changelog.json}
?[m?[37m[INFO] 17:31:33,812 [driver-pool-thread-0] jvm.JdbcExecutor. - ALTER TABLE PUBLIC.node_attachments ADD CONSTRAINT node_attachments_pkey PRIMARY KEY (att_id) {changeSet=migration/node-services.changelog-init.xml::1511451595465-30::R3.Corda, databaseChangeLog=master.changelog.json}
?[m?[37m[INFO] 17:31:33,813 [driver-pool-thread-0] changelog.ChangeSet. - Primary key added to node_attachments (att_id) {changeSet=migration/node-services.changelog-init.xml::1511451595465-30::R3.Corda, databaseChangeLog=master.changelog.json}
?[m?[37m[INFO] 17:31:33,813 [driver-pool-thread-0] changelog.ChangeSet. - ChangeSet migration/node-services.changelog-init.xml::1511451595465-30::R3.Corda ran successfully in 1ms {changeSet=migration/node-services.changelog-init.xml::1511451595465-30::R3.Corda, databaseChangeLog=master.changelog.json}
?[m?[37m[INFO] 17:31:33,813 [driver-pool-thread-0] jvm.JdbcExecutor. - INSERT INTO PUBLIC.DATABASECHANGELOG (ID, AUTHOR, FILENAME, DATEEXECUTED, ORDEREXECUTED, MD5SUM, DESCRIPTION, COMMENTS, EXECTYPE, CONTEXTS, LABELS, LIQUIBASE, DEPLOYMENT_ID) VALUES ('1511451595465-30', 'R3.Corda', 'migration/node-services.changelog-init.xml', NOW(), 53, '8:97c42d4eac368e79f47df345a072b237', 'addPrimaryKey constraintName=node_attachments_pkey, tableName=node_attachments', '', 'EXECUTED', NULL, NULL, '3.6.3', '7573093676') {changeSet=migration/node-services.changelog-init.xml::1511451595465-30::R3.Corda, databaseChangeLog=master.changelog.json}
?[m?[37m[INFO] 17:31:33,814 [driver-pool-thread-0] jvm.JdbcExecutor. - ALTER TABLE PUBLIC.node_checkpoints ADD CONSTRAINT node_checkpoints_pkey PRIMARY KEY (checkpoint_id) {changeSet=migration/node-services.changelog-init.xml::1511451595465-32::R3.Corda, databaseChangeLog=master.changelog.json}
?[m?[37m[INFO] 17:31:33,815 [driver-pool-thread-0] changelog.ChangeSet. - Primary key added to node_checkpoints (checkpoint_id) {changeSet=migration/node-services.changelog-init.xml::1511451595465-32::R3.Corda, databaseChangeLog=master.changelog.json}
?[m?[37m[INFO] 17:31:33,815 [driver-pool-thread-0] changelog.ChangeSet. - ChangeSet migration/node-services.changelog-init.xml::1511451595465-32::R3.Corda ran successfully in 1ms {changeSet=migration/node-services.changelog-init.xml::1511451595465-32::R3.Corda, databaseChangeLog=master.changelog.json}
?[m?[37m[INFO] 17:31:33,816 [driver-pool-thread-0] jvm.JdbcExecutor. - INSERT INTO PUBLIC.DATABASECHANGELOG (ID, AUTHOR, FILENAME, DATEEXECUTED, ORDEREXECUTED, MD5SUM, DESCRIPTION, COMMENTS, EXECTYPE, CONTEXTS, LABELS, LIQUIBASE, DEPLOYMENT_ID) VALUES ('1511451595465-32', 'R3.Corda', 'migration/node-services.changelog-init.xml', NOW(), 54, '8:7224c32660081d3e820e52e2b70b365f', 'addPrimaryKey constraintName=node_checkpoints_pkey, tableName=node_checkpoints', '', 'EXECUTED', NULL, NULL, '3.6.3', '7573093676') {changeSet=migration/node-services.changelog-init.xml::1511451595465-32::R3.Corda, databaseChangeLog=master.changelog.json}
?[m?[37m[INFO] 17:31:33,816 [driver-pool-thread-0] jvm.JdbcExecutor. - ALTER TABLE PUBLIC.node_contract_upgrades ADD CONSTRAINT node_contract_upgrades_pkey PRIMARY KEY (state_ref) {changeSet=migration/node-services.changelog-init.xml::1511451595465-33::R3.Corda, databaseChangeLog=master.changelog.json}
?[m?[37m[INFO] 17:31:33,817 [driver-pool-thread-0] changelog.ChangeSet. - Primary key added to node_contract_upgrades (state_ref) {changeSet=migration/node-services.changelog-init.xml::1511451595465-33::R3.Corda, databaseChangeLog=master.changelog.json}
?[m?[37m[INFO] 17:31:33,817 [driver-pool-thread-0] changelog.ChangeSet. - ChangeSet migration/node-services.changelog-init.xml::1511451595465-33::R3.Corda ran successfully in 1ms {changeSet=migration/node-services.changelog-init.xml::1511451595465-33::R3.Corda, databaseChangeLog=master.changelog.json}
?[m?[37m[INFO] 17:31:33,817 [driver-pool-thread-0] jvm.JdbcExecutor. - INSERT INTO PUBLIC.DATABASECHANGELOG (ID, AUTHOR, FILENAME, DATEEXECUTED, ORDEREXECUTED, MD5SUM, DESCRIPTION, COMMENTS, EXECTYPE, CONTEXTS, LABELS, LIQUIBASE, DEPLOYMENT_ID) VALUES ('1511451595465-33', 'R3.Corda', 'migration/node-services.changelog-init.xml', NOW(), 55, '8:85bcae037a29317065e3b922e0563902', 'addPrimaryKey constraintName=node_contract_upgrades_pkey, tableName=node_contract_upgrades', '', 'EXECUTED', NULL, NULL, '3.6.3', '7573093676') {changeSet=migration/node-services.changelog-init.xml::1511451595465-33::R3.Corda, databaseChangeLog=master.changelog.json}
?[m?[37m[INFO] 17:31:33,818 [driver-pool-thread-0] jvm.JdbcExecutor. - ALTER TABLE PUBLIC.node_identities ADD CONSTRAINT node_identities_pkey PRIMARY KEY (pk_hash) {changeSet=migration/node-services.changelog-init.xml::1511451595465-34::R3.Corda, databaseChangeLog=master.changelog.json}
?[m?[37m[INFO] 17:31:33,818 [driver-pool-thread-0] changelog.ChangeSet. - Primary key added to node_identities (pk_hash) {changeSet=migration/node-services.changelog-init.xml::1511451595465-34::R3.Corda, databaseChangeLog=master.changelog.json}
?[m?[37m[INFO] 17:31:33,818 [driver-pool-thread-0] changelog.ChangeSet. - ChangeSet migration/node-services.changelog-init.xml::1511451595465-34::R3.Corda ran successfully in 0ms {changeSet=migration/node-services.changelog-init.xml::1511451595465-34::R3.Corda, databaseChangeLog=master.changelog.json}
?[m?[37m[INFO] 17:31:33,819 [driver-pool-thread-0] jvm.JdbcExecutor. - INSERT INTO PUBLIC.DATABASECHANGELOG (ID, AUTHOR, FILENAME, DATEEXECUTED, ORDEREXECUTED, MD5SUM, DESCRIPTION, COMMENTS, EXECTYPE, CONTEXTS, LABELS, LIQUIBASE, DEPLOYMENT_ID) VALUES ('1511451595465-34', 'R3.Corda', 'migration/node-services.changelog-init.xml', NOW(), 56, '8:308ffe9985df3029fc05bd41c60010a9', 'addPrimaryKey constraintName=node_identities_pkey, tableName=node_identities', '', 'EXECUTED', NULL, NULL, '3.6.3', '7573093676') {changeSet=migration/node-services.changelog-init.xml::1511451595465-34::R3.Corda, databaseChangeLog=master.changelog.json}
?[m?[37m[INFO] 17:31:33,819 [driver-pool-thread-0] jvm.JdbcExecutor. - ALTER TABLE PUBLIC.node_message_ids ADD CONSTRAINT node_message_ids_pkey PRIMARY KEY (message_id) {changeSet=migration/node-services.changelog-init.xml::1511451595465-38::R3.Corda, databaseChangeLog=master.changelog.json}
?[m?[37m[INFO] 17:31:33,820 [driver-pool-thread-0] changelog.ChangeSet. - Primary key added to node_message_ids (message_id) {changeSet=migration/node-services.changelog-init.xml::1511451595465-38::R3.Corda, databaseChangeLog=master.changelog.json}
?[m?[37m[INFO] 17:31:33,820 [driver-pool-thread-0] changelog.ChangeSet. - ChangeSet migration/node-services.changelog-init.xml::1511451595465-38::R3.Corda ran successfully in 1ms {changeSet=migration/node-services.changelog-init.xml::1511451595465-38::R3.Corda, databaseChangeLog=master.changelog.json}
?[m?[37m[INFO] 17:31:33,820 [driver-pool-thread-0] jvm.JdbcExecutor. - INSERT INTO PUBLIC.DATABASECHANGELOG (ID, AUTHOR, FILENAME, DATEEXECUTED, ORDEREXECUTED, MD5SUM, DESCRIPTION, COMMENTS, EXECTYPE, CONTEXTS, LABELS, LIQUIBASE, DEPLOYMENT_ID) VALUES ('1511451595465-38', 'R3.Corda', 'migration/node-services.changelog-init.xml', NOW(), 57, '8:18b1b83ce2a778af1a8a8c9c56bb9651', 'addPrimaryKey constraintName=node_message_ids_pkey, tableName=node_message_ids', '', 'EXECUTED', NULL, NULL, '3.6.3', '7573093676') {changeSet=migration/node-services.changelog-init.xml::1511451595465-38::R3.Corda, databaseChangeLog=master.changelog.json}
?[m?[37m[INFO] 17:31:33,821 [driver-pool-thread-0] jvm.JdbcExecutor. - ALTER TABLE PUBLIC.node_message_retry ADD CONSTRAINT node_message_retry_pkey PRIMARY KEY (message_id) {changeSet=migration/node-services.changelog-init.xml::1511451595465-39::R3.Corda, databaseChangeLog=master.changelog.json}
?[m?[37m[INFO] 17:31:33,821 [driver-pool-thread-0] changelog.ChangeSet. - Primary key added to node_message_retry (message_id) {changeSet=migration/node-services.changelog-init.xml::1511451595465-39::R3.Corda, databaseChangeLog=master.changelog.json}
?[m?[37m[INFO] 17:31:33,821 [driver-pool-thread-0] changelog.ChangeSet. - ChangeSet migration/node-services.changelog-init.xml::1511451595465-39::R3.Corda ran successfully in 1ms {changeSet=migration/node-services.changelog-init.xml::1511451595465-39::R3.Corda, databaseChangeLog=master.changelog.json}
?[m?[37m[INFO] 17:31:33,822 [driver-pool-thread-0] jvm.JdbcExecutor. - INSERT INTO PUBLIC.DATABASECHANGELOG (ID, AUTHOR, FILENAME, DATEEXECUTED, ORDEREXECUTED, MD5SUM, DESCRIPTION, COMMENTS, EXECTYPE, CONTEXTS, LABELS, LIQUIBASE, DEPLOYMENT_ID) VALUES ('1511451595465-39', 'R3.Corda', 'migration/node-services.changelog-init.xml', NOW(), 58, '8:0359c73c9db723c73ee0171620ff4ac6', 'addPrimaryKey constraintName=node_message_retry_pkey, tableName=node_message_retry', '', 'EXECUTED', NULL, NULL, '3.6.3', '7573093676') {changeSet=migration/node-services.changelog-init.xml::1511451595465-39::R3.Corda, databaseChangeLog=master.changelog.json}
?[m?[37m[INFO] 17:31:33,822 [driver-pool-thread-0] jvm.JdbcExecutor. - ALTER TABLE PUBLIC.node_named_identities ADD CONSTRAINT node_named_identities_pkey PRIMARY KEY (name) {changeSet=migration/node-services.changelog-init.xml::1511451595465-40::R3.Corda, databaseChangeLog=master.changelog.json}
?[m?[37m[INFO] 17:31:33,822 [driver-pool-thread-0] changelog.ChangeSet. - Primary key added to node_named_identities (name) {changeSet=migration/node-services.changelog-init.xml::1511451595465-40::R3.Corda, databaseChangeLog=master.changelog.json}
?[m?[37m[INFO] 17:31:33,822 [driver-pool-thread-0] changelog.ChangeSet. - ChangeSet migration/node-services.changelog-init.xml::1511451595465-40::R3.Corda ran successfully in 0ms {changeSet=migration/node-services.changelog-init.xml::1511451595465-40::R3.Corda, databaseChangeLog=master.changelog.json}
?[m?[37m[INFO] 17:31:33,823 [driver-pool-thread-0] jvm.JdbcExecutor. - INSERT INTO PUBLIC.DATABASECHANGELOG (ID, AUTHOR, FILENAME, DATEEXECUTED, ORDEREXECUTED, MD5SUM, DESCRIPTION, COMMENTS, EXECTYPE, CONTEXTS, LABELS, LIQUIBASE, DEPLOYMENT_ID) VALUES ('1511451595465-40', 'R3.Corda', 'migration/node-services.changelog-init.xml', NOW(), 59, '8:ef3ab101a3e4c5820f575d5adcb85c08', 'addPrimaryKey constraintName=node_named_identities_pkey, tableName=node_named_identities', '', 'EXECUTED', NULL, NULL, '3.6.3', '7573093676') {changeSet=migration/node-services.changelog-init.xml::1511451595465-40::R3.Corda, databaseChangeLog=master.changelog.json}
?[m?[37m[INFO] 17:31:33,824 [driver-pool-thread-0] jvm.JdbcExecutor. - ALTER TABLE PUBLIC.node_our_key_pairs ADD CONSTRAINT node_our_key_pairs_pkey PRIMARY KEY (public_key_hash) {changeSet=migration/node-services.changelog-init.xml::1511451595465-42::R3.Corda, databaseChangeLog=master.changelog.json}
?[m?[37m[INFO] 17:31:33,824 [driver-pool-thread-0] changelog.ChangeSet. - Primary key added to node_our_key_pairs (public_key_hash) {changeSet=migration/node-services.changelog-init.xml::1511451595465-42::R3.Corda, databaseChangeLog=master.changelog.json}
?[m?[37m[INFO] 17:31:33,824 [driver-pool-thread-0] changelog.ChangeSet. - ChangeSet migration/node-services.changelog-init.xml::1511451595465-42::R3.Corda ran successfully in 0ms {changeSet=migration/node-services.changelog-init.xml::1511451595465-42::R3.Corda, databaseChangeLog=master.changelog.json}
?[m?[37m[INFO] 17:31:33,825 [driver-pool-thread-0] jvm.JdbcExecutor. - INSERT INTO PUBLIC.DATABASECHANGELOG (ID, AUTHOR, FILENAME, DATEEXECUTED, ORDEREXECUTED, MD5SUM, DESCRIPTION, COMMENTS, EXECTYPE, CONTEXTS, LABELS, LIQUIBASE, DEPLOYMENT_ID) VALUES ('1511451595465-42', 'R3.Corda', 'migration/node-services.changelog-init.xml', NOW(), 60, '8:d742088fd258d00e0a1fbffcf2e27c61', 'addPrimaryKey constraintName=node_our_key_pairs_pkey, tableName=node_our_key_pairs', '', 'EXECUTED', NULL, NULL, '3.6.3', '7573093676') {changeSet=migration/node-services.changelog-init.xml::1511451595465-42::R3.Corda, databaseChangeLog=master.changelog.json}
?[m?[37m[INFO] 17:31:33,825 [driver-pool-thread-0] jvm.JdbcExecutor. - ALTER TABLE PUBLIC.node_scheduled_states ADD CONSTRAINT node_scheduled_states_pkey PRIMARY KEY (output_index, transaction_id) {changeSet=migration/node-services.changelog-init.xml::1511451595465-44::R3.Corda, databaseChangeLog=master.changelog.json}
?[m?[37m[INFO] 17:31:33,826 [driver-pool-thread-0] changelog.ChangeSet. - Primary key added to node_scheduled_states (output_index, transaction_id) {changeSet=migration/node-services.changelog-init.xml::1511451595465-44::R3.Corda, databaseChangeLog=master.changelog.json}
?[m?[37m[INFO] 17:31:33,826 [driver-pool-thread-0] changelog.ChangeSet. - ChangeSet migration/node-services.changelog-init.xml::1511451595465-44::R3.Corda ran successfully in 1ms {changeSet=migration/node-services.changelog-init.xml::1511451595465-44::R3.Corda, databaseChangeLog=master.changelog.json}
?[m?[37m[INFO] 17:31:33,826 [driver-pool-thread-0] jvm.JdbcExecutor. - INSERT INTO PUBLIC.DATABASECHANGELOG (ID, AUTHOR, FILENAME, DATEEXECUTED, ORDEREXECUTED, MD5SUM, DESCRIPTION, COMMENTS, EXECTYPE, CONTEXTS, LABELS, LIQUIBASE, DEPLOYMENT_ID) VALUES ('1511451595465-44', 'R3.Corda', 'migration/node-services.changelog-init.xml', NOW(), 61, '8:dc8b980de5154038877f6d2e43b97ad1', 'addPrimaryKey constraintName=node_scheduled_states_pkey, tableName=node_scheduled_states', '', 'EXECUTED', NULL, NULL, '3.6.3', '7573093676') {changeSet=migration/node-services.changelog-init.xml::1511451595465-44::R3.Corda, databaseChangeLog=master.changelog.json}
?[m?[37m[INFO] 17:31:33,827 [driver-pool-thread-0] jvm.JdbcExecutor. - ALTER TABLE PUBLIC.node_transaction_mappings ADD CONSTRAINT node_transaction_mappings_pkey PRIMARY KEY (tx_id) {changeSet=migration/node-services.changelog-init.xml::1511451595465-45::R3.Corda, databaseChangeLog=master.changelog.json}
?[m?[37m[INFO] 17:31:33,827 [driver-pool-thread-0] changelog.ChangeSet. - Primary key added to node_transaction_mappings (tx_id) {changeSet=migration/node-services.changelog-init.xml::1511451595465-45::R3.Corda, databaseChangeLog=master.changelog.json}
?[m?[37m[INFO] 17:31:33,827 [driver-pool-thread-0] changelog.ChangeSet. - ChangeSet migration/node-services.changelog-init.xml::1511451595465-45::R3.Corda ran successfully in 1ms {changeSet=migration/node-services.changelog-init.xml::1511451595465-45::R3.Corda, databaseChangeLog=master.changelog.json}
?[m?[37m[INFO] 17:31:33,827 [driver-pool-thread-0] jvm.JdbcExecutor. - INSERT INTO PUBLIC.DATABASECHANGELOG (ID, AUTHOR, FILENAME, DATEEXECUTED, ORDEREXECUTED, MD5SUM, DESCRIPTION, COMMENTS, EXECTYPE, CONTEXTS, LABELS, LIQUIBASE, DEPLOYMENT_ID) VALUES ('1511451595465-45', 'R3.Corda', 'migration/node-services.changelog-init.xml', NOW(), 62, '8:2ae0fa18530e20aa3bcd6109b7d95247', 'addPrimaryKey constraintName=node_transaction_mappings_pkey, tableName=node_transaction_mappings', '', 'EXECUTED', NULL, NULL, '3.6.3', '7573093676') {changeSet=migration/node-services.changelog-init.xml::1511451595465-45::R3.Corda, databaseChangeLog=master.changelog.json}
?[m?[37m[INFO] 17:31:33,828 [driver-pool-thread-0] jvm.JdbcExecutor. - ALTER TABLE PUBLIC.node_transactions ADD CONSTRAINT node_transactions_pkey PRIMARY KEY (tx_id) {changeSet=migration/node-services.changelog-init.xml::1511451595465-46::R3.Corda, databaseChangeLog=master.changelog.json}
?[m?[37m[INFO] 17:31:33,828 [driver-pool-thread-0] changelog.ChangeSet. - Primary key added to node_transactions (tx_id) {changeSet=migration/node-services.changelog-init.xml::1511451595465-46::R3.Corda, databaseChangeLog=master.changelog.json}
?[m?[37m[INFO] 17:31:33,828 [driver-pool-thread-0] changelog.ChangeSet. - ChangeSet migration/node-services.changelog-init.xml::1511451595465-46::R3.Corda ran successfully in 0ms {changeSet=migration/node-services.changelog-init.xml::1511451595465-46::R3.Corda, databaseChangeLog=master.changelog.json}
?[m?[37m[INFO] 17:31:33,829 [driver-pool-thread-0] jvm.JdbcExecutor. - INSERT INTO PUBLIC.DATABASECHANGELOG (ID, AUTHOR, FILENAME, DATEEXECUTED, ORDEREXECUTED, MD5SUM, DESCRIPTION, COMMENTS, EXECTYPE, CONTEXTS, LABELS, LIQUIBASE, DEPLOYMENT_ID) VALUES ('1511451595465-46', 'R3.Corda', 'migration/node-services.changelog-init.xml', NOW(), 63, '8:d5e4dd3dba8e89f77b6eeff0fc5b7a49', 'addPrimaryKey constraintName=node_transactions_pkey, tableName=node_transactions', '', 'EXECUTED', NULL, NULL, '3.6.3', '7573093676') {changeSet=migration/node-services.changelog-init.xml::1511451595465-46::R3.Corda, databaseChangeLog=master.changelog.json}
?[m?[37m[INFO] 17:31:33,829 [driver-pool-thread-0] jvm.JdbcExecutor. - ALTER TABLE PUBLIC.node_link_nodeinfo_party ADD CONSTRAINT FK__link_ni_p__info_p_cert FOREIGN KEY (party_name) REFERENCES PUBLIC.node_info_party_cert (party_name) {changeSet=migration/node-services.changelog-init.xml::1511451595465-61::R3.Corda, databaseChangeLog=master.changelog.json}
?[m?[37m[INFO] 17:31:33,830 [driver-pool-thread-0] changelog.ChangeSet. - Foreign key constraint added to node_link_nodeinfo_party (party_name) {changeSet=migration/node-services.changelog-init.xml::1511451595465-61::R3.Corda, databaseChangeLog=master.changelog.json}
?[m?[37m[INFO] 17:31:33,830 [driver-pool-thread-0] changelog.ChangeSet. - ChangeSet migration/node-services.changelog-init.xml::1511451595465-61::R3.Corda ran successfully in 1ms {changeSet=migration/node-services.changelog-init.xml::1511451595465-61::R3.Corda, databaseChangeLog=master.changelog.json}
?[m?[37m[INFO] 17:31:33,831 [driver-pool-thread-0] jvm.JdbcExecutor. - INSERT INTO PUBLIC.DATABASECHANGELOG (ID, AUTHOR, FILENAME, DATEEXECUTED, ORDEREXECUTED, MD5SUM, DESCRIPTION, COMMENTS, EXECTYPE, CONTEXTS, LABELS, LIQUIBASE, DEPLOYMENT_ID) VALUES ('1511451595465-61', 'R3.Corda', 'migration/node-services.changelog-init.xml', NOW(), 64, '8:1d4e406a8056aa782ccbd978771f1fb9', 'addForeignKeyConstraint baseTableName=node_link_nodeinfo_party, constraintName=FK__link_ni_p__info_p_cert, referencedTableName=node_info_party_cert', '', 'EXECUTED', NULL, NULL, '3.6.3', '7573093676') {changeSet=migration/node-services.changelog-init.xml::1511451595465-61::R3.Corda, databaseChangeLog=master.changelog.json}
?[m?[37m[INFO] 17:31:33,831 [driver-pool-thread-0] jvm.JdbcExecutor. - CREATE INDEX PUBLIC.att_id_idx ON PUBLIC.node_attachments(att_id) {changeSet=migration/node-services.changelog-init.xml::add index att_id::R3.Corda, databaseChangeLog=master.changelog.json}
?[m?[37m[INFO] 17:31:33,831 [driver-pool-thread-0] changelog.ChangeSet. - Index att_id_idx created {changeSet=migration/node-services.changelog-init.xml::add index att_id::R3.Corda, databaseChangeLog=master.changelog.json}
?[m?[37m[INFO] 17:31:33,831 [driver-pool-thread-0] changelog.ChangeSet. - ChangeSet migration/node-services.changelog-init.xml::add index att_id::R3.Corda ran successfully in 0ms {changeSet=migration/node-services.changelog-init.xml::add index att_id::R3.Corda, databaseChangeLog=master.changelog.json}
?[m?[37m[INFO] 17:31:33,832 [driver-pool-thread-0] jvm.JdbcExecutor. - INSERT INTO PUBLIC.DATABASECHANGELOG (ID, AUTHOR, FILENAME, DATEEXECUTED, ORDEREXECUTED, MD5SUM, DESCRIPTION, COMMENTS, EXECTYPE, CONTEXTS, LABELS, LIQUIBASE, DEPLOYMENT_ID) VALUES ('add index att_id', 'R3.Corda', 'migration/node-services.changelog-init.xml', NOW(), 65, '8:ccf9b08f32d685dc60d6e34a3013bffc', 'createIndex indexName=att_id_idx, tableName=node_attachments', '', 'EXECUTED', NULL, NULL, '3.6.3', '7573093676') {changeSet=migration/node-services.changelog-init.xml::add index att_id::R3.Corda, databaseChangeLog=master.changelog.json}
?[m?[37m[INFO] 17:31:33,832 [driver-pool-thread-0] jvm.JdbcExecutor. - CREATE TABLE PUBLIC.node_attchments_contracts (att_id NVARCHAR(255) NOT NULL, contract_class_name NVARCHAR(255)) {changeSet=migration/node-services.changelog-init.xml::add_contract_attachment::R3.Corda, databaseChangeLog=master.changelog.json}
?[m?[37m[INFO] 17:31:33,833 [driver-pool-thread-0] changelog.ChangeSet. - Table node_attchments_contracts created {changeSet=migration/node-services.changelog-init.xml::add_contract_attachment::R3.Corda, databaseChangeLog=master.changelog.json}
?[m?[37m[INFO] 17:31:33,833 [driver-pool-thread-0] jvm.JdbcExecutor. - ALTER TABLE PUBLIC.node_attchments_contracts ADD CONSTRAINT FK__ctr_class__attachments FOREIGN KEY (att_id) REFERENCES PUBLIC.node_attachments (att_id) {changeSet=migration/node-services.changelog-init.xml::add_contract_attachment::R3.Corda, databaseChangeLog=master.changelog.json}
?[m?[37m[INFO] 17:31:33,833 [driver-pool-thread-0] changelog.ChangeSet. - Foreign key constraint added to node_attchments_contracts (att_id) {changeSet=migration/node-services.changelog-init.xml::add_contract_attachment::R3.Corda, databaseChangeLog=master.changelog.json}
?[m?[37m[INFO] 17:31:33,834 [driver-pool-thread-0] jvm.JdbcExecutor. - DELETE FROM PUBLIC.node_attachments {changeSet=migration/node-services.changelog-init.xml::add_contract_attachment::R3.Corda, databaseChangeLog=master.changelog.json}
?[m?[37m[INFO] 17:31:33,834 [driver-pool-thread-0] changelog.ChangeSet. - Data deleted from node_attachments {changeSet=migration/node-services.changelog-init.xml::add_contract_attachment::R3.Corda, databaseChangeLog=master.changelog.json}
?[m?[37m[INFO] 17:31:33,834 [driver-pool-thread-0] changelog.ChangeSet. - ChangeSet migration/node-services.changelog-init.xml::add_contract_attachment::R3.Corda ran successfully in 2ms {changeSet=migration/node-services.changelog-init.xml::add_contract_attachment::R3.Corda, databaseChangeLog=master.changelog.json}
?[m?[37m[INFO] 17:31:33,834 [driver-pool-thread-0] jvm.JdbcExecutor. - INSERT INTO PUBLIC.DATABASECHANGELOG (ID, AUTHOR, FILENAME, DATEEXECUTED, ORDEREXECUTED, MD5SUM, DESCRIPTION, COMMENTS, EXECTYPE, CONTEXTS, LABELS, LIQUIBASE, DEPLOYMENT_ID) VALUES ('add_contract_attachment', 'R3.Corda', 'migration/node-services.changelog-init.xml', NOW(), 66, '8:8898557cf18644883f6f3b0c5e784c0b', 'createTable tableName=node_attchments_contracts; addForeignKeyConstraint baseTableName=node_attchments_contracts, constraintName=FK__ctr_class__attachments, referencedTableName=node_attachments; delete tableName=node_attachments', '', 'EXECUTED', NULL, NULL, '3.6.3', '7573093676') {changeSet=migration/node-services.changelog-init.xml::add_contract_attachment::R3.Corda, databaseChangeLog=master.changelog.json}
?[m?[37m[INFO] 17:31:33,835 [driver-pool-thread-0] jvm.JdbcExecutor. - ALTER TABLE PUBLIC.node_message_ids ADD sender NVARCHAR(64) {changeSet=migration/node-services.changelog-init.xml::add_dedup_columns::R3.Corda, databaseChangeLog=master.changelog.json}
?[m?[37m[INFO] 17:31:33,837 [driver-pool-thread-0] jvm.JdbcExecutor. - ALTER TABLE PUBLIC.node_message_ids ADD sequence_number BIGINT {changeSet=migration/node-services.changelog-init.xml::add_dedup_columns::R3.Corda, databaseChangeLog=master.changelog.json}
?[m?[37m[INFO] 17:31:33,838 [driver-pool-thread-0] changelog.ChangeSet. - Columns sender(NVARCHAR(64)),sequence_number(BIGINT) added to node_message_ids {changeSet=migration/node-services.changelog-init.xml::add_dedup_columns::R3.Corda, databaseChangeLog=master.changelog.json}
?[m?[37m[INFO] 17:31:33,839 [driver-pool-thread-0] changelog.ChangeSet. - ChangeSet migration/node-services.changelog-init.xml::add_dedup_columns::R3.Corda ran successfully in 3ms {changeSet=migration/node-services.changelog-init.xml::add_dedup_columns::R3.Corda, databaseChangeLog=master.changelog.json}
?[m?[37m[INFO] 17:31:33,839 [driver-pool-thread-0] jvm.JdbcExecutor. - INSERT INTO PUBLIC.DATABASECHANGELOG (ID, AUTHOR, FILENAME, DATEEXECUTED, ORDEREXECUTED, MD5SUM, DESCRIPTION, COMMENTS, EXECTYPE, CONTEXTS, LABELS, LIQUIBASE, DEPLOYMENT_ID) VALUES ('add_dedup_columns', 'R3.Corda', 'migration/node-services.changelog-init.xml', NOW(), 67, '8:5924ebdacff695e1f30aa3e0173eccdf', 'addColumn tableName=node_message_ids', '', 'EXECUTED', NULL, NULL, '3.6.3', '7573093676') {changeSet=migration/node-services.changelog-init.xml::add_dedup_columns::R3.Corda, databaseChangeLog=master.changelog.json}
?[m?[37m[INFO] 17:31:33,840 [driver-pool-thread-0] jvm.JdbcExecutor. - ALTER TABLE PUBLIC.node_attchments_contracts RENAME TO node_attachments_contracts {changeSet=migration/node-core.changelog-v4.xml::attchments_rename::R3.Corda, databaseChangeLog=master.changelog.json}
?[m?[37m[INFO] 17:31:33,841 [driver-pool-thread-0] changelog.ChangeSet. - Table node_attchments_contracts renamed to node_attachments_contracts {changeSet=migration/node-core.changelog-v4.xml::attchments_rename::R3.Corda, databaseChangeLog=master.changelog.json}
?[m?[37m[INFO] 17:31:33,841 [driver-pool-thread-0] changelog.ChangeSet. - ChangeSet migration/node-core.changelog-v4.xml::attchments_rename::R3.Corda ran successfully in 1ms {changeSet=migration/node-core.changelog-v4.xml::attchments_rename::R3.Corda, databaseChangeLog=master.changelog.json}
?[m?[37m[INFO] 17:31:33,841 [driver-pool-thread-0] jvm.JdbcExecutor. - INSERT INTO PUBLIC.DATABASECHANGELOG (ID, AUTHOR, FILENAME, DATEEXECUTED, ORDEREXECUTED, MD5SUM, DESCRIPTION, COMMENTS, EXECTYPE, CONTEXTS, LABELS, LIQUIBASE, DEPLOYMENT_ID) VALUES ('attchments_rename', 'R3.Corda', 'migration/node-core.changelog-v4.xml', NOW(), 68, '8:94816d7657264059f2b8da4e97d4b15d', 'renameTable newTableName=node_attachments_contracts, oldTableName=node_attchments_contracts', '', 'EXECUTED', NULL, NULL, '3.6.3', '7573093676') {changeSet=migration/node-core.changelog-v4.xml::attchments_rename::R3.Corda, databaseChangeLog=master.changelog.json}
?[m?[37m[INFO] 17:31:33,842 [driver-pool-thread-0] jvm.JdbcExecutor. - ALTER TABLE PUBLIC.node_identities ALTER COLUMN identity_value SET NOT NULL {changeSet=migration/node-core.changelog-v4.xml::nullability::R3.Corda, databaseChangeLog=master.changelog.json}
?[m?[37m[INFO] 17:31:33,842 [driver-pool-thread-0] changelog.ChangeSet. - NOT NULL constraint has been added to node_identities.identity_value {changeSet=migration/node-core.changelog-v4.xml::nullability::R3.Corda, databaseChangeLog=master.changelog.json}
?[m?[37m[INFO] 17:31:33,842 [driver-pool-thread-0] jvm.JdbcExecutor. - ALTER TABLE PUBLIC.node_attachments ALTER COLUMN content SET NOT NULL {changeSet=migration/node-core.changelog-v4.xml::nullability::R3.Corda, databaseChangeLog=master.changelog.json}
?[m?[37m[INFO] 17:31:33,842 [driver-pool-thread-0] changelog.ChangeSet. - NOT NULL constraint has been added to node_attachments.content {changeSet=migration/node-core.changelog-v4.xml::nullability::R3.Corda, databaseChangeLog=master.changelog.json}
?[m?[37m[INFO] 17:31:33,843 [driver-pool-thread-0] jvm.JdbcExecutor. - ALTER TABLE PUBLIC.node_attachments_contracts ALTER COLUMN contract_class_name SET NOT NULL {changeSet=migration/node-core.changelog-v4.xml::nullability::R3.Corda, databaseChangeLog=master.changelog.json}
?[m?[37m[INFO] 17:31:33,843 [driver-pool-thread-0] changelog.ChangeSet. - NOT NULL constraint has been added to node_attachments_contracts.contract_class_name {changeSet=migration/node-core.changelog-v4.xml::nullability::R3.Corda, databaseChangeLog=master.changelog.json}
?[m?[37m[INFO] 17:31:33,843 [driver-pool-thread-0] jvm.JdbcExecutor. - ALTER TABLE PUBLIC.node_checkpoints ALTER COLUMN checkpoint_value SET NOT NULL {changeSet=migration/node-core.changelog-v4.xml::nullability::R3.Corda, databaseChangeLog=master.changelog.json}
?[m?[37m[INFO] 17:31:33,843 [driver-pool-thread-0] changelog.ChangeSet. - NOT NULL constraint has been added to node_checkpoints.checkpoint_value {changeSet=migration/node-core.changelog-v4.xml::nullability::R3.Corda, databaseChangeLog=master.changelog.json}
?[m?[37m[INFO] 17:31:33,843 [driver-pool-thread-0] jvm.JdbcExecutor. - ALTER TABLE PUBLIC.node_contract_upgrades ALTER COLUMN contract_class_name SET NOT NULL {changeSet=migration/node-core.changelog-v4.xml::nullability::R3.Corda, databaseChangeLog=master.changelog.json}
?[m?[37m[INFO] 17:31:33,843 [driver-pool-thread-0] changelog.ChangeSet. - NOT NULL constraint has been added to node_contract_upgrades.contract_class_name {changeSet=migration/node-core.changelog-v4.xml::nullability::R3.Corda, databaseChangeLog=master.changelog.json}
?[m?[37m[INFO] 17:31:33,844 [driver-pool-thread-0] jvm.JdbcExecutor. - ALTER TABLE PUBLIC.node_message_ids ALTER COLUMN insertion_time SET NOT NULL {changeSet=migration/node-core.changelog-v4.xml::nullability::R3.Corda, databaseChangeLog=master.changelog.json}
?[m?[37m[INFO] 17:31:33,844 [driver-pool-thread-0] changelog.ChangeSet. - NOT NULL constraint has been added to node_message_ids.insertion_time {changeSet=migration/node-core.changelog-v4.xml::nullability::R3.Corda, databaseChangeLog=master.changelog.json}
?[m?[37m[INFO] 17:31:33,844 [driver-pool-thread-0] jvm.JdbcExecutor. - ALTER TABLE PUBLIC.node_message_retry ALTER COLUMN message SET NOT NULL {changeSet=migration/node-core.changelog-v4.xml::nullability::R3.Corda, databaseChangeLog=master.changelog.json}
?[m?[37m[INFO] 17:31:33,844 [driver-pool-thread-0] changelog.ChangeSet. - NOT NULL constraint has been added to node_message_retry.message {changeSet=migration/node-core.changelog-v4.xml::nullability::R3.Corda, databaseChangeLog=master.changelog.json}
?[m?[37m[INFO] 17:31:33,844 [driver-pool-thread-0] jvm.JdbcExecutor. - ALTER TABLE PUBLIC.node_message_retry ALTER COLUMN recipients SET NOT NULL {changeSet=migration/node-core.changelog-v4.xml::nullability::R3.Corda, databaseChangeLog=master.changelog.json}
?[m?[37m[INFO] 17:31:33,844 [driver-pool-thread-0] changelog.ChangeSet. - NOT NULL constraint has been added to node_message_retry.recipients {changeSet=migration/node-core.changelog-v4.xml::nullability::R3.Corda, databaseChangeLog=master.changelog.json}
?[m?[37m[INFO] 17:31:33,844 [driver-pool-thread-0] jvm.JdbcExecutor. - ALTER TABLE PUBLIC.node_named_identities ALTER COLUMN pk_hash SET NOT NULL {changeSet=migration/node-core.changelog-v4.xml::nullability::R3.Corda, databaseChangeLog=master.changelog.json}
?[m?[37m[INFO] 17:31:33,845 [driver-pool-thread-0] changelog.ChangeSet. - NOT NULL constraint has been added to node_named_identities.pk_hash {changeSet=migration/node-core.changelog-v4.xml::nullability::R3.Corda, databaseChangeLog=master.changelog.json}
?[m?[37m[INFO] 17:31:33,845 [driver-pool-thread-0] jvm.JdbcExecutor. - ALTER TABLE PUBLIC.node_our_key_pairs ALTER COLUMN private_key SET NOT NULL {changeSet=migration/node-core.changelog-v4.xml::nullability::R3.Corda, databaseChangeLog=master.changelog.json}
?[m?[37m[INFO] 17:31:33,845 [driver-pool-thread-0] changelog.ChangeSet. - NOT NULL constraint has been added to node_our_key_pairs.private_key {changeSet=migration/node-core.changelog-v4.xml::nullability::R3.Corda, databaseChangeLog=master.changelog.json}
?[m?[37m[INFO] 17:31:33,845 [driver-pool-thread-0] jvm.JdbcExecutor. - ALTER TABLE PUBLIC.node_our_key_pairs ALTER COLUMN public_key SET NOT NULL {changeSet=migration/node-core.changelog-v4.xml::nullability::R3.Corda, databaseChangeLog=master.changelog.json}
?[m?[37m[INFO] 17:31:33,845 [driver-pool-thread-0] changelog.ChangeSet. - NOT NULL constraint has been added to node_our_key_pairs.public_key {changeSet=migration/node-core.changelog-v4.xml::nullability::R3.Corda, databaseChangeLog=master.changelog.json}
?[m?[37m[INFO] 17:31:33,845 [driver-pool-thread-0] jvm.JdbcExecutor. - ALTER TABLE PUBLIC.node_transaction_mappings ALTER COLUMN state_machine_run_id SET NOT NULL {changeSet=migration/node-core.changelog-v4.xml::nullability::R3.Corda, databaseChangeLog=master.changelog.json}
?[m?[37m[INFO] 17:31:33,845 [driver-pool-thread-0] changelog.ChangeSet. - NOT NULL constraint has been added to node_transaction_mappings.state_machine_run_id {changeSet=migration/node-core.changelog-v4.xml::nullability::R3.Corda, databaseChangeLog=master.changelog.json}
?[m?[37m[INFO] 17:31:33,846 [driver-pool-thread-0] jvm.JdbcExecutor. - ALTER TABLE PUBLIC.node_transactions ALTER COLUMN transaction_value SET NOT NULL {changeSet=migration/node-core.changelog-v4.xml::nullability::R3.Corda, databaseChangeLog=master.changelog.json}
?[m?[37m[INFO] 17:31:33,846 [driver-pool-thread-0] changelog.ChangeSet. - NOT NULL constraint has been added to node_transactions.transaction_value {changeSet=migration/node-core.changelog-v4.xml::nullability::R3.Corda, databaseChangeLog=master.changelog.json}
?[m?[37m[INFO] 17:31:33,846 [driver-pool-thread-0] changelog.ChangeSet. - ChangeSet migration/node-core.changelog-v4.xml::nullability::R3.Corda ran successfully in 4ms {changeSet=migration/node-core.changelog-v4.xml::nullability::R3.Corda, databaseChangeLog=master.changelog.json}
?[m?[37m[INFO] 17:31:33,847 [driver-pool-thread-0] jvm.JdbcExecutor. - INSERT INTO PUBLIC.DATABASECHANGELOG (ID, AUTHOR, FILENAME, DATEEXECUTED, ORDEREXECUTED, MD5SUM, DESCRIPTION, COMMENTS, EXECTYPE, CONTEXTS, LABELS, LIQUIBASE, DEPLOYMENT_ID) VALUES ('nullability', 'R3.Corda', 'migration/node-core.changelog-v4.xml', NOW(), 69, '8:62ddcf64aece5dc383fa400ac8ccc392', 'addNotNullConstraint columnName=identity_value, tableName=node_identities; addNotNullConstraint columnName=content, tableName=node_attachments; addNotNullConstraint columnName=contract_class_name, tableName=node_attachments_contracts; addNotNullCo...', '', 'EXECUTED', NULL, NULL, '3.6.3', '7573093676') {changeSet=migration/node-core.changelog-v4.xml::nullability::R3.Corda, databaseChangeLog=master.changelog.json}
?[m?[37m[INFO] 17:31:33,849 [driver-pool-thread-0] jvm.JdbcExecutor. - DROP TABLE PUBLIC.node_message_retry {changeSet=migration/node-core.changelog-v5.xml::remove_unused_node_message_retry::R3.Corda, databaseChangeLog=master.changelog.json}
?[m?[37m[INFO] 17:31:33,849 [driver-pool-thread-0] changelog.ChangeSet. - Table node_message_retry dropped {changeSet=migration/node-core.changelog-v5.xml::remove_unused_node_message_retry::R3.Corda, databaseChangeLog=master.changelog.json}
?[m?[37m[INFO] 17:31:33,849 [driver-pool-thread-0] changelog.ChangeSet. - ChangeSet migration/node-core.changelog-v5.xml::remove_unused_node_message_retry::R3.Corda ran successfully in 1ms {changeSet=migration/node-core.changelog-v5.xml::remove_unused_node_message_retry::R3.Corda, databaseChangeLog=master.changelog.json}
?[m?[37m[INFO] 17:31:33,850 [driver-pool-thread-0] jvm.JdbcExecutor. - INSERT INTO PUBLIC.DATABASECHANGELOG (ID, AUTHOR, FILENAME, DATEEXECUTED, ORDEREXECUTED, MD5SUM, DESCRIPTION, COMMENTS, EXECTYPE, CONTEXTS, LABELS, LIQUIBASE, DEPLOYMENT_ID) VALUES ('remove_unused_node_message_retry', 'R3.Corda', 'migration/node-core.changelog-v5.xml', NOW(), 70, '8:7f43b1a30ed49119520e7d14de6b57bd', 'dropTable tableName=node_message_retry', '', 'EXECUTED', NULL, NULL, '3.6.3', '7573093676') {changeSet=migration/node-core.changelog-v5.xml::remove_unused_node_message_retry::R3.Corda, databaseChangeLog=master.changelog.json}
?[m?[37m[INFO] 17:31:33,851 [driver-pool-thread-0] jvm.JdbcExecutor. - INSERT INTO PUBLIC.DATABASECHANGELOG (ID, AUTHOR, FILENAME, DATEEXECUTED, ORDEREXECUTED, MD5SUM, DESCRIPTION, COMMENTS, EXECTYPE, CONTEXTS, LABELS, LIQUIBASE, DEPLOYMENT_ID) VALUES ('non-clustered_pk-1', 'R3.Corda', 'migration/node-core.changelog-pkey.xml', NOW(), 71, '8:fc341b0d5ff080f0093d8a528299de25', 'dropPrimaryKey constraintName=node_checkpoints_pkey, tableName=node_checkpoints; addPrimaryKey constraintName=node_checkpoints_pkey, tableName=node_checkpoints', '', 'MARK_RAN', NULL, NULL, '3.6.3', '7573093676') {changeSet=migration/node-core.changelog-pkey.xml::non-clustered_pk-1::R3.Corda, databaseChangeLog=master.changelog.json}
?[m?[37m[INFO] 17:31:33,851 [driver-pool-thread-0] jvm.JdbcExecutor. - INSERT INTO PUBLIC.DATABASECHANGELOG (ID, AUTHOR, FILENAME, DATEEXECUTED, ORDEREXECUTED, MD5SUM, DESCRIPTION, COMMENTS, EXECTYPE, CONTEXTS, LABELS, LIQUIBASE, DEPLOYMENT_ID) VALUES ('non-clustered_pk-2', 'R3.Corda', 'migration/node-core.changelog-pkey.xml', NOW(), 72, '8:438db96910ca09a1e8910e74fe31d943', 'dropPrimaryKey constraintName=node_identities_pkey, tableName=node_identities; addPrimaryKey constraintName=node_identities_pkey, tableName=node_identities', '', 'MARK_RAN', NULL, NULL, '3.6.3', '7573093676') {changeSet=migration/node-core.changelog-pkey.xml::non-clustered_pk-2::R3.Corda, databaseChangeLog=master.changelog.json}
?[m?[37m[INFO] 17:31:33,853 [driver-pool-thread-0] jvm.JdbcExecutor. - INSERT INTO PUBLIC.DATABASECHANGELOG (ID, AUTHOR, FILENAME, DATEEXECUTED, ORDEREXECUTED, MD5SUM, DESCRIPTION, COMMENTS, EXECTYPE, CONTEXTS, LABELS, LIQUIBASE, DEPLOYMENT_ID) VALUES ('non-clustered_pk-3', 'R3.Corda', 'migration/node-core.changelog-pkey.xml', NOW(), 73, '8:b02515ba3eb419e880a62ad581d57d9a', 'dropPrimaryKey constraintName=node_message_ids_pkey, tableName=node_message_ids; addPrimaryKey constraintName=node_message_ids_pkey, tableName=node_message_ids', '', 'MARK_RAN', NULL, NULL, '3.6.3', '7573093676') {changeSet=migration/node-core.changelog-pkey.xml::non-clustered_pk-3::R3.Corda, databaseChangeLog=master.changelog.json}
?[m?[37m[INFO] 17:31:33,854 [driver-pool-thread-0] jvm.JdbcExecutor. - INSERT INTO PUBLIC.DATABASECHANGELOG (ID, AUTHOR, FILENAME, DATEEXECUTED, ORDEREXECUTED, MD5SUM, DESCRIPTION, COMMENTS, EXECTYPE, CONTEXTS, LABELS, LIQUIBASE, DEPLOYMENT_ID) VALUES ('non-clustered_pk-4', 'R3.Corda', 'migration/node-core.changelog-pkey.xml', NOW(), 74, '8:9a733c73c5a8ca979384c41d59473644', 'dropPrimaryKey constraintName=node_named_identities_pkey, tableName=node_named_identities; addPrimaryKey constraintName=node_named_identities_pkey, tableName=node_named_identities', '', 'MARK_RAN', NULL, NULL, '3.6.3', '7573093676') {changeSet=migration/node-core.changelog-pkey.xml::non-clustered_pk-4::R3.Corda, databaseChangeLog=master.changelog.json}
?[m?[37m[INFO] 17:31:33,855 [driver-pool-thread-0] jvm.JdbcExecutor. - INSERT INTO PUBLIC.DATABASECHANGELOG (ID, AUTHOR, FILENAME, DATEEXECUTED, ORDEREXECUTED, MD5SUM, DESCRIPTION, COMMENTS, EXECTYPE, CONTEXTS, LABELS, LIQUIBASE, DEPLOYMENT_ID) VALUES ('non-clustered_pk-5', 'R3.Corda', 'migration/node-core.changelog-pkey.xml', NOW(), 75, '8:48cf4a4dad77b6a8f7c3c73c09cc3959', 'dropPrimaryKey constraintName=node_our_key_pairs_pkey, tableName=node_our_key_pairs; addPrimaryKey constraintName=node_our_key_pairs_pkey, tableName=node_our_key_pairs', '', 'MARK_RAN', NULL, NULL, '3.6.3', '7573093676') {changeSet=migration/node-core.changelog-pkey.xml::non-clustered_pk-5::R3.Corda, databaseChangeLog=master.changelog.json}
?[m?[37m[INFO] 17:31:33,855 [driver-pool-thread-0] jvm.JdbcExecutor. - INSERT INTO PUBLIC.DATABASECHANGELOG (ID, AUTHOR, FILENAME, DATEEXECUTED, ORDEREXECUTED, MD5SUM, DESCRIPTION, COMMENTS, EXECTYPE, CONTEXTS, LABELS, LIQUIBASE, DEPLOYMENT_ID) VALUES ('non-clustered_pk-6', 'R3.Corda', 'migration/node-core.changelog-pkey.xml', NOW(), 76, '8:25c5581ce04f688ea83704ffa44bab8e', 'dropPrimaryKey constraintName=node_transaction_mappings_pkey, tableName=node_transaction_mappings; addPrimaryKey constraintName=node_transaction_mappings_pkey, tableName=node_transaction_mappings', '', 'MARK_RAN', NULL, NULL, '3.6.3', '7573093676') {changeSet=migration/node-core.changelog-pkey.xml::non-clustered_pk-6::R3.Corda, databaseChangeLog=master.changelog.json}
?[m?[37m[INFO] 17:31:33,857 [driver-pool-thread-0] jvm.JdbcExecutor. - INSERT INTO PUBLIC.DATABASECHANGELOG (ID, AUTHOR, FILENAME, DATEEXECUTED, ORDEREXECUTED, MD5SUM, DESCRIPTION, COMMENTS, EXECTYPE, CONTEXTS, LABELS, LIQUIBASE, DEPLOYMENT_ID) VALUES ('non-clustered_pk-7', 'R3.Corda', 'migration/node-core.changelog-pkey.xml', NOW(), 77, '8:64773359f27e2f85fe6df6097823ce69', 'dropPrimaryKey constraintName=node_transactions_pkey, tableName=node_transactions; addPrimaryKey constraintName=node_transactions_pkey, tableName=node_transactions', '', 'MARK_RAN', NULL, NULL, '3.6.3', '7573093676') {changeSet=migration/node-core.changelog-pkey.xml::non-clustered_pk-7::R3.Corda, databaseChangeLog=master.changelog.json}
?[m?[37m[INFO] 17:31:33,864 [driver-pool-thread-0] changelog.ChangeSet. - Marking ChangeSet: migration/node-core.changelog-v8.xml::conditional_attchments_rename::R3.Corda ran despite precondition failure due to onFail='MARK_RAN': 
          master.changelog.json : Table PUBLIC.NODE_ATTCHMENTS_CONTRACTS does not exist
 {changeSet=migration/node-core.changelog-v8.xml::conditional_attchments_rename::R3.Corda, databaseChangeLog=master.changelog.json}
?[m?[37m[INFO] 17:31:33,864 [driver-pool-thread-0] jvm.JdbcExecutor. - INSERT INTO PUBLIC.DATABASECHANGELOG (ID, AUTHOR, FILENAME, DATEEXECUTED, ORDEREXECUTED, MD5SUM, DESCRIPTION, COMMENTS, EXECTYPE, CONTEXTS, LABELS, LIQUIBASE, DEPLOYMENT_ID) VALUES ('conditional_attchments_rename', 'R3.Corda', 'migration/node-core.changelog-v8.xml', NOW(), 78, '8:114fc6d1775676ecf274989170741a5b', 'renameTable newTableName=NODE_ATTACHMENTS_CONTRACTS, oldTableName=NODE_ATTCHMENTS_CONTRACTS', '', 'MARK_RAN', NULL, NULL, '3.6.3', '7573093676') {changeSet=migration/node-core.changelog-v8.xml::conditional_attchments_rename::R3.Corda, databaseChangeLog=master.changelog.json}
?[m?[37m[INFO] 17:31:33,871 [driver-pool-thread-0] changelog.ChangeSet. - Marking ChangeSet: migration/node-core.changelog-v8.xml::conditional_attchments_contracts::R3.Corda ran despite precondition failure due to onFail='MARK_RAN': 
          master.changelog.json : Table PUBLIC.NODE_ATTACHMENTS_CONTRACT_CLASS_NAME does not exist
 {changeSet=migration/node-core.changelog-v8.xml::conditional_attchments_contracts::R3.Corda, databaseChangeLog=master.changelog.json}
?[m?[37m[INFO] 17:31:33,871 [driver-pool-thread-0] jvm.JdbcExecutor. - INSERT INTO PUBLIC.DATABASECHANGELOG (ID, AUTHOR, FILENAME, DATEEXECUTED, ORDEREXECUTED, MD5SUM, DESCRIPTION, COMMENTS, EXECTYPE, CONTEXTS, LABELS, LIQUIBASE, DEPLOYMENT_ID) VALUES ('conditional_attchments_contracts', 'R3.Corda', 'migration/node-core.changelog-v8.xml', NOW(), 79, '8:c26d868db33a85bdd25570b094635db5', 'renameTable newTableName=NODE_ATTACHMENTS_CONTRACTS, oldTableName=NODE_ATTACHMENTS_CONTRACT_CLASS_NAME', '', 'MARK_RAN', NULL, NULL, '3.6.3', '7573093676') {changeSet=migration/node-core.changelog-v8.xml::conditional_attchments_contracts::R3.Corda, databaseChangeLog=master.changelog.json}
?[m?[37m[INFO] 17:31:33,872 [driver-pool-thread-0] jvm.JdbcExecutor. - CREATE TABLE PUBLIC.node_attachments_signers (att_id NVARCHAR(255) NOT NULL, signer NVARCHAR(1024)) {changeSet=migration/node-core.changelog-v8.xml::add_signers::R3.Corda, databaseChangeLog=master.changelog.json}
?[m?[37m[INFO] 17:31:33,872 [driver-pool-thread-0] changelog.ChangeSet. - Table node_attachments_signers created {changeSet=migration/node-core.changelog-v8.xml::add_signers::R3.Corda, databaseChangeLog=master.changelog.json}
?[m?[37m[INFO] 17:31:33,873 [driver-pool-thread-0] jvm.JdbcExecutor. - ALTER TABLE PUBLIC.node_attachments_signers ADD CONSTRAINT FK__signers__attachments FOREIGN KEY (att_id) REFERENCES PUBLIC.node_attachments (att_id) {changeSet=migration/node-core.changelog-v8.xml::add_signers::R3.Corda, databaseChangeLog=master.changelog.json}
?[m?[37m[INFO] 17:31:33,874 [driver-pool-thread-0] changelog.ChangeSet. - Foreign key constraint added to node_attachments_signers (att_id) {changeSet=migration/node-core.changelog-v8.xml::add_signers::R3.Corda, databaseChangeLog=master.changelog.json}
?[m?[37m[INFO] 17:31:33,874 [driver-pool-thread-0] changelog.ChangeSet. - ChangeSet migration/node-core.changelog-v8.xml::add_signers::R3.Corda ran successfully in 2ms {changeSet=migration/node-core.changelog-v8.xml::add_signers::R3.Corda, databaseChangeLog=master.changelog.json}
?[m?[37m[INFO] 17:31:33,874 [driver-pool-thread-0] jvm.JdbcExecutor. - INSERT INTO PUBLIC.DATABASECHANGELOG (ID, AUTHOR, FILENAME, DATEEXECUTED, ORDEREXECUTED, MD5SUM, DESCRIPTION, COMMENTS, EXECTYPE, CONTEXTS, LABELS, LIQUIBASE, DEPLOYMENT_ID) VALUES ('add_signers', 'R3.Corda', 'migration/node-core.changelog-v8.xml', NOW(), 80, '8:6a033a579a3a8e11a35846d455833835', 'createTable tableName=node_attachments_signers; addForeignKeyConstraint baseTableName=node_attachments_signers, constraintName=FK__signers__attachments, referencedTableName=node_attachments', '', 'EXECUTED', NULL, NULL, '3.6.3', '7573093676') {changeSet=migration/node-core.changelog-v8.xml::add_signers::R3.Corda, databaseChangeLog=master.changelog.json}
?[m?[37m[INFO] 17:31:33,876 [driver-pool-thread-0] jvm.JdbcExecutor. - ALTER TABLE PUBLIC.node_transactions ADD state_machine_run_id NVARCHAR(36) {changeSet=migration/node-core.changelog-tx-mapping.xml::add_tx_mapping_column::R3.Corda, databaseChangeLog=master.changelog.json}
?[m?[37m[INFO] 17:31:33,877 [driver-pool-thread-0] changelog.ChangeSet. - Columns state_machine_run_id(NVARCHAR(36)) added to node_transactions {changeSet=migration/node-core.changelog-tx-mapping.xml::add_tx_mapping_column::R3.Corda, databaseChangeLog=master.changelog.json}
?[m?[37m[INFO] 17:31:33,878 [driver-pool-thread-0] jvm.JdbcExecutor. - update node_transactions set state_machine_run_id=(select state_machine_run_id from
            node_transaction_mappings where node_transactions.tx_id = node_transaction_mappings.tx_id) {changeSet=migration/node-core.changelog-tx-mapping.xml::add_tx_mapping_column::R3.Corda, databaseChangeLog=master.changelog.json}
?[m?[37m[INFO] 17:31:33,878 [driver-pool-thread-0] changelog.ChangeSet. - Custom SQL executed {changeSet=migration/node-core.changelog-tx-mapping.xml::add_tx_mapping_column::R3.Corda, databaseChangeLog=master.changelog.json}
?[m?[37m[INFO] 17:31:33,878 [driver-pool-thread-0] jvm.JdbcExecutor. - DROP TABLE PUBLIC.node_transaction_mappings {changeSet=migration/node-core.changelog-tx-mapping.xml::add_tx_mapping_column::R3.Corda, databaseChangeLog=master.changelog.json}
?[m?[37m[INFO] 17:31:33,878 [driver-pool-thread-0] changelog.ChangeSet. - Table node_transaction_mappings dropped {changeSet=migration/node-core.changelog-tx-mapping.xml::add_tx_mapping_column::R3.Corda, databaseChangeLog=master.changelog.json}
?[m?[37m[INFO] 17:31:33,878 [driver-pool-thread-0] changelog.ChangeSet. - ChangeSet migration/node-core.changelog-tx-mapping.xml::add_tx_mapping_column::R3.Corda ran successfully in 3ms {changeSet=migration/node-core.changelog-tx-mapping.xml::add_tx_mapping_column::R3.Corda, databaseChangeLog=master.changelog.json}
?[m?[37m[INFO] 17:31:33,879 [driver-pool-thread-0] jvm.JdbcExecutor. - INSERT INTO PUBLIC.DATABASECHANGELOG (ID, AUTHOR, FILENAME, DATEEXECUTED, ORDEREXECUTED, MD5SUM, DESCRIPTION, COMMENTS, EXECTYPE, CONTEXTS, LABELS, LIQUIBASE, DEPLOYMENT_ID) VALUES ('add_tx_mapping_column', 'R3.Corda', 'migration/node-core.changelog-tx-mapping.xml', NOW(), 81, '8:6d9d8484a635e932dd8e8f45db1b3d7e', 'addColumn tableName=node_transactions; sql; dropTable tableName=node_transaction_mappings', '', 'EXECUTED', NULL, NULL, '3.6.3', '7573093676') {changeSet=migration/node-core.changelog-tx-mapping.xml::add_tx_mapping_column::R3.Corda, databaseChangeLog=master.changelog.json}
?[m?[37m[INFO] 17:31:33,880 [driver-pool-thread-0] jvm.JdbcExecutor. - CREATE TABLE PUBLIC.node_network_parameters (hash NVARCHAR(130) NOT NULL, epoch INT NOT NULL, parameters_bytes BLOB NOT NULL, signature_bytes BLOB NOT NULL, cert BLOB NOT NULL, parent_cert_path BLOB NOT NULL) {changeSet=migration/node-services.changelog-init.xml::add_network_parameters_storage::R3.Corda, databaseChangeLog=master.changelog.json}
?[m?[37m[INFO] 17:31:33,880 [driver-pool-thread-0] changelog.ChangeSet. - Table node_network_parameters created {changeSet=migration/node-services.changelog-init.xml::add_network_parameters_storage::R3.Corda, databaseChangeLog=master.changelog.json}
?[m?[37m[INFO] 17:31:33,880 [driver-pool-thread-0] changelog.ChangeSet. - ChangeSet migration/node-services.changelog-init.xml::add_network_parameters_storage::R3.Corda ran successfully in 1ms {changeSet=migration/node-services.changelog-init.xml::add_network_parameters_storage::R3.Corda, databaseChangeLog=master.changelog.json}
?[m?[37m[INFO] 17:31:33,881 [driver-pool-thread-0] jvm.JdbcExecutor. - INSERT INTO PUBLIC.DATABASECHANGELOG (ID, AUTHOR, FILENAME, DATEEXECUTED, ORDEREXECUTED, MD5SUM, DESCRIPTION, COMMENTS, EXECTYPE, CONTEXTS, LABELS, LIQUIBASE, DEPLOYMENT_ID) VALUES ('add_network_parameters_storage', 'R3.Corda', 'migration/node-services.changelog-init.xml', NOW(), 82, '8:b448755ba392674254c59e2b9489140f', 'createTable tableName=node_network_parameters', '', 'EXECUTED', NULL, NULL, '3.6.3', '7573093676') {changeSet=migration/node-services.changelog-init.xml::add_network_parameters_storage::R3.Corda, databaseChangeLog=master.changelog.json}
?[m?[37m[INFO] 17:31:33,881 [driver-pool-thread-0] jvm.JdbcExecutor. - ALTER TABLE PUBLIC.node_network_parameters ADD CONSTRAINT node_network_parameters_pkey PRIMARY KEY (hash) {changeSet=migration/node-services.changelog-init.xml::network_parameters_pk::R3.Corda, databaseChangeLog=master.changelog.json}
?[m?[37m[INFO] 17:31:33,882 [driver-pool-thread-0] changelog.ChangeSet. - Primary key added to node_network_parameters (hash) {changeSet=migration/node-services.changelog-init.xml::network_parameters_pk::R3.Corda, databaseChangeLog=master.changelog.json}
?[m?[37m[INFO] 17:31:33,882 [driver-pool-thread-0] changelog.ChangeSet. - ChangeSet migration/node-services.changelog-init.xml::network_parameters_pk::R3.Corda ran successfully in 1ms {changeSet=migration/node-services.changelog-init.xml::network_parameters_pk::R3.Corda, databaseChangeLog=master.changelog.json}
?[m?[37m[INFO] 17:31:33,882 [driver-pool-thread-0] jvm.JdbcExecutor. - INSERT INTO PUBLIC.DATABASECHANGELOG (ID, AUTHOR, FILENAME, DATEEXECUTED, ORDEREXECUTED, MD5SUM, DESCRIPTION, COMMENTS, EXECTYPE, CONTEXTS, LABELS, LIQUIBASE, DEPLOYMENT_ID) VALUES ('network_parameters_pk', 'R3.Corda', 'migration/node-services.changelog-init.xml', NOW(), 83, '8:fc0358b8cab487b52558cd68d6feaf9e', 'addPrimaryKey constraintName=node_network_parameters_pkey, tableName=node_network_parameters', '', 'EXECUTED', NULL, NULL, '3.6.3', '7573093676') {changeSet=migration/node-services.changelog-init.xml::network_parameters_pk::R3.Corda, databaseChangeLog=master.changelog.json}
?[m?[37m[INFO] 17:31:33,883 [driver-pool-thread-0] jvm.JdbcExecutor. - ALTER TABLE PUBLIC.node_attachments ADD version INT {changeSet=migration/node-services.changelog-init.xml::add_version_column::R3.Corda, databaseChangeLog=master.changelog.json}
?[m?[37m[INFO] 17:31:33,885 [driver-pool-thread-0] changelog.ChangeSet. - Columns version(INT) added to node_attachments {changeSet=migration/node-services.changelog-init.xml::add_version_column::R3.Corda, databaseChangeLog=master.changelog.json}
?[m?[37m[INFO] 17:31:33,886 [driver-pool-thread-0] jvm.JdbcExecutor. - update node_attachments set version = 1 {changeSet=migration/node-services.changelog-init.xml::add_version_column::R3.Corda, databaseChangeLog=master.changelog.json}
?[m?[37m[INFO] 17:31:33,886 [driver-pool-thread-0] changelog.ChangeSet. - Custom SQL executed {changeSet=migration/node-services.changelog-init.xml::add_version_column::R3.Corda, databaseChangeLog=master.changelog.json}
?[m?[37m[INFO] 17:31:33,886 [driver-pool-thread-0] jvm.JdbcExecutor. - ALTER TABLE PUBLIC.node_attachments ALTER COLUMN version SET NOT NULL {changeSet=migration/node-services.changelog-init.xml::add_version_column::R3.Corda, databaseChangeLog=master.changelog.json}
?[m?[37m[INFO] 17:31:33,886 [driver-pool-thread-0] changelog.ChangeSet. - NOT NULL constraint has been added to node_attachments.version {changeSet=migration/node-services.changelog-init.xml::add_version_column::R3.Corda, databaseChangeLog=master.changelog.json}
?[m?[37m[INFO] 17:31:33,886 [driver-pool-thread-0] changelog.ChangeSet. - ChangeSet migration/node-services.changelog-init.xml::add_version_column::R3.Corda ran successfully in 3ms {changeSet=migration/node-services.changelog-init.xml::add_version_column::R3.Corda, databaseChangeLog=master.changelog.json}
?[m?[37m[INFO] 17:31:33,887 [driver-pool-thread-0] jvm.JdbcExecutor. - INSERT INTO PUBLIC.DATABASECHANGELOG (ID, AUTHOR, FILENAME, DATEEXECUTED, ORDEREXECUTED, MD5SUM, DESCRIPTION, COMMENTS, EXECTYPE, CONTEXTS, LABELS, LIQUIBASE, DEPLOYMENT_ID) VALUES ('add_version_column', 'R3.Corda', 'migration/node-services.changelog-init.xml', NOW(), 84, '8:ab6a3101d1da88b0f174ccc06a62feef', 'addColumn tableName=node_attachments; sql; addNotNullConstraint columnName=version, tableName=node_attachments', '', 'EXECUTED', NULL, NULL, '3.6.3', '7573093676') {changeSet=migration/node-services.changelog-init.xml::add_version_column::R3.Corda, databaseChangeLog=master.changelog.json}
?[m?[37m[INFO] 17:31:33,887 [driver-pool-thread-0] persistence.AttachmentVersionNumberMigration. - Start executing... {changeSet=migration/node-services.changelog-init.xml::update-version-of-whitelisted-jars::R3.Corda, databaseChangeLog=master.changelog.json}
?[m?[37m[INFO] 17:31:33,889 [driver-pool-thread-0] persistence.AttachmentVersionNumberMigration. - Attachment version creation from whitelisted JARs using network parameters from /Users/garryjackson/Documents/GitHub/quickstart/quickstart-swisspost/workflows/build/node-driver/20200422-163119.336/BankB/network-parameters, whitelistedContractImplementations: {}. {changeSet=migration/node-services.changelog-init.xml::update-version-of-whitelisted-jars::R3.Corda, databaseChangeLog=master.changelog.json}
?[m?[37m[INFO] 17:31:33,889 [driver-pool-thread-0] persistence.AttachmentVersionNumberMigration. - Attachment version creation from whitelisted JARs skipped, no attachments not found. {changeSet=migration/node-services.changelog-init.xml::update-version-of-whitelisted-jars::R3.Corda, databaseChangeLog=master.changelog.json}
?[m?[37m[INFO] 17:31:33,889 [driver-pool-thread-0] changelog.ChangeSet. - null {changeSet=migration/node-services.changelog-init.xml::update-version-of-whitelisted-jars::R3.Corda, databaseChangeLog=master.changelog.json}
?[m?[37m[INFO] 17:31:33,889 [driver-pool-thread-0] changelog.ChangeSet. - ChangeSet migration/node-services.changelog-init.xml::update-version-of-whitelisted-jars::R3.Corda ran successfully in 2ms {changeSet=migration/node-services.changelog-init.xml::update-version-of-whitelisted-jars::R3.Corda, databaseChangeLog=master.changelog.json}
?[m?[37m[INFO] 17:31:33,890 [driver-pool-thread-0] jvm.JdbcExecutor. - INSERT INTO PUBLIC.DATABASECHANGELOG (ID, AUTHOR, FILENAME, DATEEXECUTED, ORDEREXECUTED, MD5SUM, DESCRIPTION, COMMENTS, EXECTYPE, CONTEXTS, LABELS, LIQUIBASE, DEPLOYMENT_ID) VALUES ('update-version-of-whitelisted-jars', 'R3.Corda', 'migration/node-services.changelog-init.xml', NOW(), 85, '8:1d4174a12a4902070f6bf2ba624b0e97', 'customChange', '', 'EXECUTED', NULL, NULL, '3.6.3', '7573093676') {changeSet=migration/node-services.changelog-init.xml::update-version-of-whitelisted-jars::R3.Corda, databaseChangeLog=master.changelog.json}
?[m?[37m[INFO] 17:31:33,890 [driver-pool-thread-0] jvm.JdbcExecutor. - CREATE TABLE PUBLIC.node_identities_no_cert (pk_hash NVARCHAR(130) NOT NULL, name NVARCHAR(128) NOT NULL) {changeSet=migration/node-services.changelog-init.xml::add-new-persistence-table::R3.Corda, databaseChangeLog=master.changelog.json}
?[m?[37m[INFO] 17:31:33,891 [driver-pool-thread-0] changelog.ChangeSet. - Table node_identities_no_cert created {changeSet=migration/node-services.changelog-init.xml::add-new-persistence-table::R3.Corda, databaseChangeLog=master.changelog.json}
?[m?[37m[INFO] 17:31:33,891 [driver-pool-thread-0] jvm.JdbcExecutor. - ALTER TABLE PUBLIC.node_identities_no_cert ADD CONSTRAINT node_identities_no_cert_pkey PRIMARY KEY (pk_hash) {changeSet=migration/node-services.changelog-init.xml::add-new-persistence-table::R3.Corda, databaseChangeLog=master.changelog.json}
?[m?[37m[INFO] 17:31:33,891 [driver-pool-thread-0] changelog.ChangeSet. - Primary key added to node_identities_no_cert (pk_hash) {changeSet=migration/node-services.changelog-init.xml::add-new-persistence-table::R3.Corda, databaseChangeLog=master.changelog.json}
?[m?[37m[INFO] 17:31:33,891 [driver-pool-thread-0] changelog.ChangeSet. - ChangeSet migration/node-services.changelog-init.xml::add-new-persistence-table::R3.Corda ran successfully in 1ms {changeSet=migration/node-services.changelog-init.xml::add-new-persistence-table::R3.Corda, databaseChangeLog=master.changelog.json}
?[m?[37m[INFO] 17:31:33,892 [driver-pool-thread-0] jvm.JdbcExecutor. - INSERT INTO PUBLIC.DATABASECHANGELOG (ID, AUTHOR, FILENAME, DATEEXECUTED, ORDEREXECUTED, MD5SUM, DESCRIPTION, COMMENTS, EXECTYPE, CONTEXTS, LABELS, LIQUIBASE, DEPLOYMENT_ID) VALUES ('add-new-persistence-table', 'R3.Corda', 'migration/node-services.changelog-init.xml', NOW(), 86, '8:cb3302a80bf346270e0d8f3509c64a9b', 'createTable tableName=node_identities_no_cert; addPrimaryKey constraintName=node_identities_no_cert_pkey, tableName=node_identities_no_cert', '', 'EXECUTED', NULL, NULL, '3.6.3', '7573093676') {changeSet=migration/node-services.changelog-init.xml::add-new-persistence-table::R3.Corda, databaseChangeLog=master.changelog.json}
?[m?[37m[INFO] 17:31:33,892 [driver-pool-thread-0] jvm.JdbcExecutor. - ALTER TABLE PUBLIC.pk_hash_to_ext_id_map DROP COLUMN id {changeSet=migration/node-services.changelog-init.xml::migrate_pk_hash_to_ext_id::R3.Corda, databaseChangeLog=master.changelog.json}
?[m?[37m[INFO] 17:31:33,895 [driver-pool-thread-0] changelog.ChangeSet. - Column pk_hash_to_ext_id_map.id dropped {changeSet=migration/node-services.changelog-init.xml::migrate_pk_hash_to_ext_id::R3.Corda, databaseChangeLog=master.changelog.json}
?[m?[37m[INFO] 17:31:33,895 [driver-pool-thread-0] jvm.JdbcExecutor. - DROP INDEX PUBLIC.pk_hash_to_xid_idx {changeSet=migration/node-services.changelog-init.xml::migrate_pk_hash_to_ext_id::R3.Corda, databaseChangeLog=master.changelog.json}
?[m?[37m[INFO] 17:31:33,895 [driver-pool-thread-0] changelog.ChangeSet. - Index pk_hash_to_xid_idx dropped from table pk_hash_to_ext_id_map {changeSet=migration/node-services.changelog-init.xml::migrate_pk_hash_to_ext_id::R3.Corda, databaseChangeLog=master.changelog.json}
?[m?[37m[INFO] 17:31:33,895 [driver-pool-thread-0] jvm.JdbcExecutor. - ALTER TABLE PUBLIC.pk_hash_to_ext_id_map ADD CONSTRAINT pubkey_hash_to_external_id_pk PRIMARY KEY (public_key_hash) {changeSet=migration/node-services.changelog-init.xml::migrate_pk_hash_to_ext_id::R3.Corda, databaseChangeLog=master.changelog.json}
?[m?[37m[INFO] 17:31:33,895 [driver-pool-thread-0] changelog.ChangeSet. - Primary key added to pk_hash_to_ext_id_map (public_key_hash) {changeSet=migration/node-services.changelog-init.xml::migrate_pk_hash_to_ext_id::R3.Corda, databaseChangeLog=master.changelog.json}
?[m?[37m[INFO] 17:31:33,895 [driver-pool-thread-0] jvm.JdbcExecutor. - CREATE INDEX PUBLIC.ext_id_idx ON PUBLIC.pk_hash_to_ext_id_map(external_id) {changeSet=migration/node-services.changelog-init.xml::migrate_pk_hash_to_ext_id::R3.Corda, databaseChangeLog=master.changelog.json}
?[m?[37m[INFO] 17:31:33,896 [driver-pool-thread-0] changelog.ChangeSet. - Index ext_id_idx created {changeSet=migration/node-services.changelog-init.xml::migrate_pk_hash_to_ext_id::R3.Corda, databaseChangeLog=master.changelog.json}
?[m?[37m[INFO] 17:31:33,896 [driver-pool-thread-0] changelog.ChangeSet. - ChangeSet migration/node-services.changelog-init.xml::migrate_pk_hash_to_ext_id::R3.Corda ran successfully in 4ms {changeSet=migration/node-services.changelog-init.xml::migrate_pk_hash_to_ext_id::R3.Corda, databaseChangeLog=master.changelog.json}
?[m?[37m[INFO] 17:31:33,904 [driver-pool-thread-0] jvm.JdbcExecutor. - INSERT INTO PUBLIC.DATABASECHANGELOG (ID, AUTHOR, FILENAME, DATEEXECUTED, ORDEREXECUTED, MD5SUM, DESCRIPTION, COMMENTS, EXECTYPE, CONTEXTS, LABELS, LIQUIBASE, DEPLOYMENT_ID) VALUES ('migrate_pk_hash_to_ext_id', 'R3.Corda', 'migration/node-services.changelog-init.xml', NOW(), 87, '8:daf9ba8b9522b5ed5e0c474f220a5ef9', 'dropColumn columnName=id, tableName=pk_hash_to_ext_id_map; dropIndex indexName=pk_hash_to_xid_idx, tableName=pk_hash_to_ext_id_map; addPrimaryKey constraintName=pubkey_hash_to_external_id_pk, tableName=pk_hash_to_ext_id_map; createIndex indexName=...', '', 'EXECUTED', NULL, NULL, '3.6.3', '7573093676') {changeSet=migration/node-services.changelog-init.xml::migrate_pk_hash_to_ext_id::R3.Corda, databaseChangeLog=master.changelog.json}
?[m?[37m[INFO] 17:31:33,904 [driver-pool-thread-0] changelog.ChangeSet. - null {changeSet=migration/node-services.changelog-init.xml::migrate_identity_service_to_use_publicKey.toShortString()::R3.Corda, databaseChangeLog=master.changelog.json}
?[m?[37m[INFO] 17:31:33,904 [driver-pool-thread-0] changelog.ChangeSet. - ChangeSet migration/node-services.changelog-init.xml::migrate_identity_service_to_use_publicKey.toShortString()::R3.Corda ran successfully in 0ms {changeSet=migration/node-services.changelog-init.xml::migrate_identity_service_to_use_publicKey.toShortString()::R3.Corda, databaseChangeLog=master.changelog.json}
?[m?[37m[INFO] 17:31:33,905 [driver-pool-thread-0] jvm.JdbcExecutor. - INSERT INTO PUBLIC.DATABASECHANGELOG (ID, AUTHOR, FILENAME, DATEEXECUTED, ORDEREXECUTED, MD5SUM, DESCRIPTION, COMMENTS, EXECTYPE, CONTEXTS, LABELS, LIQUIBASE, DEPLOYMENT_ID) VALUES ('migrate_identity_service_to_use_publicKey.toShortString()', 'R3.Corda', 'migration/node-services.changelog-init.xml', NOW(), 88, '8:51a17ecff2c7f17e1502992fdda4356d', 'customChange', '', 'EXECUTED', NULL, NULL, '3.6.3', '7573093676') {changeSet=migration/node-services.changelog-init.xml::migrate_identity_service_to_use_publicKey.toShortString()::R3.Corda, databaseChangeLog=master.changelog.json}
?[m?[37m[INFO] 17:31:33,906 [driver-pool-thread-0] jvm.JdbcExecutor. - ALTER TABLE PUBLIC.node_transactions ADD status NVARCHAR(1) DEFAULT 'V' NOT NULL {changeSet=migration/node-services.changelog-init.xml::add_status_column::R3.Corda, databaseChangeLog=master.changelog.json}
?[m?[37m[INFO] 17:31:33,907 [driver-pool-thread-0] changelog.ChangeSet. - Columns status(NVARCHAR(1)) added to node_transactions {changeSet=migration/node-services.changelog-init.xml::add_status_column::R3.Corda, databaseChangeLog=master.changelog.json}
?[m?[37m[INFO] 17:31:33,907 [driver-pool-thread-0] changelog.ChangeSet. - ChangeSet migration/node-services.changelog-init.xml::add_status_column::R3.Corda ran successfully in 2ms {changeSet=migration/node-services.changelog-init.xml::add_status_column::R3.Corda, databaseChangeLog=master.changelog.json}
?[m?[37m[INFO] 17:31:33,908 [driver-pool-thread-0] jvm.JdbcExecutor. - INSERT INTO PUBLIC.DATABASECHANGELOG (ID, AUTHOR, FILENAME, DATEEXECUTED, ORDEREXECUTED, MD5SUM, DESCRIPTION, COMMENTS, EXECTYPE, CONTEXTS, LABELS, LIQUIBASE, DEPLOYMENT_ID) VALUES ('add_status_column', 'R3.Corda', 'migration/node-services.changelog-init.xml', NOW(), 89, '8:163dc66ab97910470ce080cd4c4d33ef', 'addColumn tableName=node_transactions', '', 'EXECUTED', NULL, NULL, '3.6.3', '7573093676') {changeSet=migration/node-services.changelog-init.xml::add_status_column::R3.Corda, databaseChangeLog=master.changelog.json}
?[m?[37m[INFO] 17:31:33,909 [driver-pool-thread-0] jvm.JdbcExecutor. - CREATE TABLE PUBLIC.node_hash_to_key (pk_hash NVARCHAR(130) NOT NULL, public_key BLOB NOT NULL) {changeSet=migration/node-services.changelog-init.xml::add-new-pk-hash-to-pk-table::R3.Corda, databaseChangeLog=master.changelog.json}
?[m?[37m[INFO] 17:31:33,909 [driver-pool-thread-0] changelog.ChangeSet. - Table node_hash_to_key created {changeSet=migration/node-services.changelog-init.xml::add-new-pk-hash-to-pk-table::R3.Corda, databaseChangeLog=master.changelog.json}
?[m?[37m[INFO] 17:31:33,910 [driver-pool-thread-0] jvm.JdbcExecutor. - ALTER TABLE PUBLIC.node_hash_to_key ADD CONSTRAINT node_hash_to_key_pk_hash PRIMARY KEY (pk_hash) {changeSet=migration/node-services.changelog-init.xml::add-new-pk-hash-to-pk-table::R3.Corda, databaseChangeLog=master.changelog.json}
?[m?[37m[INFO] 17:31:33,910 [driver-pool-thread-0] changelog.ChangeSet. - Primary key added to node_hash_to_key (pk_hash) {changeSet=migration/node-services.changelog-init.xml::add-new-pk-hash-to-pk-table::R3.Corda, databaseChangeLog=master.changelog.json}
?[m?[37m[INFO] 17:31:33,910 [driver-pool-thread-0] changelog.ChangeSet. - ChangeSet migration/node-services.changelog-init.xml::add-new-pk-hash-to-pk-table::R3.Corda ran successfully in 2ms {changeSet=migration/node-services.changelog-init.xml::add-new-pk-hash-to-pk-table::R3.Corda, databaseChangeLog=master.changelog.json}
?[m?[37m[INFO] 17:31:33,910 [driver-pool-thread-0] jvm.JdbcExecutor. - INSERT INTO PUBLIC.DATABASECHANGELOG (ID, AUTHOR, FILENAME, DATEEXECUTED, ORDEREXECUTED, MD5SUM, DESCRIPTION, COMMENTS, EXECTYPE, CONTEXTS, LABELS, LIQUIBASE, DEPLOYMENT_ID) VALUES ('add-new-pk-hash-to-pk-table', 'R3.Corda', 'migration/node-services.changelog-init.xml', NOW(), 90, '8:90ed8145a19f497b5c95a5c9542917f0', 'createTable tableName=node_hash_to_key; addPrimaryKey constraintName=node_hash_to_key_pk_hash, tableName=node_hash_to_key', '', 'EXECUTED', NULL, NULL, '3.6.3', '7573093676') {changeSet=migration/node-services.changelog-init.xml::add-new-pk-hash-to-pk-table::R3.Corda, databaseChangeLog=master.changelog.json}
?[m?[37m[INFO] 17:31:33,911 [driver-pool-thread-0] jvm.JdbcExecutor. - ALTER TABLE PUBLIC.node_transactions ADD timestamp TIMESTAMP DEFAULT '2000-01-01 12:00:00' NOT NULL {changeSet=migration/node-services.changelog-init.xml::add_timestamp_column_to_node_transactions::R3.Corda, databaseChangeLog=master.changelog.json}
?[m?[37m[INFO] 17:31:33,913 [driver-pool-thread-0] changelog.ChangeSet. - Columns timestamp(TIMESTAMP) added to node_transactions {changeSet=migration/node-services.changelog-init.xml::add_timestamp_column_to_node_transactions::R3.Corda, databaseChangeLog=master.changelog.json}
?[m?[37m[INFO] 17:31:33,913 [driver-pool-thread-0] changelog.ChangeSet. - ChangeSet migration/node-services.changelog-init.xml::add_timestamp_column_to_node_transactions::R3.Corda ran successfully in 2ms {changeSet=migration/node-services.changelog-init.xml::add_timestamp_column_to_node_transactions::R3.Corda, databaseChangeLog=master.changelog.json}
?[m?[37m[INFO] 17:31:33,914 [driver-pool-thread-0] jvm.JdbcExecutor. - INSERT INTO PUBLIC.DATABASECHANGELOG (ID, AUTHOR, FILENAME, DATEEXECUTED, ORDEREXECUTED, MD5SUM, DESCRIPTION, COMMENTS, EXECTYPE, CONTEXTS, LABELS, LIQUIBASE, DEPLOYMENT_ID) VALUES ('add_timestamp_column_to_node_transactions', 'R3.Corda', 'migration/node-services.changelog-init.xml', NOW(), 91, '8:bc308c6c38c83b58a03f11f0943a944f', 'addColumn tableName=node_transactions', '', 'EXECUTED', NULL, NULL, '3.6.3', '7573093676') {changeSet=migration/node-services.changelog-init.xml::add_timestamp_column_to_node_transactions::R3.Corda, databaseChangeLog=master.changelog.json}
?[m?[37m[INFO] 17:31:33,914 [driver-pool-thread-0] migration.VaultStateMigration. - Migrating vault state data to V4 tables {changeSet=migration/vault-schema.changelog-v9.xml::update-vault-states::R3.Corda, databaseChangeLog=master.changelog.json}
?[m?[37m[INFO] 17:31:33,917 [driver-pool-thread-0] persistence.HibernateConfiguration. - Init HibernateConfiguration for schemas: [VaultMigrationSchemaV1(name=net.corda.node.migration.VaultMigrationSchema, version=1), VaultSchemaV1(name=net.corda.node.services.vault.VaultSchema, version=1)] {changeSet=migration/vault-schema.changelog-v9.xml::update-vault-states::R3.Corda, databaseChangeLog=master.changelog.json}
?[m?[37m[INFO] 17:31:33,917 [driver-pool-thread-0] persistence.HibernateConfiguration. - Creating session factory for schemas: [VaultMigrationSchemaV1(name=net.corda.node.migration.VaultMigrationSchema, version=1), VaultSchemaV1(name=net.corda.node.services.vault.VaultSchema, version=1)] {changeSet=migration/vault-schema.changelog-v9.xml::update-vault-states::R3.Corda, databaseChangeLog=master.changelog.json}
?[m?[37m[INFO] 17:31:33,925 [driver-pool-thread-0] internal.ConnectionProviderInitiator. - HHH000130: Instantiating explicit connection provider: net.corda.nodeapi.internal.persistence.HibernateConfiguration$NodeDatabaseConnectionProvider {changeSet=migration/vault-schema.changelog-v9.xml::update-vault-states::R3.Corda, databaseChangeLog=master.changelog.json}
?[m?[37m[INFO] 17:31:33,925 [driver-pool-thread-0] dialect.Dialect. - HHH000400: Using dialect: org.hibernate.dialect.H2Dialect {changeSet=migration/vault-schema.changelog-v9.xml::update-vault-states::R3.Corda, databaseChangeLog=master.changelog.json}
?[m?[37m[INFO] 17:31:34,040 [driver-pool-thread-0] connections.access. - HHH10001501: Connection obtained from JdbcConnectionAccess [org.hibernate.engine.jdbc.env.internal.JdbcEnvironmentInitiator$ConnectionProviderJdbcConnectionAccess@681da6b7] for (non-JTA) DDL execution was not in auto-commit mode; the Connection 'local transaction' will be committed and the Connection will be set into auto-commit mode. {changeSet=migration/vault-schema.changelog-v9.xml::update-vault-states::R3.Corda, databaseChangeLog=master.changelog.json}
?[m?[37m[INFO] 17:31:34,113 [driver-pool-thread-0] internal.JtaPlatformInitiator. - HHH000490: Using JtaPlatform implementation: [org.hibernate.engine.transaction.jta.platform.internal.NoJtaPlatform] {changeSet=migration/vault-schema.changelog-v9.xml::update-vault-states::R3.Corda, databaseChangeLog=master.changelog.json}
?[m?[37m[INFO] 17:31:34,113 [driver-pool-thread-0] persistence.HibernateConfiguration. - Created session factory for schemas: [VaultMigrationSchemaV1(name=net.corda.node.migration.VaultMigrationSchema, version=1), VaultSchemaV1(name=net.corda.node.services.vault.VaultSchema, version=1)] {changeSet=migration/vault-schema.changelog-v9.xml::update-vault-states::R3.Corda, databaseChangeLog=master.changelog.json}
?[m?[37m[INFO] 17:31:34,126 [driver-pool-thread-0] migration.VaultStateMigration. - Finished performing vault state data migration for 0 states {changeSet=migration/vault-schema.changelog-v9.xml::update-vault-states::R3.Corda, databaseChangeLog=master.changelog.json}
?[m?[37m[INFO] 17:31:34,127 [driver-pool-thread-0] changelog.ChangeSet. - null {changeSet=migration/vault-schema.changelog-v9.xml::update-vault-states::R3.Corda, databaseChangeLog=master.changelog.json}
?[m?[37m[INFO] 17:31:34,127 [driver-pool-thread-0] changelog.ChangeSet. - ChangeSet migration/vault-schema.changelog-v9.xml::update-vault-states::R3.Corda ran successfully in 213ms {changeSet=migration/vault-schema.changelog-v9.xml::update-vault-states::R3.Corda, databaseChangeLog=master.changelog.json}
?[m?[37m[INFO] 17:31:34,127 [driver-pool-thread-0] jvm.JdbcExecutor. - INSERT INTO PUBLIC.DATABASECHANGELOG (ID, AUTHOR, FILENAME, DATEEXECUTED, ORDEREXECUTED, MD5SUM, DESCRIPTION, COMMENTS, EXECTYPE, CONTEXTS, LABELS, LIQUIBASE, DEPLOYMENT_ID) VALUES ('update-vault-states', 'R3.Corda', 'migration/vault-schema.changelog-v9.xml', NOW(), 92, '8:f8f4c73846280164daf6855e1ecf3cc6', 'customChange', '', 'EXECUTED', NULL, NULL, '3.6.3', '7573093676') {changeSet=migration/vault-schema.changelog-v9.xml::update-vault-states::R3.Corda, databaseChangeLog=master.changelog.json}
?[m?[37m[INFO] 17:31:34,127 [driver-pool-thread-0] migration.PersistentIdentityMigrationNewTable. - Migrating persistent identities with certificates table into persistent table with no certificate data. {changeSet=migration/node-services.changelog-init.xml::transfer-to-new-persistence-table::R3.Corda, databaseChangeLog=master.changelog.json}
?[m?[37m[INFO] 17:31:34,129 [driver-pool-thread-0] persistence.HibernateConfiguration. - Init HibernateConfiguration for schemas: [MappedSchema(name=net.corda.node.migration.PersistentIdentitiesMigrationSchema, version=1)] {changeSet=migration/node-services.changelog-init.xml::transfer-to-new-persistence-table::R3.Corda, databaseChangeLog=master.changelog.json}
?[m?[37m[INFO] 17:31:34,129 [driver-pool-thread-0] persistence.HibernateConfiguration. - Creating session factory for schemas: [MappedSchema(name=net.corda.node.migration.PersistentIdentitiesMigrationSchema, version=1)] {changeSet=migration/node-services.changelog-init.xml::transfer-to-new-persistence-table::R3.Corda, databaseChangeLog=master.changelog.json}
?[m?[37m[INFO] 17:31:34,136 [driver-pool-thread-0] internal.ConnectionProviderInitiator. - HHH000130: Instantiating explicit connection provider: net.corda.nodeapi.internal.persistence.HibernateConfiguration$NodeDatabaseConnectionProvider {changeSet=migration/node-services.changelog-init.xml::transfer-to-new-persistence-table::R3.Corda, databaseChangeLog=master.changelog.json}
?[m?[37m[INFO] 17:31:34,136 [driver-pool-thread-0] dialect.Dialect. - HHH000400: Using dialect: org.hibernate.dialect.H2Dialect {changeSet=migration/node-services.changelog-init.xml::transfer-to-new-persistence-table::R3.Corda, databaseChangeLog=master.changelog.json}
?[m?[37m[INFO] 17:31:34,174 [driver-pool-thread-0] connections.access. - HHH10001501: Connection obtained from JdbcConnectionAccess [org.hibernate.engine.jdbc.env.internal.JdbcEnvironmentInitiator$ConnectionProviderJdbcConnectionAccess@3cf64472] for (non-JTA) DDL execution was not in auto-commit mode; the Connection 'local transaction' will be committed and the Connection will be set into auto-commit mode. {changeSet=migration/node-services.changelog-init.xml::transfer-to-new-persistence-table::R3.Corda, databaseChangeLog=master.changelog.json}
?[m?[37m[INFO] 17:31:34,206 [driver-pool-thread-0] internal.JtaPlatformInitiator. - HHH000490: Using JtaPlatform implementation: [org.hibernate.engine.transaction.jta.platform.internal.NoJtaPlatform] {changeSet=migration/node-services.changelog-init.xml::transfer-to-new-persistence-table::R3.Corda, databaseChangeLog=master.changelog.json}
?[m?[37m[INFO] 17:31:34,206 [driver-pool-thread-0] persistence.HibernateConfiguration. - Created session factory for schemas: [MappedSchema(name=net.corda.node.migration.PersistentIdentitiesMigrationSchema, version=1)] {changeSet=migration/node-services.changelog-init.xml::transfer-to-new-persistence-table::R3.Corda, databaseChangeLog=master.changelog.json}
?[m?[37m[INFO] 17:31:34,211 [driver-pool-thread-0] changelog.ChangeSet. - null {changeSet=migration/node-services.changelog-init.xml::transfer-to-new-persistence-table::R3.Corda, databaseChangeLog=master.changelog.json}
?[m?[37m[INFO] 17:31:34,211 [driver-pool-thread-0] changelog.ChangeSet. - ChangeSet migration/node-services.changelog-init.xml::transfer-to-new-persistence-table::R3.Corda ran successfully in 84ms {changeSet=migration/node-services.changelog-init.xml::transfer-to-new-persistence-table::R3.Corda, databaseChangeLog=master.changelog.json}
?[m?[37m[INFO] 17:31:34,212 [driver-pool-thread-0] jvm.JdbcExecutor. - INSERT INTO PUBLIC.DATABASECHANGELOG (ID, AUTHOR, FILENAME, DATEEXECUTED, ORDEREXECUTED, MD5SUM, DESCRIPTION, COMMENTS, EXECTYPE, CONTEXTS, LABELS, LIQUIBASE, DEPLOYMENT_ID) VALUES ('transfer-to-new-persistence-table', 'R3.Corda', 'migration/node-services.changelog-init.xml', NOW(), 93, '8:dc5c1913b593f4a2b95ddca810da11ba', 'customChange', '', 'EXECUTED', NULL, NULL, '3.6.3', '7573093676') {changeSet=migration/node-services.changelog-init.xml::transfer-to-new-persistence-table::R3.Corda, databaseChangeLog=master.changelog.json}
?[m?[37m[INFO] 17:31:34,215 [driver-pool-thread-0] lockservice.StandardLockService. - Successfully released change log lock
?[m?[37m[INFO] 17:31:34,217 [driver-pool-thread-0] internal.Node. - Connected to H2 database.
?[m?[37m[INFO] 17:31:34,222 [driver-pool-thread-0] persistence.HibernateConfiguration. - Init HibernateConfiguration for schemas: [CommonSchemaV1(name=net.corda.core.schemas.CommonSchema, version=1), VaultSchemaV1(name=net.corda.node.services.vault.VaultSchema, version=1), NodeInfoSchemaV1(name=net.corda.node.internal.schemas.NodeInfoSchema, version=1), NodeCoreV1(name=net.corda.node.services.schema.NodeSchemaService$NodeCore, version=1)]
?[m?[37m[INFO] 17:31:34,223 [driver-pool-thread-0] persistence.HibernateConfiguration. - Creating session factory for schemas: [CommonSchemaV1(name=net.corda.core.schemas.CommonSchema, version=1), VaultSchemaV1(name=net.corda.node.services.vault.VaultSchema, version=1), NodeInfoSchemaV1(name=net.corda.node.internal.schemas.NodeInfoSchema, version=1), NodeCoreV1(name=net.corda.node.services.schema.NodeSchemaService$NodeCore, version=1)]
?[m?[37m[INFO] 17:31:34,235 [driver-pool-thread-0] internal.ConnectionProviderInitiator. - HHH000130: Instantiating explicit connection provider: net.corda.nodeapi.internal.persistence.HibernateConfiguration$NodeDatabaseConnectionProvider
?[m?[37m[INFO] 17:31:34,235 [driver-pool-thread-0] dialect.Dialect. - HHH000400: Using dialect: org.hibernate.dialect.H2Dialect
?[m?[37m[INFO] 17:31:34,348 [driver-pool-thread-0] connections.access. - HHH10001501: Connection obtained from JdbcConnectionAccess [org.hibernate.engine.jdbc.env.internal.JdbcEnvironmentInitiator$ConnectionProviderJdbcConnectionAccess@3c4b9492] for (non-JTA) DDL execution was not in auto-commit mode; the Connection 'local transaction' will be committed and the Connection will be set into auto-commit mode.
?[m?[37m[INFO] 17:31:34,383 [driver-pool-thread-0] internal.JtaPlatformInitiator. - HHH000490: Using JtaPlatform implementation: [org.hibernate.engine.transaction.jta.platform.internal.NoJtaPlatform]
?[m?[37m[INFO] 17:31:34,384 [driver-pool-thread-0] persistence.HibernateConfiguration. - Created session factory for schemas: [CommonSchemaV1(name=net.corda.core.schemas.CommonSchema, version=1), VaultSchemaV1(name=net.corda.node.services.vault.VaultSchema, version=1), NodeInfoSchemaV1(name=net.corda.node.internal.schemas.NodeInfoSchema, version=1), NodeCoreV1(name=net.corda.node.services.schema.NodeSchemaService$NodeCore, version=1)]
?[m?[37m[INFO] 17:31:34,385 [driver-pool-thread-0] internal.Node. - identity-private-key not found in key store, generating fresh key!
?[m?[37m[INFO] 17:31:34,405 [driver-pool-thread-0] internal.Node. - Node-info has changed so submitting update. Old node-info was null
?[m?[37m[INFO] 17:31:34,405 [driver-pool-thread-0] network.PersistentNetworkMapCache. - Adding node with info: NodeInfo(addresses=[localhost:10357], legalIdentitiesAndCerts=[O=BankA, L=, C=GB], platformVersion=6, serial=1587573094405)
?[m?[37m[INFO] 17:31:34,407 [driver-pool-thread-0] network.PersistentNetworkMapCache. - No previous node found for O=BankA, L=, C=GB
?[m?[37m[INFO] 17:31:34,414 [driver-pool-thread-0] internal.Node. - New node-info: NodeInfo(addresses=[localhost:10357], legalIdentitiesAndCerts=[O=BankA, L=, C=GB], platformVersion=6, serial=1587573094405)
?[m?[37m[INFO] 17:31:34,422 [driver-pool-thread-0] network.NetworkMapUpdater. - Auto-accept enabled for network parameter changes which modify only: [epoch, modifiedTime, packageOwnership, whitelistedContractImplementations]
?[m?[37m[INFO] 17:31:34,423 [driver-pool-thread-0] security.RPCSecurityManagerImpl. - Constructing realm from list of users in config [User(default, permissions=[ALL])]
?[mAdvertised P2P messaging addresses      : localhost:10357
RPC connection address                  : localhost:10358
RPC admin connection address            : localhost:10359
?[37m[INFO] 17:31:34,426 [InProcessNode-2-2] network.PersistentNetworkMapCache. - Adding node with info: NodeInfo(addresses=[localhost:10357], legalIdentitiesAndCerts=[O=BankA, L=, C=GB], platformVersion=6, serial=1587573094405)
?[m?[37m[INFO] 17:31:34,432 [InProcessNode-2-2] network.PersistentNetworkMapCache. - Previous node was identical to incoming one - doing nothing
?[m?[37m[INFO] 17:31:34,432 [InProcessNode-2-2] network.PersistentNetworkMapCache. - Adding node with info: NodeInfo(addresses=[localhost:10353], legalIdentitiesAndCerts=[O=Notary Service, L=Zurich, C=CH], platformVersion=6, serial=1587573090227)
?[m?[37m[INFO] 17:31:34,434 [InProcessNode-2-2] network.PersistentNetworkMapCache. - No previous node found for O=Notary Service, L=Zurich, C=CH
?[m?[37m[INFO] 17:31:34,437 [driver-pool-thread-1] changelog.StandardChangeLogHistoryService. - Creating database history table with name: PUBLIC.DATABASECHANGELOG
?[m?[37m[INFO] 17:31:34,438 [driver-pool-thread-1] jvm.JdbcExecutor. - CREATE TABLE PUBLIC.DATABASECHANGELOG (ID VARCHAR(255) NOT NULL, AUTHOR VARCHAR(255) NOT NULL, FILENAME VARCHAR(255) NOT NULL, DATEEXECUTED TIMESTAMP NOT NULL, ORDEREXECUTED INT NOT NULL, EXECTYPE VARCHAR(10) NOT NULL, MD5SUM VARCHAR(35), DESCRIPTION VARCHAR(255), COMMENTS VARCHAR(255), TAG VARCHAR(255), LIQUIBASE VARCHAR(20), CONTEXTS VARCHAR(255), LABELS VARCHAR(255), DEPLOYMENT_ID VARCHAR(10))
?[m?[37m[INFO] 17:31:34,438 [driver-pool-thread-1] jvm.JdbcExecutor. - SELECT COUNT(*) FROM PUBLIC.DATABASECHANGELOG
?[m?[37m[INFO] 17:31:34,439 [driver-pool-thread-1] changelog.StandardChangeLogHistoryService. - Reading from PUBLIC.DATABASECHANGELOG
?[m?[37m[INFO] 17:31:34,439 [driver-pool-thread-1] jvm.JdbcExecutor. - SELECT * FROM PUBLIC.DATABASECHANGELOG ORDER BY DATEEXECUTED ASC, ORDEREXECUTED ASC
?[m?[37m[INFO] 17:31:34,440 [driver-pool-thread-1] jvm.JdbcExecutor. - SELECT COUNT(*) FROM PUBLIC.DATABASECHANGELOGLOCK
?[m?[37m[INFO] 17:31:34,441 [driver-pool-thread-1] jvm.JdbcExecutor. - CREATE TABLE PUBLIC.DATABASECHANGELOGLOCK (ID INT NOT NULL, LOCKED BOOLEAN NOT NULL, LOCKGRANTED TIMESTAMP, LOCKEDBY VARCHAR(255), CONSTRAINT PK_DATABASECHANGELOGLOCK PRIMARY KEY (ID))
?[m?[37m[INFO] 17:31:34,442 [driver-pool-thread-1] jvm.JdbcExecutor. - SELECT COUNT(*) FROM PUBLIC.DATABASECHANGELOGLOCK
?[m?[37m[INFO] 17:31:34,443 [driver-pool-thread-1] jvm.JdbcExecutor. - DELETE FROM PUBLIC.DATABASECHANGELOGLOCK
?[m?[37m[INFO] 17:31:34,443 [driver-pool-thread-1] jvm.JdbcExecutor. - INSERT INTO PUBLIC.DATABASECHANGELOGLOCK (ID, LOCKED) VALUES (1, FALSE)
?[m?[37m[INFO] 17:31:34,461 [driver-pool-thread-1] visitor.ValidatingVisitor. - Skipping change set migration/vault-schema.changelog-pkey.xml::non-clustered_pk-11::R3.Corda due to validation error(s): clustered is not allowed on h2 {changeSet=migration/vault-schema.changelog-pkey.xml::non-clustered_pk-11::R3.Corda, databaseChangeLog=master.changelog.json}
?[m?[37m[INFO] 17:31:34,461 [driver-pool-thread-1] visitor.ValidatingVisitor. - Skipping change set migration/vault-schema.changelog-pkey.xml::non-clustered_pk-12::R3.Corda due to validation error(s): clustered is not allowed on h2 {changeSet=migration/vault-schema.changelog-pkey.xml::non-clustered_pk-12::R3.Corda, databaseChangeLog=master.changelog.json}
?[m?[37m[INFO] 17:31:34,464 [driver-pool-thread-1] visitor.ValidatingVisitor. - Skipping change set migration/vault-schema.changelog-pkey.xml::non-clustered_pk-13::R3.Corda due to validation error(s): clustered is not allowed on h2 {changeSet=migration/vault-schema.changelog-pkey.xml::non-clustered_pk-13::R3.Corda, databaseChangeLog=master.changelog.json}
?[m?[37m[INFO] 17:31:34,490 [driver-pool-thread-1] visitor.ValidatingVisitor. - Skipping change set migration/node-core.changelog-pkey.xml::non-clustered_pk-1::R3.Corda due to validation error(s): clustered is not allowed on h2 {changeSet=migration/node-core.changelog-pkey.xml::non-clustered_pk-1::R3.Corda, databaseChangeLog=master.changelog.json}
?[m?[37m[INFO] 17:31:34,490 [driver-pool-thread-1] visitor.ValidatingVisitor. - Skipping change set migration/node-core.changelog-pkey.xml::non-clustered_pk-2::R3.Corda due to validation error(s): clustered is not allowed on h2 {changeSet=migration/node-core.changelog-pkey.xml::non-clustered_pk-2::R3.Corda, databaseChangeLog=master.changelog.json}
?[m?[37m[INFO] 17:31:34,490 [driver-pool-thread-1] visitor.ValidatingVisitor. - Skipping change set migration/node-core.changelog-pkey.xml::non-clustered_pk-3::R3.Corda due to validation error(s): clustered is not allowed on h2 {changeSet=migration/node-core.changelog-pkey.xml::non-clustered_pk-3::R3.Corda, databaseChangeLog=master.changelog.json}
?[m?[37m[INFO] 17:31:34,491 [driver-pool-thread-1] visitor.ValidatingVisitor. - Skipping change set migration/node-core.changelog-pkey.xml::non-clustered_pk-4::R3.Corda due to validation error(s): clustered is not allowed on h2 {changeSet=migration/node-core.changelog-pkey.xml::non-clustered_pk-4::R3.Corda, databaseChangeLog=master.changelog.json}
?[m?[37m[INFO] 17:31:34,491 [driver-pool-thread-1] visitor.ValidatingVisitor. - Skipping change set migration/node-core.changelog-pkey.xml::non-clustered_pk-5::R3.Corda due to validation error(s): clustered is not allowed on h2 {changeSet=migration/node-core.changelog-pkey.xml::non-clustered_pk-5::R3.Corda, databaseChangeLog=master.changelog.json}
?[m?[37m[INFO] 17:31:34,491 [driver-pool-thread-1] visitor.ValidatingVisitor. - Skipping change set migration/node-core.changelog-pkey.xml::non-clustered_pk-6::R3.Corda due to validation error(s): clustered is not allowed on h2 {changeSet=migration/node-core.changelog-pkey.xml::non-clustered_pk-6::R3.Corda, databaseChangeLog=master.changelog.json}
?[m?[37m[INFO] 17:31:34,491 [driver-pool-thread-1] visitor.ValidatingVisitor. - Skipping change set migration/node-core.changelog-pkey.xml::non-clustered_pk-7::R3.Corda due to validation error(s): clustered is not allowed on h2 {changeSet=migration/node-core.changelog-pkey.xml::non-clustered_pk-7::R3.Corda, databaseChangeLog=master.changelog.json}
?[m?[37m[INFO] 17:31:34,499 [driver-pool-thread-1] jvm.JdbcExecutor. - SELECT COUNT(*) FROM PUBLIC.DATABASECHANGELOGLOCK
?[m?[37m[INFO] 17:31:34,499 [driver-pool-thread-1] jvm.JdbcExecutor. - SELECT LOCKED FROM PUBLIC.DATABASECHANGELOGLOCK WHERE ID=1
?[m?[37m[INFO] 17:31:34,500 [driver-pool-thread-1] lockservice.StandardLockService. - Successfully acquired change log lock
?[m?[37m[INFO] 17:31:34,504 [driver-pool-thread-1] visitor.ValidatingVisitor. - Skipping change set migration/vault-schema.changelog-pkey.xml::non-clustered_pk-11::R3.Corda due to validation error(s): clustered is not allowed on h2 {changeSet=migration/vault-schema.changelog-pkey.xml::non-clustered_pk-11::R3.Corda, databaseChangeLog=master.changelog.json}
?[m?[37m[INFO] 17:31:34,504 [driver-pool-thread-1] visitor.ValidatingVisitor. - Skipping change set migration/vault-schema.changelog-pkey.xml::non-clustered_pk-12::R3.Corda due to validation error(s): clustered is not allowed on h2 {changeSet=migration/vault-schema.changelog-pkey.xml::non-clustered_pk-12::R3.Corda, databaseChangeLog=master.changelog.json}
?[m?[37m[INFO] 17:31:34,504 [driver-pool-thread-1] visitor.ValidatingVisitor. - Skipping change set migration/vault-schema.changelog-pkey.xml::non-clustered_pk-13::R3.Corda due to validation error(s): clustered is not allowed on h2 {changeSet=migration/vault-schema.changelog-pkey.xml::non-clustered_pk-13::R3.Corda, databaseChangeLog=master.changelog.json}
?[m?[37m[INFO] 17:31:34,508 [driver-pool-thread-1] visitor.ValidatingVisitor. - Skipping change set migration/node-core.changelog-pkey.xml::non-clustered_pk-1::R3.Corda due to validation error(s): clustered is not allowed on h2 {changeSet=migration/node-core.changelog-pkey.xml::non-clustered_pk-1::R3.Corda, databaseChangeLog=master.changelog.json}
?[m?[37m[INFO] 17:31:34,508 [driver-pool-thread-1] visitor.ValidatingVisitor. - Skipping change set migration/node-core.changelog-pkey.xml::non-clustered_pk-2::R3.Corda due to validation error(s): clustered is not allowed on h2 {changeSet=migration/node-core.changelog-pkey.xml::non-clustered_pk-2::R3.Corda, databaseChangeLog=master.changelog.json}
?[m?[37m[INFO] 17:31:34,509 [driver-pool-thread-1] visitor.ValidatingVisitor. - Skipping change set migration/node-core.changelog-pkey.xml::non-clustered_pk-3::R3.Corda due to validation error(s): clustered is not allowed on h2 {changeSet=migration/node-core.changelog-pkey.xml::non-clustered_pk-3::R3.Corda, databaseChangeLog=master.changelog.json}
?[m?[37m[INFO] 17:31:34,509 [driver-pool-thread-1] visitor.ValidatingVisitor. - Skipping change set migration/node-core.changelog-pkey.xml::non-clustered_pk-4::R3.Corda due to validation error(s): clustered is not allowed on h2 {changeSet=migration/node-core.changelog-pkey.xml::non-clustered_pk-4::R3.Corda, databaseChangeLog=master.changelog.json}
?[m?[37m[INFO] 17:31:34,509 [driver-pool-thread-1] visitor.ValidatingVisitor. - Skipping change set migration/node-core.changelog-pkey.xml::non-clustered_pk-5::R3.Corda due to validation error(s): clustered is not allowed on h2 {changeSet=migration/node-core.changelog-pkey.xml::non-clustered_pk-5::R3.Corda, databaseChangeLog=master.changelog.json}
?[m?[37m[INFO] 17:31:34,509 [driver-pool-thread-1] visitor.ValidatingVisitor. - Skipping change set migration/node-core.changelog-pkey.xml::non-clustered_pk-6::R3.Corda due to validation error(s): clustered is not allowed on h2 {changeSet=migration/node-core.changelog-pkey.xml::non-clustered_pk-6::R3.Corda, databaseChangeLog=master.changelog.json}
?[m?[37m[INFO] 17:31:34,509 [driver-pool-thread-1] visitor.ValidatingVisitor. - Skipping change set migration/node-core.changelog-pkey.xml::non-clustered_pk-7::R3.Corda due to validation error(s): clustered is not allowed on h2 {changeSet=migration/node-core.changelog-pkey.xml::non-clustered_pk-7::R3.Corda, databaseChangeLog=master.changelog.json}
?[m?[37m[INFO] 17:31:34,510 [driver-pool-thread-1] jvm.JdbcExecutor. - SELECT SEQUENCE_NAME FROM INFORMATION_SCHEMA.SEQUENCES WHERE SEQUENCE_SCHEMA = 'null' AND IS_GENERATED=FALSE {changeSet=migration/common.changelog-init.xml::1511451595465-1.1::R3.Corda, databaseChangeLog=master.changelog.json}
?[m?[37m[INFO] 17:31:34,512 [driver-pool-thread-1] jvm.JdbcExecutor. - SELECT SEQUENCE_NAME FROM INFORMATION_SCHEMA.SEQUENCES WHERE SEQUENCE_SCHEMA = 'PUBLIC' AND IS_GENERATED=FALSE {changeSet=migration/common.changelog-init.xml::1511451595465-1.1::R3.Corda, databaseChangeLog=master.changelog.json}
?[m?[37m[INFO] 17:31:34,513 [driver-pool-thread-1] jvm.JdbcExecutor. - CREATE SEQUENCE PUBLIC.hibernate_sequence {changeSet=migration/common.changelog-init.xml::1511451595465-1.1::R3.Corda, databaseChangeLog=master.changelog.json}
?[m?[37m[INFO] 17:31:34,513 [driver-pool-thread-1] changelog.ChangeSet. - Sequence hibernate_sequence created {changeSet=migration/common.changelog-init.xml::1511451595465-1.1::R3.Corda, databaseChangeLog=master.changelog.json}
?[m?[37m[INFO] 17:31:34,513 [driver-pool-thread-1] changelog.ChangeSet. - ChangeSet migration/common.changelog-init.xml::1511451595465-1.1::R3.Corda ran successfully in 3ms {changeSet=migration/common.changelog-init.xml::1511451595465-1.1::R3.Corda, databaseChangeLog=master.changelog.json}
?[m?[37m[INFO] 17:31:34,513 [driver-pool-thread-1] jvm.JdbcExecutor. - SELECT MAX(ORDEREXECUTED) FROM PUBLIC.DATABASECHANGELOG {changeSet=migration/common.changelog-init.xml::1511451595465-1.1::R3.Corda, databaseChangeLog=master.changelog.json}
?[m?[37m[INFO] 17:31:34,514 [driver-pool-thread-1] jvm.JdbcExecutor. - INSERT INTO PUBLIC.DATABASECHANGELOG (ID, AUTHOR, FILENAME, DATEEXECUTED, ORDEREXECUTED, MD5SUM, DESCRIPTION, COMMENTS, EXECTYPE, CONTEXTS, LABELS, LIQUIBASE, DEPLOYMENT_ID) VALUES ('1511451595465-1.1', 'R3.Corda', 'migration/common.changelog-init.xml', NOW(), 1, '8:9df4ee4464a4a10dfcf2717c73a52620', 'createSequence sequenceName=hibernate_sequence', '', 'EXECUTED', NULL, NULL, '3.6.3', '7573094500') {changeSet=migration/common.changelog-init.xml::1511451595465-1.1::R3.Corda, databaseChangeLog=master.changelog.json}
?[m?[37m[INFO] 17:31:34,514 [driver-pool-thread-1] jvm.JdbcExecutor. - CREATE TABLE PUBLIC.vault_fungible_states (output_index INT NOT NULL, transaction_id NVARCHAR(64) NOT NULL, issuer_name NVARCHAR(255), issuer_ref VARBINARY(512), owner_name NVARCHAR(255), quantity BIGINT) {changeSet=migration/vault-schema.changelog-init.xml::1511451595465-22::R3.Corda, databaseChangeLog=master.changelog.json}
?[m?[37m[INFO] 17:31:34,515 [driver-pool-thread-1] changelog.ChangeSet. - Table vault_fungible_states created {changeSet=migration/vault-schema.changelog-init.xml::1511451595465-22::R3.Corda, databaseChangeLog=master.changelog.json}
?[m?[37m[INFO] 17:31:34,515 [driver-pool-thread-1] changelog.ChangeSet. - ChangeSet migration/vault-schema.changelog-init.xml::1511451595465-22::R3.Corda ran successfully in 1ms {changeSet=migration/vault-schema.changelog-init.xml::1511451595465-22::R3.Corda, databaseChangeLog=master.changelog.json}
?[m?[37m[INFO] 17:31:34,515 [driver-pool-thread-1] jvm.JdbcExecutor. - INSERT INTO PUBLIC.DATABASECHANGELOG (ID, AUTHOR, FILENAME, DATEEXECUTED, ORDEREXECUTED, MD5SUM, DESCRIPTION, COMMENTS, EXECTYPE, CONTEXTS, LABELS, LIQUIBASE, DEPLOYMENT_ID) VALUES ('1511451595465-22', 'R3.Corda', 'migration/vault-schema.changelog-init.xml', NOW(), 2, '8:4ae481f11ac84744a4392bbfd533fa75', 'createTable tableName=vault_fungible_states', '', 'EXECUTED', NULL, NULL, '3.6.3', '7573094500') {changeSet=migration/vault-schema.changelog-init.xml::1511451595465-22::R3.Corda, databaseChangeLog=master.changelog.json}
?[m?[37m[INFO] 17:31:34,515 [driver-pool-thread-1] jvm.JdbcExecutor. - CREATE TABLE PUBLIC.vault_fungible_states_parts (output_index INT NOT NULL, transaction_id NVARCHAR(64) NOT NULL, participants NVARCHAR(255)) {changeSet=migration/vault-schema.changelog-init.xml::1511451595465-23::R3.Corda, databaseChangeLog=master.changelog.json}
?[m?[37m[INFO] 17:31:34,516 [driver-pool-thread-1] changelog.ChangeSet. - Table vault_fungible_states_parts created {changeSet=migration/vault-schema.changelog-init.xml::1511451595465-23::R3.Corda, databaseChangeLog=master.changelog.json}
?[m?[37m[INFO] 17:31:34,516 [driver-pool-thread-1] changelog.ChangeSet. - ChangeSet migration/vault-schema.changelog-init.xml::1511451595465-23::R3.Corda ran successfully in 1ms {changeSet=migration/vault-schema.changelog-init.xml::1511451595465-23::R3.Corda, databaseChangeLog=master.changelog.json}
?[m?[37m[INFO] 17:31:34,516 [driver-pool-thread-1] jvm.JdbcExecutor. - INSERT INTO PUBLIC.DATABASECHANGELOG (ID, AUTHOR, FILENAME, DATEEXECUTED, ORDEREXECUTED, MD5SUM, DESCRIPTION, COMMENTS, EXECTYPE, CONTEXTS, LABELS, LIQUIBASE, DEPLOYMENT_ID) VALUES ('1511451595465-23', 'R3.Corda', 'migration/vault-schema.changelog-init.xml', NOW(), 3, '8:3222255d3b2e04b9dfad42d9acab103e', 'createTable tableName=vault_fungible_states_parts', '', 'EXECUTED', NULL, NULL, '3.6.3', '7573094500') {changeSet=migration/vault-schema.changelog-init.xml::1511451595465-23::R3.Corda, databaseChangeLog=master.changelog.json}
?[m?[37m[INFO] 17:31:34,517 [driver-pool-thread-1] jvm.JdbcExecutor. - CREATE TABLE PUBLIC.vault_linear_states (output_index INT NOT NULL, transaction_id NVARCHAR(64) NOT NULL, external_id NVARCHAR(255), uuid VARCHAR(255) NOT NULL) {changeSet=migration/vault-schema.changelog-init.xml::1511451595465-24::R3.Corda, databaseChangeLog=master.changelog.json}
?[m?[37m[INFO] 17:31:34,517 [driver-pool-thread-1] changelog.ChangeSet. - Table vault_linear_states created {changeSet=migration/vault-schema.changelog-init.xml::1511451595465-24::R3.Corda, databaseChangeLog=master.changelog.json}
?[m?[37m[INFO] 17:31:34,517 [driver-pool-thread-1] changelog.ChangeSet. - ChangeSet migration/vault-schema.changelog-init.xml::1511451595465-24::R3.Corda ran successfully in 1ms {changeSet=migration/vault-schema.changelog-init.xml::1511451595465-24::R3.Corda, databaseChangeLog=master.changelog.json}
?[m?[37m[INFO] 17:31:34,517 [driver-pool-thread-1] jvm.JdbcExecutor. - INSERT INTO PUBLIC.DATABASECHANGELOG (ID, AUTHOR, FILENAME, DATEEXECUTED, ORDEREXECUTED, MD5SUM, DESCRIPTION, COMMENTS, EXECTYPE, CONTEXTS, LABELS, LIQUIBASE, DEPLOYMENT_ID) VALUES ('1511451595465-24', 'R3.Corda', 'migration/vault-schema.changelog-init.xml', NOW(), 4, '8:fb2c5b52213239424320d137dc22059b', 'createTable tableName=vault_linear_states', '', 'EXECUTED', NULL, NULL, '3.6.3', '7573094500') {changeSet=migration/vault-schema.changelog-init.xml::1511451595465-24::R3.Corda, databaseChangeLog=master.changelog.json}
?[m?[37m[INFO] 17:31:34,518 [driver-pool-thread-1] jvm.JdbcExecutor. - CREATE TABLE PUBLIC.vault_linear_states_parts (output_index INT NOT NULL, transaction_id NVARCHAR(64) NOT NULL, participants NVARCHAR(255)) {changeSet=migration/vault-schema.changelog-init.xml::1511451595465-25::R3.Corda, databaseChangeLog=master.changelog.json}
?[m?[37m[INFO] 17:31:34,518 [driver-pool-thread-1] changelog.ChangeSet. - Table vault_linear_states_parts created {changeSet=migration/vault-schema.changelog-init.xml::1511451595465-25::R3.Corda, databaseChangeLog=master.changelog.json}
?[m?[37m[INFO] 17:31:34,518 [driver-pool-thread-1] changelog.ChangeSet. - ChangeSet migration/vault-schema.changelog-init.xml::1511451595465-25::R3.Corda ran successfully in 1ms {changeSet=migration/vault-schema.changelog-init.xml::1511451595465-25::R3.Corda, databaseChangeLog=master.changelog.json}
?[m?[37m[INFO] 17:31:34,518 [driver-pool-thread-1] jvm.JdbcExecutor. - INSERT INTO PUBLIC.DATABASECHANGELOG (ID, AUTHOR, FILENAME, DATEEXECUTED, ORDEREXECUTED, MD5SUM, DESCRIPTION, COMMENTS, EXECTYPE, CONTEXTS, LABELS, LIQUIBASE, DEPLOYMENT_ID) VALUES ('1511451595465-25', 'R3.Corda', 'migration/vault-schema.changelog-init.xml', NOW(), 5, '8:ccb2ca1b37c0eeb2ac12506f17bc8ee0', 'createTable tableName=vault_linear_states_parts', '', 'EXECUTED', NULL, NULL, '3.6.3', '7573094500') {changeSet=migration/vault-schema.changelog-init.xml::1511451595465-25::R3.Corda, databaseChangeLog=master.changelog.json}
?[m?[37m[INFO] 17:31:34,518 [driver-pool-thread-1] jvm.JdbcExecutor. - CREATE TABLE PUBLIC.vault_states (output_index INT NOT NULL, transaction_id NVARCHAR(64) NOT NULL, consumed_timestamp TIMESTAMP, contract_state_class_name NVARCHAR(255), lock_id NVARCHAR(255), lock_timestamp TIMESTAMP, notary_name NVARCHAR(255), recorded_timestamp TIMESTAMP, state_status INT) {changeSet=migration/vault-schema.changelog-init.xml::1511451595465-26::R3.Corda, databaseChangeLog=master.changelog.json}
?[m?[37m[INFO] 17:31:34,519 [driver-pool-thread-1] changelog.ChangeSet. - Table vault_states created {changeSet=migration/vault-schema.changelog-init.xml::1511451595465-26::R3.Corda, databaseChangeLog=master.changelog.json}
?[m?[37m[INFO] 17:31:34,519 [driver-pool-thread-1] changelog.ChangeSet. - ChangeSet migration/vault-schema.changelog-init.xml::1511451595465-26::R3.Corda ran successfully in 1ms {changeSet=migration/vault-schema.changelog-init.xml::1511451595465-26::R3.Corda, databaseChangeLog=master.changelog.json}
?[m?[37m[INFO] 17:31:34,519 [driver-pool-thread-1] jvm.JdbcExecutor. - INSERT INTO PUBLIC.DATABASECHANGELOG (ID, AUTHOR, FILENAME, DATEEXECUTED, ORDEREXECUTED, MD5SUM, DESCRIPTION, COMMENTS, EXECTYPE, CONTEXTS, LABELS, LIQUIBASE, DEPLOYMENT_ID) VALUES ('1511451595465-26', 'R3.Corda', 'migration/vault-schema.changelog-init.xml', NOW(), 6, '8:971edadc2af9e847ed490f418530d40b', 'createTable tableName=vault_states', '', 'EXECUTED', NULL, NULL, '3.6.3', '7573094500') {changeSet=migration/vault-schema.changelog-init.xml::1511451595465-26::R3.Corda, databaseChangeLog=master.changelog.json}
?[m?[37m[INFO] 17:31:34,519 [driver-pool-thread-1] jvm.JdbcExecutor. - CREATE TABLE PUBLIC.vault_transaction_notes (seq_no INT NOT NULL, note NVARCHAR(255), transaction_id NVARCHAR(64)) {changeSet=migration/vault-schema.changelog-init.xml::1511451595465-27::R3.Corda, databaseChangeLog=master.changelog.json}
?[m?[37m[INFO] 17:31:34,519 [driver-pool-thread-1] changelog.ChangeSet. - Table vault_transaction_notes created {changeSet=migration/vault-schema.changelog-init.xml::1511451595465-27::R3.Corda, databaseChangeLog=master.changelog.json}
?[m?[37m[INFO] 17:31:34,519 [driver-pool-thread-1] changelog.ChangeSet. - ChangeSet migration/vault-schema.changelog-init.xml::1511451595465-27::R3.Corda ran successfully in 0ms {changeSet=migration/vault-schema.changelog-init.xml::1511451595465-27::R3.Corda, databaseChangeLog=master.changelog.json}
?[m?[37m[INFO] 17:31:34,520 [driver-pool-thread-1] jvm.JdbcExecutor. - INSERT INTO PUBLIC.DATABASECHANGELOG (ID, AUTHOR, FILENAME, DATEEXECUTED, ORDEREXECUTED, MD5SUM, DESCRIPTION, COMMENTS, EXECTYPE, CONTEXTS, LABELS, LIQUIBASE, DEPLOYMENT_ID) VALUES ('1511451595465-27', 'R3.Corda', 'migration/vault-schema.changelog-init.xml', NOW(), 7, '8:7a8064e58d100a02ed56e538122296e4', 'createTable tableName=vault_transaction_notes', '', 'EXECUTED', NULL, NULL, '3.6.3', '7573094500') {changeSet=migration/vault-schema.changelog-init.xml::1511451595465-27::R3.Corda, databaseChangeLog=master.changelog.json}
?[m?[37m[INFO] 17:31:34,520 [driver-pool-thread-1] jvm.JdbcExecutor. - ALTER TABLE PUBLIC.vault_fungible_states ADD CONSTRAINT vault_fungible_states_pkey PRIMARY KEY (output_index, transaction_id) {changeSet=migration/vault-schema.changelog-init.xml::1511451595465-47::R3.Corda, databaseChangeLog=master.changelog.json}
?[m?[37m[INFO] 17:31:34,520 [driver-pool-thread-1] changelog.ChangeSet. - Primary key added to vault_fungible_states (output_index, transaction_id) {changeSet=migration/vault-schema.changelog-init.xml::1511451595465-47::R3.Corda, databaseChangeLog=master.changelog.json}
?[m?[37m[INFO] 17:31:34,520 [driver-pool-thread-1] changelog.ChangeSet. - ChangeSet migration/vault-schema.changelog-init.xml::1511451595465-47::R3.Corda ran successfully in 0ms {changeSet=migration/vault-schema.changelog-init.xml::1511451595465-47::R3.Corda, databaseChangeLog=master.changelog.json}
?[m?[37m[INFO] 17:31:34,521 [driver-pool-thread-1] jvm.JdbcExecutor. - INSERT INTO PUBLIC.DATABASECHANGELOG (ID, AUTHOR, FILENAME, DATEEXECUTED, ORDEREXECUTED, MD5SUM, DESCRIPTION, COMMENTS, EXECTYPE, CONTEXTS, LABELS, LIQUIBASE, DEPLOYMENT_ID) VALUES ('1511451595465-47', 'R3.Corda', 'migration/vault-schema.changelog-init.xml', NOW(), 8, '8:4eddd48de14b69bdd265a4b0c438f070', 'addPrimaryKey constraintName=vault_fungible_states_pkey, tableName=vault_fungible_states', '', 'EXECUTED', NULL, NULL, '3.6.3', '7573094500') {changeSet=migration/vault-schema.changelog-init.xml::1511451595465-47::R3.Corda, databaseChangeLog=master.changelog.json}
?[m?[37m[INFO] 17:31:34,521 [driver-pool-thread-1] jvm.JdbcExecutor. - ALTER TABLE PUBLIC.vault_linear_states ADD CONSTRAINT vault_linear_states_pkey PRIMARY KEY (output_index, transaction_id) {changeSet=migration/vault-schema.changelog-init.xml::1511451595465-48::R3.Corda, databaseChangeLog=master.changelog.json}
?[m?[37m[INFO] 17:31:34,521 [driver-pool-thread-1] changelog.ChangeSet. - Primary key added to vault_linear_states (output_index, transaction_id) {changeSet=migration/vault-schema.changelog-init.xml::1511451595465-48::R3.Corda, databaseChangeLog=master.changelog.json}
?[m?[37m[INFO] 17:31:34,521 [driver-pool-thread-1] changelog.ChangeSet. - ChangeSet migration/vault-schema.changelog-init.xml::1511451595465-48::R3.Corda ran successfully in 0ms {changeSet=migration/vault-schema.changelog-init.xml::1511451595465-48::R3.Corda, databaseChangeLog=master.changelog.json}
?[m?[37m[INFO] 17:31:34,521 [driver-pool-thread-1] jvm.JdbcExecutor. - INSERT INTO PUBLIC.DATABASECHANGELOG (ID, AUTHOR, FILENAME, DATEEXECUTED, ORDEREXECUTED, MD5SUM, DESCRIPTION, COMMENTS, EXECTYPE, CONTEXTS, LABELS, LIQUIBASE, DEPLOYMENT_ID) VALUES ('1511451595465-48', 'R3.Corda', 'migration/vault-schema.changelog-init.xml', NOW(), 9, '8:3695c44ddebef2dde359dec253a5969a', 'addPrimaryKey constraintName=vault_linear_states_pkey, tableName=vault_linear_states', '', 'EXECUTED', NULL, NULL, '3.6.3', '7573094500') {changeSet=migration/vault-schema.changelog-init.xml::1511451595465-48::R3.Corda, databaseChangeLog=master.changelog.json}
?[m?[37m[INFO] 17:31:34,522 [driver-pool-thread-1] jvm.JdbcExecutor. - ALTER TABLE PUBLIC.vault_states ADD CONSTRAINT vault_states_pkey PRIMARY KEY (output_index, transaction_id) {changeSet=migration/vault-schema.changelog-init.xml::1511451595465-49::R3.Corda, databaseChangeLog=master.changelog.json}
?[m?[37m[INFO] 17:31:34,522 [driver-pool-thread-1] changelog.ChangeSet. - Primary key added to vault_states (output_index, transaction_id) {changeSet=migration/vault-schema.changelog-init.xml::1511451595465-49::R3.Corda, databaseChangeLog=master.changelog.json}
?[m?[37m[INFO] 17:31:34,522 [driver-pool-thread-1] changelog.ChangeSet. - ChangeSet migration/vault-schema.changelog-init.xml::1511451595465-49::R3.Corda ran successfully in 0ms {changeSet=migration/vault-schema.changelog-init.xml::1511451595465-49::R3.Corda, databaseChangeLog=master.changelog.json}
?[m?[37m[INFO] 17:31:34,522 [driver-pool-thread-1] jvm.JdbcExecutor. - INSERT INTO PUBLIC.DATABASECHANGELOG (ID, AUTHOR, FILENAME, DATEEXECUTED, ORDEREXECUTED, MD5SUM, DESCRIPTION, COMMENTS, EXECTYPE, CONTEXTS, LABELS, LIQUIBASE, DEPLOYMENT_ID) VALUES ('1511451595465-49', 'R3.Corda', 'migration/vault-schema.changelog-init.xml', NOW(), 10, '8:5d21dc3c09051ea30475250d25178892', 'addPrimaryKey constraintName=vault_states_pkey, tableName=vault_states', '', 'EXECUTED', NULL, NULL, '3.6.3', '7573094500') {changeSet=migration/vault-schema.changelog-init.xml::1511451595465-49::R3.Corda, databaseChangeLog=master.changelog.json}
?[m?[37m[INFO] 17:31:34,523 [driver-pool-thread-1] jvm.JdbcExecutor. - ALTER TABLE PUBLIC.vault_transaction_notes ADD CONSTRAINT vault_transaction_notes_pkey PRIMARY KEY (seq_no) {changeSet=migration/vault-schema.changelog-init.xml::1511451595465-50::R3.Corda, databaseChangeLog=master.changelog.json}
?[m?[37m[INFO] 17:31:34,523 [driver-pool-thread-1] changelog.ChangeSet. - Primary key added to vault_transaction_notes (seq_no) {changeSet=migration/vault-schema.changelog-init.xml::1511451595465-50::R3.Corda, databaseChangeLog=master.changelog.json}
?[m?[37m[INFO] 17:31:34,523 [driver-pool-thread-1] changelog.ChangeSet. - ChangeSet migration/vault-schema.changelog-init.xml::1511451595465-50::R3.Corda ran successfully in 1ms {changeSet=migration/vault-schema.changelog-init.xml::1511451595465-50::R3.Corda, databaseChangeLog=master.changelog.json}
?[m?[37m[INFO] 17:31:34,523 [driver-pool-thread-1] jvm.JdbcExecutor. - INSERT INTO PUBLIC.DATABASECHANGELOG (ID, AUTHOR, FILENAME, DATEEXECUTED, ORDEREXECUTED, MD5SUM, DESCRIPTION, COMMENTS, EXECTYPE, CONTEXTS, LABELS, LIQUIBASE, DEPLOYMENT_ID) VALUES ('1511451595465-50', 'R3.Corda', 'migration/vault-schema.changelog-init.xml', NOW(), 11, '8:2bf545e5d7593a3456708426c3686ebb', 'addPrimaryKey constraintName=vault_transaction_notes_pkey, tableName=vault_transaction_notes', '', 'EXECUTED', NULL, NULL, '3.6.3', '7573094500') {changeSet=migration/vault-schema.changelog-init.xml::1511451595465-50::R3.Corda, databaseChangeLog=master.changelog.json}
?[m?[37m[INFO] 17:31:34,523 [driver-pool-thread-1] jvm.JdbcExecutor. - CREATE INDEX PUBLIC.external_id_index ON PUBLIC.vault_linear_states(external_id) {changeSet=migration/vault-schema.changelog-init.xml::1511451595465-53::R3.Corda, databaseChangeLog=master.changelog.json}
?[m?[37m[INFO] 17:31:34,523 [driver-pool-thread-1] changelog.ChangeSet. - Index external_id_index created {changeSet=migration/vault-schema.changelog-init.xml::1511451595465-53::R3.Corda, databaseChangeLog=master.changelog.json}
?[m?[37m[INFO] 17:31:34,524 [driver-pool-thread-1] changelog.ChangeSet. - ChangeSet migration/vault-schema.changelog-init.xml::1511451595465-53::R3.Corda ran successfully in 1ms {changeSet=migration/vault-schema.changelog-init.xml::1511451595465-53::R3.Corda, databaseChangeLog=master.changelog.json}
?[m?[37m[INFO] 17:31:34,524 [driver-pool-thread-1] jvm.JdbcExecutor. - INSERT INTO PUBLIC.DATABASECHANGELOG (ID, AUTHOR, FILENAME, DATEEXECUTED, ORDEREXECUTED, MD5SUM, DESCRIPTION, COMMENTS, EXECTYPE, CONTEXTS, LABELS, LIQUIBASE, DEPLOYMENT_ID) VALUES ('1511451595465-53', 'R3.Corda', 'migration/vault-schema.changelog-init.xml', NOW(), 12, '8:b1272090dcd2325b0382f829ce13a1ff', 'createIndex indexName=external_id_index, tableName=vault_linear_states', '', 'EXECUTED', NULL, NULL, '3.6.3', '7573094500') {changeSet=migration/vault-schema.changelog-init.xml::1511451595465-53::R3.Corda, databaseChangeLog=master.changelog.json}
?[m?[37m[INFO] 17:31:34,524 [driver-pool-thread-1] jvm.JdbcExecutor. - CREATE INDEX PUBLIC.lock_id_idx ON PUBLIC.vault_states(lock_id, state_status) {changeSet=migration/vault-schema.changelog-init.xml::1511451595465-55::R3.Corda, databaseChangeLog=master.changelog.json}
?[m?[37m[INFO] 17:31:34,524 [driver-pool-thread-1] changelog.ChangeSet. - Index lock_id_idx created {changeSet=migration/vault-schema.changelog-init.xml::1511451595465-55::R3.Corda, databaseChangeLog=master.changelog.json}
?[m?[37m[INFO] 17:31:34,524 [driver-pool-thread-1] changelog.ChangeSet. - ChangeSet migration/vault-schema.changelog-init.xml::1511451595465-55::R3.Corda ran successfully in 0ms {changeSet=migration/vault-schema.changelog-init.xml::1511451595465-55::R3.Corda, databaseChangeLog=master.changelog.json}
?[m?[37m[INFO] 17:31:34,525 [driver-pool-thread-1] jvm.JdbcExecutor. - INSERT INTO PUBLIC.DATABASECHANGELOG (ID, AUTHOR, FILENAME, DATEEXECUTED, ORDEREXECUTED, MD5SUM, DESCRIPTION, COMMENTS, EXECTYPE, CONTEXTS, LABELS, LIQUIBASE, DEPLOYMENT_ID) VALUES ('1511451595465-55', 'R3.Corda', 'migration/vault-schema.changelog-init.xml', NOW(), 13, '8:0b77fbedaccc2eed4b8efd6fddf6581b', 'createIndex indexName=lock_id_idx, tableName=vault_states', '', 'EXECUTED', NULL, NULL, '3.6.3', '7573094500') {changeSet=migration/vault-schema.changelog-init.xml::1511451595465-55::R3.Corda, databaseChangeLog=master.changelog.json}
?[m?[37m[INFO] 17:31:34,525 [driver-pool-thread-1] jvm.JdbcExecutor. - CREATE INDEX PUBLIC.state_status_idx ON PUBLIC.vault_states(state_status) {changeSet=migration/vault-schema.changelog-init.xml::1511451595465-58::R3.Corda, databaseChangeLog=master.changelog.json}
?[m?[37m[INFO] 17:31:34,525 [driver-pool-thread-1] changelog.ChangeSet. - Index state_status_idx created {changeSet=migration/vault-schema.changelog-init.xml::1511451595465-58::R3.Corda, databaseChangeLog=master.changelog.json}
?[m?[37m[INFO] 17:31:34,525 [driver-pool-thread-1] changelog.ChangeSet. - ChangeSet migration/vault-schema.changelog-init.xml::1511451595465-58::R3.Corda ran successfully in 0ms {changeSet=migration/vault-schema.changelog-init.xml::1511451595465-58::R3.Corda, databaseChangeLog=master.changelog.json}
?[m?[37m[INFO] 17:31:34,525 [driver-pool-thread-1] jvm.JdbcExecutor. - INSERT INTO PUBLIC.DATABASECHANGELOG (ID, AUTHOR, FILENAME, DATEEXECUTED, ORDEREXECUTED, MD5SUM, DESCRIPTION, COMMENTS, EXECTYPE, CONTEXTS, LABELS, LIQUIBASE, DEPLOYMENT_ID) VALUES ('1511451595465-58', 'R3.Corda', 'migration/vault-schema.changelog-init.xml', NOW(), 14, '8:7a1bbb20835907728df143e4cc1bfc04', 'createIndex indexName=state_status_idx, tableName=vault_states', '', 'EXECUTED', NULL, NULL, '3.6.3', '7573094500') {changeSet=migration/vault-schema.changelog-init.xml::1511451595465-58::R3.Corda, databaseChangeLog=master.changelog.json}
?[m?[37m[INFO] 17:31:34,526 [driver-pool-thread-1] jvm.JdbcExecutor. - CREATE INDEX PUBLIC.transaction_id_index ON PUBLIC.vault_transaction_notes(transaction_id) {changeSet=migration/vault-schema.changelog-init.xml::1511451595465-59::R3.Corda, databaseChangeLog=master.changelog.json}
?[m?[37m[INFO] 17:31:34,526 [driver-pool-thread-1] changelog.ChangeSet. - Index transaction_id_index created {changeSet=migration/vault-schema.changelog-init.xml::1511451595465-59::R3.Corda, databaseChangeLog=master.changelog.json}
?[m?[37m[INFO] 17:31:34,526 [driver-pool-thread-1] changelog.ChangeSet. - ChangeSet migration/vault-schema.changelog-init.xml::1511451595465-59::R3.Corda ran successfully in 1ms {changeSet=migration/vault-schema.changelog-init.xml::1511451595465-59::R3.Corda, databaseChangeLog=master.changelog.json}
?[m?[37m[INFO] 17:31:34,526 [driver-pool-thread-1] jvm.JdbcExecutor. - INSERT INTO PUBLIC.DATABASECHANGELOG (ID, AUTHOR, FILENAME, DATEEXECUTED, ORDEREXECUTED, MD5SUM, DESCRIPTION, COMMENTS, EXECTYPE, CONTEXTS, LABELS, LIQUIBASE, DEPLOYMENT_ID) VALUES ('1511451595465-59', 'R3.Corda', 'migration/vault-schema.changelog-init.xml', NOW(), 15, '8:2bfe64cedfc8120dc219d42dc19d49f6', 'createIndex indexName=transaction_id_index, tableName=vault_transaction_notes', '', 'EXECUTED', NULL, NULL, '3.6.3', '7573094500') {changeSet=migration/vault-schema.changelog-init.xml::1511451595465-59::R3.Corda, databaseChangeLog=master.changelog.json}
?[m?[37m[INFO] 17:31:34,526 [driver-pool-thread-1] jvm.JdbcExecutor. - CREATE INDEX PUBLIC.uuid_index ON PUBLIC.vault_linear_states(uuid) {changeSet=migration/vault-schema.changelog-init.xml::1511451595465-60::R3.Corda, databaseChangeLog=master.changelog.json}
?[m?[37m[INFO] 17:31:34,526 [driver-pool-thread-1] changelog.ChangeSet. - Index uuid_index created {changeSet=migration/vault-schema.changelog-init.xml::1511451595465-60::R3.Corda, databaseChangeLog=master.changelog.json}
?[m?[37m[INFO] 17:31:34,526 [driver-pool-thread-1] changelog.ChangeSet. - ChangeSet migration/vault-schema.changelog-init.xml::1511451595465-60::R3.Corda ran successfully in 0ms {changeSet=migration/vault-schema.changelog-init.xml::1511451595465-60::R3.Corda, databaseChangeLog=master.changelog.json}
?[m?[37m[INFO] 17:31:34,527 [driver-pool-thread-1] jvm.JdbcExecutor. - INSERT INTO PUBLIC.DATABASECHANGELOG (ID, AUTHOR, FILENAME, DATEEXECUTED, ORDEREXECUTED, MD5SUM, DESCRIPTION, COMMENTS, EXECTYPE, CONTEXTS, LABELS, LIQUIBASE, DEPLOYMENT_ID) VALUES ('1511451595465-60', 'R3.Corda', 'migration/vault-schema.changelog-init.xml', NOW(), 16, '8:4cffb289ce33d922274cc829175a2a55', 'createIndex indexName=uuid_index, tableName=vault_linear_states', '', 'EXECUTED', NULL, NULL, '3.6.3', '7573094500') {changeSet=migration/vault-schema.changelog-init.xml::1511451595465-60::R3.Corda, databaseChangeLog=master.changelog.json}
?[m?[37m[INFO] 17:31:34,527 [driver-pool-thread-1] jvm.JdbcExecutor. - ALTER TABLE PUBLIC.vault_fungible_states_parts ADD CONSTRAINT FK__fung_st_parts__fung_st FOREIGN KEY (output_index, transaction_id) REFERENCES PUBLIC.vault_fungible_states (output_index, transaction_id) {changeSet=migration/vault-schema.changelog-init.xml::1511451595465-64::R3.Corda, databaseChangeLog=master.changelog.json}
?[m?[37m[INFO] 17:31:34,528 [driver-pool-thread-1] changelog.ChangeSet. - Foreign key constraint added to vault_fungible_states_parts (output_index,transaction_id) {changeSet=migration/vault-schema.changelog-init.xml::1511451595465-64::R3.Corda, databaseChangeLog=master.changelog.json}
?[m?[37m[INFO] 17:31:34,528 [driver-pool-thread-1] changelog.ChangeSet. - ChangeSet migration/vault-schema.changelog-init.xml::1511451595465-64::R3.Corda ran successfully in 1ms {changeSet=migration/vault-schema.changelog-init.xml::1511451595465-64::R3.Corda, databaseChangeLog=master.changelog.json}
?[m?[37m[INFO] 17:31:34,528 [driver-pool-thread-1] jvm.JdbcExecutor. - INSERT INTO PUBLIC.DATABASECHANGELOG (ID, AUTHOR, FILENAME, DATEEXECUTED, ORDEREXECUTED, MD5SUM, DESCRIPTION, COMMENTS, EXECTYPE, CONTEXTS, LABELS, LIQUIBASE, DEPLOYMENT_ID) VALUES ('1511451595465-64', 'R3.Corda', 'migration/vault-schema.changelog-init.xml', NOW(), 17, '8:1bde72346badbbe52e74b189ce1d079c', 'addForeignKeyConstraint baseTableName=vault_fungible_states_parts, constraintName=FK__fung_st_parts__fung_st, referencedTableName=vault_fungible_states', '', 'EXECUTED', NULL, NULL, '3.6.3', '7573094500') {changeSet=migration/vault-schema.changelog-init.xml::1511451595465-64::R3.Corda, databaseChangeLog=master.changelog.json}
?[m?[37m[INFO] 17:31:34,529 [driver-pool-thread-1] jvm.JdbcExecutor. - ALTER TABLE PUBLIC.vault_linear_states_parts ADD CONSTRAINT FK__lin_stat_parts__lin_stat FOREIGN KEY (output_index, transaction_id) REFERENCES PUBLIC.vault_linear_states (output_index, transaction_id) {changeSet=migration/vault-schema.changelog-init.xml::1511451595465-65::R3.Corda, databaseChangeLog=master.changelog.json}
?[m?[37m[INFO] 17:31:34,529 [driver-pool-thread-1] changelog.ChangeSet. - Foreign key constraint added to vault_linear_states_parts (output_index,transaction_id) {changeSet=migration/vault-schema.changelog-init.xml::1511451595465-65::R3.Corda, databaseChangeLog=master.changelog.json}
?[m?[37m[INFO] 17:31:34,529 [driver-pool-thread-1] changelog.ChangeSet. - ChangeSet migration/vault-schema.changelog-init.xml::1511451595465-65::R3.Corda ran successfully in 0ms {changeSet=migration/vault-schema.changelog-init.xml::1511451595465-65::R3.Corda, databaseChangeLog=master.changelog.json}
?[m?[37m[INFO] 17:31:34,530 [driver-pool-thread-1] jvm.JdbcExecutor. - INSERT INTO PUBLIC.DATABASECHANGELOG (ID, AUTHOR, FILENAME, DATEEXECUTED, ORDEREXECUTED, MD5SUM, DESCRIPTION, COMMENTS, EXECTYPE, CONTEXTS, LABELS, LIQUIBASE, DEPLOYMENT_ID) VALUES ('1511451595465-65', 'R3.Corda', 'migration/vault-schema.changelog-init.xml', NOW(), 18, '8:9a5d0106c45f631cb60a3e2f9542d2c2', 'addForeignKeyConstraint baseTableName=vault_linear_states_parts, constraintName=FK__lin_stat_parts__lin_stat, referencedTableName=vault_linear_states', '', 'EXECUTED', NULL, NULL, '3.6.3', '7573094500') {changeSet=migration/vault-schema.changelog-init.xml::1511451595465-65::R3.Corda, databaseChangeLog=master.changelog.json}
?[m?[37m[INFO] 17:31:34,530 [driver-pool-thread-1] jvm.JdbcExecutor. - DELETE FROM PUBLIC.vault_fungible_states_parts {changeSet=migration/vault-schema.changelog-v3.xml::clean_vault::R3.Corda, databaseChangeLog=master.changelog.json}
?[m?[37m[INFO] 17:31:34,530 [driver-pool-thread-1] changelog.ChangeSet. - Data deleted from vault_fungible_states_parts {changeSet=migration/vault-schema.changelog-v3.xml::clean_vault::R3.Corda, databaseChangeLog=master.changelog.json}
?[m?[37m[INFO] 17:31:34,530 [driver-pool-thread-1] jvm.JdbcExecutor. - DELETE FROM PUBLIC.vault_fungible_states {changeSet=migration/vault-schema.changelog-v3.xml::clean_vault::R3.Corda, databaseChangeLog=master.changelog.json}
?[m?[37m[INFO] 17:31:34,530 [driver-pool-thread-1] changelog.ChangeSet. - Data deleted from vault_fungible_states {changeSet=migration/vault-schema.changelog-v3.xml::clean_vault::R3.Corda, databaseChangeLog=master.changelog.json}
?[m?[37m[INFO] 17:31:34,530 [driver-pool-thread-1] jvm.JdbcExecutor. - DELETE FROM PUBLIC.vault_linear_states_parts {changeSet=migration/vault-schema.changelog-v3.xml::clean_vault::R3.Corda, databaseChangeLog=master.changelog.json}
?[m?[37m[INFO] 17:31:34,530 [driver-pool-thread-1] changelog.ChangeSet. - Data deleted from vault_linear_states_parts {changeSet=migration/vault-schema.changelog-v3.xml::clean_vault::R3.Corda, databaseChangeLog=master.changelog.json}
?[m?[37m[INFO] 17:31:34,530 [driver-pool-thread-1] jvm.JdbcExecutor. - DELETE FROM PUBLIC.vault_linear_states {changeSet=migration/vault-schema.changelog-v3.xml::clean_vault::R3.Corda, databaseChangeLog=master.changelog.json}
?[m?[37m[INFO] 17:31:34,530 [driver-pool-thread-1] changelog.ChangeSet. - Data deleted from vault_linear_states {changeSet=migration/vault-schema.changelog-v3.xml::clean_vault::R3.Corda, databaseChangeLog=master.changelog.json}
?[m?[37m[INFO] 17:31:34,530 [driver-pool-thread-1] jvm.JdbcExecutor. - DELETE FROM PUBLIC.vault_states {changeSet=migration/vault-schema.changelog-v3.xml::clean_vault::R3.Corda, databaseChangeLog=master.changelog.json}
?[m?[37m[INFO] 17:31:34,530 [driver-pool-thread-1] changelog.ChangeSet. - Data deleted from vault_states {changeSet=migration/vault-schema.changelog-v3.xml::clean_vault::R3.Corda, databaseChangeLog=master.changelog.json}
?[m?[37m[INFO] 17:31:34,530 [driver-pool-thread-1] jvm.JdbcExecutor. - DELETE FROM PUBLIC.vault_transaction_notes {changeSet=migration/vault-schema.changelog-v3.xml::clean_vault::R3.Corda, databaseChangeLog=master.changelog.json}
?[m?[37m[INFO] 17:31:34,530 [driver-pool-thread-1] changelog.ChangeSet. - Data deleted from vault_transaction_notes {changeSet=migration/vault-schema.changelog-v3.xml::clean_vault::R3.Corda, databaseChangeLog=master.changelog.json}
?[m?[37m[INFO] 17:31:34,531 [driver-pool-thread-1] changelog.ChangeSet. - ChangeSet migration/vault-schema.changelog-v3.xml::clean_vault::R3.Corda ran successfully in 1ms {changeSet=migration/vault-schema.changelog-v3.xml::clean_vault::R3.Corda, databaseChangeLog=master.changelog.json}
?[m?[37m[INFO] 17:31:34,531 [driver-pool-thread-1] jvm.JdbcExecutor. - INSERT INTO PUBLIC.DATABASECHANGELOG (ID, AUTHOR, FILENAME, DATEEXECUTED, ORDEREXECUTED, MD5SUM, DESCRIPTION, COMMENTS, EXECTYPE, CONTEXTS, LABELS, LIQUIBASE, DEPLOYMENT_ID) VALUES ('clean_vault', 'R3.Corda', 'migration/vault-schema.changelog-v3.xml', NOW(), 19, '8:0701d37bf9b322ada2323cea6db9393c', 'delete tableName=vault_fungible_states_parts; delete tableName=vault_fungible_states; delete tableName=vault_linear_states_parts; delete tableName=vault_linear_states; delete tableName=vault_states; delete tableName=vault_transaction_notes', '', 'EXECUTED', NULL, NULL, '3.6.3', '7573094500') {changeSet=migration/vault-schema.changelog-v3.xml::clean_vault::R3.Corda, databaseChangeLog=master.changelog.json}
?[m?[37m[INFO] 17:31:34,531 [driver-pool-thread-1] jvm.JdbcExecutor. - ALTER TABLE PUBLIC.vault_fungible_states ALTER COLUMN quantity SET NOT NULL {changeSet=migration/vault-schema.changelog-v4.xml::nullability::R3.Corda, databaseChangeLog=master.changelog.json}
?[m?[37m[INFO] 17:31:34,532 [driver-pool-thread-1] changelog.ChangeSet. - NOT NULL constraint has been added to vault_fungible_states.quantity {changeSet=migration/vault-schema.changelog-v4.xml::nullability::R3.Corda, databaseChangeLog=master.changelog.json}
?[m?[37m[INFO] 17:31:34,532 [driver-pool-thread-1] jvm.JdbcExecutor. - ALTER TABLE PUBLIC.vault_states ALTER COLUMN contract_state_class_name SET NOT NULL {changeSet=migration/vault-schema.changelog-v4.xml::nullability::R3.Corda, databaseChangeLog=master.changelog.json}
?[m?[37m[INFO] 17:31:34,532 [driver-pool-thread-1] changelog.ChangeSet. - NOT NULL constraint has been added to vault_states.contract_state_class_name {changeSet=migration/vault-schema.changelog-v4.xml::nullability::R3.Corda, databaseChangeLog=master.changelog.json}
?[m?[37m[INFO] 17:31:34,532 [driver-pool-thread-1] jvm.JdbcExecutor. - ALTER TABLE PUBLIC.vault_states ALTER COLUMN notary_name SET NOT NULL {changeSet=migration/vault-schema.changelog-v4.xml::nullability::R3.Corda, databaseChangeLog=master.changelog.json}
?[m?[37m[INFO] 17:31:34,532 [driver-pool-thread-1] changelog.ChangeSet. - NOT NULL constraint has been added to vault_states.notary_name {changeSet=migration/vault-schema.changelog-v4.xml::nullability::R3.Corda, databaseChangeLog=master.changelog.json}
?[m?[37m[INFO] 17:31:34,532 [driver-pool-thread-1] jvm.JdbcExecutor. - ALTER TABLE PUBLIC.vault_states ALTER COLUMN recorded_timestamp SET NOT NULL {changeSet=migration/vault-schema.changelog-v4.xml::nullability::R3.Corda, databaseChangeLog=master.changelog.json}
?[m?[37m[INFO] 17:31:34,533 [driver-pool-thread-1] changelog.ChangeSet. - NOT NULL constraint has been added to vault_states.recorded_timestamp {changeSet=migration/vault-schema.changelog-v4.xml::nullability::R3.Corda, databaseChangeLog=master.changelog.json}
?[m?[37m[INFO] 17:31:34,533 [driver-pool-thread-1] jvm.JdbcExecutor. - DROP INDEX PUBLIC.state_status_idx {changeSet=migration/vault-schema.changelog-v4.xml::nullability::R3.Corda, databaseChangeLog=master.changelog.json}
?[m?[37m[INFO] 17:31:34,533 [driver-pool-thread-1] changelog.ChangeSet. - Index state_status_idx dropped from table vault_states {changeSet=migration/vault-schema.changelog-v4.xml::nullability::R3.Corda, databaseChangeLog=master.changelog.json}
?[m?[37m[INFO] 17:31:34,533 [driver-pool-thread-1] jvm.JdbcExecutor. - DROP INDEX PUBLIC.lock_id_idx {changeSet=migration/vault-schema.changelog-v4.xml::nullability::R3.Corda, databaseChangeLog=master.changelog.json}
?[m?[37m[INFO] 17:31:34,533 [driver-pool-thread-1] changelog.ChangeSet. - Index lock_id_idx dropped from table vault_states {changeSet=migration/vault-schema.changelog-v4.xml::nullability::R3.Corda, databaseChangeLog=master.changelog.json}
?[m?[37m[INFO] 17:31:34,533 [driver-pool-thread-1] jvm.JdbcExecutor. - ALTER TABLE PUBLIC.vault_states ALTER COLUMN state_status SET NOT NULL {changeSet=migration/vault-schema.changelog-v4.xml::nullability::R3.Corda, databaseChangeLog=master.changelog.json}
?[m?[37m[INFO] 17:31:34,533 [driver-pool-thread-1] changelog.ChangeSet. - NOT NULL constraint has been added to vault_states.state_status {changeSet=migration/vault-schema.changelog-v4.xml::nullability::R3.Corda, databaseChangeLog=master.changelog.json}
?[m?[37m[INFO] 17:31:34,533 [driver-pool-thread-1] jvm.JdbcExecutor. - CREATE INDEX PUBLIC.state_status_idx ON PUBLIC.vault_states(state_status) {changeSet=migration/vault-schema.changelog-v4.xml::nullability::R3.Corda, databaseChangeLog=master.changelog.json}
?[m?[37m[INFO] 17:31:34,533 [driver-pool-thread-1] changelog.ChangeSet. - Index state_status_idx created {changeSet=migration/vault-schema.changelog-v4.xml::nullability::R3.Corda, databaseChangeLog=master.changelog.json}
?[m?[37m[INFO] 17:31:34,533 [driver-pool-thread-1] jvm.JdbcExecutor. - CREATE INDEX PUBLIC.lock_id_idx ON PUBLIC.vault_states(lock_id, state_status) {changeSet=migration/vault-schema.changelog-v4.xml::nullability::R3.Corda, databaseChangeLog=master.changelog.json}
?[m?[37m[INFO] 17:31:34,534 [driver-pool-thread-1] changelog.ChangeSet. - Index lock_id_idx created {changeSet=migration/vault-schema.changelog-v4.xml::nullability::R3.Corda, databaseChangeLog=master.changelog.json}
?[m?[37m[INFO] 17:31:34,534 [driver-pool-thread-1] jvm.JdbcExecutor. - DROP INDEX PUBLIC.transaction_id_index {changeSet=migration/vault-schema.changelog-v4.xml::nullability::R3.Corda, databaseChangeLog=master.changelog.json}
?[m?[37m[INFO] 17:31:34,534 [driver-pool-thread-1] changelog.ChangeSet. - Index transaction_id_index dropped from table vault_transaction_notes {changeSet=migration/vault-schema.changelog-v4.xml::nullability::R3.Corda, databaseChangeLog=master.changelog.json}
?[m?[37m[INFO] 17:31:34,534 [driver-pool-thread-1] jvm.JdbcExecutor. - ALTER TABLE PUBLIC.vault_transaction_notes ALTER COLUMN note SET NOT NULL {changeSet=migration/vault-schema.changelog-v4.xml::nullability::R3.Corda, databaseChangeLog=master.changelog.json}
?[m?[37m[INFO] 17:31:34,534 [driver-pool-thread-1] changelog.ChangeSet. - NOT NULL constraint has been added to vault_transaction_notes.note {changeSet=migration/vault-schema.changelog-v4.xml::nullability::R3.Corda, databaseChangeLog=master.changelog.json}
?[m?[37m[INFO] 17:31:34,534 [driver-pool-thread-1] jvm.JdbcExecutor. - ALTER TABLE PUBLIC.vault_transaction_notes ALTER COLUMN transaction_id SET NOT NULL {changeSet=migration/vault-schema.changelog-v4.xml::nullability::R3.Corda, databaseChangeLog=master.changelog.json}
?[m?[37m[INFO] 17:31:34,534 [driver-pool-thread-1] changelog.ChangeSet. - NOT NULL constraint has been added to vault_transaction_notes.transaction_id {changeSet=migration/vault-schema.changelog-v4.xml::nullability::R3.Corda, databaseChangeLog=master.changelog.json}
?[m?[37m[INFO] 17:31:34,534 [driver-pool-thread-1] jvm.JdbcExecutor. - CREATE INDEX PUBLIC.transaction_id_index ON PUBLIC.vault_transaction_notes(transaction_id) {changeSet=migration/vault-schema.changelog-v4.xml::nullability::R3.Corda, databaseChangeLog=master.changelog.json}
?[m?[37m[INFO] 17:31:34,534 [driver-pool-thread-1] changelog.ChangeSet. - Index transaction_id_index created {changeSet=migration/vault-schema.changelog-v4.xml::nullability::R3.Corda, databaseChangeLog=master.changelog.json}
?[m?[37m[INFO] 17:31:34,534 [driver-pool-thread-1] changelog.ChangeSet. - ChangeSet migration/vault-schema.changelog-v4.xml::nullability::R3.Corda ran successfully in 3ms {changeSet=migration/vault-schema.changelog-v4.xml::nullability::R3.Corda, databaseChangeLog=master.changelog.json}
?[m?[37m[INFO] 17:31:34,535 [driver-pool-thread-1] jvm.JdbcExecutor. - INSERT INTO PUBLIC.DATABASECHANGELOG (ID, AUTHOR, FILENAME, DATEEXECUTED, ORDEREXECUTED, MD5SUM, DESCRIPTION, COMMENTS, EXECTYPE, CONTEXTS, LABELS, LIQUIBASE, DEPLOYMENT_ID) VALUES ('nullability', 'R3.Corda', 'migration/vault-schema.changelog-v4.xml', NOW(), 20, '8:853fd1e24b974ff22712322ebb2860bf', 'addNotNullConstraint columnName=quantity, tableName=vault_fungible_states; addNotNullConstraint columnName=contract_state_class_name, tableName=vault_states; addNotNullConstraint columnName=notary_name, tableName=vault_states; addNotNullConstraint...', '', 'EXECUTED', NULL, NULL, '3.6.3', '7573094500') {changeSet=migration/vault-schema.changelog-v4.xml::nullability::R3.Corda, databaseChangeLog=master.changelog.json}
?[m?[37m[INFO] 17:31:34,536 [driver-pool-thread-1] jvm.JdbcExecutor. - INSERT INTO PUBLIC.DATABASECHANGELOG (ID, AUTHOR, FILENAME, DATEEXECUTED, ORDEREXECUTED, MD5SUM, DESCRIPTION, COMMENTS, EXECTYPE, CONTEXTS, LABELS, LIQUIBASE, DEPLOYMENT_ID) VALUES ('non-clustered_pk-11', 'R3.Corda', 'migration/vault-schema.changelog-pkey.xml', NOW(), 21, '8:7fca5375330f0b3b62de65b84274dd6e', 'dropForeignKeyConstraint baseTableName=vault_fungible_states_parts, constraintName=FK__fung_st_parts__fung_st; dropPrimaryKey constraintName=vault_fungible_states_pkey, tableName=vault_fungible_states; addPrimaryKey constraintName=vault_fungible_s...', '', 'MARK_RAN', NULL, NULL, '3.6.3', '7573094500') {changeSet=migration/vault-schema.changelog-pkey.xml::non-clustered_pk-11::R3.Corda, databaseChangeLog=master.changelog.json}
?[m?[37m[INFO] 17:31:34,537 [driver-pool-thread-1] jvm.JdbcExecutor. - INSERT INTO PUBLIC.DATABASECHANGELOG (ID, AUTHOR, FILENAME, DATEEXECUTED, ORDEREXECUTED, MD5SUM, DESCRIPTION, COMMENTS, EXECTYPE, CONTEXTS, LABELS, LIQUIBASE, DEPLOYMENT_ID) VALUES ('non-clustered_pk-12', 'R3.Corda', 'migration/vault-schema.changelog-pkey.xml', NOW(), 22, '8:8469058af292b08d108fcf1b3eb8fca4', 'dropForeignKeyConstraint baseTableName=vault_linear_states_parts, constraintName=FK__lin_stat_parts__lin_stat; dropPrimaryKey constraintName=vault_linear_states_pkey, tableName=vault_linear_states; addPrimaryKey constraintName=vault_linear_states_...', '', 'MARK_RAN', NULL, NULL, '3.6.3', '7573094500') {changeSet=migration/vault-schema.changelog-pkey.xml::non-clustered_pk-12::R3.Corda, databaseChangeLog=master.changelog.json}
?[m?[37m[INFO] 17:31:34,537 [driver-pool-thread-1] jvm.JdbcExecutor. - INSERT INTO PUBLIC.DATABASECHANGELOG (ID, AUTHOR, FILENAME, DATEEXECUTED, ORDEREXECUTED, MD5SUM, DESCRIPTION, COMMENTS, EXECTYPE, CONTEXTS, LABELS, LIQUIBASE, DEPLOYMENT_ID) VALUES ('non-clustered_pk-13', 'R3.Corda', 'migration/vault-schema.changelog-pkey.xml', NOW(), 23, '8:e0ccce8941c28a45870d60f5bf54cd50', 'dropPrimaryKey constraintName=vault_states_pkey, tableName=vault_states; addPrimaryKey constraintName=vault_states_pkey, tableName=vault_states', '', 'MARK_RAN', NULL, NULL, '3.6.3', '7573094500') {changeSet=migration/vault-schema.changelog-pkey.xml::non-clustered_pk-13::R3.Corda, databaseChangeLog=master.changelog.json}
?[m?[37m[INFO] 17:31:34,538 [driver-pool-thread-1] jvm.JdbcExecutor. - ALTER TABLE PUBLIC.vault_states ADD relevancy_status INT {changeSet=migration/vault-schema.changelog-v5.xml::add_relevancy_status_column::R3.Corda, databaseChangeLog=master.changelog.json}
?[m?[37m[INFO] 17:31:34,546 [driver-pool-thread-1] changelog.ChangeSet. - Columns relevancy_status(INT) added to vault_states {changeSet=migration/vault-schema.changelog-v5.xml::add_relevancy_status_column::R3.Corda, databaseChangeLog=master.changelog.json}
?[m?[37m[INFO] 17:31:34,546 [driver-pool-thread-1] jvm.JdbcExecutor. - UPDATE PUBLIC.vault_states SET relevancy_status = 0 {changeSet=migration/vault-schema.changelog-v5.xml::add_relevancy_status_column::R3.Corda, databaseChangeLog=master.changelog.json}
?[m?[37m[INFO] 17:31:34,546 [driver-pool-thread-1] changelog.ChangeSet. - Data updated in vault_states {changeSet=migration/vault-schema.changelog-v5.xml::add_relevancy_status_column::R3.Corda, databaseChangeLog=master.changelog.json}
?[m?[37m[INFO] 17:31:34,546 [driver-pool-thread-1] jvm.JdbcExecutor. - ALTER TABLE PUBLIC.vault_states ALTER COLUMN relevancy_status SET NOT NULL {changeSet=migration/vault-schema.changelog-v5.xml::add_relevancy_status_column::R3.Corda, databaseChangeLog=master.changelog.json}
?[m?[37m[INFO] 17:31:34,546 [driver-pool-thread-1] changelog.ChangeSet. - NOT NULL constraint has been added to vault_states.relevancy_status {changeSet=migration/vault-schema.changelog-v5.xml::add_relevancy_status_column::R3.Corda, databaseChangeLog=master.changelog.json}
?[m?[37m[INFO] 17:31:34,546 [driver-pool-thread-1] changelog.ChangeSet. - ChangeSet migration/vault-schema.changelog-v5.xml::add_relevancy_status_column::R3.Corda ran successfully in 9ms {changeSet=migration/vault-schema.changelog-v5.xml::add_relevancy_status_column::R3.Corda, databaseChangeLog=master.changelog.json}
?[m?[37m[INFO] 17:31:34,547 [driver-pool-thread-1] jvm.JdbcExecutor. - INSERT INTO PUBLIC.DATABASECHANGELOG (ID, AUTHOR, FILENAME, DATEEXECUTED, ORDEREXECUTED, MD5SUM, DESCRIPTION, COMMENTS, EXECTYPE, CONTEXTS, LABELS, LIQUIBASE, DEPLOYMENT_ID) VALUES ('add_relevancy_status_column', 'R3.Corda', 'migration/vault-schema.changelog-v5.xml', NOW(), 24, '8:93c5dcaf00387d4d643def4355a54b56', 'addColumn tableName=vault_states; update tableName=vault_states; addNotNullConstraint columnName=relevancy_status, tableName=vault_states', '', 'EXECUTED', NULL, NULL, '3.6.3', '7573094500') {changeSet=migration/vault-schema.changelog-v5.xml::add_relevancy_status_column::R3.Corda, databaseChangeLog=master.changelog.json}
?[m?[37m[INFO] 17:31:34,548 [driver-pool-thread-1] jvm.JdbcExecutor. - ALTER TABLE PUBLIC.vault_states ADD constraint_type INT DEFAULT '0' NOT NULL {changeSet=migration/vault-schema.changelog-v6.xml::add_is_constraint_information_columns::R3.Corda, databaseChangeLog=master.changelog.json}
?[m?[37m[INFO] 17:31:34,550 [driver-pool-thread-1] changelog.ChangeSet. - Columns constraint_type(INT) added to vault_states {changeSet=migration/vault-schema.changelog-v6.xml::add_is_constraint_information_columns::R3.Corda, databaseChangeLog=master.changelog.json}
?[m?[37m[INFO] 17:31:34,550 [driver-pool-thread-1] jvm.JdbcExecutor. - ALTER TABLE PUBLIC.vault_states ADD constraint_data VARBINARY(563) {changeSet=migration/vault-schema.changelog-v6.xml::add_is_constraint_information_columns::R3.Corda, databaseChangeLog=master.changelog.json}
?[m?[37m[INFO] 17:31:34,551 [driver-pool-thread-1] changelog.ChangeSet. - Columns constraint_data(varbinary(563)) added to vault_states {changeSet=migration/vault-schema.changelog-v6.xml::add_is_constraint_information_columns::R3.Corda, databaseChangeLog=master.changelog.json}
?[m?[37m[INFO] 17:31:34,551 [driver-pool-thread-1] changelog.ChangeSet. - ChangeSet migration/vault-schema.changelog-v6.xml::add_is_constraint_information_columns::R3.Corda ran successfully in 3ms {changeSet=migration/vault-schema.changelog-v6.xml::add_is_constraint_information_columns::R3.Corda, databaseChangeLog=master.changelog.json}
?[m?[37m[INFO] 17:31:34,551 [driver-pool-thread-1] jvm.JdbcExecutor. - INSERT INTO PUBLIC.DATABASECHANGELOG (ID, AUTHOR, FILENAME, DATEEXECUTED, ORDEREXECUTED, MD5SUM, DESCRIPTION, COMMENTS, EXECTYPE, CONTEXTS, LABELS, LIQUIBASE, DEPLOYMENT_ID) VALUES ('add_is_constraint_information_columns', 'R3.Corda', 'migration/vault-schema.changelog-v6.xml', NOW(), 25, '8:acf60bd84f648e157d402de8f8e22f3a', 'addColumn tableName=vault_states; addColumn tableName=vault_states', '', 'EXECUTED', NULL, NULL, '3.6.3', '7573094500') {changeSet=migration/vault-schema.changelog-v6.xml::add_is_constraint_information_columns::R3.Corda, databaseChangeLog=master.changelog.json}
?[m?[37m[INFO] 17:31:34,552 [driver-pool-thread-1] jvm.JdbcExecutor. - ALTER TABLE PUBLIC.vault_fungible_states ALTER COLUMN issuer_ref SET NULL {changeSet=migration/vault-schema.changelog-v7.xml::make_issuer_ref_nullable::R3.Corda, databaseChangeLog=master.changelog.json}
?[m?[37m[INFO] 17:31:34,552 [driver-pool-thread-1] changelog.ChangeSet. - Null constraint dropped from vault_fungible_states.issuer_ref {changeSet=migration/vault-schema.changelog-v7.xml::make_issuer_ref_nullable::R3.Corda, databaseChangeLog=master.changelog.json}
?[m?[37m[INFO] 17:31:34,552 [driver-pool-thread-1] changelog.ChangeSet. - ChangeSet migration/vault-schema.changelog-v7.xml::make_issuer_ref_nullable::R3.Corda ran successfully in 0ms {changeSet=migration/vault-schema.changelog-v7.xml::make_issuer_ref_nullable::R3.Corda, databaseChangeLog=master.changelog.json}
?[m?[37m[INFO] 17:31:34,552 [driver-pool-thread-1] jvm.JdbcExecutor. - INSERT INTO PUBLIC.DATABASECHANGELOG (ID, AUTHOR, FILENAME, DATEEXECUTED, ORDEREXECUTED, MD5SUM, DESCRIPTION, COMMENTS, EXECTYPE, CONTEXTS, LABELS, LIQUIBASE, DEPLOYMENT_ID) VALUES ('make_issuer_ref_nullable', 'R3.Corda', 'migration/vault-schema.changelog-v7.xml', NOW(), 26, '8:58039722b4808e90a7711d3c82e5fc95', 'dropNotNullConstraint columnName=issuer_ref, tableName=vault_fungible_states', '', 'EXECUTED', NULL, NULL, '3.6.3', '7573094500') {changeSet=migration/vault-schema.changelog-v7.xml::make_issuer_ref_nullable::R3.Corda, databaseChangeLog=master.changelog.json}
?[m?[37m[INFO] 17:31:34,552 [driver-pool-thread-1] jvm.JdbcExecutor. - CREATE TABLE PUBLIC.state_party (output_index INT, transaction_id NVARCHAR(64), public_key_hash NVARCHAR(255) NOT NULL, x500_name NVARCHAR(255)) {changeSet=migration/vault-schema.changelog-v8.xml::create-external-id-to-state-party-view::R3.Corda, databaseChangeLog=master.changelog.json}
?[m?[37m[INFO] 17:31:34,553 [driver-pool-thread-1] changelog.ChangeSet. - Table state_party created {changeSet=migration/vault-schema.changelog-v8.xml::create-external-id-to-state-party-view::R3.Corda, databaseChangeLog=master.changelog.json}
?[m?[37m[INFO] 17:31:34,553 [driver-pool-thread-1] jvm.JdbcExecutor. - CREATE INDEX PUBLIC.state_pk_hash_idx ON PUBLIC.state_party(public_key_hash) {changeSet=migration/vault-schema.changelog-v8.xml::create-external-id-to-state-party-view::R3.Corda, databaseChangeLog=master.changelog.json}
?[m?[37m[INFO] 17:31:34,553 [driver-pool-thread-1] changelog.ChangeSet. - Index state_pk_hash_idx created {changeSet=migration/vault-schema.changelog-v8.xml::create-external-id-to-state-party-view::R3.Corda, databaseChangeLog=master.changelog.json}
?[m?[37m[INFO] 17:31:34,553 [driver-pool-thread-1] jvm.JdbcExecutor. - CREATE TABLE PUBLIC.pk_hash_to_ext_id_map (id BIGINT NOT NULL, external_id VARCHAR(255) NOT NULL, public_key_hash NVARCHAR(255) NOT NULL) {changeSet=migration/vault-schema.changelog-v8.xml::create-external-id-to-state-party-view::R3.Corda, databaseChangeLog=master.changelog.json}
?[m?[37m[INFO] 17:31:34,553 [driver-pool-thread-1] changelog.ChangeSet. - Table pk_hash_to_ext_id_map created {changeSet=migration/vault-schema.changelog-v8.xml::create-external-id-to-state-party-view::R3.Corda, databaseChangeLog=master.changelog.json}
?[m?[37m[INFO] 17:31:34,553 [driver-pool-thread-1] jvm.JdbcExecutor. - CREATE INDEX PUBLIC.pk_hash_to_xid_idx ON PUBLIC.pk_hash_to_ext_id_map(public_key_hash) {changeSet=migration/vault-schema.changelog-v8.xml::create-external-id-to-state-party-view::R3.Corda, databaseChangeLog=master.changelog.json}
?[m?[37m[INFO] 17:31:34,553 [driver-pool-thread-1] changelog.ChangeSet. - Index pk_hash_to_xid_idx created {changeSet=migration/vault-schema.changelog-v8.xml::create-external-id-to-state-party-view::R3.Corda, databaseChangeLog=master.changelog.json}
?[m?[37m[INFO] 17:31:34,554 [driver-pool-thread-1] jvm.JdbcExecutor. - CREATE VIEW PUBLIC.v_pkey_hash_ex_id_map AS select
                state_party.public_key_hash,
                state_party.transaction_id,
                state_party.output_index,
                pk_hash_to_ext_id_map.external_id
            from state_party
            join pk_hash_to_ext_id_map
            on state_party.public_key_hash = pk_hash_to_ext_id_map.public_key_hash {changeSet=migration/vault-schema.changelog-v8.xml::create-external-id-to-state-party-view::R3.Corda, databaseChangeLog=master.changelog.json}
?[m?[37m[INFO] 17:31:34,554 [driver-pool-thread-1] changelog.ChangeSet. - View v_pkey_hash_ex_id_map created {changeSet=migration/vault-schema.changelog-v8.xml::create-external-id-to-state-party-view::R3.Corda, databaseChangeLog=master.changelog.json}
?[m?[37m[INFO] 17:31:34,554 [driver-pool-thread-1] changelog.ChangeSet. - ChangeSet migration/vault-schema.changelog-v8.xml::create-external-id-to-state-party-view::R3.Corda ran successfully in 2ms {changeSet=migration/vault-schema.changelog-v8.xml::create-external-id-to-state-party-view::R3.Corda, databaseChangeLog=master.changelog.json}
?[m?[37m[INFO] 17:31:34,554 [driver-pool-thread-1] jvm.JdbcExecutor. - INSERT INTO PUBLIC.DATABASECHANGELOG (ID, AUTHOR, FILENAME, DATEEXECUTED, ORDEREXECUTED, MD5SUM, DESCRIPTION, COMMENTS, EXECTYPE, CONTEXTS, LABELS, LIQUIBASE, DEPLOYMENT_ID) VALUES ('create-external-id-to-state-party-view', 'R3.Corda', 'migration/vault-schema.changelog-v8.xml', NOW(), 27, '8:9a5b20f7b7367bb3b86f600bccaa423b', 'createTable tableName=state_party; createIndex indexName=state_pk_hash_idx, tableName=state_party; createTable tableName=pk_hash_to_ext_id_map; createIndex indexName=pk_hash_to_xid_idx, tableName=pk_hash_to_ext_id_map; createView viewName=v_pkey_h...', '', 'EXECUTED', NULL, NULL, '3.6.3', '7573094500') {changeSet=migration/vault-schema.changelog-v8.xml::create-external-id-to-state-party-view::R3.Corda, databaseChangeLog=master.changelog.json}
?[m?[37m[INFO] 17:31:34,555 [driver-pool-thread-1] jvm.JdbcExecutor. - ALTER TABLE PUBLIC.vault_states ALTER COLUMN constraint_data VARBINARY(20000) {changeSet=migration/vault-schema.changelog-v11.xml::expand_constraint_data_size::R3.Corda, databaseChangeLog=master.changelog.json}
?[m?[37m[INFO] 17:31:34,556 [driver-pool-thread-1] changelog.ChangeSet. - vault_states.constraint_data datatype was changed to varbinary(20000) {changeSet=migration/vault-schema.changelog-v11.xml::expand_constraint_data_size::R3.Corda, databaseChangeLog=master.changelog.json}
?[m?[37m[INFO] 17:31:34,556 [driver-pool-thread-1] changelog.ChangeSet. - ChangeSet migration/vault-schema.changelog-v11.xml::expand_constraint_data_size::R3.Corda ran successfully in 1ms {changeSet=migration/vault-schema.changelog-v11.xml::expand_constraint_data_size::R3.Corda, databaseChangeLog=master.changelog.json}
?[m?[37m[INFO] 17:31:34,557 [driver-pool-thread-1] jvm.JdbcExecutor. - INSERT INTO PUBLIC.DATABASECHANGELOG (ID, AUTHOR, FILENAME, DATEEXECUTED, ORDEREXECUTED, MD5SUM, DESCRIPTION, COMMENTS, EXECTYPE, CONTEXTS, LABELS, LIQUIBASE, DEPLOYMENT_ID) VALUES ('expand_constraint_data_size', 'R3.Corda', 'migration/vault-schema.changelog-v11.xml', NOW(), 28, '8:0bd51f3d930d4b03d7b1075454bb2d70', 'modifyDataType columnName=constraint_data, tableName=vault_states', '', 'EXECUTED', NULL, NULL, '3.6.3', '7573094500') {changeSet=migration/vault-schema.changelog-v11.xml::expand_constraint_data_size::R3.Corda, databaseChangeLog=master.changelog.json}
?[m?[37m[INFO] 17:31:34,557 [driver-pool-thread-1] jvm.JdbcExecutor. - CREATE TABLE PUBLIC.node_link_nodeinfo_party (node_info_id INT NOT NULL, party_name NVARCHAR(255) NOT NULL) {changeSet=migration/node-info.changelog-init.xml::1511451595465-4::R3.Corda, databaseChangeLog=master.changelog.json}
?[m?[37m[INFO] 17:31:34,557 [driver-pool-thread-1] changelog.ChangeSet. - Table node_link_nodeinfo_party created {changeSet=migration/node-info.changelog-init.xml::1511451595465-4::R3.Corda, databaseChangeLog=master.changelog.json}
?[m?[37m[INFO] 17:31:34,557 [driver-pool-thread-1] changelog.ChangeSet. - ChangeSet migration/node-info.changelog-init.xml::1511451595465-4::R3.Corda ran successfully in 0ms {changeSet=migration/node-info.changelog-init.xml::1511451595465-4::R3.Corda, databaseChangeLog=master.changelog.json}
?[m?[37m[INFO] 17:31:34,558 [driver-pool-thread-1] jvm.JdbcExecutor. - INSERT INTO PUBLIC.DATABASECHANGELOG (ID, AUTHOR, FILENAME, DATEEXECUTED, ORDEREXECUTED, MD5SUM, DESCRIPTION, COMMENTS, EXECTYPE, CONTEXTS, LABELS, LIQUIBASE, DEPLOYMENT_ID) VALUES ('1511451595465-4', 'R3.Corda', 'migration/node-info.changelog-init.xml', NOW(), 29, '8:cbf3edf78266c3bd22738eaf20c7c111', 'createTable tableName=node_link_nodeinfo_party', '', 'EXECUTED', NULL, NULL, '3.6.3', '7573094500') {changeSet=migration/node-info.changelog-init.xml::1511451595465-4::R3.Corda, databaseChangeLog=master.changelog.json}
?[m?[37m[INFO] 17:31:34,558 [driver-pool-thread-1] jvm.JdbcExecutor. - CREATE TABLE PUBLIC.node_info_hosts (host NVARCHAR(255) NOT NULL, port INT NOT NULL, node_info_id INT) {changeSet=migration/node-info.changelog-init.xml::1511451595465-10::R3.Corda, databaseChangeLog=master.changelog.json}
?[m?[37m[INFO] 17:31:34,558 [driver-pool-thread-1] changelog.ChangeSet. - Table node_info_hosts created {changeSet=migration/node-info.changelog-init.xml::1511451595465-10::R3.Corda, databaseChangeLog=master.changelog.json}
?[m?[37m[INFO] 17:31:34,558 [driver-pool-thread-1] changelog.ChangeSet. - ChangeSet migration/node-info.changelog-init.xml::1511451595465-10::R3.Corda ran successfully in 0ms {changeSet=migration/node-info.changelog-init.xml::1511451595465-10::R3.Corda, databaseChangeLog=master.changelog.json}
?[m?[37m[INFO] 17:31:34,558 [driver-pool-thread-1] jvm.JdbcExecutor. - INSERT INTO PUBLIC.DATABASECHANGELOG (ID, AUTHOR, FILENAME, DATEEXECUTED, ORDEREXECUTED, MD5SUM, DESCRIPTION, COMMENTS, EXECTYPE, CONTEXTS, LABELS, LIQUIBASE, DEPLOYMENT_ID) VALUES ('1511451595465-10', 'R3.Corda', 'migration/node-info.changelog-init.xml', NOW(), 30, '8:f0b2c5a77ffde6aaa3c417095fc220a9', 'createTable tableName=node_info_hosts', '', 'EXECUTED', NULL, NULL, '3.6.3', '7573094500') {changeSet=migration/node-info.changelog-init.xml::1511451595465-10::R3.Corda, databaseChangeLog=master.changelog.json}
?[m?[37m[INFO] 17:31:34,559 [driver-pool-thread-1] jvm.JdbcExecutor. - CREATE TABLE PUBLIC.node_info_party_cert (party_name NVARCHAR(255) NOT NULL, ismain BOOLEAN NOT NULL, owning_key_hash NVARCHAR(130), party_cert_binary BLOB) {changeSet=migration/node-info.changelog-init.xml::1511451595465-11::R3.Corda, databaseChangeLog=master.changelog.json}
?[m?[37m[INFO] 17:31:34,559 [driver-pool-thread-1] changelog.ChangeSet. - Table node_info_party_cert created {changeSet=migration/node-info.changelog-init.xml::1511451595465-11::R3.Corda, databaseChangeLog=master.changelog.json}
?[m?[37m[INFO] 17:31:34,559 [driver-pool-thread-1] changelog.ChangeSet. - ChangeSet migration/node-info.changelog-init.xml::1511451595465-11::R3.Corda ran successfully in 0ms {changeSet=migration/node-info.changelog-init.xml::1511451595465-11::R3.Corda, databaseChangeLog=master.changelog.json}
?[m?[37m[INFO] 17:31:34,559 [driver-pool-thread-1] jvm.JdbcExecutor. - INSERT INTO PUBLIC.DATABASECHANGELOG (ID, AUTHOR, FILENAME, DATEEXECUTED, ORDEREXECUTED, MD5SUM, DESCRIPTION, COMMENTS, EXECTYPE, CONTEXTS, LABELS, LIQUIBASE, DEPLOYMENT_ID) VALUES ('1511451595465-11', 'R3.Corda', 'migration/node-info.changelog-init.xml', NOW(), 31, '8:5eacbf7ce0d85376219f1903b55f5e18', 'createTable tableName=node_info_party_cert', '', 'EXECUTED', NULL, NULL, '3.6.3', '7573094500') {changeSet=migration/node-info.changelog-init.xml::1511451595465-11::R3.Corda, databaseChangeLog=master.changelog.json}
?[m?[37m[INFO] 17:31:34,560 [driver-pool-thread-1] jvm.JdbcExecutor. - CREATE TABLE PUBLIC.node_infos (node_info_id INT NOT NULL, node_info_hash NVARCHAR(64), platform_version INT, serial BIGINT) {changeSet=migration/node-info.changelog-init.xml::1511451595465-12::R3.Corda, databaseChangeLog=master.changelog.json}
?[m?[37m[INFO] 17:31:34,560 [driver-pool-thread-1] changelog.ChangeSet. - Table node_infos created {changeSet=migration/node-info.changelog-init.xml::1511451595465-12::R3.Corda, databaseChangeLog=master.changelog.json}
?[m?[37m[INFO] 17:31:34,560 [driver-pool-thread-1] changelog.ChangeSet. - ChangeSet migration/node-info.changelog-init.xml::1511451595465-12::R3.Corda ran successfully in 1ms {changeSet=migration/node-info.changelog-init.xml::1511451595465-12::R3.Corda, databaseChangeLog=master.changelog.json}
?[m?[37m[INFO] 17:31:34,560 [driver-pool-thread-1] jvm.JdbcExecutor. - INSERT INTO PUBLIC.DATABASECHANGELOG (ID, AUTHOR, FILENAME, DATEEXECUTED, ORDEREXECUTED, MD5SUM, DESCRIPTION, COMMENTS, EXECTYPE, CONTEXTS, LABELS, LIQUIBASE, DEPLOYMENT_ID) VALUES ('1511451595465-12', 'R3.Corda', 'migration/node-info.changelog-init.xml', NOW(), 32, '8:7e30f20cf268860d637ecfb8635f45a3', 'createTable tableName=node_infos', '', 'EXECUTED', NULL, NULL, '3.6.3', '7573094500') {changeSet=migration/node-info.changelog-init.xml::1511451595465-12::R3.Corda, databaseChangeLog=master.changelog.json}
?[m?[37m[INFO] 17:31:34,560 [driver-pool-thread-1] jvm.JdbcExecutor. - ALTER TABLE PUBLIC.node_info_hosts ADD CONSTRAINT node_info_hosts_pkey PRIMARY KEY (host, port) {changeSet=migration/node-info.changelog-init.xml::1511451595465-35::R3.Corda, databaseChangeLog=master.changelog.json}
?[m?[37m[INFO] 17:31:34,561 [driver-pool-thread-1] changelog.ChangeSet. - Primary key added to node_info_hosts (host, port) {changeSet=migration/node-info.changelog-init.xml::1511451595465-35::R3.Corda, databaseChangeLog=master.changelog.json}
?[m?[37m[INFO] 17:31:34,561 [driver-pool-thread-1] changelog.ChangeSet. - ChangeSet migration/node-info.changelog-init.xml::1511451595465-35::R3.Corda ran successfully in 1ms {changeSet=migration/node-info.changelog-init.xml::1511451595465-35::R3.Corda, databaseChangeLog=master.changelog.json}
?[m?[37m[INFO] 17:31:34,561 [driver-pool-thread-1] jvm.JdbcExecutor. - INSERT INTO PUBLIC.DATABASECHANGELOG (ID, AUTHOR, FILENAME, DATEEXECUTED, ORDEREXECUTED, MD5SUM, DESCRIPTION, COMMENTS, EXECTYPE, CONTEXTS, LABELS, LIQUIBASE, DEPLOYMENT_ID) VALUES ('1511451595465-35', 'R3.Corda', 'migration/node-info.changelog-init.xml', NOW(), 33, '8:0d1a734e7350a8278808f540d992fedf', 'addPrimaryKey constraintName=node_info_hosts_pkey, tableName=node_info_hosts', '', 'EXECUTED', NULL, NULL, '3.6.3', '7573094500') {changeSet=migration/node-info.changelog-init.xml::1511451595465-35::R3.Corda, databaseChangeLog=master.changelog.json}
?[m?[37m[INFO] 17:31:34,561 [driver-pool-thread-1] jvm.JdbcExecutor. - ALTER TABLE PUBLIC.node_info_party_cert ADD CONSTRAINT node_info_party_cert_pkey PRIMARY KEY (party_name) {changeSet=migration/node-info.changelog-init.xml::1511451595465-36::R3.Corda, databaseChangeLog=master.changelog.json}
?[m?[37m[INFO] 17:31:34,561 [driver-pool-thread-1] changelog.ChangeSet. - Primary key added to node_info_party_cert (party_name) {changeSet=migration/node-info.changelog-init.xml::1511451595465-36::R3.Corda, databaseChangeLog=master.changelog.json}
?[m?[37m[INFO] 17:31:34,561 [driver-pool-thread-1] changelog.ChangeSet. - ChangeSet migration/node-info.changelog-init.xml::1511451595465-36::R3.Corda ran successfully in 0ms {changeSet=migration/node-info.changelog-init.xml::1511451595465-36::R3.Corda, databaseChangeLog=master.changelog.json}
?[m?[37m[INFO] 17:31:34,562 [driver-pool-thread-1] jvm.JdbcExecutor. - INSERT INTO PUBLIC.DATABASECHANGELOG (ID, AUTHOR, FILENAME, DATEEXECUTED, ORDEREXECUTED, MD5SUM, DESCRIPTION, COMMENTS, EXECTYPE, CONTEXTS, LABELS, LIQUIBASE, DEPLOYMENT_ID) VALUES ('1511451595465-36', 'R3.Corda', 'migration/node-info.changelog-init.xml', NOW(), 34, '8:dc78ba227ce869f406d2645c2064e8dc', 'addPrimaryKey constraintName=node_info_party_cert_pkey, tableName=node_info_party_cert', '', 'EXECUTED', NULL, NULL, '3.6.3', '7573094500') {changeSet=migration/node-info.changelog-init.xml::1511451595465-36::R3.Corda, databaseChangeLog=master.changelog.json}
?[m?[37m[INFO] 17:31:34,562 [driver-pool-thread-1] jvm.JdbcExecutor. - ALTER TABLE PUBLIC.node_infos ADD CONSTRAINT node_infos_pkey PRIMARY KEY (node_info_id) {changeSet=migration/node-info.changelog-init.xml::1511451595465-37::R3.Corda, databaseChangeLog=master.changelog.json}
?[m?[37m[INFO] 17:31:34,562 [driver-pool-thread-1] changelog.ChangeSet. - Primary key added to node_infos (node_info_id) {changeSet=migration/node-info.changelog-init.xml::1511451595465-37::R3.Corda, databaseChangeLog=master.changelog.json}
?[m?[37m[INFO] 17:31:34,562 [driver-pool-thread-1] changelog.ChangeSet. - ChangeSet migration/node-info.changelog-init.xml::1511451595465-37::R3.Corda ran successfully in 0ms {changeSet=migration/node-info.changelog-init.xml::1511451595465-37::R3.Corda, databaseChangeLog=master.changelog.json}
?[m?[37m[INFO] 17:31:34,562 [driver-pool-thread-1] jvm.JdbcExecutor. - INSERT INTO PUBLIC.DATABASECHANGELOG (ID, AUTHOR, FILENAME, DATEEXECUTED, ORDEREXECUTED, MD5SUM, DESCRIPTION, COMMENTS, EXECTYPE, CONTEXTS, LABELS, LIQUIBASE, DEPLOYMENT_ID) VALUES ('1511451595465-37', 'R3.Corda', 'migration/node-info.changelog-init.xml', NOW(), 35, '8:c07cbda2d04c6d77539ac802c66df023', 'addPrimaryKey constraintName=node_infos_pkey, tableName=node_infos', '', 'EXECUTED', NULL, NULL, '3.6.3', '7573094500') {changeSet=migration/node-info.changelog-init.xml::1511451595465-37::R3.Corda, databaseChangeLog=master.changelog.json}
?[m?[37m[INFO] 17:31:34,563 [driver-pool-thread-1] jvm.JdbcExecutor. - ALTER TABLE PUBLIC.node_link_nodeinfo_party ADD CONSTRAINT FK__link_nodeinfo_party__infos FOREIGN KEY (node_info_id) REFERENCES PUBLIC.node_infos (node_info_id) {changeSet=migration/node-info.changelog-init.xml::1511451595465-62::R3.Corda, databaseChangeLog=master.changelog.json}
?[m?[37m[INFO] 17:31:34,563 [driver-pool-thread-1] changelog.ChangeSet. - Foreign key constraint added to node_link_nodeinfo_party (node_info_id) {changeSet=migration/node-info.changelog-init.xml::1511451595465-62::R3.Corda, databaseChangeLog=master.changelog.json}
?[m?[37m[INFO] 17:31:34,563 [driver-pool-thread-1] changelog.ChangeSet. - ChangeSet migration/node-info.changelog-init.xml::1511451595465-62::R3.Corda ran successfully in 0ms {changeSet=migration/node-info.changelog-init.xml::1511451595465-62::R3.Corda, databaseChangeLog=master.changelog.json}
?[m?[37m[INFO] 17:31:34,564 [driver-pool-thread-1] jvm.JdbcExecutor. - INSERT INTO PUBLIC.DATABASECHANGELOG (ID, AUTHOR, FILENAME, DATEEXECUTED, ORDEREXECUTED, MD5SUM, DESCRIPTION, COMMENTS, EXECTYPE, CONTEXTS, LABELS, LIQUIBASE, DEPLOYMENT_ID) VALUES ('1511451595465-62', 'R3.Corda', 'migration/node-info.changelog-init.xml', NOW(), 36, '8:073bbdb8865055a19cde67340a2063e2', 'addForeignKeyConstraint baseTableName=node_link_nodeinfo_party, constraintName=FK__link_nodeinfo_party__infos, referencedTableName=node_infos', '', 'EXECUTED', NULL, NULL, '3.6.3', '7573094500') {changeSet=migration/node-info.changelog-init.xml::1511451595465-62::R3.Corda, databaseChangeLog=master.changelog.json}
?[m?[37m[INFO] 17:31:34,564 [driver-pool-thread-1] jvm.JdbcExecutor. - ALTER TABLE PUBLIC.node_info_hosts ADD CONSTRAINT FK__info_hosts__infos FOREIGN KEY (node_info_id) REFERENCES PUBLIC.node_infos (node_info_id) {changeSet=migration/node-info.changelog-init.xml::1511451595465-63::R3.Corda, databaseChangeLog=master.changelog.json}
?[m?[37m[INFO] 17:31:34,564 [driver-pool-thread-1] changelog.ChangeSet. - Foreign key constraint added to node_info_hosts (node_info_id) {changeSet=migration/node-info.changelog-init.xml::1511451595465-63::R3.Corda, databaseChangeLog=master.changelog.json}
?[m?[37m[INFO] 17:31:34,564 [driver-pool-thread-1] changelog.ChangeSet. - ChangeSet migration/node-info.changelog-init.xml::1511451595465-63::R3.Corda ran successfully in 0ms {changeSet=migration/node-info.changelog-init.xml::1511451595465-63::R3.Corda, databaseChangeLog=master.changelog.json}
?[m?[37m[INFO] 17:31:34,565 [driver-pool-thread-1] jvm.JdbcExecutor. - INSERT INTO PUBLIC.DATABASECHANGELOG (ID, AUTHOR, FILENAME, DATEEXECUTED, ORDEREXECUTED, MD5SUM, DESCRIPTION, COMMENTS, EXECTYPE, CONTEXTS, LABELS, LIQUIBASE, DEPLOYMENT_ID) VALUES ('1511451595465-63', 'R3.Corda', 'migration/node-info.changelog-init.xml', NOW(), 37, '8:fa5ee007de41334ad2ac991b32969076', 'addForeignKeyConstraint baseTableName=node_info_hosts, constraintName=FK__info_hosts__infos, referencedTableName=node_infos', '', 'EXECUTED', NULL, NULL, '3.6.3', '7573094500') {changeSet=migration/node-info.changelog-init.xml::1511451595465-63::R3.Corda, databaseChangeLog=master.changelog.json}
?[m?[37m[INFO] 17:31:34,565 [driver-pool-thread-1] jvm.JdbcExecutor. - DELETE FROM PUBLIC.node_infos {changeSet=migration/node-info.changelog-init.xml::remove_host_port_pk::R3.Corda, databaseChangeLog=master.changelog.json}
?[m?[37m[INFO] 17:31:34,565 [driver-pool-thread-1] changelog.ChangeSet. - Data deleted from node_infos {changeSet=migration/node-info.changelog-init.xml::remove_host_port_pk::R3.Corda, databaseChangeLog=master.changelog.json}
?[m?[37m[INFO] 17:31:34,565 [driver-pool-thread-1] jvm.JdbcExecutor. - DELETE FROM PUBLIC.node_link_nodeinfo_party {changeSet=migration/node-info.changelog-init.xml::remove_host_port_pk::R3.Corda, databaseChangeLog=master.changelog.json}
?[m?[37m[INFO] 17:31:34,565 [driver-pool-thread-1] changelog.ChangeSet. - Data deleted from node_link_nodeinfo_party {changeSet=migration/node-info.changelog-init.xml::remove_host_port_pk::R3.Corda, databaseChangeLog=master.changelog.json}
?[m?[37m[INFO] 17:31:34,566 [driver-pool-thread-1] jvm.JdbcExecutor. - DELETE FROM PUBLIC.node_info_hosts {changeSet=migration/node-info.changelog-init.xml::remove_host_port_pk::R3.Corda, databaseChangeLog=master.changelog.json}
?[m?[37m[INFO] 17:31:34,566 [driver-pool-thread-1] changelog.ChangeSet. - Data deleted from node_info_hosts {changeSet=migration/node-info.changelog-init.xml::remove_host_port_pk::R3.Corda, databaseChangeLog=master.changelog.json}
?[m?[37m[INFO] 17:31:34,566 [driver-pool-thread-1] jvm.JdbcExecutor. - DELETE FROM PUBLIC.node_info_party_cert {changeSet=migration/node-info.changelog-init.xml::remove_host_port_pk::R3.Corda, databaseChangeLog=master.changelog.json}
?[m?[37m[INFO] 17:31:34,566 [driver-pool-thread-1] changelog.ChangeSet. - Data deleted from node_info_party_cert {changeSet=migration/node-info.changelog-init.xml::remove_host_port_pk::R3.Corda, databaseChangeLog=master.changelog.json}
?[m?[37m[INFO] 17:31:34,566 [driver-pool-thread-1] jvm.JdbcExecutor. - ALTER TABLE PUBLIC.node_info_hosts DROP PRIMARY KEY {changeSet=migration/node-info.changelog-init.xml::remove_host_port_pk::R3.Corda, databaseChangeLog=master.changelog.json}
?[m?[37m[INFO] 17:31:34,566 [driver-pool-thread-1] changelog.ChangeSet. - Primary key dropped from node_info_hosts {changeSet=migration/node-info.changelog-init.xml::remove_host_port_pk::R3.Corda, databaseChangeLog=master.changelog.json}
?[m?[37m[INFO] 17:31:34,566 [driver-pool-thread-1] jvm.JdbcExecutor. - ALTER TABLE PUBLIC.node_info_hosts ADD hosts_id INT NOT NULL {changeSet=migration/node-info.changelog-init.xml::remove_host_port_pk::R3.Corda, databaseChangeLog=master.changelog.json}
?[m?[37m[INFO] 17:31:34,567 [driver-pool-thread-1] changelog.ChangeSet. - Columns hosts_id(INT) added to node_info_hosts {changeSet=migration/node-info.changelog-init.xml::remove_host_port_pk::R3.Corda, databaseChangeLog=master.changelog.json}
?[m?[37m[INFO] 17:31:34,567 [driver-pool-thread-1] jvm.JdbcExecutor. - ALTER TABLE PUBLIC.node_info_hosts ADD CONSTRAINT node_info_hosts_pkey_id PRIMARY KEY (hosts_id) {changeSet=migration/node-info.changelog-init.xml::remove_host_port_pk::R3.Corda, databaseChangeLog=master.changelog.json}
?[m?[37m[INFO] 17:31:34,567 [driver-pool-thread-1] changelog.ChangeSet. - Primary key added to node_info_hosts (hosts_id) {changeSet=migration/node-info.changelog-init.xml::remove_host_port_pk::R3.Corda, databaseChangeLog=master.changelog.json}
?[m?[37m[INFO] 17:31:34,567 [driver-pool-thread-1] changelog.ChangeSet. - ChangeSet migration/node-info.changelog-init.xml::remove_host_port_pk::R3.Corda ran successfully in 2ms {changeSet=migration/node-info.changelog-init.xml::remove_host_port_pk::R3.Corda, databaseChangeLog=master.changelog.json}
?[m?[37m[INFO] 17:31:34,568 [driver-pool-thread-1] jvm.JdbcExecutor. - INSERT INTO PUBLIC.DATABASECHANGELOG (ID, AUTHOR, FILENAME, DATEEXECUTED, ORDEREXECUTED, MD5SUM, DESCRIPTION, COMMENTS, EXECTYPE, CONTEXTS, LABELS, LIQUIBASE, DEPLOYMENT_ID) VALUES ('remove_host_port_pk', 'R3.Corda', 'migration/node-info.changelog-init.xml', NOW(), 38, '8:50fa65c10fd9bb3d89e0ad75d29a0e4d', 'delete tableName=node_infos; delete tableName=node_link_nodeinfo_party; delete tableName=node_info_hosts; delete tableName=node_info_party_cert; dropPrimaryKey constraintName=node_info_hosts_pkey, tableName=node_info_hosts; addColumn tableName=nod...', '', 'EXECUTED', NULL, NULL, '3.6.3', '7573094500') {changeSet=migration/node-info.changelog-init.xml::remove_host_port_pk::R3.Corda, databaseChangeLog=master.changelog.json}
?[m?[37m[INFO] 17:31:34,568 [driver-pool-thread-1] jvm.JdbcExecutor. - CREATE TABLE PUBLIC.node_properties (property_key NVARCHAR(255) NOT NULL, property_value NVARCHAR(255)) {changeSet=migration/node-info.changelog-v1.xml::key/value node properties table::R3.Corda, databaseChangeLog=master.changelog.json}
?[m?[37m[INFO] 17:31:34,568 [driver-pool-thread-1] changelog.ChangeSet. - Table node_properties created {changeSet=migration/node-info.changelog-v1.xml::key/value node properties table::R3.Corda, databaseChangeLog=master.changelog.json}
?[m?[37m[INFO] 17:31:34,568 [driver-pool-thread-1] changelog.ChangeSet. - ChangeSet migration/node-info.changelog-v1.xml::key/value node properties table::R3.Corda ran successfully in 0ms {changeSet=migration/node-info.changelog-v1.xml::key/value node properties table::R3.Corda, databaseChangeLog=master.changelog.json}
?[m?[37m[INFO] 17:31:34,569 [driver-pool-thread-1] jvm.JdbcExecutor. - INSERT INTO PUBLIC.DATABASECHANGELOG (ID, AUTHOR, FILENAME, DATEEXECUTED, ORDEREXECUTED, MD5SUM, DESCRIPTION, COMMENTS, EXECTYPE, CONTEXTS, LABELS, LIQUIBASE, DEPLOYMENT_ID) VALUES ('key/value node properties table', 'R3.Corda', 'migration/node-info.changelog-v1.xml', NOW(), 39, '8:39e4c897aa5e893e79a0434af2948a91', 'createTable tableName=node_properties', '', 'EXECUTED', NULL, NULL, '3.6.3', '7573094500') {changeSet=migration/node-info.changelog-v1.xml::key/value node properties table::R3.Corda, databaseChangeLog=master.changelog.json}
?[m?[37m[INFO] 17:31:34,569 [driver-pool-thread-1] jvm.JdbcExecutor. - ALTER TABLE PUBLIC.node_infos ALTER COLUMN node_info_hash SET NOT NULL {changeSet=migration/node-info.changelog-v2.xml::1525962920::R3.Corda, databaseChangeLog=master.changelog.json}
?[m?[37m[INFO] 17:31:34,569 [driver-pool-thread-1] changelog.ChangeSet. - NOT NULL constraint has been added to node_infos.node_info_hash {changeSet=migration/node-info.changelog-v2.xml::1525962920::R3.Corda, databaseChangeLog=master.changelog.json}
?[m?[37m[INFO] 17:31:34,569 [driver-pool-thread-1] jvm.JdbcExecutor. - ALTER TABLE PUBLIC.node_infos ALTER COLUMN platform_version SET NOT NULL {changeSet=migration/node-info.changelog-v2.xml::1525962920::R3.Corda, databaseChangeLog=master.changelog.json}
?[m?[37m[INFO] 17:31:34,569 [driver-pool-thread-1] changelog.ChangeSet. - NOT NULL constraint has been added to node_infos.platform_version {changeSet=migration/node-info.changelog-v2.xml::1525962920::R3.Corda, databaseChangeLog=master.changelog.json}
?[m?[37m[INFO] 17:31:34,569 [driver-pool-thread-1] jvm.JdbcExecutor. - ALTER TABLE PUBLIC.node_infos ALTER COLUMN serial SET NOT NULL {changeSet=migration/node-info.changelog-v2.xml::1525962920::R3.Corda, databaseChangeLog=master.changelog.json}
?[m?[37m[INFO] 17:31:34,570 [driver-pool-thread-1] changelog.ChangeSet. - NOT NULL constraint has been added to node_infos.serial {changeSet=migration/node-info.changelog-v2.xml::1525962920::R3.Corda, databaseChangeLog=master.changelog.json}
?[m?[37m[INFO] 17:31:34,570 [driver-pool-thread-1] jvm.JdbcExecutor. - ALTER TABLE PUBLIC.node_info_hosts ALTER COLUMN host SET NULL {changeSet=migration/node-info.changelog-v2.xml::1525962920::R3.Corda, databaseChangeLog=master.changelog.json}
?[m?[37m[INFO] 17:31:34,570 [driver-pool-thread-1] changelog.ChangeSet. - Null constraint dropped from node_info_hosts.host {changeSet=migration/node-info.changelog-v2.xml::1525962920::R3.Corda, databaseChangeLog=master.changelog.json}
?[m?[37m[INFO] 17:31:34,570 [driver-pool-thread-1] jvm.JdbcExecutor. - ALTER TABLE PUBLIC.node_info_hosts ALTER COLUMN port SET NULL {changeSet=migration/node-info.changelog-v2.xml::1525962920::R3.Corda, databaseChangeLog=master.changelog.json}
?[m?[37m[INFO] 17:31:34,570 [driver-pool-thread-1] changelog.ChangeSet. - Null constraint dropped from node_info_hosts.port {changeSet=migration/node-info.changelog-v2.xml::1525962920::R3.Corda, databaseChangeLog=master.changelog.json}
?[m?[37m[INFO] 17:31:34,570 [driver-pool-thread-1] jvm.JdbcExecutor. - ALTER TABLE PUBLIC.node_info_party_cert ALTER COLUMN owning_key_hash SET NOT NULL {changeSet=migration/node-info.changelog-v2.xml::1525962920::R3.Corda, databaseChangeLog=master.changelog.json}
?[m?[37m[INFO] 17:31:34,570 [driver-pool-thread-1] changelog.ChangeSet. - NOT NULL constraint has been added to node_info_party_cert.owning_key_hash {changeSet=migration/node-info.changelog-v2.xml::1525962920::R3.Corda, databaseChangeLog=master.changelog.json}
?[m?[37m[INFO] 17:31:34,570 [driver-pool-thread-1] jvm.JdbcExecutor. - ALTER TABLE PUBLIC.node_info_party_cert ALTER COLUMN party_cert_binary SET NOT NULL {changeSet=migration/node-info.changelog-v2.xml::1525962920::R3.Corda, databaseChangeLog=master.changelog.json}
?[m?[37m[INFO] 17:31:34,570 [driver-pool-thread-1] changelog.ChangeSet. - NOT NULL constraint has been added to node_info_party_cert.party_cert_binary {changeSet=migration/node-info.changelog-v2.xml::1525962920::R3.Corda, databaseChangeLog=master.changelog.json}
?[m?[37m[INFO] 17:31:34,570 [driver-pool-thread-1] changelog.ChangeSet. - ChangeSet migration/node-info.changelog-v2.xml::1525962920::R3.Corda ran successfully in 1ms {changeSet=migration/node-info.changelog-v2.xml::1525962920::R3.Corda, databaseChangeLog=master.changelog.json}
?[m?[37m[INFO] 17:31:34,571 [driver-pool-thread-1] jvm.JdbcExecutor. - INSERT INTO PUBLIC.DATABASECHANGELOG (ID, AUTHOR, FILENAME, DATEEXECUTED, ORDEREXECUTED, MD5SUM, DESCRIPTION, COMMENTS, EXECTYPE, CONTEXTS, LABELS, LIQUIBASE, DEPLOYMENT_ID) VALUES ('1525962920', 'R3.Corda', 'migration/node-info.changelog-v2.xml', NOW(), 40, '8:cc835e848ed6cc1f4b2a2e8e31fa92f1', 'addNotNullConstraint columnName=node_info_hash, tableName=node_infos; addNotNullConstraint columnName=platform_version, tableName=node_infos; addNotNullConstraint columnName=serial, tableName=node_infos; dropNotNullConstraint columnName=host, tabl...', '', 'EXECUTED', NULL, NULL, '3.6.3', '7573094500') {changeSet=migration/node-info.changelog-v2.xml::1525962920::R3.Corda, databaseChangeLog=master.changelog.json}
?[m?[37m[INFO] 17:31:34,571 [driver-pool-thread-1] jvm.JdbcExecutor. - ALTER TABLE PUBLIC.node_info_hosts ALTER COLUMN host RENAME TO host_name {changeSet=migration/node-info.changelog-v3.xml::column_host_name::R3.Corda, databaseChangeLog=master.changelog.json}
?[m?[37m[INFO] 17:31:34,571 [driver-pool-thread-1] changelog.ChangeSet. - Column node_info_hosts.host renamed to host_name {changeSet=migration/node-info.changelog-v3.xml::column_host_name::R3.Corda, databaseChangeLog=master.changelog.json}
?[m?[37m[INFO] 17:31:34,571 [driver-pool-thread-1] changelog.ChangeSet. - ChangeSet migration/node-info.changelog-v3.xml::column_host_name::R3.Corda ran successfully in 0ms {changeSet=migration/node-info.changelog-v3.xml::column_host_name::R3.Corda, databaseChangeLog=master.changelog.json}
?[m?[37m[INFO] 17:31:34,572 [driver-pool-thread-1] jvm.JdbcExecutor. - INSERT INTO PUBLIC.DATABASECHANGELOG (ID, AUTHOR, FILENAME, DATEEXECUTED, ORDEREXECUTED, MD5SUM, DESCRIPTION, COMMENTS, EXECTYPE, CONTEXTS, LABELS, LIQUIBASE, DEPLOYMENT_ID) VALUES ('column_host_name', 'R3.Corda', 'migration/node-info.changelog-v3.xml', NOW(), 41, '8:e5fb9380221a91515f45ee44c9c30053', 'renameColumn newColumnName=host_name, oldColumnName=host, tableName=node_info_hosts', '', 'EXECUTED', NULL, NULL, '3.6.3', '7573094500') {changeSet=migration/node-info.changelog-v3.xml::column_host_name::R3.Corda, databaseChangeLog=master.changelog.json}
?[m?[37m[INFO] 17:31:34,572 [driver-pool-thread-1] jvm.JdbcExecutor. - CREATE TABLE PUBLIC.node_attachments (att_id NVARCHAR(255) NOT NULL, content BLOB, filename NVARCHAR(255), insertion_date TIMESTAMP NOT NULL, uploader NVARCHAR(255)) {changeSet=migration/node-services.changelog-init.xml::1511451595465-5::R3.Corda, databaseChangeLog=master.changelog.json}
?[m?[37m[INFO] 17:31:34,572 [driver-pool-thread-1] changelog.ChangeSet. - Table node_attachments created {changeSet=migration/node-services.changelog-init.xml::1511451595465-5::R3.Corda, databaseChangeLog=master.changelog.json}
?[m?[37m[INFO] 17:31:34,572 [driver-pool-thread-1] changelog.ChangeSet. - ChangeSet migration/node-services.changelog-init.xml::1511451595465-5::R3.Corda ran successfully in 0ms {changeSet=migration/node-services.changelog-init.xml::1511451595465-5::R3.Corda, databaseChangeLog=master.changelog.json}
?[m?[37m[INFO] 17:31:34,572 [driver-pool-thread-1] jvm.JdbcExecutor. - INSERT INTO PUBLIC.DATABASECHANGELOG (ID, AUTHOR, FILENAME, DATEEXECUTED, ORDEREXECUTED, MD5SUM, DESCRIPTION, COMMENTS, EXECTYPE, CONTEXTS, LABELS, LIQUIBASE, DEPLOYMENT_ID) VALUES ('1511451595465-5', 'R3.Corda', 'migration/node-services.changelog-init.xml', NOW(), 42, '8:380e64788d9896c1166e4c22336d01e4', 'createTable tableName=node_attachments', '', 'EXECUTED', NULL, NULL, '3.6.3', '7573094500') {changeSet=migration/node-services.changelog-init.xml::1511451595465-5::R3.Corda, databaseChangeLog=master.changelog.json}
?[m?[37m[INFO] 17:31:34,573 [driver-pool-thread-1] jvm.JdbcExecutor. - CREATE TABLE PUBLIC.node_checkpoints (checkpoint_id NVARCHAR(64) NOT NULL, checkpoint_value BLOB) {changeSet=migration/node-services.changelog-init.xml::1511451595465-7::R3.Corda, databaseChangeLog=master.changelog.json}
?[m?[37m[INFO] 17:31:34,573 [driver-pool-thread-1] changelog.ChangeSet. - Table node_checkpoints created {changeSet=migration/node-services.changelog-init.xml::1511451595465-7::R3.Corda, databaseChangeLog=master.changelog.json}
?[m?[37m[INFO] 17:31:34,573 [driver-pool-thread-1] changelog.ChangeSet. - ChangeSet migration/node-services.changelog-init.xml::1511451595465-7::R3.Corda ran successfully in 0ms {changeSet=migration/node-services.changelog-init.xml::1511451595465-7::R3.Corda, databaseChangeLog=master.changelog.json}
?[m?[37m[INFO] 17:31:34,573 [driver-pool-thread-1] jvm.JdbcExecutor. - INSERT INTO PUBLIC.DATABASECHANGELOG (ID, AUTHOR, FILENAME, DATEEXECUTED, ORDEREXECUTED, MD5SUM, DESCRIPTION, COMMENTS, EXECTYPE, CONTEXTS, LABELS, LIQUIBASE, DEPLOYMENT_ID) VALUES ('1511451595465-7', 'R3.Corda', 'migration/node-services.changelog-init.xml', NOW(), 43, '8:8aefa1967ed80f8f98b69247c70c9f24', 'createTable tableName=node_checkpoints', '', 'EXECUTED', NULL, NULL, '3.6.3', '7573094500') {changeSet=migration/node-services.changelog-init.xml::1511451595465-7::R3.Corda, databaseChangeLog=master.changelog.json}
?[m?[37m[INFO] 17:31:34,574 [driver-pool-thread-1] jvm.JdbcExecutor. - CREATE TABLE PUBLIC.node_contract_upgrades (state_ref NVARCHAR(96) NOT NULL, contract_class_name NVARCHAR(255)) {changeSet=migration/node-services.changelog-init.xml::1511451595465-8::R3.Corda, databaseChangeLog=master.changelog.json}
?[m?[37m[INFO] 17:31:34,574 [driver-pool-thread-1] changelog.ChangeSet. - Table node_contract_upgrades created {changeSet=migration/node-services.changelog-init.xml::1511451595465-8::R3.Corda, databaseChangeLog=master.changelog.json}
?[m?[37m[INFO] 17:31:34,574 [driver-pool-thread-1] changelog.ChangeSet. - ChangeSet migration/node-services.changelog-init.xml::1511451595465-8::R3.Corda ran successfully in 1ms {changeSet=migration/node-services.changelog-init.xml::1511451595465-8::R3.Corda, databaseChangeLog=master.changelog.json}
?[m?[37m[INFO] 17:31:34,574 [driver-pool-thread-1] jvm.JdbcExecutor. - INSERT INTO PUBLIC.DATABASECHANGELOG (ID, AUTHOR, FILENAME, DATEEXECUTED, ORDEREXECUTED, MD5SUM, DESCRIPTION, COMMENTS, EXECTYPE, CONTEXTS, LABELS, LIQUIBASE, DEPLOYMENT_ID) VALUES ('1511451595465-8', 'R3.Corda', 'migration/node-services.changelog-init.xml', NOW(), 44, '8:6b06fe4c0ef085967f4dbd00dca08533', 'createTable tableName=node_contract_upgrades', '', 'EXECUTED', NULL, NULL, '3.6.3', '7573094500') {changeSet=migration/node-services.changelog-init.xml::1511451595465-8::R3.Corda, databaseChangeLog=master.changelog.json}
?[m?[37m[INFO] 17:31:34,574 [driver-pool-thread-1] jvm.JdbcExecutor. - CREATE TABLE PUBLIC.node_identities (pk_hash NVARCHAR(130) NOT NULL, identity_value BLOB) {changeSet=migration/node-services.changelog-init.xml::1511451595465-9::R3.Corda, databaseChangeLog=master.changelog.json}
?[m?[37m[INFO] 17:31:34,575 [driver-pool-thread-1] changelog.ChangeSet. - Table node_identities created {changeSet=migration/node-services.changelog-init.xml::1511451595465-9::R3.Corda, databaseChangeLog=master.changelog.json}
?[m?[37m[INFO] 17:31:34,575 [driver-pool-thread-1] changelog.ChangeSet. - ChangeSet migration/node-services.changelog-init.xml::1511451595465-9::R3.Corda ran successfully in 1ms {changeSet=migration/node-services.changelog-init.xml::1511451595465-9::R3.Corda, databaseChangeLog=master.changelog.json}
?[m?[37m[INFO] 17:31:34,575 [driver-pool-thread-1] jvm.JdbcExecutor. - INSERT INTO PUBLIC.DATABASECHANGELOG (ID, AUTHOR, FILENAME, DATEEXECUTED, ORDEREXECUTED, MD5SUM, DESCRIPTION, COMMENTS, EXECTYPE, CONTEXTS, LABELS, LIQUIBASE, DEPLOYMENT_ID) VALUES ('1511451595465-9', 'R3.Corda', 'migration/node-services.changelog-init.xml', NOW(), 45, '8:293963c9989772e272e1397c8ae9dfb1', 'createTable tableName=node_identities', '', 'EXECUTED', NULL, NULL, '3.6.3', '7573094500') {changeSet=migration/node-services.changelog-init.xml::1511451595465-9::R3.Corda, databaseChangeLog=master.changelog.json}
?[m?[37m[INFO] 17:31:34,576 [driver-pool-thread-1] jvm.JdbcExecutor. - CREATE TABLE PUBLIC.node_message_ids (message_id NVARCHAR(64) NOT NULL, insertion_time TIMESTAMP) {changeSet=migration/node-services.changelog-init.xml::1511451595465-13::R3.Corda, databaseChangeLog=master.changelog.json}
?[m?[37m[INFO] 17:31:34,576 [driver-pool-thread-1] changelog.ChangeSet. - Table node_message_ids created {changeSet=migration/node-services.changelog-init.xml::1511451595465-13::R3.Corda, databaseChangeLog=master.changelog.json}
?[m?[37m[INFO] 17:31:34,576 [driver-pool-thread-1] changelog.ChangeSet. - ChangeSet migration/node-services.changelog-init.xml::1511451595465-13::R3.Corda ran successfully in 1ms {changeSet=migration/node-services.changelog-init.xml::1511451595465-13::R3.Corda, databaseChangeLog=master.changelog.json}
?[m?[37m[INFO] 17:31:34,576 [driver-pool-thread-1] jvm.JdbcExecutor. - INSERT INTO PUBLIC.DATABASECHANGELOG (ID, AUTHOR, FILENAME, DATEEXECUTED, ORDEREXECUTED, MD5SUM, DESCRIPTION, COMMENTS, EXECTYPE, CONTEXTS, LABELS, LIQUIBASE, DEPLOYMENT_ID) VALUES ('1511451595465-13', 'R3.Corda', 'migration/node-services.changelog-init.xml', NOW(), 46, '8:421bb9432660d6cdf67a18c6f0acdeb4', 'createTable tableName=node_message_ids', '', 'EXECUTED', NULL, NULL, '3.6.3', '7573094500') {changeSet=migration/node-services.changelog-init.xml::1511451595465-13::R3.Corda, databaseChangeLog=master.changelog.json}
?[m?[37m[INFO] 17:31:34,577 [driver-pool-thread-1] jvm.JdbcExecutor. - CREATE TABLE PUBLIC.node_message_retry (message_id BIGINT NOT NULL, message BLOB, recipients BLOB) {changeSet=migration/node-services.changelog-init.xml::1511451595465-14::R3.Corda, databaseChangeLog=master.changelog.json}
?[m?[37m[INFO] 17:31:34,577 [driver-pool-thread-1] changelog.ChangeSet. - Table node_message_retry created {changeSet=migration/node-services.changelog-init.xml::1511451595465-14::R3.Corda, databaseChangeLog=master.changelog.json}
?[m?[37m[INFO] 17:31:34,577 [driver-pool-thread-1] changelog.ChangeSet. - ChangeSet migration/node-services.changelog-init.xml::1511451595465-14::R3.Corda ran successfully in 0ms {changeSet=migration/node-services.changelog-init.xml::1511451595465-14::R3.Corda, databaseChangeLog=master.changelog.json}
?[m?[37m[INFO] 17:31:34,578 [driver-pool-thread-1] jvm.JdbcExecutor. - INSERT INTO PUBLIC.DATABASECHANGELOG (ID, AUTHOR, FILENAME, DATEEXECUTED, ORDEREXECUTED, MD5SUM, DESCRIPTION, COMMENTS, EXECTYPE, CONTEXTS, LABELS, LIQUIBASE, DEPLOYMENT_ID) VALUES ('1511451595465-14', 'R3.Corda', 'migration/node-services.changelog-init.xml', NOW(), 47, '8:ba7acbbe63086c3c9fb627ea948864b2', 'createTable tableName=node_message_retry', '', 'EXECUTED', NULL, NULL, '3.6.3', '7573094500') {changeSet=migration/node-services.changelog-init.xml::1511451595465-14::R3.Corda, databaseChangeLog=master.changelog.json}
?[m?[37m[INFO] 17:31:34,578 [driver-pool-thread-1] jvm.JdbcExecutor. - CREATE TABLE PUBLIC.node_named_identities (name NVARCHAR(128) NOT NULL, pk_hash NVARCHAR(130)) {changeSet=migration/node-services.changelog-init.xml::1511451595465-15::R3.Corda, databaseChangeLog=master.changelog.json}
?[m?[37m[INFO] 17:31:34,579 [driver-pool-thread-1] changelog.ChangeSet. - Table node_named_identities created {changeSet=migration/node-services.changelog-init.xml::1511451595465-15::R3.Corda, databaseChangeLog=master.changelog.json}
?[m?[37m[INFO] 17:31:34,579 [driver-pool-thread-1] changelog.ChangeSet. - ChangeSet migration/node-services.changelog-init.xml::1511451595465-15::R3.Corda ran successfully in 1ms {changeSet=migration/node-services.changelog-init.xml::1511451595465-15::R3.Corda, databaseChangeLog=master.changelog.json}
?[m?[37m[INFO] 17:31:34,579 [driver-pool-thread-1] jvm.JdbcExecutor. - INSERT INTO PUBLIC.DATABASECHANGELOG (ID, AUTHOR, FILENAME, DATEEXECUTED, ORDEREXECUTED, MD5SUM, DESCRIPTION, COMMENTS, EXECTYPE, CONTEXTS, LABELS, LIQUIBASE, DEPLOYMENT_ID) VALUES ('1511451595465-15', 'R3.Corda', 'migration/node-services.changelog-init.xml', NOW(), 48, '8:bf6ca4e45e140b225f6f934935dd2f34', 'createTable tableName=node_named_identities', '', 'EXECUTED', NULL, NULL, '3.6.3', '7573094500') {changeSet=migration/node-services.changelog-init.xml::1511451595465-15::R3.Corda, databaseChangeLog=master.changelog.json}
?[m?[37m[INFO] 17:31:34,580 [driver-pool-thread-1] jvm.JdbcExecutor. - CREATE TABLE PUBLIC.node_our_key_pairs (public_key_hash NVARCHAR(130) NOT NULL, private_key BLOB, public_key BLOB) {changeSet=migration/node-services.changelog-init.xml::1511451595465-17::R3.Corda, databaseChangeLog=master.changelog.json}
?[m?[37m[INFO] 17:31:34,580 [driver-pool-thread-1] changelog.ChangeSet. - Table node_our_key_pairs created {changeSet=migration/node-services.changelog-init.xml::1511451595465-17::R3.Corda, databaseChangeLog=master.changelog.json}
?[m?[37m[INFO] 17:31:34,580 [driver-pool-thread-1] changelog.ChangeSet. - ChangeSet migration/node-services.changelog-init.xml::1511451595465-17::R3.Corda ran successfully in 0ms {changeSet=migration/node-services.changelog-init.xml::1511451595465-17::R3.Corda, databaseChangeLog=master.changelog.json}
?[m?[37m[INFO] 17:31:34,581 [driver-pool-thread-1] jvm.JdbcExecutor. - INSERT INTO PUBLIC.DATABASECHANGELOG (ID, AUTHOR, FILENAME, DATEEXECUTED, ORDEREXECUTED, MD5SUM, DESCRIPTION, COMMENTS, EXECTYPE, CONTEXTS, LABELS, LIQUIBASE, DEPLOYMENT_ID) VALUES ('1511451595465-17', 'R3.Corda', 'migration/node-services.changelog-init.xml', NOW(), 49, '8:e91eb86cb57176d4605d948f694d8441', 'createTable tableName=node_our_key_pairs', '', 'EXECUTED', NULL, NULL, '3.6.3', '7573094500') {changeSet=migration/node-services.changelog-init.xml::1511451595465-17::R3.Corda, databaseChangeLog=master.changelog.json}
?[m?[37m[INFO] 17:31:34,581 [driver-pool-thread-1] jvm.JdbcExecutor. - CREATE TABLE PUBLIC.node_scheduled_states (output_index INT NOT NULL, transaction_id NVARCHAR(64) NOT NULL, scheduled_at TIMESTAMP NOT NULL) {changeSet=migration/node-services.changelog-init.xml::1511451595465-19::R3.Corda, databaseChangeLog=master.changelog.json}
?[m?[37m[INFO] 17:31:34,581 [driver-pool-thread-1] changelog.ChangeSet. - Table node_scheduled_states created {changeSet=migration/node-services.changelog-init.xml::1511451595465-19::R3.Corda, databaseChangeLog=master.changelog.json}
?[m?[37m[INFO] 17:31:34,581 [driver-pool-thread-1] changelog.ChangeSet. - ChangeSet migration/node-services.changelog-init.xml::1511451595465-19::R3.Corda ran successfully in 0ms {changeSet=migration/node-services.changelog-init.xml::1511451595465-19::R3.Corda, databaseChangeLog=master.changelog.json}
?[m?[37m[INFO] 17:31:34,582 [driver-pool-thread-1] jvm.JdbcExecutor. - INSERT INTO PUBLIC.DATABASECHANGELOG (ID, AUTHOR, FILENAME, DATEEXECUTED, ORDEREXECUTED, MD5SUM, DESCRIPTION, COMMENTS, EXECTYPE, CONTEXTS, LABELS, LIQUIBASE, DEPLOYMENT_ID) VALUES ('1511451595465-19', 'R3.Corda', 'migration/node-services.changelog-init.xml', NOW(), 50, '8:55282f9fbfc1cb8f7583a90173e3ff4c', 'createTable tableName=node_scheduled_states', '', 'EXECUTED', NULL, NULL, '3.6.3', '7573094500') {changeSet=migration/node-services.changelog-init.xml::1511451595465-19::R3.Corda, databaseChangeLog=master.changelog.json}
?[m?[37m[INFO] 17:31:34,582 [driver-pool-thread-1] jvm.JdbcExecutor. - CREATE TABLE PUBLIC.node_transaction_mappings (tx_id NVARCHAR(64) NOT NULL, state_machine_run_id NVARCHAR(36)) {changeSet=migration/node-services.changelog-init.xml::1511451595465-20::R3.Corda, databaseChangeLog=master.changelog.json}
?[m?[37m[INFO] 17:31:34,582 [driver-pool-thread-1] changelog.ChangeSet. - Table node_transaction_mappings created {changeSet=migration/node-services.changelog-init.xml::1511451595465-20::R3.Corda, databaseChangeLog=master.changelog.json}
?[m?[37m[INFO] 17:31:34,582 [driver-pool-thread-1] changelog.ChangeSet. - ChangeSet migration/node-services.changelog-init.xml::1511451595465-20::R3.Corda ran successfully in 0ms {changeSet=migration/node-services.changelog-init.xml::1511451595465-20::R3.Corda, databaseChangeLog=master.changelog.json}
?[m?[37m[INFO] 17:31:34,583 [driver-pool-thread-1] jvm.JdbcExecutor. - INSERT INTO PUBLIC.DATABASECHANGELOG (ID, AUTHOR, FILENAME, DATEEXECUTED, ORDEREXECUTED, MD5SUM, DESCRIPTION, COMMENTS, EXECTYPE, CONTEXTS, LABELS, LIQUIBASE, DEPLOYMENT_ID) VALUES ('1511451595465-20', 'R3.Corda', 'migration/node-services.changelog-init.xml', NOW(), 51, '8:cc085b3d33f3d53b75c8866522653f98', 'createTable tableName=node_transaction_mappings', '', 'EXECUTED', NULL, NULL, '3.6.3', '7573094500') {changeSet=migration/node-services.changelog-init.xml::1511451595465-20::R3.Corda, databaseChangeLog=master.changelog.json}
?[m?[37m[INFO] 17:31:34,583 [driver-pool-thread-1] jvm.JdbcExecutor. - CREATE TABLE PUBLIC.node_transactions (tx_id NVARCHAR(64) NOT NULL, transaction_value BLOB) {changeSet=migration/node-services.changelog-init.xml::1511451595465-21::R3.Corda, databaseChangeLog=master.changelog.json}
?[m?[37m[INFO] 17:31:34,584 [driver-pool-thread-1] changelog.ChangeSet. - Table node_transactions created {changeSet=migration/node-services.changelog-init.xml::1511451595465-21::R3.Corda, databaseChangeLog=master.changelog.json}
?[m?[37m[INFO] 17:31:34,584 [driver-pool-thread-1] changelog.ChangeSet. - ChangeSet migration/node-services.changelog-init.xml::1511451595465-21::R3.Corda ran successfully in 1ms {changeSet=migration/node-services.changelog-init.xml::1511451595465-21::R3.Corda, databaseChangeLog=master.changelog.json}
?[m?[37m[INFO] 17:31:34,584 [driver-pool-thread-1] jvm.JdbcExecutor. - INSERT INTO PUBLIC.DATABASECHANGELOG (ID, AUTHOR, FILENAME, DATEEXECUTED, ORDEREXECUTED, MD5SUM, DESCRIPTION, COMMENTS, EXECTYPE, CONTEXTS, LABELS, LIQUIBASE, DEPLOYMENT_ID) VALUES ('1511451595465-21', 'R3.Corda', 'migration/node-services.changelog-init.xml', NOW(), 52, '8:69feb7582f3b77828510a56cb111cfd8', 'createTable tableName=node_transactions', '', 'EXECUTED', NULL, NULL, '3.6.3', '7573094500') {changeSet=migration/node-services.changelog-init.xml::1511451595465-21::R3.Corda, databaseChangeLog=master.changelog.json}
?[m?[37m[INFO] 17:31:34,584 [driver-pool-thread-1] jvm.JdbcExecutor. - ALTER TABLE PUBLIC.node_attachments ADD CONSTRAINT node_attachments_pkey PRIMARY KEY (att_id) {changeSet=migration/node-services.changelog-init.xml::1511451595465-30::R3.Corda, databaseChangeLog=master.changelog.json}
?[m?[37m[INFO] 17:31:34,585 [driver-pool-thread-1] changelog.ChangeSet. - Primary key added to node_attachments (att_id) {changeSet=migration/node-services.changelog-init.xml::1511451595465-30::R3.Corda, databaseChangeLog=master.changelog.json}
?[m?[37m[INFO] 17:31:34,585 [driver-pool-thread-1] changelog.ChangeSet. - ChangeSet migration/node-services.changelog-init.xml::1511451595465-30::R3.Corda ran successfully in 1ms {changeSet=migration/node-services.changelog-init.xml::1511451595465-30::R3.Corda, databaseChangeLog=master.changelog.json}
?[m?[37m[INFO] 17:31:34,585 [driver-pool-thread-1] jvm.JdbcExecutor. - INSERT INTO PUBLIC.DATABASECHANGELOG (ID, AUTHOR, FILENAME, DATEEXECUTED, ORDEREXECUTED, MD5SUM, DESCRIPTION, COMMENTS, EXECTYPE, CONTEXTS, LABELS, LIQUIBASE, DEPLOYMENT_ID) VALUES ('1511451595465-30', 'R3.Corda', 'migration/node-services.changelog-init.xml', NOW(), 53, '8:97c42d4eac368e79f47df345a072b237', 'addPrimaryKey constraintName=node_attachments_pkey, tableName=node_attachments', '', 'EXECUTED', NULL, NULL, '3.6.3', '7573094500') {changeSet=migration/node-services.changelog-init.xml::1511451595465-30::R3.Corda, databaseChangeLog=master.changelog.json}
?[m?[37m[INFO] 17:31:34,586 [driver-pool-thread-1] jvm.JdbcExecutor. - ALTER TABLE PUBLIC.node_checkpoints ADD CONSTRAINT node_checkpoints_pkey PRIMARY KEY (checkpoint_id) {changeSet=migration/node-services.changelog-init.xml::1511451595465-32::R3.Corda, databaseChangeLog=master.changelog.json}
?[m?[37m[INFO] 17:31:34,586 [driver-pool-thread-1] changelog.ChangeSet. - Primary key added to node_checkpoints (checkpoint_id) {changeSet=migration/node-services.changelog-init.xml::1511451595465-32::R3.Corda, databaseChangeLog=master.changelog.json}
?[m?[37m[INFO] 17:31:34,586 [driver-pool-thread-1] changelog.ChangeSet. - ChangeSet migration/node-services.changelog-init.xml::1511451595465-32::R3.Corda ran successfully in 0ms {changeSet=migration/node-services.changelog-init.xml::1511451595465-32::R3.Corda, databaseChangeLog=master.changelog.json}
?[m?[37m[INFO] 17:31:34,586 [driver-pool-thread-1] jvm.JdbcExecutor. - INSERT INTO PUBLIC.DATABASECHANGELOG (ID, AUTHOR, FILENAME, DATEEXECUTED, ORDEREXECUTED, MD5SUM, DESCRIPTION, COMMENTS, EXECTYPE, CONTEXTS, LABELS, LIQUIBASE, DEPLOYMENT_ID) VALUES ('1511451595465-32', 'R3.Corda', 'migration/node-services.changelog-init.xml', NOW(), 54, '8:7224c32660081d3e820e52e2b70b365f', 'addPrimaryKey constraintName=node_checkpoints_pkey, tableName=node_checkpoints', '', 'EXECUTED', NULL, NULL, '3.6.3', '7573094500') {changeSet=migration/node-services.changelog-init.xml::1511451595465-32::R3.Corda, databaseChangeLog=master.changelog.json}
?[m?[37m[INFO] 17:31:34,587 [driver-pool-thread-1] jvm.JdbcExecutor. - ALTER TABLE PUBLIC.node_contract_upgrades ADD CONSTRAINT node_contract_upgrades_pkey PRIMARY KEY (state_ref) {changeSet=migration/node-services.changelog-init.xml::1511451595465-33::R3.Corda, databaseChangeLog=master.changelog.json}
?[m?[37m[INFO] 17:31:34,587 [driver-pool-thread-1] changelog.ChangeSet. - Primary key added to node_contract_upgrades (state_ref) {changeSet=migration/node-services.changelog-init.xml::1511451595465-33::R3.Corda, databaseChangeLog=master.changelog.json}
?[m?[37m[INFO] 17:31:34,587 [driver-pool-thread-1] changelog.ChangeSet. - ChangeSet migration/node-services.changelog-init.xml::1511451595465-33::R3.Corda ran successfully in 0ms {changeSet=migration/node-services.changelog-init.xml::1511451595465-33::R3.Corda, databaseChangeLog=master.changelog.json}
?[m?[37m[INFO] 17:31:34,588 [driver-pool-thread-1] jvm.JdbcExecutor. - INSERT INTO PUBLIC.DATABASECHANGELOG (ID, AUTHOR, FILENAME, DATEEXECUTED, ORDEREXECUTED, MD5SUM, DESCRIPTION, COMMENTS, EXECTYPE, CONTEXTS, LABELS, LIQUIBASE, DEPLOYMENT_ID) VALUES ('1511451595465-33', 'R3.Corda', 'migration/node-services.changelog-init.xml', NOW(), 55, '8:85bcae037a29317065e3b922e0563902', 'addPrimaryKey constraintName=node_contract_upgrades_pkey, tableName=node_contract_upgrades', '', 'EXECUTED', NULL, NULL, '3.6.3', '7573094500') {changeSet=migration/node-services.changelog-init.xml::1511451595465-33::R3.Corda, databaseChangeLog=master.changelog.json}
?[m?[37m[INFO] 17:31:34,588 [driver-pool-thread-1] jvm.JdbcExecutor. - ALTER TABLE PUBLIC.node_identities ADD CONSTRAINT node_identities_pkey PRIMARY KEY (pk_hash) {changeSet=migration/node-services.changelog-init.xml::1511451595465-34::R3.Corda, databaseChangeLog=master.changelog.json}
?[m?[37m[INFO] 17:31:34,589 [driver-pool-thread-1] changelog.ChangeSet. - Primary key added to node_identities (pk_hash) {changeSet=migration/node-services.changelog-init.xml::1511451595465-34::R3.Corda, databaseChangeLog=master.changelog.json}
?[m?[37m[INFO] 17:31:34,589 [driver-pool-thread-1] changelog.ChangeSet. - ChangeSet migration/node-services.changelog-init.xml::1511451595465-34::R3.Corda ran successfully in 1ms {changeSet=migration/node-services.changelog-init.xml::1511451595465-34::R3.Corda, databaseChangeLog=master.changelog.json}
?[m?[37m[INFO] 17:31:34,589 [driver-pool-thread-1] jvm.JdbcExecutor. - INSERT INTO PUBLIC.DATABASECHANGELOG (ID, AUTHOR, FILENAME, DATEEXECUTED, ORDEREXECUTED, MD5SUM, DESCRIPTION, COMMENTS, EXECTYPE, CONTEXTS, LABELS, LIQUIBASE, DEPLOYMENT_ID) VALUES ('1511451595465-34', 'R3.Corda', 'migration/node-services.changelog-init.xml', NOW(), 56, '8:308ffe9985df3029fc05bd41c60010a9', 'addPrimaryKey constraintName=node_identities_pkey, tableName=node_identities', '', 'EXECUTED', NULL, NULL, '3.6.3', '7573094500') {changeSet=migration/node-services.changelog-init.xml::1511451595465-34::R3.Corda, databaseChangeLog=master.changelog.json}
?[m?[37m[INFO] 17:31:34,590 [driver-pool-thread-1] jvm.JdbcExecutor. - ALTER TABLE PUBLIC.node_message_ids ADD CONSTRAINT node_message_ids_pkey PRIMARY KEY (message_id) {changeSet=migration/node-services.changelog-init.xml::1511451595465-38::R3.Corda, databaseChangeLog=master.changelog.json}
?[m?[37m[INFO] 17:31:34,590 [driver-pool-thread-1] changelog.ChangeSet. - Primary key added to node_message_ids (message_id) {changeSet=migration/node-services.changelog-init.xml::1511451595465-38::R3.Corda, databaseChangeLog=master.changelog.json}
?[m?[37m[INFO] 17:31:34,590 [driver-pool-thread-1] changelog.ChangeSet. - ChangeSet migration/node-services.changelog-init.xml::1511451595465-38::R3.Corda ran successfully in 1ms {changeSet=migration/node-services.changelog-init.xml::1511451595465-38::R3.Corda, databaseChangeLog=master.changelog.json}
?[m?[37m[INFO] 17:31:34,591 [driver-pool-thread-1] jvm.JdbcExecutor. - INSERT INTO PUBLIC.DATABASECHANGELOG (ID, AUTHOR, FILENAME, DATEEXECUTED, ORDEREXECUTED, MD5SUM, DESCRIPTION, COMMENTS, EXECTYPE, CONTEXTS, LABELS, LIQUIBASE, DEPLOYMENT_ID) VALUES ('1511451595465-38', 'R3.Corda', 'migration/node-services.changelog-init.xml', NOW(), 57, '8:18b1b83ce2a778af1a8a8c9c56bb9651', 'addPrimaryKey constraintName=node_message_ids_pkey, tableName=node_message_ids', '', 'EXECUTED', NULL, NULL, '3.6.3', '7573094500') {changeSet=migration/node-services.changelog-init.xml::1511451595465-38::R3.Corda, databaseChangeLog=master.changelog.json}
?[m?[37m[INFO] 17:31:34,592 [driver-pool-thread-1] jvm.JdbcExecutor. - ALTER TABLE PUBLIC.node_message_retry ADD CONSTRAINT node_message_retry_pkey PRIMARY KEY (message_id) {changeSet=migration/node-services.changelog-init.xml::1511451595465-39::R3.Corda, databaseChangeLog=master.changelog.json}
?[m?[37m[INFO] 17:31:34,593 [driver-pool-thread-1] changelog.ChangeSet. - Primary key added to node_message_retry (message_id) {changeSet=migration/node-services.changelog-init.xml::1511451595465-39::R3.Corda, databaseChangeLog=master.changelog.json}
?[m?[37m[INFO] 17:31:34,593 [driver-pool-thread-1] changelog.ChangeSet. - ChangeSet migration/node-services.changelog-init.xml::1511451595465-39::R3.Corda ran successfully in 1ms {changeSet=migration/node-services.changelog-init.xml::1511451595465-39::R3.Corda, databaseChangeLog=master.changelog.json}
?[m?[37m[INFO] 17:31:34,596 [driver-pool-thread-1] jvm.JdbcExecutor. - INSERT INTO PUBLIC.DATABASECHANGELOG (ID, AUTHOR, FILENAME, DATEEXECUTED, ORDEREXECUTED, MD5SUM, DESCRIPTION, COMMENTS, EXECTYPE, CONTEXTS, LABELS, LIQUIBASE, DEPLOYMENT_ID) VALUES ('1511451595465-39', 'R3.Corda', 'migration/node-services.changelog-init.xml', NOW(), 58, '8:0359c73c9db723c73ee0171620ff4ac6', 'addPrimaryKey constraintName=node_message_retry_pkey, tableName=node_message_retry', '', 'EXECUTED', NULL, NULL, '3.6.3', '7573094500') {changeSet=migration/node-services.changelog-init.xml::1511451595465-39::R3.Corda, databaseChangeLog=master.changelog.json}
?[m?[37m[INFO] 17:31:34,598 [driver-pool-thread-1] jvm.JdbcExecutor. - ALTER TABLE PUBLIC.node_named_identities ADD CONSTRAINT node_named_identities_pkey PRIMARY KEY (name) {changeSet=migration/node-services.changelog-init.xml::1511451595465-40::R3.Corda, databaseChangeLog=master.changelog.json}
?[m?[37m[INFO] 17:31:34,598 [driver-pool-thread-1] changelog.ChangeSet. - Primary key added to node_named_identities (name) {changeSet=migration/node-services.changelog-init.xml::1511451595465-40::R3.Corda, databaseChangeLog=master.changelog.json}
?[m?[37m[INFO] 17:31:34,598 [driver-pool-thread-1] changelog.ChangeSet. - ChangeSet migration/node-services.changelog-init.xml::1511451595465-40::R3.Corda ran successfully in 0ms {changeSet=migration/node-services.changelog-init.xml::1511451595465-40::R3.Corda, databaseChangeLog=master.changelog.json}
?[m?[37m[INFO] 17:31:34,599 [driver-pool-thread-1] jvm.JdbcExecutor. - INSERT INTO PUBLIC.DATABASECHANGELOG (ID, AUTHOR, FILENAME, DATEEXECUTED, ORDEREXECUTED, MD5SUM, DESCRIPTION, COMMENTS, EXECTYPE, CONTEXTS, LABELS, LIQUIBASE, DEPLOYMENT_ID) VALUES ('1511451595465-40', 'R3.Corda', 'migration/node-services.changelog-init.xml', NOW(), 59, '8:ef3ab101a3e4c5820f575d5adcb85c08', 'addPrimaryKey constraintName=node_named_identities_pkey, tableName=node_named_identities', '', 'EXECUTED', NULL, NULL, '3.6.3', '7573094500') {changeSet=migration/node-services.changelog-init.xml::1511451595465-40::R3.Corda, databaseChangeLog=master.changelog.json}
?[m?[37m[INFO] 17:31:34,600 [driver-pool-thread-1] jvm.JdbcExecutor. - ALTER TABLE PUBLIC.node_our_key_pairs ADD CONSTRAINT node_our_key_pairs_pkey PRIMARY KEY (public_key_hash) {changeSet=migration/node-services.changelog-init.xml::1511451595465-42::R3.Corda, databaseChangeLog=master.changelog.json}
?[m?[37m[INFO] 17:31:34,600 [driver-pool-thread-1] changelog.ChangeSet. - Primary key added to node_our_key_pairs (public_key_hash) {changeSet=migration/node-services.changelog-init.xml::1511451595465-42::R3.Corda, databaseChangeLog=master.changelog.json}
?[m?[37m[INFO] 17:31:34,600 [driver-pool-thread-1] changelog.ChangeSet. - ChangeSet migration/node-services.changelog-init.xml::1511451595465-42::R3.Corda ran successfully in 0ms {changeSet=migration/node-services.changelog-init.xml::1511451595465-42::R3.Corda, databaseChangeLog=master.changelog.json}
?[m?[37m[INFO] 17:31:34,601 [driver-pool-thread-1] jvm.JdbcExecutor. - INSERT INTO PUBLIC.DATABASECHANGELOG (ID, AUTHOR, FILENAME, DATEEXECUTED, ORDEREXECUTED, MD5SUM, DESCRIPTION, COMMENTS, EXECTYPE, CONTEXTS, LABELS, LIQUIBASE, DEPLOYMENT_ID) VALUES ('1511451595465-42', 'R3.Corda', 'migration/node-services.changelog-init.xml', NOW(), 60, '8:d742088fd258d00e0a1fbffcf2e27c61', 'addPrimaryKey constraintName=node_our_key_pairs_pkey, tableName=node_our_key_pairs', '', 'EXECUTED', NULL, NULL, '3.6.3', '7573094500') {changeSet=migration/node-services.changelog-init.xml::1511451595465-42::R3.Corda, databaseChangeLog=master.changelog.json}
?[m?[37m[INFO] 17:31:34,604 [driver-pool-thread-1] jvm.JdbcExecutor. - ALTER TABLE PUBLIC.node_scheduled_states ADD CONSTRAINT node_scheduled_states_pkey PRIMARY KEY (output_index, transaction_id) {changeSet=migration/node-services.changelog-init.xml::1511451595465-44::R3.Corda, databaseChangeLog=master.changelog.json}
?[m?[37m[INFO] 17:31:34,605 [driver-pool-thread-1] changelog.ChangeSet. - Primary key added to node_scheduled_states (output_index, transaction_id) {changeSet=migration/node-services.changelog-init.xml::1511451595465-44::R3.Corda, databaseChangeLog=master.changelog.json}
?[m?[37m[INFO] 17:31:34,605 [driver-pool-thread-1] changelog.ChangeSet. - ChangeSet migration/node-services.changelog-init.xml::1511451595465-44::R3.Corda ran successfully in 1ms {changeSet=migration/node-services.changelog-init.xml::1511451595465-44::R3.Corda, databaseChangeLog=master.changelog.json}
?[m?[37m[INFO] 17:31:34,605 [driver-pool-thread-1] jvm.JdbcExecutor. - INSERT INTO PUBLIC.DATABASECHANGELOG (ID, AUTHOR, FILENAME, DATEEXECUTED, ORDEREXECUTED, MD5SUM, DESCRIPTION, COMMENTS, EXECTYPE, CONTEXTS, LABELS, LIQUIBASE, DEPLOYMENT_ID) VALUES ('1511451595465-44', 'R3.Corda', 'migration/node-services.changelog-init.xml', NOW(), 61, '8:dc8b980de5154038877f6d2e43b97ad1', 'addPrimaryKey constraintName=node_scheduled_states_pkey, tableName=node_scheduled_states', '', 'EXECUTED', NULL, NULL, '3.6.3', '7573094500') {changeSet=migration/node-services.changelog-init.xml::1511451595465-44::R3.Corda, databaseChangeLog=master.changelog.json}
?[m?[37m[INFO] 17:31:34,606 [driver-pool-thread-1] jvm.JdbcExecutor. - ALTER TABLE PUBLIC.node_transaction_mappings ADD CONSTRAINT node_transaction_mappings_pkey PRIMARY KEY (tx_id) {changeSet=migration/node-services.changelog-init.xml::1511451595465-45::R3.Corda, databaseChangeLog=master.changelog.json}
?[m?[37m[INFO] 17:31:34,606 [driver-pool-thread-1] changelog.ChangeSet. - Primary key added to node_transaction_mappings (tx_id) {changeSet=migration/node-services.changelog-init.xml::1511451595465-45::R3.Corda, databaseChangeLog=master.changelog.json}
?[m?[37m[INFO] 17:31:34,606 [driver-pool-thread-1] changelog.ChangeSet. - ChangeSet migration/node-services.changelog-init.xml::1511451595465-45::R3.Corda ran successfully in 0ms {changeSet=migration/node-services.changelog-init.xml::1511451595465-45::R3.Corda, databaseChangeLog=master.changelog.json}
?[m?[37m[INFO] 17:31:34,607 [driver-pool-thread-1] jvm.JdbcExecutor. - INSERT INTO PUBLIC.DATABASECHANGELOG (ID, AUTHOR, FILENAME, DATEEXECUTED, ORDEREXECUTED, MD5SUM, DESCRIPTION, COMMENTS, EXECTYPE, CONTEXTS, LABELS, LIQUIBASE, DEPLOYMENT_ID) VALUES ('1511451595465-45', 'R3.Corda', 'migration/node-services.changelog-init.xml', NOW(), 62, '8:2ae0fa18530e20aa3bcd6109b7d95247', 'addPrimaryKey constraintName=node_transaction_mappings_pkey, tableName=node_transaction_mappings', '', 'EXECUTED', NULL, NULL, '3.6.3', '7573094500') {changeSet=migration/node-services.changelog-init.xml::1511451595465-45::R3.Corda, databaseChangeLog=master.changelog.json}
?[m?[37m[INFO] 17:31:34,607 [driver-pool-thread-0] messaging.ArtemisMessagingServer. - P2P messaging server listening on 0.0.0.0:10357
?[m?[37m[INFO] 17:31:34,607 [driver-pool-thread-1] jvm.JdbcExecutor. - ALTER TABLE PUBLIC.node_transactions ADD CONSTRAINT node_transactions_pkey PRIMARY KEY (tx_id) {changeSet=migration/node-services.changelog-init.xml::1511451595465-46::R3.Corda, databaseChangeLog=master.changelog.json}
?[m?[37m[INFO] 17:31:34,608 [driver-pool-thread-1] changelog.ChangeSet. - Primary key added to node_transactions (tx_id) {changeSet=migration/node-services.changelog-init.xml::1511451595465-46::R3.Corda, databaseChangeLog=master.changelog.json}
?[m?[37m[INFO] 17:31:34,608 [driver-pool-thread-1] changelog.ChangeSet. - ChangeSet migration/node-services.changelog-init.xml::1511451595465-46::R3.Corda ran successfully in 1ms {changeSet=migration/node-services.changelog-init.xml::1511451595465-46::R3.Corda, databaseChangeLog=master.changelog.json}
?[m?[37m[INFO] 17:31:34,608 [driver-pool-thread-1] jvm.JdbcExecutor. - INSERT INTO PUBLIC.DATABASECHANGELOG (ID, AUTHOR, FILENAME, DATEEXECUTED, ORDEREXECUTED, MD5SUM, DESCRIPTION, COMMENTS, EXECTYPE, CONTEXTS, LABELS, LIQUIBASE, DEPLOYMENT_ID) VALUES ('1511451595465-46', 'R3.Corda', 'migration/node-services.changelog-init.xml', NOW(), 63, '8:d5e4dd3dba8e89f77b6eeff0fc5b7a49', 'addPrimaryKey constraintName=node_transactions_pkey, tableName=node_transactions', '', 'EXECUTED', NULL, NULL, '3.6.3', '7573094500') {changeSet=migration/node-services.changelog-init.xml::1511451595465-46::R3.Corda, databaseChangeLog=master.changelog.json}
?[m?[37m[INFO] 17:31:34,609 [driver-pool-thread-1] jvm.JdbcExecutor. - ALTER TABLE PUBLIC.node_link_nodeinfo_party ADD CONSTRAINT FK__link_ni_p__info_p_cert FOREIGN KEY (party_name) REFERENCES PUBLIC.node_info_party_cert (party_name) {changeSet=migration/node-services.changelog-init.xml::1511451595465-61::R3.Corda, databaseChangeLog=master.changelog.json}
?[m?[37m[INFO] 17:31:34,609 [driver-pool-thread-1] changelog.ChangeSet. - Foreign key constraint added to node_link_nodeinfo_party (party_name) {changeSet=migration/node-services.changelog-init.xml::1511451595465-61::R3.Corda, databaseChangeLog=master.changelog.json}
?[m?[37m[INFO] 17:31:34,609 [driver-pool-thread-1] changelog.ChangeSet. - ChangeSet migration/node-services.changelog-init.xml::1511451595465-61::R3.Corda ran successfully in 1ms {changeSet=migration/node-services.changelog-init.xml::1511451595465-61::R3.Corda, databaseChangeLog=master.changelog.json}
?[m?[37m[INFO] 17:31:34,610 [driver-pool-thread-1] jvm.JdbcExecutor. - INSERT INTO PUBLIC.DATABASECHANGELOG (ID, AUTHOR, FILENAME, DATEEXECUTED, ORDEREXECUTED, MD5SUM, DESCRIPTION, COMMENTS, EXECTYPE, CONTEXTS, LABELS, LIQUIBASE, DEPLOYMENT_ID) VALUES ('1511451595465-61', 'R3.Corda', 'migration/node-services.changelog-init.xml', NOW(), 64, '8:1d4e406a8056aa782ccbd978771f1fb9', 'addForeignKeyConstraint baseTableName=node_link_nodeinfo_party, constraintName=FK__link_ni_p__info_p_cert, referencedTableName=node_info_party_cert', '', 'EXECUTED', NULL, NULL, '3.6.3', '7573094500') {changeSet=migration/node-services.changelog-init.xml::1511451595465-61::R3.Corda, databaseChangeLog=master.changelog.json}
?[m?[37m[INFO] 17:31:34,611 [driver-pool-thread-1] jvm.JdbcExecutor. - CREATE INDEX PUBLIC.att_id_idx ON PUBLIC.node_attachments(att_id) {changeSet=migration/node-services.changelog-init.xml::add index att_id::R3.Corda, databaseChangeLog=master.changelog.json}
?[m?[37m[INFO] 17:31:34,611 [driver-pool-thread-1] changelog.ChangeSet. - Index att_id_idx created {changeSet=migration/node-services.changelog-init.xml::add index att_id::R3.Corda, databaseChangeLog=master.changelog.json}
?[m?[37m[INFO] 17:31:34,611 [driver-pool-thread-1] changelog.ChangeSet. - ChangeSet migration/node-services.changelog-init.xml::add index att_id::R3.Corda ran successfully in 1ms {changeSet=migration/node-services.changelog-init.xml::add index att_id::R3.Corda, databaseChangeLog=master.changelog.json}
?[m?[37m[INFO] 17:31:34,611 [driver-pool-thread-1] jvm.JdbcExecutor. - INSERT INTO PUBLIC.DATABASECHANGELOG (ID, AUTHOR, FILENAME, DATEEXECUTED, ORDEREXECUTED, MD5SUM, DESCRIPTION, COMMENTS, EXECTYPE, CONTEXTS, LABELS, LIQUIBASE, DEPLOYMENT_ID) VALUES ('add index att_id', 'R3.Corda', 'migration/node-services.changelog-init.xml', NOW(), 65, '8:ccf9b08f32d685dc60d6e34a3013bffc', 'createIndex indexName=att_id_idx, tableName=node_attachments', '', 'EXECUTED', NULL, NULL, '3.6.3', '7573094500') {changeSet=migration/node-services.changelog-init.xml::add index att_id::R3.Corda, databaseChangeLog=master.changelog.json}
?[m?[37m[INFO] 17:31:34,612 [driver-pool-thread-1] jvm.JdbcExecutor. - CREATE TABLE PUBLIC.node_attchments_contracts (att_id NVARCHAR(255) NOT NULL, contract_class_name NVARCHAR(255)) {changeSet=migration/node-services.changelog-init.xml::add_contract_attachment::R3.Corda, databaseChangeLog=master.changelog.json}
?[m?[37m[INFO] 17:31:34,613 [driver-pool-thread-1] changelog.ChangeSet. - Table node_attchments_contracts created {changeSet=migration/node-services.changelog-init.xml::add_contract_attachment::R3.Corda, databaseChangeLog=master.changelog.json}
?[m?[37m[INFO] 17:31:34,613 [driver-pool-thread-1] jvm.JdbcExecutor. - ALTER TABLE PUBLIC.node_attchments_contracts ADD CONSTRAINT FK__ctr_class__attachments FOREIGN KEY (att_id) REFERENCES PUBLIC.node_attachments (att_id) {changeSet=migration/node-services.changelog-init.xml::add_contract_attachment::R3.Corda, databaseChangeLog=master.changelog.json}
?[m?[37m[INFO] 17:31:34,614 [driver-pool-thread-1] changelog.ChangeSet. - Foreign key constraint added to node_attchments_contracts (att_id) {changeSet=migration/node-services.changelog-init.xml::add_contract_attachment::R3.Corda, databaseChangeLog=master.changelog.json}
?[m?[37m[INFO] 17:31:34,614 [driver-pool-thread-1] jvm.JdbcExecutor. - DELETE FROM PUBLIC.node_attachments {changeSet=migration/node-services.changelog-init.xml::add_contract_attachment::R3.Corda, databaseChangeLog=master.changelog.json}
?[m?[37m[INFO] 17:31:34,614 [driver-pool-thread-1] changelog.ChangeSet. - Data deleted from node_attachments {changeSet=migration/node-services.changelog-init.xml::add_contract_attachment::R3.Corda, databaseChangeLog=master.changelog.json}
?[m?[37m[INFO] 17:31:34,614 [driver-pool-thread-1] changelog.ChangeSet. - ChangeSet migration/node-services.changelog-init.xml::add_contract_attachment::R3.Corda ran successfully in 2ms {changeSet=migration/node-services.changelog-init.xml::add_contract_attachment::R3.Corda, databaseChangeLog=master.changelog.json}
?[m?[37m[INFO] 17:31:34,614 [driver-pool-thread-1] jvm.JdbcExecutor. - INSERT INTO PUBLIC.DATABASECHANGELOG (ID, AUTHOR, FILENAME, DATEEXECUTED, ORDEREXECUTED, MD5SUM, DESCRIPTION, COMMENTS, EXECTYPE, CONTEXTS, LABELS, LIQUIBASE, DEPLOYMENT_ID) VALUES ('add_contract_attachment', 'R3.Corda', 'migration/node-services.changelog-init.xml', NOW(), 66, '8:8898557cf18644883f6f3b0c5e784c0b', 'createTable tableName=node_attchments_contracts; addForeignKeyConstraint baseTableName=node_attchments_contracts, constraintName=FK__ctr_class__attachments, referencedTableName=node_attachments; delete tableName=node_attachments', '', 'EXECUTED', NULL, NULL, '3.6.3', '7573094500') {changeSet=migration/node-services.changelog-init.xml::add_contract_attachment::R3.Corda, databaseChangeLog=master.changelog.json}
?[m?[37m[INFO] 17:31:34,615 [driver-pool-thread-1] jvm.JdbcExecutor. - ALTER TABLE PUBLIC.node_message_ids ADD sender NVARCHAR(64) {changeSet=migration/node-services.changelog-init.xml::add_dedup_columns::R3.Corda, databaseChangeLog=master.changelog.json}
?[m?[37m[INFO] 17:31:34,616 [driver-pool-thread-1] jvm.JdbcExecutor. - ALTER TABLE PUBLIC.node_message_ids ADD sequence_number BIGINT {changeSet=migration/node-services.changelog-init.xml::add_dedup_columns::R3.Corda, databaseChangeLog=master.changelog.json}
?[m?[37m[INFO] 17:31:34,617 [driver-pool-thread-1] changelog.ChangeSet. - Columns sender(NVARCHAR(64)),sequence_number(BIGINT) added to node_message_ids {changeSet=migration/node-services.changelog-init.xml::add_dedup_columns::R3.Corda, databaseChangeLog=master.changelog.json}
?[m?[37m[INFO] 17:31:34,617 [driver-pool-thread-1] changelog.ChangeSet. - ChangeSet migration/node-services.changelog-init.xml::add_dedup_columns::R3.Corda ran successfully in 2ms {changeSet=migration/node-services.changelog-init.xml::add_dedup_columns::R3.Corda, databaseChangeLog=master.changelog.json}
?[m?[37m[INFO] 17:31:34,618 [driver-pool-thread-1] jvm.JdbcExecutor. - INSERT INTO PUBLIC.DATABASECHANGELOG (ID, AUTHOR, FILENAME, DATEEXECUTED, ORDEREXECUTED, MD5SUM, DESCRIPTION, COMMENTS, EXECTYPE, CONTEXTS, LABELS, LIQUIBASE, DEPLOYMENT_ID) VALUES ('add_dedup_columns', 'R3.Corda', 'migration/node-services.changelog-init.xml', NOW(), 67, '8:5924ebdacff695e1f30aa3e0173eccdf', 'addColumn tableName=node_message_ids', '', 'EXECUTED', NULL, NULL, '3.6.3', '7573094500') {changeSet=migration/node-services.changelog-init.xml::add_dedup_columns::R3.Corda, databaseChangeLog=master.changelog.json}
?[m?[37m[INFO] 17:31:34,618 [driver-pool-thread-1] jvm.JdbcExecutor. - ALTER TABLE PUBLIC.node_attchments_contracts RENAME TO node_attachments_contracts {changeSet=migration/node-core.changelog-v4.xml::attchments_rename::R3.Corda, databaseChangeLog=master.changelog.json}
?[m?[37m[INFO] 17:31:34,618 [driver-pool-thread-1] changelog.ChangeSet. - Table node_attchments_contracts renamed to node_attachments_contracts {changeSet=migration/node-core.changelog-v4.xml::attchments_rename::R3.Corda, databaseChangeLog=master.changelog.json}
?[m?[37m[INFO] 17:31:34,618 [driver-pool-thread-1] changelog.ChangeSet. - ChangeSet migration/node-core.changelog-v4.xml::attchments_rename::R3.Corda ran successfully in 0ms {changeSet=migration/node-core.changelog-v4.xml::attchments_rename::R3.Corda, databaseChangeLog=master.changelog.json}
?[m?[37m[INFO] 17:31:34,619 [driver-pool-thread-1] jvm.JdbcExecutor. - INSERT INTO PUBLIC.DATABASECHANGELOG (ID, AUTHOR, FILENAME, DATEEXECUTED, ORDEREXECUTED, MD5SUM, DESCRIPTION, COMMENTS, EXECTYPE, CONTEXTS, LABELS, LIQUIBASE, DEPLOYMENT_ID) VALUES ('attchments_rename', 'R3.Corda', 'migration/node-core.changelog-v4.xml', NOW(), 68, '8:94816d7657264059f2b8da4e97d4b15d', 'renameTable newTableName=node_attachments_contracts, oldTableName=node_attchments_contracts', '', 'EXECUTED', NULL, NULL, '3.6.3', '7573094500') {changeSet=migration/node-core.changelog-v4.xml::attchments_rename::R3.Corda, databaseChangeLog=master.changelog.json}
?[m?[37m[INFO] 17:31:34,619 [driver-pool-thread-1] jvm.JdbcExecutor. - ALTER TABLE PUBLIC.node_identities ALTER COLUMN identity_value SET NOT NULL {changeSet=migration/node-core.changelog-v4.xml::nullability::R3.Corda, databaseChangeLog=master.changelog.json}
?[m?[37m[INFO] 17:31:34,620 [driver-pool-thread-1] changelog.ChangeSet. - NOT NULL constraint has been added to node_identities.identity_value {changeSet=migration/node-core.changelog-v4.xml::nullability::R3.Corda, databaseChangeLog=master.changelog.json}
?[m?[37m[INFO] 17:31:34,620 [driver-pool-thread-1] jvm.JdbcExecutor. - ALTER TABLE PUBLIC.node_attachments ALTER COLUMN content SET NOT NULL {changeSet=migration/node-core.changelog-v4.xml::nullability::R3.Corda, databaseChangeLog=master.changelog.json}
?[m?[37m[INFO] 17:31:34,620 [driver-pool-thread-1] changelog.ChangeSet. - NOT NULL constraint has been added to node_attachments.content {changeSet=migration/node-core.changelog-v4.xml::nullability::R3.Corda, databaseChangeLog=master.changelog.json}
?[m?[37m[INFO] 17:31:34,620 [driver-pool-thread-1] jvm.JdbcExecutor. - ALTER TABLE PUBLIC.node_attachments_contracts ALTER COLUMN contract_class_name SET NOT NULL {changeSet=migration/node-core.changelog-v4.xml::nullability::R3.Corda, databaseChangeLog=master.changelog.json}
?[m?[37m[INFO] 17:31:34,620 [driver-pool-thread-1] changelog.ChangeSet. - NOT NULL constraint has been added to node_attachments_contracts.contract_class_name {changeSet=migration/node-core.changelog-v4.xml::nullability::R3.Corda, databaseChangeLog=master.changelog.json}
?[m?[37m[INFO] 17:31:34,620 [driver-pool-thread-1] jvm.JdbcExecutor. - ALTER TABLE PUBLIC.node_checkpoints ALTER COLUMN checkpoint_value SET NOT NULL {changeSet=migration/node-core.changelog-v4.xml::nullability::R3.Corda, databaseChangeLog=master.changelog.json}
?[m?[37m[INFO] 17:31:34,620 [driver-pool-thread-1] changelog.ChangeSet. - NOT NULL constraint has been added to node_checkpoints.checkpoint_value {changeSet=migration/node-core.changelog-v4.xml::nullability::R3.Corda, databaseChangeLog=master.changelog.json}
?[m?[37m[INFO] 17:31:34,621 [driver-pool-thread-1] jvm.JdbcExecutor. - ALTER TABLE PUBLIC.node_contract_upgrades ALTER COLUMN contract_class_name SET NOT NULL {changeSet=migration/node-core.changelog-v4.xml::nullability::R3.Corda, databaseChangeLog=master.changelog.json}
?[m?[37m[INFO] 17:31:34,621 [driver-pool-thread-1] changelog.ChangeSet. - NOT NULL constraint has been added to node_contract_upgrades.contract_class_name {changeSet=migration/node-core.changelog-v4.xml::nullability::R3.Corda, databaseChangeLog=master.changelog.json}
?[m?[37m[INFO] 17:31:34,621 [driver-pool-thread-1] jvm.JdbcExecutor. - ALTER TABLE PUBLIC.node_message_ids ALTER COLUMN insertion_time SET NOT NULL {changeSet=migration/node-core.changelog-v4.xml::nullability::R3.Corda, databaseChangeLog=master.changelog.json}
?[m?[37m[INFO] 17:31:34,621 [driver-pool-thread-1] changelog.ChangeSet. - NOT NULL constraint has been added to node_message_ids.insertion_time {changeSet=migration/node-core.changelog-v4.xml::nullability::R3.Corda, databaseChangeLog=master.changelog.json}
?[m?[37m[INFO] 17:31:34,621 [driver-pool-thread-1] jvm.JdbcExecutor. - ALTER TABLE PUBLIC.node_message_retry ALTER COLUMN message SET NOT NULL {changeSet=migration/node-core.changelog-v4.xml::nullability::R3.Corda, databaseChangeLog=master.changelog.json}
?[m?[37m[INFO] 17:31:34,621 [driver-pool-thread-1] changelog.ChangeSet. - NOT NULL constraint has been added to node_message_retry.message {changeSet=migration/node-core.changelog-v4.xml::nullability::R3.Corda, databaseChangeLog=master.changelog.json}
?[m?[37m[INFO] 17:31:34,621 [driver-pool-thread-1] jvm.JdbcExecutor. - ALTER TABLE PUBLIC.node_message_retry ALTER COLUMN recipients SET NOT NULL {changeSet=migration/node-core.changelog-v4.xml::nullability::R3.Corda, databaseChangeLog=master.changelog.json}
?[m?[37m[INFO] 17:31:34,621 [driver-pool-thread-1] changelog.ChangeSet. - NOT NULL constraint has been added to node_message_retry.recipients {changeSet=migration/node-core.changelog-v4.xml::nullability::R3.Corda, databaseChangeLog=master.changelog.json}
?[m?[37m[INFO] 17:31:34,621 [driver-pool-thread-1] jvm.JdbcExecutor. - ALTER TABLE PUBLIC.node_named_identities ALTER COLUMN pk_hash SET NOT NULL {changeSet=migration/node-core.changelog-v4.xml::nullability::R3.Corda, databaseChangeLog=master.changelog.json}
?[m?[37m[INFO] 17:31:34,622 [driver-pool-thread-1] changelog.ChangeSet. - NOT NULL constraint has been added to node_named_identities.pk_hash {changeSet=migration/node-core.changelog-v4.xml::nullability::R3.Corda, databaseChangeLog=master.changelog.json}
?[m?[37m[INFO] 17:31:34,622 [driver-pool-thread-1] jvm.JdbcExecutor. - ALTER TABLE PUBLIC.node_our_key_pairs ALTER COLUMN private_key SET NOT NULL {changeSet=migration/node-core.changelog-v4.xml::nullability::R3.Corda, databaseChangeLog=master.changelog.json}
?[m?[37m[INFO] 17:31:34,622 [driver-pool-thread-1] changelog.ChangeSet. - NOT NULL constraint has been added to node_our_key_pairs.private_key {changeSet=migration/node-core.changelog-v4.xml::nullability::R3.Corda, databaseChangeLog=master.changelog.json}
?[m?[37m[INFO] 17:31:34,622 [driver-pool-thread-1] jvm.JdbcExecutor. - ALTER TABLE PUBLIC.node_our_key_pairs ALTER COLUMN public_key SET NOT NULL {changeSet=migration/node-core.changelog-v4.xml::nullability::R3.Corda, databaseChangeLog=master.changelog.json}
?[m?[37m[INFO] 17:31:34,622 [driver-pool-thread-1] changelog.ChangeSet. - NOT NULL constraint has been added to node_our_key_pairs.public_key {changeSet=migration/node-core.changelog-v4.xml::nullability::R3.Corda, databaseChangeLog=master.changelog.json}
?[m?[37m[INFO] 17:31:34,622 [driver-pool-thread-1] jvm.JdbcExecutor. - ALTER TABLE PUBLIC.node_transaction_mappings ALTER COLUMN state_machine_run_id SET NOT NULL {changeSet=migration/node-core.changelog-v4.xml::nullability::R3.Corda, databaseChangeLog=master.changelog.json}
?[m?[37m[INFO] 17:31:34,622 [driver-pool-thread-1] changelog.ChangeSet. - NOT NULL constraint has been added to node_transaction_mappings.state_machine_run_id {changeSet=migration/node-core.changelog-v4.xml::nullability::R3.Corda, databaseChangeLog=master.changelog.json}
?[m?[37m[INFO] 17:31:34,622 [driver-pool-thread-1] jvm.JdbcExecutor. - ALTER TABLE PUBLIC.node_transactions ALTER COLUMN transaction_value SET NOT NULL {changeSet=migration/node-core.changelog-v4.xml::nullability::R3.Corda, databaseChangeLog=master.changelog.json}
?[m?[37m[INFO] 17:31:34,622 [driver-pool-thread-1] changelog.ChangeSet. - NOT NULL constraint has been added to node_transactions.transaction_value {changeSet=migration/node-core.changelog-v4.xml::nullability::R3.Corda, databaseChangeLog=master.changelog.json}
?[m?[37m[INFO] 17:31:34,622 [driver-pool-thread-1] changelog.ChangeSet. - ChangeSet migration/node-core.changelog-v4.xml::nullability::R3.Corda ran successfully in 3ms {changeSet=migration/node-core.changelog-v4.xml::nullability::R3.Corda, databaseChangeLog=master.changelog.json}
?[m?[37m[INFO] 17:31:34,623 [driver-pool-thread-1] jvm.JdbcExecutor. - INSERT INTO PUBLIC.DATABASECHANGELOG (ID, AUTHOR, FILENAME, DATEEXECUTED, ORDEREXECUTED, MD5SUM, DESCRIPTION, COMMENTS, EXECTYPE, CONTEXTS, LABELS, LIQUIBASE, DEPLOYMENT_ID) VALUES ('nullability', 'R3.Corda', 'migration/node-core.changelog-v4.xml', NOW(), 69, '8:62ddcf64aece5dc383fa400ac8ccc392', 'addNotNullConstraint columnName=identity_value, tableName=node_identities; addNotNullConstraint columnName=content, tableName=node_attachments; addNotNullConstraint columnName=contract_class_name, tableName=node_attachments_contracts; addNotNullCo...', '', 'EXECUTED', NULL, NULL, '3.6.3', '7573094500') {changeSet=migration/node-core.changelog-v4.xml::nullability::R3.Corda, databaseChangeLog=master.changelog.json}
?[m?[37m[INFO] 17:31:34,624 [driver-pool-thread-1] jvm.JdbcExecutor. - DROP TABLE PUBLIC.node_message_retry {changeSet=migration/node-core.changelog-v5.xml::remove_unused_node_message_retry::R3.Corda, databaseChangeLog=master.changelog.json}
?[m?[37m[INFO] 17:31:34,625 [driver-pool-thread-1] changelog.ChangeSet. - Table node_message_retry dropped {changeSet=migration/node-core.changelog-v5.xml::remove_unused_node_message_retry::R3.Corda, databaseChangeLog=master.changelog.json}
?[m?[37m[INFO] 17:31:34,625 [driver-pool-thread-1] changelog.ChangeSet. - ChangeSet migration/node-core.changelog-v5.xml::remove_unused_node_message_retry::R3.Corda ran successfully in 1ms {changeSet=migration/node-core.changelog-v5.xml::remove_unused_node_message_retry::R3.Corda, databaseChangeLog=master.changelog.json}
?[m?[37m[INFO] 17:31:34,625 [driver-pool-thread-1] jvm.JdbcExecutor. - INSERT INTO PUBLIC.DATABASECHANGELOG (ID, AUTHOR, FILENAME, DATEEXECUTED, ORDEREXECUTED, MD5SUM, DESCRIPTION, COMMENTS, EXECTYPE, CONTEXTS, LABELS, LIQUIBASE, DEPLOYMENT_ID) VALUES ('remove_unused_node_message_retry', 'R3.Corda', 'migration/node-core.changelog-v5.xml', NOW(), 70, '8:7f43b1a30ed49119520e7d14de6b57bd', 'dropTable tableName=node_message_retry', '', 'EXECUTED', NULL, NULL, '3.6.3', '7573094500') {changeSet=migration/node-core.changelog-v5.xml::remove_unused_node_message_retry::R3.Corda, databaseChangeLog=master.changelog.json}
?[m?[37m[INFO] 17:31:34,626 [driver-pool-thread-1] jvm.JdbcExecutor. - INSERT INTO PUBLIC.DATABASECHANGELOG (ID, AUTHOR, FILENAME, DATEEXECUTED, ORDEREXECUTED, MD5SUM, DESCRIPTION, COMMENTS, EXECTYPE, CONTEXTS, LABELS, LIQUIBASE, DEPLOYMENT_ID) VALUES ('non-clustered_pk-1', 'R3.Corda', 'migration/node-core.changelog-pkey.xml', NOW(), 71, '8:fc341b0d5ff080f0093d8a528299de25', 'dropPrimaryKey constraintName=node_checkpoints_pkey, tableName=node_checkpoints; addPrimaryKey constraintName=node_checkpoints_pkey, tableName=node_checkpoints', '', 'MARK_RAN', NULL, NULL, '3.6.3', '7573094500') {changeSet=migration/node-core.changelog-pkey.xml::non-clustered_pk-1::R3.Corda, databaseChangeLog=master.changelog.json}
?[m?[37m[INFO] 17:31:34,627 [driver-pool-thread-1] jvm.JdbcExecutor. - INSERT INTO PUBLIC.DATABASECHANGELOG (ID, AUTHOR, FILENAME, DATEEXECUTED, ORDEREXECUTED, MD5SUM, DESCRIPTION, COMMENTS, EXECTYPE, CONTEXTS, LABELS, LIQUIBASE, DEPLOYMENT_ID) VALUES ('non-clustered_pk-2', 'R3.Corda', 'migration/node-core.changelog-pkey.xml', NOW(), 72, '8:438db96910ca09a1e8910e74fe31d943', 'dropPrimaryKey constraintName=node_identities_pkey, tableName=node_identities; addPrimaryKey constraintName=node_identities_pkey, tableName=node_identities', '', 'MARK_RAN', NULL, NULL, '3.6.3', '7573094500') {changeSet=migration/node-core.changelog-pkey.xml::non-clustered_pk-2::R3.Corda, databaseChangeLog=master.changelog.json}
?[m?[37m[INFO] 17:31:34,628 [driver-pool-thread-1] jvm.JdbcExecutor. - INSERT INTO PUBLIC.DATABASECHANGELOG (ID, AUTHOR, FILENAME, DATEEXECUTED, ORDEREXECUTED, MD5SUM, DESCRIPTION, COMMENTS, EXECTYPE, CONTEXTS, LABELS, LIQUIBASE, DEPLOYMENT_ID) VALUES ('non-clustered_pk-3', 'R3.Corda', 'migration/node-core.changelog-pkey.xml', NOW(), 73, '8:b02515ba3eb419e880a62ad581d57d9a', 'dropPrimaryKey constraintName=node_message_ids_pkey, tableName=node_message_ids; addPrimaryKey constraintName=node_message_ids_pkey, tableName=node_message_ids', '', 'MARK_RAN', NULL, NULL, '3.6.3', '7573094500') {changeSet=migration/node-core.changelog-pkey.xml::non-clustered_pk-3::R3.Corda, databaseChangeLog=master.changelog.json}
?[m?[37m[INFO] 17:31:34,629 [driver-pool-thread-1] jvm.JdbcExecutor. - INSERT INTO PUBLIC.DATABASECHANGELOG (ID, AUTHOR, FILENAME, DATEEXECUTED, ORDEREXECUTED, MD5SUM, DESCRIPTION, COMMENTS, EXECTYPE, CONTEXTS, LABELS, LIQUIBASE, DEPLOYMENT_ID) VALUES ('non-clustered_pk-4', 'R3.Corda', 'migration/node-core.changelog-pkey.xml', NOW(), 74, '8:9a733c73c5a8ca979384c41d59473644', 'dropPrimaryKey constraintName=node_named_identities_pkey, tableName=node_named_identities; addPrimaryKey constraintName=node_named_identities_pkey, tableName=node_named_identities', '', 'MARK_RAN', NULL, NULL, '3.6.3', '7573094500') {changeSet=migration/node-core.changelog-pkey.xml::non-clustered_pk-4::R3.Corda, databaseChangeLog=master.changelog.json}
?[m?[37m[INFO] 17:31:34,629 [driver-pool-thread-1] jvm.JdbcExecutor. - INSERT INTO PUBLIC.DATABASECHANGELOG (ID, AUTHOR, FILENAME, DATEEXECUTED, ORDEREXECUTED, MD5SUM, DESCRIPTION, COMMENTS, EXECTYPE, CONTEXTS, LABELS, LIQUIBASE, DEPLOYMENT_ID) VALUES ('non-clustered_pk-5', 'R3.Corda', 'migration/node-core.changelog-pkey.xml', NOW(), 75, '8:48cf4a4dad77b6a8f7c3c73c09cc3959', 'dropPrimaryKey constraintName=node_our_key_pairs_pkey, tableName=node_our_key_pairs; addPrimaryKey constraintName=node_our_key_pairs_pkey, tableName=node_our_key_pairs', '', 'MARK_RAN', NULL, NULL, '3.6.3', '7573094500') {changeSet=migration/node-core.changelog-pkey.xml::non-clustered_pk-5::R3.Corda, databaseChangeLog=master.changelog.json}
?[m?[37m[INFO] 17:31:34,630 [driver-pool-thread-1] jvm.JdbcExecutor. - INSERT INTO PUBLIC.DATABASECHANGELOG (ID, AUTHOR, FILENAME, DATEEXECUTED, ORDEREXECUTED, MD5SUM, DESCRIPTION, COMMENTS, EXECTYPE, CONTEXTS, LABELS, LIQUIBASE, DEPLOYMENT_ID) VALUES ('non-clustered_pk-6', 'R3.Corda', 'migration/node-core.changelog-pkey.xml', NOW(), 76, '8:25c5581ce04f688ea83704ffa44bab8e', 'dropPrimaryKey constraintName=node_transaction_mappings_pkey, tableName=node_transaction_mappings; addPrimaryKey constraintName=node_transaction_mappings_pkey, tableName=node_transaction_mappings', '', 'MARK_RAN', NULL, NULL, '3.6.3', '7573094500') {changeSet=migration/node-core.changelog-pkey.xml::non-clustered_pk-6::R3.Corda, databaseChangeLog=master.changelog.json}
?[m?[37m[INFO] 17:31:34,631 [driver-pool-thread-1] jvm.JdbcExecutor. - INSERT INTO PUBLIC.DATABASECHANGELOG (ID, AUTHOR, FILENAME, DATEEXECUTED, ORDEREXECUTED, MD5SUM, DESCRIPTION, COMMENTS, EXECTYPE, CONTEXTS, LABELS, LIQUIBASE, DEPLOYMENT_ID) VALUES ('non-clustered_pk-7', 'R3.Corda', 'migration/node-core.changelog-pkey.xml', NOW(), 77, '8:64773359f27e2f85fe6df6097823ce69', 'dropPrimaryKey constraintName=node_transactions_pkey, tableName=node_transactions; addPrimaryKey constraintName=node_transactions_pkey, tableName=node_transactions', '', 'MARK_RAN', NULL, NULL, '3.6.3', '7573094500') {changeSet=migration/node-core.changelog-pkey.xml::non-clustered_pk-7::R3.Corda, databaseChangeLog=master.changelog.json}
?[m?[37m[INFO] 17:31:34,636 [driver-pool-thread-1] changelog.ChangeSet. - Marking ChangeSet: migration/node-core.changelog-v8.xml::conditional_attchments_rename::R3.Corda ran despite precondition failure due to onFail='MARK_RAN': 
          master.changelog.json : Table PUBLIC.NODE_ATTCHMENTS_CONTRACTS does not exist
 {changeSet=migration/node-core.changelog-v8.xml::conditional_attchments_rename::R3.Corda, databaseChangeLog=master.changelog.json}
?[m?[37m[INFO] 17:31:34,637 [driver-pool-thread-1] jvm.JdbcExecutor. - INSERT INTO PUBLIC.DATABASECHANGELOG (ID, AUTHOR, FILENAME, DATEEXECUTED, ORDEREXECUTED, MD5SUM, DESCRIPTION, COMMENTS, EXECTYPE, CONTEXTS, LABELS, LIQUIBASE, DEPLOYMENT_ID) VALUES ('conditional_attchments_rename', 'R3.Corda', 'migration/node-core.changelog-v8.xml', NOW(), 78, '8:114fc6d1775676ecf274989170741a5b', 'renameTable newTableName=NODE_ATTACHMENTS_CONTRACTS, oldTableName=NODE_ATTCHMENTS_CONTRACTS', '', 'MARK_RAN', NULL, NULL, '3.6.3', '7573094500') {changeSet=migration/node-core.changelog-v8.xml::conditional_attchments_rename::R3.Corda, databaseChangeLog=master.changelog.json}
?[m?[37m[INFO] 17:31:34,648 [driver-pool-thread-1] changelog.ChangeSet. - Marking ChangeSet: migration/node-core.changelog-v8.xml::conditional_attchments_contracts::R3.Corda ran despite precondition failure due to onFail='MARK_RAN': 
          master.changelog.json : Table PUBLIC.NODE_ATTACHMENTS_CONTRACT_CLASS_NAME does not exist
 {changeSet=migration/node-core.changelog-v8.xml::conditional_attchments_contracts::R3.Corda, databaseChangeLog=master.changelog.json}
?[m?[37m[INFO] 17:31:34,648 [driver-pool-thread-1] jvm.JdbcExecutor. - INSERT INTO PUBLIC.DATABASECHANGELOG (ID, AUTHOR, FILENAME, DATEEXECUTED, ORDEREXECUTED, MD5SUM, DESCRIPTION, COMMENTS, EXECTYPE, CONTEXTS, LABELS, LIQUIBASE, DEPLOYMENT_ID) VALUES ('conditional_attchments_contracts', 'R3.Corda', 'migration/node-core.changelog-v8.xml', NOW(), 79, '8:c26d868db33a85bdd25570b094635db5', 'renameTable newTableName=NODE_ATTACHMENTS_CONTRACTS, oldTableName=NODE_ATTACHMENTS_CONTRACT_CLASS_NAME', '', 'MARK_RAN', NULL, NULL, '3.6.3', '7573094500') {changeSet=migration/node-core.changelog-v8.xml::conditional_attchments_contracts::R3.Corda, databaseChangeLog=master.changelog.json}
?[m?[37m[INFO] 17:31:34,650 [driver-pool-thread-1] jvm.JdbcExecutor. - CREATE TABLE PUBLIC.node_attachments_signers (att_id NVARCHAR(255) NOT NULL, signer NVARCHAR(1024)) {changeSet=migration/node-core.changelog-v8.xml::add_signers::R3.Corda, databaseChangeLog=master.changelog.json}
?[m?[37m[INFO] 17:31:34,650 [driver-pool-thread-1] changelog.ChangeSet. - Table node_attachments_signers created {changeSet=migration/node-core.changelog-v8.xml::add_signers::R3.Corda, databaseChangeLog=master.changelog.json}
?[m?[37m[INFO] 17:31:34,650 [driver-pool-thread-1] jvm.JdbcExecutor. - ALTER TABLE PUBLIC.node_attachments_signers ADD CONSTRAINT FK__signers__attachments FOREIGN KEY (att_id) REFERENCES PUBLIC.node_attachments (att_id) {changeSet=migration/node-core.changelog-v8.xml::add_signers::R3.Corda, databaseChangeLog=master.changelog.json}
?[m?[37m[INFO] 17:31:34,651 [driver-pool-thread-1] changelog.ChangeSet. - Foreign key constraint added to node_attachments_signers (att_id) {changeSet=migration/node-core.changelog-v8.xml::add_signers::R3.Corda, databaseChangeLog=master.changelog.json}
?[m?[37m[INFO] 17:31:34,651 [driver-pool-thread-1] changelog.ChangeSet. - ChangeSet migration/node-core.changelog-v8.xml::add_signers::R3.Corda ran successfully in 2ms {changeSet=migration/node-core.changelog-v8.xml::add_signers::R3.Corda, databaseChangeLog=master.changelog.json}
?[m?[37m[INFO] 17:31:34,651 [driver-pool-thread-1] jvm.JdbcExecutor. - INSERT INTO PUBLIC.DATABASECHANGELOG (ID, AUTHOR, FILENAME, DATEEXECUTED, ORDEREXECUTED, MD5SUM, DESCRIPTION, COMMENTS, EXECTYPE, CONTEXTS, LABELS, LIQUIBASE, DEPLOYMENT_ID) VALUES ('add_signers', 'R3.Corda', 'migration/node-core.changelog-v8.xml', NOW(), 80, '8:6a033a579a3a8e11a35846d455833835', 'createTable tableName=node_attachments_signers; addForeignKeyConstraint baseTableName=node_attachments_signers, constraintName=FK__signers__attachments, referencedTableName=node_attachments', '', 'EXECUTED', NULL, NULL, '3.6.3', '7573094500') {changeSet=migration/node-core.changelog-v8.xml::add_signers::R3.Corda, databaseChangeLog=master.changelog.json}
?[m?[37m[INFO] 17:31:34,652 [driver-pool-thread-1] jvm.JdbcExecutor. - ALTER TABLE PUBLIC.node_transactions ADD state_machine_run_id NVARCHAR(36) {changeSet=migration/node-core.changelog-tx-mapping.xml::add_tx_mapping_column::R3.Corda, databaseChangeLog=master.changelog.json}
?[m?[37m[INFO] 17:31:34,653 [driver-pool-thread-1] changelog.ChangeSet. - Columns state_machine_run_id(NVARCHAR(36)) added to node_transactions {changeSet=migration/node-core.changelog-tx-mapping.xml::add_tx_mapping_column::R3.Corda, databaseChangeLog=master.changelog.json}
?[m?[37m[INFO] 17:31:34,654 [driver-pool-thread-1] jvm.JdbcExecutor. - update node_transactions set state_machine_run_id=(select state_machine_run_id from
            node_transaction_mappings where node_transactions.tx_id = node_transaction_mappings.tx_id) {changeSet=migration/node-core.changelog-tx-mapping.xml::add_tx_mapping_column::R3.Corda, databaseChangeLog=master.changelog.json}
?[m?[37m[INFO] 17:31:34,654 [driver-pool-thread-1] changelog.ChangeSet. - Custom SQL executed {changeSet=migration/node-core.changelog-tx-mapping.xml::add_tx_mapping_column::R3.Corda, databaseChangeLog=master.changelog.json}
?[m?[37m[INFO] 17:31:34,654 [driver-pool-thread-1] jvm.JdbcExecutor. - DROP TABLE PUBLIC.node_transaction_mappings {changeSet=migration/node-core.changelog-tx-mapping.xml::add_tx_mapping_column::R3.Corda, databaseChangeLog=master.changelog.json}
?[m?[37m[INFO] 17:31:34,654 [driver-pool-thread-1] changelog.ChangeSet. - Table node_transaction_mappings dropped {changeSet=migration/node-core.changelog-tx-mapping.xml::add_tx_mapping_column::R3.Corda, databaseChangeLog=master.changelog.json}
?[m?[37m[INFO] 17:31:34,654 [driver-pool-thread-1] changelog.ChangeSet. - ChangeSet migration/node-core.changelog-tx-mapping.xml::add_tx_mapping_column::R3.Corda ran successfully in 2ms {changeSet=migration/node-core.changelog-tx-mapping.xml::add_tx_mapping_column::R3.Corda, databaseChangeLog=master.changelog.json}
?[m?[37m[INFO] 17:31:34,655 [driver-pool-thread-1] jvm.JdbcExecutor. - INSERT INTO PUBLIC.DATABASECHANGELOG (ID, AUTHOR, FILENAME, DATEEXECUTED, ORDEREXECUTED, MD5SUM, DESCRIPTION, COMMENTS, EXECTYPE, CONTEXTS, LABELS, LIQUIBASE, DEPLOYMENT_ID) VALUES ('add_tx_mapping_column', 'R3.Corda', 'migration/node-core.changelog-tx-mapping.xml', NOW(), 81, '8:6d9d8484a635e932dd8e8f45db1b3d7e', 'addColumn tableName=node_transactions; sql; dropTable tableName=node_transaction_mappings', '', 'EXECUTED', NULL, NULL, '3.6.3', '7573094500') {changeSet=migration/node-core.changelog-tx-mapping.xml::add_tx_mapping_column::R3.Corda, databaseChangeLog=master.changelog.json}
?[m?[37m[INFO] 17:31:34,656 [driver-pool-thread-1] jvm.JdbcExecutor. - CREATE TABLE PUBLIC.node_network_parameters (hash NVARCHAR(130) NOT NULL, epoch INT NOT NULL, parameters_bytes BLOB NOT NULL, signature_bytes BLOB NOT NULL, cert BLOB NOT NULL, parent_cert_path BLOB NOT NULL) {changeSet=migration/node-services.changelog-init.xml::add_network_parameters_storage::R3.Corda, databaseChangeLog=master.changelog.json}
?[m?[37m[INFO] 17:31:34,656 [driver-pool-thread-1] changelog.ChangeSet. - Table node_network_parameters created {changeSet=migration/node-services.changelog-init.xml::add_network_parameters_storage::R3.Corda, databaseChangeLog=master.changelog.json}
?[m?[37m[INFO] 17:31:34,656 [driver-pool-thread-1] changelog.ChangeSet. - ChangeSet migration/node-services.changelog-init.xml::add_network_parameters_storage::R3.Corda ran successfully in 1ms {changeSet=migration/node-services.changelog-init.xml::add_network_parameters_storage::R3.Corda, databaseChangeLog=master.changelog.json}
?[m?[37m[INFO] 17:31:34,656 [driver-pool-thread-1] jvm.JdbcExecutor. - INSERT INTO PUBLIC.DATABASECHANGELOG (ID, AUTHOR, FILENAME, DATEEXECUTED, ORDEREXECUTED, MD5SUM, DESCRIPTION, COMMENTS, EXECTYPE, CONTEXTS, LABELS, LIQUIBASE, DEPLOYMENT_ID) VALUES ('add_network_parameters_storage', 'R3.Corda', 'migration/node-services.changelog-init.xml', NOW(), 82, '8:b448755ba392674254c59e2b9489140f', 'createTable tableName=node_network_parameters', '', 'EXECUTED', NULL, NULL, '3.6.3', '7573094500') {changeSet=migration/node-services.changelog-init.xml::add_network_parameters_storage::R3.Corda, databaseChangeLog=master.changelog.json}
?[m?[37m[INFO] 17:31:34,657 [driver-pool-thread-1] jvm.JdbcExecutor. - ALTER TABLE PUBLIC.node_network_parameters ADD CONSTRAINT node_network_parameters_pkey PRIMARY KEY (hash) {changeSet=migration/node-services.changelog-init.xml::network_parameters_pk::R3.Corda, databaseChangeLog=master.changelog.json}
?[m?[37m[INFO] 17:31:34,657 [driver-pool-thread-1] changelog.ChangeSet. - Primary key added to node_network_parameters (hash) {changeSet=migration/node-services.changelog-init.xml::network_parameters_pk::R3.Corda, databaseChangeLog=master.changelog.json}
?[m?[37m[INFO] 17:31:34,657 [driver-pool-thread-1] changelog.ChangeSet. - ChangeSet migration/node-services.changelog-init.xml::network_parameters_pk::R3.Corda ran successfully in 1ms {changeSet=migration/node-services.changelog-init.xml::network_parameters_pk::R3.Corda, databaseChangeLog=master.changelog.json}
?[m?[37m[INFO] 17:31:34,657 [driver-pool-thread-1] jvm.JdbcExecutor. - INSERT INTO PUBLIC.DATABASECHANGELOG (ID, AUTHOR, FILENAME, DATEEXECUTED, ORDEREXECUTED, MD5SUM, DESCRIPTION, COMMENTS, EXECTYPE, CONTEXTS, LABELS, LIQUIBASE, DEPLOYMENT_ID) VALUES ('network_parameters_pk', 'R3.Corda', 'migration/node-services.changelog-init.xml', NOW(), 83, '8:fc0358b8cab487b52558cd68d6feaf9e', 'addPrimaryKey constraintName=node_network_parameters_pkey, tableName=node_network_parameters', '', 'EXECUTED', NULL, NULL, '3.6.3', '7573094500') {changeSet=migration/node-services.changelog-init.xml::network_parameters_pk::R3.Corda, databaseChangeLog=master.changelog.json}
?[m?[37m[INFO] 17:31:34,658 [driver-pool-thread-1] jvm.JdbcExecutor. - ALTER TABLE PUBLIC.node_attachments ADD version INT {changeSet=migration/node-services.changelog-init.xml::add_version_column::R3.Corda, databaseChangeLog=master.changelog.json}
?[m?[37m[INFO] 17:31:34,659 [driver-pool-thread-1] changelog.ChangeSet. - Columns version(INT) added to node_attachments {changeSet=migration/node-services.changelog-init.xml::add_version_column::R3.Corda, databaseChangeLog=master.changelog.json}
?[m?[37m[INFO] 17:31:34,660 [driver-pool-thread-1] jvm.JdbcExecutor. - update node_attachments set version = 1 {changeSet=migration/node-services.changelog-init.xml::add_version_column::R3.Corda, databaseChangeLog=master.changelog.json}
?[m?[37m[INFO] 17:31:34,660 [driver-pool-thread-1] changelog.ChangeSet. - Custom SQL executed {changeSet=migration/node-services.changelog-init.xml::add_version_column::R3.Corda, databaseChangeLog=master.changelog.json}
?[m?[37m[INFO] 17:31:34,660 [driver-pool-thread-1] jvm.JdbcExecutor. - ALTER TABLE PUBLIC.node_attachments ALTER COLUMN version SET NOT NULL {changeSet=migration/node-services.changelog-init.xml::add_version_column::R3.Corda, databaseChangeLog=master.changelog.json}
?[m?[37m[INFO] 17:31:34,660 [driver-pool-thread-1] changelog.ChangeSet. - NOT NULL constraint has been added to node_attachments.version {changeSet=migration/node-services.changelog-init.xml::add_version_column::R3.Corda, databaseChangeLog=master.changelog.json}
?[m?[37m[INFO] 17:31:34,660 [driver-pool-thread-1] changelog.ChangeSet. - ChangeSet migration/node-services.changelog-init.xml::add_version_column::R3.Corda ran successfully in 2ms {changeSet=migration/node-services.changelog-init.xml::add_version_column::R3.Corda, databaseChangeLog=master.changelog.json}
?[m?[37m[INFO] 17:31:34,661 [driver-pool-thread-1] jvm.JdbcExecutor. - INSERT INTO PUBLIC.DATABASECHANGELOG (ID, AUTHOR, FILENAME, DATEEXECUTED, ORDEREXECUTED, MD5SUM, DESCRIPTION, COMMENTS, EXECTYPE, CONTEXTS, LABELS, LIQUIBASE, DEPLOYMENT_ID) VALUES ('add_version_column', 'R3.Corda', 'migration/node-services.changelog-init.xml', NOW(), 84, '8:ab6a3101d1da88b0f174ccc06a62feef', 'addColumn tableName=node_attachments; sql; addNotNullConstraint columnName=version, tableName=node_attachments', '', 'EXECUTED', NULL, NULL, '3.6.3', '7573094500') {changeSet=migration/node-services.changelog-init.xml::add_version_column::R3.Corda, databaseChangeLog=master.changelog.json}
?[m?[37m[INFO] 17:31:34,661 [driver-pool-thread-1] persistence.AttachmentVersionNumberMigration. - Start executing... {changeSet=migration/node-services.changelog-init.xml::update-version-of-whitelisted-jars::R3.Corda, databaseChangeLog=master.changelog.json}
?[m?[37m[INFO] 17:31:34,662 [driver-pool-thread-1] persistence.AttachmentVersionNumberMigration. - Attachment version creation from whitelisted JARs using network parameters from /Users/garryjackson/Documents/GitHub/quickstart/quickstart-swisspost/workflows/build/node-driver/20200422-163119.336/BankB/network-parameters, whitelistedContractImplementations: {}. {changeSet=migration/node-services.changelog-init.xml::update-version-of-whitelisted-jars::R3.Corda, databaseChangeLog=master.changelog.json}
?[m?[37m[INFO] 17:31:34,662 [driver-pool-thread-1] persistence.AttachmentVersionNumberMigration. - Attachment version creation from whitelisted JARs skipped, no attachments not found. {changeSet=migration/node-services.changelog-init.xml::update-version-of-whitelisted-jars::R3.Corda, databaseChangeLog=master.changelog.json}
?[m?[37m[INFO] 17:31:34,662 [driver-pool-thread-1] changelog.ChangeSet. - null {changeSet=migration/node-services.changelog-init.xml::update-version-of-whitelisted-jars::R3.Corda, databaseChangeLog=master.changelog.json}
?[m?[37m[INFO] 17:31:34,662 [driver-pool-thread-1] changelog.ChangeSet. - ChangeSet migration/node-services.changelog-init.xml::update-version-of-whitelisted-jars::R3.Corda ran successfully in 1ms {changeSet=migration/node-services.changelog-init.xml::update-version-of-whitelisted-jars::R3.Corda, databaseChangeLog=master.changelog.json}
?[m?[37m[INFO] 17:31:34,663 [driver-pool-thread-1] jvm.JdbcExecutor. - INSERT INTO PUBLIC.DATABASECHANGELOG (ID, AUTHOR, FILENAME, DATEEXECUTED, ORDEREXECUTED, MD5SUM, DESCRIPTION, COMMENTS, EXECTYPE, CONTEXTS, LABELS, LIQUIBASE, DEPLOYMENT_ID) VALUES ('update-version-of-whitelisted-jars', 'R3.Corda', 'migration/node-services.changelog-init.xml', NOW(), 85, '8:1d4174a12a4902070f6bf2ba624b0e97', 'customChange', '', 'EXECUTED', NULL, NULL, '3.6.3', '7573094500') {changeSet=migration/node-services.changelog-init.xml::update-version-of-whitelisted-jars::R3.Corda, databaseChangeLog=master.changelog.json}
?[m?[37m[INFO] 17:31:34,664 [driver-pool-thread-1] jvm.JdbcExecutor. - CREATE TABLE PUBLIC.node_identities_no_cert (pk_hash NVARCHAR(130) NOT NULL, name NVARCHAR(128) NOT NULL) {changeSet=migration/node-services.changelog-init.xml::add-new-persistence-table::R3.Corda, databaseChangeLog=master.changelog.json}
?[m?[37m[INFO] 17:31:34,664 [driver-pool-thread-1] changelog.ChangeSet. - Table node_identities_no_cert created {changeSet=migration/node-services.changelog-init.xml::add-new-persistence-table::R3.Corda, databaseChangeLog=master.changelog.json}
?[m?[37m[INFO] 17:31:34,664 [driver-pool-thread-1] jvm.JdbcExecutor. - ALTER TABLE PUBLIC.node_identities_no_cert ADD CONSTRAINT node_identities_no_cert_pkey PRIMARY KEY (pk_hash) {changeSet=migration/node-services.changelog-init.xml::add-new-persistence-table::R3.Corda, databaseChangeLog=master.changelog.json}
?[m?[37m[INFO] 17:31:34,664 [driver-pool-thread-1] changelog.ChangeSet. - Primary key added to node_identities_no_cert (pk_hash) {changeSet=migration/node-services.changelog-init.xml::add-new-persistence-table::R3.Corda, databaseChangeLog=master.changelog.json}
?[m?[37m[INFO] 17:31:34,664 [driver-pool-thread-1] changelog.ChangeSet. - ChangeSet migration/node-services.changelog-init.xml::add-new-persistence-table::R3.Corda ran successfully in 1ms {changeSet=migration/node-services.changelog-init.xml::add-new-persistence-table::R3.Corda, databaseChangeLog=master.changelog.json}
?[m?[37m[INFO] 17:31:34,665 [driver-pool-thread-1] jvm.JdbcExecutor. - INSERT INTO PUBLIC.DATABASECHANGELOG (ID, AUTHOR, FILENAME, DATEEXECUTED, ORDEREXECUTED, MD5SUM, DESCRIPTION, COMMENTS, EXECTYPE, CONTEXTS, LABELS, LIQUIBASE, DEPLOYMENT_ID) VALUES ('add-new-persistence-table', 'R3.Corda', 'migration/node-services.changelog-init.xml', NOW(), 86, '8:cb3302a80bf346270e0d8f3509c64a9b', 'createTable tableName=node_identities_no_cert; addPrimaryKey constraintName=node_identities_no_cert_pkey, tableName=node_identities_no_cert', '', 'EXECUTED', NULL, NULL, '3.6.3', '7573094500') {changeSet=migration/node-services.changelog-init.xml::add-new-persistence-table::R3.Corda, databaseChangeLog=master.changelog.json}
?[m?[37m[INFO] 17:31:34,665 [driver-pool-thread-1] jvm.JdbcExecutor. - ALTER TABLE PUBLIC.pk_hash_to_ext_id_map DROP COLUMN id {changeSet=migration/node-services.changelog-init.xml::migrate_pk_hash_to_ext_id::R3.Corda, databaseChangeLog=master.changelog.json}
?[m?[37m[INFO] 17:31:34,666 [driver-pool-thread-1] changelog.ChangeSet. - Column pk_hash_to_ext_id_map.id dropped {changeSet=migration/node-services.changelog-init.xml::migrate_pk_hash_to_ext_id::R3.Corda, databaseChangeLog=master.changelog.json}
?[m?[37m[INFO] 17:31:34,666 [driver-pool-thread-1] jvm.JdbcExecutor. - DROP INDEX PUBLIC.pk_hash_to_xid_idx {changeSet=migration/node-services.changelog-init.xml::migrate_pk_hash_to_ext_id::R3.Corda, databaseChangeLog=master.changelog.json}
?[m?[37m[INFO] 17:31:34,666 [driver-pool-thread-1] changelog.ChangeSet. - Index pk_hash_to_xid_idx dropped from table pk_hash_to_ext_id_map {changeSet=migration/node-services.changelog-init.xml::migrate_pk_hash_to_ext_id::R3.Corda, databaseChangeLog=master.changelog.json}
?[m?[37m[INFO] 17:31:34,666 [driver-pool-thread-1] jvm.JdbcExecutor. - ALTER TABLE PUBLIC.pk_hash_to_ext_id_map ADD CONSTRAINT pubkey_hash_to_external_id_pk PRIMARY KEY (public_key_hash) {changeSet=migration/node-services.changelog-init.xml::migrate_pk_hash_to_ext_id::R3.Corda, databaseChangeLog=master.changelog.json}
?[m?[37m[INFO] 17:31:34,666 [driver-pool-thread-1] changelog.ChangeSet. - Primary key added to pk_hash_to_ext_id_map (public_key_hash) {changeSet=migration/node-services.changelog-init.xml::migrate_pk_hash_to_ext_id::R3.Corda, databaseChangeLog=master.changelog.json}
?[m?[37m[INFO] 17:31:34,667 [driver-pool-thread-1] jvm.JdbcExecutor. - CREATE INDEX PUBLIC.ext_id_idx ON PUBLIC.pk_hash_to_ext_id_map(external_id) {changeSet=migration/node-services.changelog-init.xml::migrate_pk_hash_to_ext_id::R3.Corda, databaseChangeLog=master.changelog.json}
?[m?[37m[INFO] 17:31:34,667 [driver-pool-thread-1] changelog.ChangeSet. - Index ext_id_idx created {changeSet=migration/node-services.changelog-init.xml::migrate_pk_hash_to_ext_id::R3.Corda, databaseChangeLog=master.changelog.json}
?[m?[37m[INFO] 17:31:34,667 [driver-pool-thread-1] changelog.ChangeSet. - ChangeSet migration/node-services.changelog-init.xml::migrate_pk_hash_to_ext_id::R3.Corda ran successfully in 2ms {changeSet=migration/node-services.changelog-init.xml::migrate_pk_hash_to_ext_id::R3.Corda, databaseChangeLog=master.changelog.json}
?[m?[37m[INFO] 17:31:34,667 [driver-pool-thread-1] jvm.JdbcExecutor. - INSERT INTO PUBLIC.DATABASECHANGELOG (ID, AUTHOR, FILENAME, DATEEXECUTED, ORDEREXECUTED, MD5SUM, DESCRIPTION, COMMENTS, EXECTYPE, CONTEXTS, LABELS, LIQUIBASE, DEPLOYMENT_ID) VALUES ('migrate_pk_hash_to_ext_id', 'R3.Corda', 'migration/node-services.changelog-init.xml', NOW(), 87, '8:daf9ba8b9522b5ed5e0c474f220a5ef9', 'dropColumn columnName=id, tableName=pk_hash_to_ext_id_map; dropIndex indexName=pk_hash_to_xid_idx, tableName=pk_hash_to_ext_id_map; addPrimaryKey constraintName=pubkey_hash_to_external_id_pk, tableName=pk_hash_to_ext_id_map; createIndex indexName=...', '', 'EXECUTED', NULL, NULL, '3.6.3', '7573094500') {changeSet=migration/node-services.changelog-init.xml::migrate_pk_hash_to_ext_id::R3.Corda, databaseChangeLog=master.changelog.json}
?[m?[37m[INFO] 17:31:34,668 [driver-pool-thread-1] changelog.ChangeSet. - null {changeSet=migration/node-services.changelog-init.xml::migrate_identity_service_to_use_publicKey.toShortString()::R3.Corda, databaseChangeLog=master.changelog.json}
?[m?[37m[INFO] 17:31:34,668 [driver-pool-thread-1] changelog.ChangeSet. - ChangeSet migration/node-services.changelog-init.xml::migrate_identity_service_to_use_publicKey.toShortString()::R3.Corda ran successfully in 1ms {changeSet=migration/node-services.changelog-init.xml::migrate_identity_service_to_use_publicKey.toShortString()::R3.Corda, databaseChangeLog=master.changelog.json}
?[m?[37m[INFO] 17:31:34,668 [driver-pool-thread-1] jvm.JdbcExecutor. - INSERT INTO PUBLIC.DATABASECHANGELOG (ID, AUTHOR, FILENAME, DATEEXECUTED, ORDEREXECUTED, MD5SUM, DESCRIPTION, COMMENTS, EXECTYPE, CONTEXTS, LABELS, LIQUIBASE, DEPLOYMENT_ID) VALUES ('migrate_identity_service_to_use_publicKey.toShortString()', 'R3.Corda', 'migration/node-services.changelog-init.xml', NOW(), 88, '8:51a17ecff2c7f17e1502992fdda4356d', 'customChange', '', 'EXECUTED', NULL, NULL, '3.6.3', '7573094500') {changeSet=migration/node-services.changelog-init.xml::migrate_identity_service_to_use_publicKey.toShortString()::R3.Corda, databaseChangeLog=master.changelog.json}
?[m?[37m[INFO] 17:31:34,668 [driver-pool-thread-1] jvm.JdbcExecutor. - ALTER TABLE PUBLIC.node_transactions ADD status NVARCHAR(1) DEFAULT 'V' NOT NULL {changeSet=migration/node-services.changelog-init.xml::add_status_column::R3.Corda, databaseChangeLog=master.changelog.json}
?[m?[37m[INFO] 17:31:34,669 [driver-pool-thread-1] changelog.ChangeSet. - Columns status(NVARCHAR(1)) added to node_transactions {changeSet=migration/node-services.changelog-init.xml::add_status_column::R3.Corda, databaseChangeLog=master.changelog.json}
?[m?[37m[INFO] 17:31:34,669 [driver-pool-thread-1] changelog.ChangeSet. - ChangeSet migration/node-services.changelog-init.xml::add_status_column::R3.Corda ran successfully in 1ms {changeSet=migration/node-services.changelog-init.xml::add_status_column::R3.Corda, databaseChangeLog=master.changelog.json}
?[m?[37m[INFO] 17:31:34,670 [driver-pool-thread-1] jvm.JdbcExecutor. - INSERT INTO PUBLIC.DATABASECHANGELOG (ID, AUTHOR, FILENAME, DATEEXECUTED, ORDEREXECUTED, MD5SUM, DESCRIPTION, COMMENTS, EXECTYPE, CONTEXTS, LABELS, LIQUIBASE, DEPLOYMENT_ID) VALUES ('add_status_column', 'R3.Corda', 'migration/node-services.changelog-init.xml', NOW(), 89, '8:163dc66ab97910470ce080cd4c4d33ef', 'addColumn tableName=node_transactions', '', 'EXECUTED', NULL, NULL, '3.6.3', '7573094500') {changeSet=migration/node-services.changelog-init.xml::add_status_column::R3.Corda, databaseChangeLog=master.changelog.json}
?[m?[37m[INFO] 17:31:34,671 [driver-pool-thread-1] jvm.JdbcExecutor. - CREATE TABLE PUBLIC.node_hash_to_key (pk_hash NVARCHAR(130) NOT NULL, public_key BLOB NOT NULL) {changeSet=migration/node-services.changelog-init.xml::add-new-pk-hash-to-pk-table::R3.Corda, databaseChangeLog=master.changelog.json}
?[m?[37m[INFO] 17:31:34,671 [driver-pool-thread-1] changelog.ChangeSet. - Table node_hash_to_key created {changeSet=migration/node-services.changelog-init.xml::add-new-pk-hash-to-pk-table::R3.Corda, databaseChangeLog=master.changelog.json}
?[m?[37m[INFO] 17:31:34,671 [driver-pool-thread-1] jvm.JdbcExecutor. - ALTER TABLE PUBLIC.node_hash_to_key ADD CONSTRAINT node_hash_to_key_pk_hash PRIMARY KEY (pk_hash) {changeSet=migration/node-services.changelog-init.xml::add-new-pk-hash-to-pk-table::R3.Corda, databaseChangeLog=master.changelog.json}
?[m?[37m[INFO] 17:31:34,671 [driver-pool-thread-1] changelog.ChangeSet. - Primary key added to node_hash_to_key (pk_hash) {changeSet=migration/node-services.changelog-init.xml::add-new-pk-hash-to-pk-table::R3.Corda, databaseChangeLog=master.changelog.json}
?[m?[37m[INFO] 17:31:34,671 [driver-pool-thread-1] changelog.ChangeSet. - ChangeSet migration/node-services.changelog-init.xml::add-new-pk-hash-to-pk-table::R3.Corda ran successfully in 1ms {changeSet=migration/node-services.changelog-init.xml::add-new-pk-hash-to-pk-table::R3.Corda, databaseChangeLog=master.changelog.json}
?[m?[37m[INFO] 17:31:34,672 [driver-pool-thread-1] jvm.JdbcExecutor. - INSERT INTO PUBLIC.DATABASECHANGELOG (ID, AUTHOR, FILENAME, DATEEXECUTED, ORDEREXECUTED, MD5SUM, DESCRIPTION, COMMENTS, EXECTYPE, CONTEXTS, LABELS, LIQUIBASE, DEPLOYMENT_ID) VALUES ('add-new-pk-hash-to-pk-table', 'R3.Corda', 'migration/node-services.changelog-init.xml', NOW(), 90, '8:90ed8145a19f497b5c95a5c9542917f0', 'createTable tableName=node_hash_to_key; addPrimaryKey constraintName=node_hash_to_key_pk_hash, tableName=node_hash_to_key', '', 'EXECUTED', NULL, NULL, '3.6.3', '7573094500') {changeSet=migration/node-services.changelog-init.xml::add-new-pk-hash-to-pk-table::R3.Corda, databaseChangeLog=master.changelog.json}
?[m?[37m[INFO] 17:31:34,672 [driver-pool-thread-1] jvm.JdbcExecutor. - ALTER TABLE PUBLIC.node_transactions ADD timestamp TIMESTAMP DEFAULT '2000-01-01 12:00:00' NOT NULL {changeSet=migration/node-services.changelog-init.xml::add_timestamp_column_to_node_transactions::R3.Corda, databaseChangeLog=master.changelog.json}
?[m?[37m[INFO] 17:31:34,673 [driver-pool-thread-1] changelog.ChangeSet. - Columns timestamp(TIMESTAMP) added to node_transactions {changeSet=migration/node-services.changelog-init.xml::add_timestamp_column_to_node_transactions::R3.Corda, databaseChangeLog=master.changelog.json}
?[m?[37m[INFO] 17:31:34,673 [driver-pool-thread-1] changelog.ChangeSet. - ChangeSet migration/node-services.changelog-init.xml::add_timestamp_column_to_node_transactions::R3.Corda ran successfully in 1ms {changeSet=migration/node-services.changelog-init.xml::add_timestamp_column_to_node_transactions::R3.Corda, databaseChangeLog=master.changelog.json}
?[m?[37m[INFO] 17:31:34,674 [driver-pool-thread-1] jvm.JdbcExecutor. - INSERT INTO PUBLIC.DATABASECHANGELOG (ID, AUTHOR, FILENAME, DATEEXECUTED, ORDEREXECUTED, MD5SUM, DESCRIPTION, COMMENTS, EXECTYPE, CONTEXTS, LABELS, LIQUIBASE, DEPLOYMENT_ID) VALUES ('add_timestamp_column_to_node_transactions', 'R3.Corda', 'migration/node-services.changelog-init.xml', NOW(), 91, '8:bc308c6c38c83b58a03f11f0943a944f', 'addColumn tableName=node_transactions', '', 'EXECUTED', NULL, NULL, '3.6.3', '7573094500') {changeSet=migration/node-services.changelog-init.xml::add_timestamp_column_to_node_transactions::R3.Corda, databaseChangeLog=master.changelog.json}
?[m?[37m[INFO] 17:31:34,674 [driver-pool-thread-1] migration.VaultStateMigration. - Migrating vault state data to V4 tables {changeSet=migration/vault-schema.changelog-v9.xml::update-vault-states::R3.Corda, databaseChangeLog=master.changelog.json}
?[m?[37m[INFO] 17:31:34,676 [driver-pool-thread-1] persistence.HibernateConfiguration. - Init HibernateConfiguration for schemas: [VaultMigrationSchemaV1(name=net.corda.node.migration.VaultMigrationSchema, version=1), VaultSchemaV1(name=net.corda.node.services.vault.VaultSchema, version=1)] {changeSet=migration/vault-schema.changelog-v9.xml::update-vault-states::R3.Corda, databaseChangeLog=master.changelog.json}
?[m?[37m[INFO] 17:31:34,676 [driver-pool-thread-1] persistence.HibernateConfiguration. - Creating session factory for schemas: [VaultMigrationSchemaV1(name=net.corda.node.migration.VaultMigrationSchema, version=1), VaultSchemaV1(name=net.corda.node.services.vault.VaultSchema, version=1)] {changeSet=migration/vault-schema.changelog-v9.xml::update-vault-states::R3.Corda, databaseChangeLog=master.changelog.json}
?[m?[37m[INFO] 17:31:34,681 [driver-pool-thread-1] internal.ConnectionProviderInitiator. - HHH000130: Instantiating explicit connection provider: net.corda.nodeapi.internal.persistence.HibernateConfiguration$NodeDatabaseConnectionProvider {changeSet=migration/vault-schema.changelog-v9.xml::update-vault-states::R3.Corda, databaseChangeLog=master.changelog.json}
?[m?[37m[INFO] 17:31:34,682 [driver-pool-thread-1] dialect.Dialect. - HHH000400: Using dialect: org.hibernate.dialect.H2Dialect {changeSet=migration/vault-schema.changelog-v9.xml::update-vault-states::R3.Corda, databaseChangeLog=master.changelog.json}
?[m?[37m[INFO] 17:31:34,743 [driver-pool-thread-1] connections.access. - HHH10001501: Connection obtained from JdbcConnectionAccess [org.hibernate.engine.jdbc.env.internal.JdbcEnvironmentInitiator$ConnectionProviderJdbcConnectionAccess@1e892e6b] for (non-JTA) DDL execution was not in auto-commit mode; the Connection 'local transaction' will be committed and the Connection will be set into auto-commit mode. {changeSet=migration/vault-schema.changelog-v9.xml::update-vault-states::R3.Corda, databaseChangeLog=master.changelog.json}
?[m?[37m[INFO] 17:31:34,754 [driver-pool-thread-0] internal.ArtemisMessagingClient. - Connecting to message broker: localhost:10357
?[m?[37m[INFO] 17:31:34,817 [driver-pool-thread-1] internal.JtaPlatformInitiator. - HHH000490: Using JtaPlatform implementation: [org.hibernate.engine.transaction.jta.platform.internal.NoJtaPlatform] {changeSet=migration/vault-schema.changelog-v9.xml::update-vault-states::R3.Corda, databaseChangeLog=master.changelog.json}
?[m?[37m[INFO] 17:31:34,817 [driver-pool-thread-1] persistence.HibernateConfiguration. - Created session factory for schemas: [VaultMigrationSchemaV1(name=net.corda.node.migration.VaultMigrationSchema, version=1), VaultSchemaV1(name=net.corda.node.services.vault.VaultSchema, version=1)] {changeSet=migration/vault-schema.changelog-v9.xml::update-vault-states::R3.Corda, databaseChangeLog=master.changelog.json}
?[m?[37m[INFO] 17:31:34,840 [driver-pool-thread-0] internal.ArtemisMessagingClient. - Connecting to message broker: localhost:10357
?[m?[37m[INFO] 17:31:34,844 [driver-pool-thread-1] migration.VaultStateMigration. - Finished performing vault state data migration for 0 states {changeSet=migration/vault-schema.changelog-v9.xml::update-vault-states::R3.Corda, databaseChangeLog=master.changelog.json}
?[m?[37m[INFO] 17:31:34,844 [driver-pool-thread-1] changelog.ChangeSet. - null {changeSet=migration/vault-schema.changelog-v9.xml::update-vault-states::R3.Corda, databaseChangeLog=master.changelog.json}
?[m?[37m[INFO] 17:31:34,844 [driver-pool-thread-1] changelog.ChangeSet. - ChangeSet migration/vault-schema.changelog-v9.xml::update-vault-states::R3.Corda ran successfully in 170ms {changeSet=migration/vault-schema.changelog-v9.xml::update-vault-states::R3.Corda, databaseChangeLog=master.changelog.json}
?[m?[37m[INFO] 17:31:34,845 [driver-pool-thread-1] jvm.JdbcExecutor. - INSERT INTO PUBLIC.DATABASECHANGELOG (ID, AUTHOR, FILENAME, DATEEXECUTED, ORDEREXECUTED, MD5SUM, DESCRIPTION, COMMENTS, EXECTYPE, CONTEXTS, LABELS, LIQUIBASE, DEPLOYMENT_ID) VALUES ('update-vault-states', 'R3.Corda', 'migration/vault-schema.changelog-v9.xml', NOW(), 92, '8:f8f4c73846280164daf6855e1ecf3cc6', 'customChange', '', 'EXECUTED', NULL, NULL, '3.6.3', '7573094500') {changeSet=migration/vault-schema.changelog-v9.xml::update-vault-states::R3.Corda, databaseChangeLog=master.changelog.json}
?[m?[37m[INFO] 17:31:34,846 [driver-pool-thread-1] migration.PersistentIdentityMigrationNewTable. - Migrating persistent identities with certificates table into persistent table with no certificate data. {changeSet=migration/node-services.changelog-init.xml::transfer-to-new-persistence-table::R3.Corda, databaseChangeLog=master.changelog.json}
?[m?[37m[INFO] 17:31:34,850 [driver-pool-thread-1] persistence.HibernateConfiguration. - Init HibernateConfiguration for schemas: [MappedSchema(name=net.corda.node.migration.PersistentIdentitiesMigrationSchema, version=1)] {changeSet=migration/node-services.changelog-init.xml::transfer-to-new-persistence-table::R3.Corda, databaseChangeLog=master.changelog.json}
?[m?[37m[INFO] 17:31:34,850 [driver-pool-thread-1] persistence.HibernateConfiguration. - Creating session factory for schemas: [MappedSchema(name=net.corda.node.migration.PersistentIdentitiesMigrationSchema, version=1)] {changeSet=migration/node-services.changelog-init.xml::transfer-to-new-persistence-table::R3.Corda, databaseChangeLog=master.changelog.json}
?[m?[37m[INFO] 17:31:34,866 [driver-pool-thread-1] internal.ConnectionProviderInitiator. - HHH000130: Instantiating explicit connection provider: net.corda.nodeapi.internal.persistence.HibernateConfiguration$NodeDatabaseConnectionProvider {changeSet=migration/node-services.changelog-init.xml::transfer-to-new-persistence-table::R3.Corda, databaseChangeLog=master.changelog.json}
?[m?[37m[INFO] 17:31:34,866 [driver-pool-thread-1] dialect.Dialect. - HHH000400: Using dialect: org.hibernate.dialect.H2Dialect {changeSet=migration/node-services.changelog-init.xml::transfer-to-new-persistence-table::R3.Corda, databaseChangeLog=master.changelog.json}
?[m?[37m[INFO] 17:31:34,919 [driver-pool-thread-0] messaging.P2PMessagingClient. - Connecting to message broker: localhost:10357
?[m?[37m[INFO] 17:31:34,927 [driver-pool-thread-1] connections.access. - HHH10001501: Connection obtained from JdbcConnectionAccess [org.hibernate.engine.jdbc.env.internal.JdbcEnvironmentInitiator$ConnectionProviderJdbcConnectionAccess@57dd5422] for (non-JTA) DDL execution was not in auto-commit mode; the Connection 'local transaction' will be committed and the Connection will be set into auto-commit mode. {changeSet=migration/node-services.changelog-init.xml::transfer-to-new-persistence-table::R3.Corda, databaseChangeLog=master.changelog.json}
?[m?[37m[INFO] 17:31:34,949 [driver-pool-thread-1] internal.JtaPlatformInitiator. - HHH000490: Using JtaPlatform implementation: [org.hibernate.engine.transaction.jta.platform.internal.NoJtaPlatform] {changeSet=migration/node-services.changelog-init.xml::transfer-to-new-persistence-table::R3.Corda, databaseChangeLog=master.changelog.json}
?[m?[37m[INFO] 17:31:34,949 [driver-pool-thread-1] persistence.HibernateConfiguration. - Created session factory for schemas: [MappedSchema(name=net.corda.node.migration.PersistentIdentitiesMigrationSchema, version=1)] {changeSet=migration/node-services.changelog-init.xml::transfer-to-new-persistence-table::R3.Corda, databaseChangeLog=master.changelog.json}
?[m?[37m[INFO] 17:31:34,952 [driver-pool-thread-1] changelog.ChangeSet. - null {changeSet=migration/node-services.changelog-init.xml::transfer-to-new-persistence-table::R3.Corda, databaseChangeLog=master.changelog.json}
?[m?[37m[INFO] 17:31:34,952 [driver-pool-thread-0] messaging.P2PMessagingClient. - Create fresh queue p2p.inbound.DLCM2kf1HCkM2Mi9thzBGqXe5b3mVRMNFDKUYToSB2aKLq bound on same address
?[m?[37m[INFO] 17:31:34,953 [driver-pool-thread-1] changelog.ChangeSet. - ChangeSet migration/node-services.changelog-init.xml::transfer-to-new-persistence-table::R3.Corda ran successfully in 107ms {changeSet=migration/node-services.changelog-init.xml::transfer-to-new-persistence-table::R3.Corda, databaseChangeLog=master.changelog.json}
?[m?[37m[INFO] 17:31:34,953 [driver-pool-thread-1] jvm.JdbcExecutor. - INSERT INTO PUBLIC.DATABASECHANGELOG (ID, AUTHOR, FILENAME, DATEEXECUTED, ORDEREXECUTED, MD5SUM, DESCRIPTION, COMMENTS, EXECTYPE, CONTEXTS, LABELS, LIQUIBASE, DEPLOYMENT_ID) VALUES ('transfer-to-new-persistence-table', 'R3.Corda', 'migration/node-services.changelog-init.xml', NOW(), 93, '8:dc5c1913b593f4a2b95ddca810da11ba', 'customChange', '', 'EXECUTED', NULL, NULL, '3.6.3', '7573094500') {changeSet=migration/node-services.changelog-init.xml::transfer-to-new-persistence-table::R3.Corda, databaseChangeLog=master.changelog.json}
?[m?[37m[INFO] 17:31:34,954 [driver-pool-thread-1] lockservice.StandardLockService. - Successfully released change log lock
?[m?[37m[INFO] 17:31:34,954 [driver-pool-thread-1] internal.Node. - Connected to H2 database.
?[m?[37m[INFO] 17:31:34,955 [driver-pool-thread-1] persistence.HibernateConfiguration. - Init HibernateConfiguration for schemas: [CommonSchemaV1(name=net.corda.core.schemas.CommonSchema, version=1), VaultSchemaV1(name=net.corda.node.services.vault.VaultSchema, version=1), NodeInfoSchemaV1(name=net.corda.node.internal.schemas.NodeInfoSchema, version=1), NodeCoreV1(name=net.corda.node.services.schema.NodeSchemaService$NodeCore, version=1)]
?[m?[37m[INFO] 17:31:34,955 [driver-pool-thread-1] persistence.HibernateConfiguration. - Creating session factory for schemas: [CommonSchemaV1(name=net.corda.core.schemas.CommonSchema, version=1), VaultSchemaV1(name=net.corda.node.services.vault.VaultSchema, version=1), NodeInfoSchemaV1(name=net.corda.node.internal.schemas.NodeInfoSchema, version=1), NodeCoreV1(name=net.corda.node.services.schema.NodeSchemaService$NodeCore, version=1)]
?[m?[37m[INFO] 17:31:34,962 [driver-pool-thread-1] internal.ConnectionProviderInitiator. - HHH000130: Instantiating explicit connection provider: net.corda.nodeapi.internal.persistence.HibernateConfiguration$NodeDatabaseConnectionProvider
?[m?[37m[INFO] 17:31:34,962 [driver-pool-thread-1] dialect.Dialect. - HHH000400: Using dialect: org.hibernate.dialect.H2Dialect
?[m?[37m[INFO] 17:31:34,988 [Thread-0 (ActiveMQ-client-factory-threads-635795438)] bridging.BridgeControlListener. - Received bridge control message NodeToBridgeSnapshot(nodeIdentity=O=BankA, L=, C=GB, inboxQueues=[p2p.inbound.DLCM2kf1HCkM2Mi9thzBGqXe5b3mVRMNFDKUYToSB2aKLq], sendQueues=[])
?[m?[37m[INFO] 17:31:35,004 [driver-pool-thread-0] ClassloaderUtils. - Contracts loading for '/var/folders/xl/0rqzrwrj7xd5kw16ht5q_44m0000gn/T/attachment1387881932804361269.jar' took 8 msec
?[m?[37m[INFO] 17:31:35,009 [driver-pool-thread-0] persistence.NodeAttachmentService. - Stored new attachment: id=FF3886A52D44D6CC84C0181138B25F4FA08707CA360DA508031C455AF0A500E7 uploader=app filename=Contract: custom-cordapp, Workflow: custom-cordapp
?[m?[37m[INFO] 17:31:35,028 [driver-pool-thread-0] statemachine.SingleThreadedStateMachineManager. - Node ready, info: NodeInfo(addresses=[localhost:10357], legalIdentitiesAndCerts=[O=BankA, L=, C=GB], platformVersion=6, serial=1587573094405)
?[m?[37m[INFO] 17:31:35,039 [Node thread-2] internal.Node. - Registering JMX reporter:
?[m?[37m[INFO] 17:31:35,039 [Node thread-2] internal.Node. - Registering Jolokia JMX reporter:
?[m?[37m[INFO] 17:31:35,040 [BankA] rpc.RPCServer. - Starting RPC server with configuration RPCServerConfiguration(rpcThreadPoolSize=4, reapInterval=PT1S, deduplicationCacheExpiry=PT24H)
?[mRunning P2PMessaging loop
?[37m[INFO] 17:31:35,120 [driver-pool-thread-1] connections.access. - HHH10001501: Connection obtained from JdbcConnectionAccess [org.hibernate.engine.jdbc.env.internal.JdbcEnvironmentInitiator$ConnectionProviderJdbcConnectionAccess@b7f0c67] for (non-JTA) DDL execution was not in auto-commit mode; the Connection 'local transaction' will be committed and the Connection will be set into auto-commit mode.
?[m?[37m[INFO] 17:31:35,129 [driver-pool-thread-0] internal.RPCClient. - Startup took 87 msec
?[m?[37m[INFO] 17:31:35,159 [driver-pool-thread-1] internal.JtaPlatformInitiator. - HHH000490: Using JtaPlatform implementation: [org.hibernate.engine.transaction.jta.platform.internal.NoJtaPlatform]
?[m?[37m[INFO] 17:31:35,159 [driver-pool-thread-1] persistence.HibernateConfiguration. - Created session factory for schemas: [CommonSchemaV1(name=net.corda.core.schemas.CommonSchema, version=1), VaultSchemaV1(name=net.corda.node.services.vault.VaultSchema, version=1), NodeInfoSchemaV1(name=net.corda.node.internal.schemas.NodeInfoSchema, version=1), NodeCoreV1(name=net.corda.node.services.schema.NodeSchemaService$NodeCore, version=1)]
?[m?[37m[INFO] 17:31:35,160 [driver-pool-thread-1] internal.Node. - identity-private-key not found in key store, generating fresh key!
?[m?[37m[INFO] 17:31:35,173 [driver-pool-thread-1] internal.Node. - Node-info has changed so submitting update. Old node-info was null
?[m?[37m[INFO] 17:31:35,173 [driver-pool-thread-1] network.PersistentNetworkMapCache. - Adding node with info: NodeInfo(addresses=[localhost:10361], legalIdentitiesAndCerts=[O=BankB, L=, C=US], platformVersion=6, serial=1587573095173)
?[m?[37m[INFO] 17:31:35,174 [driver-pool-thread-1] network.PersistentNetworkMapCache. - No previous node found for O=BankB, L=, C=US
?[m?[37m[INFO] 17:31:35,180 [driver-pool-thread-1] internal.Node. - New node-info: NodeInfo(addresses=[localhost:10361], legalIdentitiesAndCerts=[O=BankB, L=, C=US], platformVersion=6, serial=1587573095173)
?[m?[37m[INFO] 17:31:35,185 [driver-pool-thread-1] network.NetworkMapUpdater. - Auto-accept enabled for network parameter changes which modify only: [epoch, modifiedTime, packageOwnership, whitelistedContractImplementations]
?[m?[37m[INFO] 17:31:35,185 [driver-pool-thread-1] security.RPCSecurityManagerImpl. - Constructing realm from list of users in config [User(default, permissions=[ALL])]
?[mAdvertised P2P messaging addresses      : localhost:10361
RPC connection address                  : localhost:10362
RPC admin connection address            : localhost:10363
?[37m[INFO] 17:31:35,195 [InProcessNode-3-2] network.PersistentNetworkMapCache. - Adding node with info: NodeInfo(addresses=[localhost:10357], legalIdentitiesAndCerts=[O=BankA, L=, C=GB], platformVersion=6, serial=1587573094405)
?[m?[37m[INFO] 17:31:35,197 [InProcessNode-3-2] network.PersistentNetworkMapCache. - No previous node found for O=BankA, L=, C=GB
?[m?[37m[INFO] 17:31:35,212 [InProcessNode-3-2] network.PersistentNetworkMapCache. - Adding node with info: NodeInfo(addresses=[localhost:10353], legalIdentitiesAndCerts=[O=Notary Service, L=Zurich, C=CH], platformVersion=6, serial=1587573090227)
?[m?[37m[INFO] 17:31:35,213 [InProcessNode-3-2] network.PersistentNetworkMapCache. - No previous node found for O=Notary Service, L=Zurich, C=CH
?[m?[37m[INFO] 17:31:35,221 [InProcessNode-3-2] network.PersistentNetworkMapCache. - Adding node with info: NodeInfo(addresses=[localhost:10361], legalIdentitiesAndCerts=[O=BankB, L=, C=US], platformVersion=6, serial=1587573095173)
?[m?[37m[INFO] 17:31:35,223 [InProcessNode-3-2] network.PersistentNetworkMapCache. - Previous node was identical to incoming one - doing nothing
?[m?[37m[INFO] 17:31:35,282 [driver-pool-thread-1] messaging.ArtemisMessagingServer. - P2P messaging server listening on 0.0.0.0:10361
?[m?[37m[INFO] 17:31:35,409 [driver-pool-thread-1] internal.ArtemisMessagingClient. - Connecting to message broker: localhost:10361
?[m?[37m[INFO] 17:31:35,417 [InProcessNode-1-2] network.PersistentNetworkMapCache. - Adding node with info: NodeInfo(addresses=[localhost:10357], legalIdentitiesAndCerts=[O=BankA, L=, C=GB], platformVersion=6, serial=1587573094405)
?[m?[37m[INFO] 17:31:35,418 [InProcessNode-1-2] network.PersistentNetworkMapCache. - No previous node found for O=BankA, L=, C=GB
?[m?[37m[INFO] 17:31:35,435 [InProcessNode-1-2] messaging.P2PMessagingClient. - Updating bridges on network map change: NodeInfo(addresses=[localhost:10357], legalIdentitiesAndCerts=[O=BankA, L=, C=GB], platformVersion=6, serial=1587573094405)
?[m?[37m[INFO] 17:31:35,461 [driver-pool-thread-1] internal.ArtemisMessagingClient. - Connecting to message broker: localhost:10361
?[m?[37m[INFO] 17:31:35,500 [driver-pool-thread-1] messaging.P2PMessagingClient. - Connecting to message broker: localhost:10361
?[m?[37m[INFO] 17:31:35,529 [driver-pool-thread-1] messaging.P2PMessagingClient. - Create fresh queue p2p.inbound.DLHkVYMzushF49Xj1iRBdjF38ki6zy1ZUtSofj4iw66f9G bound on same address
?[m?[37m[INFO] 17:31:35,559 [Thread-0 (ActiveMQ-client-factory-threads-540093344)] bridging.BridgeControlListener. - Received bridge control message NodeToBridgeSnapshot(nodeIdentity=O=BankB, L=, C=US, inboxQueues=[p2p.inbound.DLHkVYMzushF49Xj1iRBdjF38ki6zy1ZUtSofj4iw66f9G], sendQueues=[])
?[m?[37m[INFO] 17:31:35,574 [driver-pool-thread-1] ClassloaderUtils. - Contracts loading for '/var/folders/xl/0rqzrwrj7xd5kw16ht5q_44m0000gn/T/attachment5738697130094518956.jar' took 11 msec
?[m?[37m[INFO] 17:31:35,577 [driver-pool-thread-1] persistence.NodeAttachmentService. - Stored new attachment: id=FF3886A52D44D6CC84C0181138B25F4FA08707CA360DA508031C455AF0A500E7 uploader=app filename=Contract: custom-cordapp, Workflow: custom-cordapp
?[m?[37m[INFO] 17:31:35,586 [driver-pool-thread-1] statemachine.SingleThreadedStateMachineManager. - Node ready, info: NodeInfo(addresses=[localhost:10361], legalIdentitiesAndCerts=[O=BankB, L=, C=US], platformVersion=6, serial=1587573095173)
?[m?[37m[INFO] 17:31:35,592 [Node thread-3] internal.Node. - Registering JMX reporter:
?[m?[37m[INFO] 17:31:35,592 [Node thread-3] internal.Node. - Registering Jolokia JMX reporter:
?[m?[37m[INFO] 17:31:35,593 [BankB] rpc.RPCServer. - Starting RPC server with configuration RPCServerConfiguration(rpcThreadPoolSize=4, reapInterval=PT1S, deduplicationCacheExpiry=PT24H)
?[mRunning P2PMessaging loop
?[37m[INFO] 17:31:35,671 [driver-pool-thread-1] internal.RPCClient. - Startup took 77 msec
?[m?[37m[INFO] 17:31:36,415 [InProcessNode-1-2] network.PersistentNetworkMapCache. - Adding node with info: NodeInfo(addresses=[localhost:10361], legalIdentitiesAndCerts=[O=BankB, L=, C=US], platformVersion=6, serial=1587573095173)
?[m?[37m[INFO] 17:31:36,416 [InProcessNode-1-2] network.PersistentNetworkMapCache. - No previous node found for O=BankB, L=, C=US
?[m?[37m[INFO] 17:31:36,424 [InProcessNode-2-2] network.PersistentNetworkMapCache. - Adding node with info: NodeInfo(addresses=[localhost:10361], legalIdentitiesAndCerts=[O=BankB, L=, C=US], platformVersion=6, serial=1587573095173)
?[m?[37m[INFO] 17:31:36,425 [InProcessNode-2-2] network.PersistentNetworkMapCache. - No previous node found for O=BankB, L=, C=US
?[m?[37m[INFO] 17:31:36,427 [InProcessNode-1-2] messaging.P2PMessagingClient. - Updating bridges on network map change: NodeInfo(addresses=[localhost:10361], legalIdentitiesAndCerts=[O=BankB, L=, C=US], platformVersion=6, serial=1587573095173)
?[m?[37m[INFO] 17:31:36,436 [InProcessNode-2-2] messaging.P2PMessagingClient. - Updating bridges on network map change: NodeInfo(addresses=[localhost:10361], legalIdentitiesAndCerts=[O=BankB, L=, C=US], platformVersion=6, serial=1587573095173)
?[m?[37m[INFO] 17:31:36,499 [Thread-0 (ActiveMQ-client-factory-threads-189573839)] rpc.RPCServer. - Detected RPC client disconnect on address rpc.client.default.1042799778280116427, scheduling for reaping {actor_id=default, actor_owning_identity=O=BankB, L=, C=US, actor_store_id=NODE_CONFIG, invocation_id=21212eb4-a857-41c1-a976-fcf458791cd5, invocation_timestamp=2020-04-22T16:31:36.466Z, origin=default, session_id=4fc48fcb-70d3-4433-aefb-f5205874c362, session_timestamp=2020-04-22T16:31:35.593Z}
?[mShutting down ...
?[37m[INFO] 17:31:36,525 [Thread-0 (ActiveMQ-client-factory-threads-1435397768)] rpc.RPCServer. - Detected RPC client disconnect on address rpc.client.default.3623395852795652950, scheduling for reaping {actor_id=default, actor_owning_identity=O=BankA, L=, C=GB, actor_store_id=NODE_CONFIG, invocation_id=d5e091f2-5500-4247-b1f9-303c652954d5, invocation_timestamp=2020-04-22T16:31:36.458Z, origin=default, session_id=17b99a1c-139a-4a06-85c7-4fa61d48e61a, session_timestamp=2020-04-22T16:31:35.041Z}
?[m?[37m[INFO] 17:31:38,841 [Test worker] hikari.HikariDataSource. - HikariPool-3 - Shutdown initiated...
?[m?[37m[INFO] 17:31:38,849 [Test worker] hikari.HikariDataSource. - HikariPool-3 - Shutdown completed.
?[m?[37m[INFO] 17:31:38,853 [Test worker] internal.Node. - Shutdown complete
?[mShutting down ...
?[37m[INFO] 17:31:41,110 [Test worker] hikari.HikariDataSource. - HikariPool-2 - Shutdown initiated...
?[m?[37m[INFO] 17:31:41,115 [Test worker] hikari.HikariDataSource. - HikariPool-2 - Shutdown completed.
?[m?[37m[INFO] 17:31:41,116 [Test worker] internal.Node. - Shutdown complete
?[mShutting down ...
?[37m[INFO] 17:31:41,122 [Thread-0 (ActiveMQ-client-factory-threads-315642020)] rpc.RPCServer. - Detected RPC client disconnect on address rpc.client.default.4927734176421006267, scheduling for reaping {actor_id=default, actor_owning_identity=O=Notary Service, L=Zurich, C=CH, actor_store_id=NODE_CONFIG, invocation_id=0424d107-9f5d-4af1-9e54-af6fbd551384, invocation_timestamp=2020-04-22T16:31:33.301Z, origin=default, session_id=0a6409b0-83d5-4ce8-aea8-b39b46af0580, session_timestamp=2020-04-22T16:31:33.102Z}
?[m?[37m[INFO] 17:31:43,358 [Test worker] hikari.HikariDataSource. - HikariPool-1 - Shutdown initiated...
?[m?[37m[INFO] 17:31:43,359 [Test worker] hikari.HikariDataSource. - HikariPool-1 - Shutdown completed.
?[m?[37m[INFO] 17:31:43,360 [Test worker] internal.Node. - Shutdown complete
?[m]]></system-out>
  <system-err><![CDATA[QUASAR WARNING: Assertions enabled. This may harm performance.
QUASAR WARNING: Fibers are set to verify instrumentation. This may *severely* harm performance.
]]></system-err>
</testsuite>
